[BLOCK, #0, Body] NODES = [*ast.AssignStmt, *ast.BinaryExpr]; SUCCS = [Block #1, Block #2]
	 [0] r (*route.RouteServiceImpl struct{db NoSQLDatabase}) ---> depends on: {route.RouteServiceImpl struct{db NoSQLDatabase}}
	 [1] ctx context.Context ---> depends on: {}
	 [2] info route.RouteInfo struct{ID string, StartStation string, EndStation string, StationList string, DistanceList string} ---> depends on: {EndStation string, ID string, StartStation string, StationList string}
	 [3] coll NoSQLCollection {database = route, collection = route} ---> depends on: {}
	 [4] err .error ---> depends on: {}

[BLOCK, #1, IfThen] NODES = [*ast.ReturnStmt]; SUCCS = []
	 [0] r (*route.RouteServiceImpl struct{db NoSQLDatabase}) ---> depends on: {route.RouteServiceImpl struct{db NoSQLDatabase}}
	 [1] ctx context.Context ---> depends on: {}
	 [2] info route.RouteInfo struct{ID string, StartStation string, EndStation string, StationList string, DistanceList string} ---> depends on: {EndStation string, ID string, StartStation string, StationList string}
	 [3] coll NoSQLCollection {database = route, collection = route} ---> depends on: {}
	 [4] err .error ---> depends on: {}

[BLOCK, #2, IfDone] NODES = [*ast.ValueSpec, *ast.AssignStmt, *ast.BinaryExpr]; SUCCS = [Block #4, Block #5]
	 [0] r (*route.RouteServiceImpl struct{db NoSQLDatabase}) ---> depends on: {route.RouteServiceImpl struct{db NoSQLDatabase}}
	 [1] ctx context.Context ---> depends on: {}
	 [2] info route.RouteInfo struct{ID string, StartStation string, EndStation string, StationList string, DistanceList string} ---> depends on: {EndStation string, ID string, StartStation string, StationList string}
	 [3] coll NoSQLCollection {database = route, collection = route} ---> depends on: {}
	 [4] err .error ---> depends on: {}
	 [5] distances []int64 ---> depends on: {}
	 [6] stations []string ---> depends on: {StationList string, "," string, StationList string, "," string}

[BLOCK, #4, IfThen] NODES = [*ast.ReturnStmt]; SUCCS = []
	 [0] r (*route.RouteServiceImpl struct{db NoSQLDatabase}) ---> depends on: {route.RouteServiceImpl struct{db NoSQLDatabase}}
	 [1] ctx context.Context ---> depends on: {}
	 [2] info route.RouteInfo struct{ID string, StartStation string, EndStation string, StationList string, DistanceList string} ---> depends on: {EndStation string, ID string, StartStation string, StationList string}
	 [3] coll NoSQLCollection {database = route, collection = route} ---> depends on: {}
	 [4] err .error ---> depends on: {}
	 [5] distances []int64 ---> depends on: {}
	 [6] stations []string ---> depends on: {StationList string, "," string, StationList string, "," string}

[BLOCK, #5, IfDone] NODES = [*ast.AssignStmt, *ast.ValueSpec, *ast.AssignStmt, *ast.BinaryExpr]; SUCCS = [Block #7, Block #9]
	 [0] r (*route.RouteServiceImpl struct{db NoSQLDatabase}) ---> depends on: {route.RouteServiceImpl struct{db NoSQLDatabase}}
	 [1] ctx context.Context ---> depends on: {}
	 [2] info route.RouteInfo struct{ID string, StartStation string, EndStation string, StationList string, DistanceList string} ---> depends on: {EndStation string, ID string, StartStation string, StationList string}
	 [3] coll NoSQLCollection {database = route, collection = route} ---> depends on: {}
	 [4] err .error ---> depends on: {}
	 [5] distances []int64 ---> depends on: {}
	 [6] stations []string ---> depends on: {StationList string, "," string, StationList string, "," string}
	 [7] route route.Route struct{ID string, Stations []string, Distances []int64, StartStation string, EndStation string} ---> depends on: {Distances []int64, EndStation string, ID string, StartStation string, Stations []string}
	 [8] MAXIDLEN 32 int ---> depends on: {}
	 [9] old_exists false bool ---> depends on: {}

[BLOCK, #7, IfThen] NODES = [*ast.AssignStmt]; SUCCS = [Block #8]
	 [0] r (*route.RouteServiceImpl struct{db NoSQLDatabase}) ---> depends on: {route.RouteServiceImpl struct{db NoSQLDatabase}}
	 [1] ctx context.Context ---> depends on: {}
	 [2] info route.RouteInfo struct{ID string, StartStation string, EndStation string, StationList string, DistanceList string} ---> depends on: {EndStation string, ID string, StartStation string, StationList string}
	 [3] coll NoSQLCollection {database = route, collection = route} ---> depends on: {}
	 [4] err .error ---> depends on: {}
	 [5] distances []int64 ---> depends on: {}
	 [6] stations []string ---> depends on: {StationList string, "," string, StationList string, "," string}
	 [7] route route.Route struct{ID string, Stations []string, Distances []int64, StartStation string, EndStation string} ---> depends on: {Distances []int64, EndStation string, ID string, StartStation string, Stations []string}
	 [8] MAXIDLEN 32 int ---> depends on: {}
	 [9] old_exists false bool ---> depends on: {}

[BLOCK, #8, IfDone] NODES = [*ast.AssignStmt, *ast.AssignStmt, *ast.AssignStmt, *ast.AssignStmt, *ast.Ident]; SUCCS = [Block #19, Block #20]
	 [0] r (*route.RouteServiceImpl struct{db NoSQLDatabase}) ---> depends on: {route.RouteServiceImpl struct{db NoSQLDatabase}}
	 [1] ctx context.Context ---> depends on: {}
	 [2] info route.RouteInfo struct{ID string, StartStation string, EndStation string, StationList string, DistanceList string} ---> depends on: {EndStation string, ID string, StartStation string, StationList string}
	 [3] coll NoSQLCollection {database = route, collection = route} ---> depends on: {}
	 [4] err .error ---> depends on: {}
	 [5] distances []int64 ---> depends on: {}
	 [6] stations []string ---> depends on: {StationList string, "," string, StationList string, "," string}
	 [7] route route.Route struct{ID string, Stations []string, Distances []int64, StartStation string, EndStation string} ---> depends on: {Distances []int64, EndStation string, ID string, StartStation string, Stations []string}
	 [8] MAXIDLEN 32 int ---> depends on: {}
	 [9] old_exists false bool ---> depends on: {}
	 [10] res NoSQLCursor {database = route, collection = route} ---> depends on: {old_route route.Route struct{ID string, Stations []string, Distances []int64, StartStation string, EndStation string}}
	 [11] err .error ---> depends on: {}
	 [12] old_route route.Route struct{ID string, Stations []string, Distances []int64, StartStation string, EndStation string} ---> depends on: {ID string}
	 [13] exists bool ---> depends on: {}
	 [14] err .error ---> depends on: {}
	 [15] old_exists bool ---> depends on: {exists bool}
	 [16] r (*route.RouteServiceImpl struct{db NoSQLDatabase}) ---> depends on: {route.RouteServiceImpl struct{db NoSQLDatabase}}
	 [17] ctx context.Context ---> depends on: {}
	 [18] info route.RouteInfo struct{ID string, StartStation string, EndStation string, StationList string, DistanceList string} ---> depends on: {EndStation string, ID string, StartStation string, StationList string}
	 [19] coll NoSQLCollection {database = route, collection = route} ---> depends on: {}
	 [20] err .error ---> depends on: {}
	 [21] distances []int64 ---> depends on: {}
	 [22] stations []string ---> depends on: {StationList string, "," string, StationList string, "," string}
	 [23] route route.Route struct{ID string, Stations []string, Distances []int64, StartStation string, EndStation string} ---> depends on: {Distances []int64, EndStation string, ID string, StartStation string, Stations []string}
	 [24] MAXIDLEN 32 int ---> depends on: {}
	 [25] old_exists false bool ---> depends on: {}

[BLOCK, #19, IfThen] NODES = [*ast.AssignStmt, *ast.BinaryExpr]; SUCCS = [Block #21, Block #22]
	 [0] r (*route.RouteServiceImpl struct{db NoSQLDatabase}) ---> depends on: {route.RouteServiceImpl struct{db NoSQLDatabase}}
	 [1] ctx context.Context ---> depends on: {}
	 [2] info route.RouteInfo struct{ID string, StartStation string, EndStation string, StationList string, DistanceList string} ---> depends on: {EndStation string, ID string, StartStation string, StationList string}
	 [3] coll NoSQLCollection {database = route, collection = route} ---> depends on: {}
	 [4] err .error ---> depends on: {}
	 [5] distances []int64 ---> depends on: {}
	 [6] stations []string ---> depends on: {StationList string, "," string, StationList string, "," string}
	 [7] route route.Route struct{ID string, Stations []string, Distances []int64, StartStation string, EndStation string} ---> depends on: {Distances []int64, EndStation string, ID string, StartStation string, Stations []string}
	 [8] MAXIDLEN 32 int ---> depends on: {}
	 [9] old_exists false bool ---> depends on: {}
	 [10] res NoSQLCursor {database = route, collection = route} ---> depends on: {old_route route.Route struct{ID string, Stations []string, Distances []int64, StartStation string, EndStation string}}
	 [11] err .error ---> depends on: {}

[BLOCK, #21, IfThen] NODES = [*ast.ReturnStmt]; SUCCS = []
	 [0] r (*route.RouteServiceImpl struct{db NoSQLDatabase}) ---> depends on: {route.RouteServiceImpl struct{db NoSQLDatabase}}
	 [1] ctx context.Context ---> depends on: {}
	 [2] info route.RouteInfo struct{ID string, StartStation string, EndStation string, StationList string, DistanceList string} ---> depends on: {EndStation string, ID string, StartStation string, StationList string}
	 [3] coll NoSQLCollection {database = route, collection = route} ---> depends on: {}
	 [4] err .error ---> depends on: {}
	 [5] distances []int64 ---> depends on: {}
	 [6] stations []string ---> depends on: {StationList string, "," string, StationList string, "," string}
	 [7] route route.Route struct{ID string, Stations []string, Distances []int64, StartStation string, EndStation string} ---> depends on: {Distances []int64, EndStation string, ID string, StartStation string, Stations []string}
	 [8] MAXIDLEN 32 int ---> depends on: {}
	 [9] old_exists false bool ---> depends on: {}
	 [10] res NoSQLCursor {database = route, collection = route} ---> depends on: {old_route route.Route struct{ID string, Stations []string, Distances []int64, StartStation string, EndStation string}}
	 [11] err .error ---> depends on: {}

[BLOCK, #22, IfDone] NODES = [*ast.UnaryExpr]; SUCCS = [Block #24, Block #25]
	 [0] r (*route.RouteServiceImpl struct{db NoSQLDatabase}) ---> depends on: {route.RouteServiceImpl struct{db NoSQLDatabase}}
	 [1] ctx context.Context ---> depends on: {}
	 [2] info route.RouteInfo struct{ID string, StartStation string, EndStation string, StationList string, DistanceList string} ---> depends on: {EndStation string, ID string, StartStation string, StationList string}
	 [3] coll NoSQLCollection {database = route, collection = route} ---> depends on: {}
	 [4] err .error ---> depends on: {}
	 [5] distances []int64 ---> depends on: {}
	 [6] stations []string ---> depends on: {StationList string, "," string, StationList string, "," string}
	 [7] route route.Route struct{ID string, Stations []string, Distances []int64, StartStation string, EndStation string} ---> depends on: {Distances []int64, EndStation string, ID string, StartStation string, Stations []string}
	 [8] MAXIDLEN 32 int ---> depends on: {}
	 [9] old_exists false bool ---> depends on: {}
	 [10] res NoSQLCursor {database = route, collection = route} ---> depends on: {old_route route.Route struct{ID string, Stations []string, Distances []int64, StartStation string, EndStation string}}
	 [11] err .error ---> depends on: {}

[BLOCK, #24, IfThen] NODES = [*ast.ReturnStmt]; SUCCS = []
	 [0] r (*route.RouteServiceImpl struct{db NoSQLDatabase}) ---> depends on: {route.RouteServiceImpl struct{db NoSQLDatabase}}
	 [1] ctx context.Context ---> depends on: {}
	 [2] info route.RouteInfo struct{ID string, StartStation string, EndStation string, StationList string, DistanceList string} ---> depends on: {EndStation string, ID string, StartStation string, StationList string}
	 [3] coll NoSQLCollection {database = route, collection = route} ---> depends on: {}
	 [4] err .error ---> depends on: {}
	 [5] distances []int64 ---> depends on: {}
	 [6] stations []string ---> depends on: {StationList string, "," string, StationList string, "," string}
	 [7] route route.Route struct{ID string, Stations []string, Distances []int64, StartStation string, EndStation string} ---> depends on: {Distances []int64, EndStation string, ID string, StartStation string, Stations []string}
	 [8] MAXIDLEN 32 int ---> depends on: {}
	 [9] old_exists false bool ---> depends on: {}
	 [10] res NoSQLCursor {database = route, collection = route} ---> depends on: {old_route route.Route struct{ID string, Stations []string, Distances []int64, StartStation string, EndStation string}}
	 [11] err .error ---> depends on: {}

[BLOCK, #25, IfDone] NODES = [*ast.ReturnStmt]; SUCCS = []
	 [0] r (*route.RouteServiceImpl struct{db NoSQLDatabase}) ---> depends on: {route.RouteServiceImpl struct{db NoSQLDatabase}}
	 [1] ctx context.Context ---> depends on: {}
	 [2] info route.RouteInfo struct{ID string, StartStation string, EndStation string, StationList string, DistanceList string} ---> depends on: {EndStation string, ID string, StartStation string, StationList string}
	 [3] coll NoSQLCollection {database = route, collection = route} ---> depends on: {}
	 [4] err .error ---> depends on: {}
	 [5] distances []int64 ---> depends on: {}
	 [6] stations []string ---> depends on: {StationList string, "," string, StationList string, "," string}
	 [7] route route.Route struct{ID string, Stations []string, Distances []int64, StartStation string, EndStation string} ---> depends on: {Distances []int64, EndStation string, ID string, StartStation string, Stations []string}
	 [8] MAXIDLEN 32 int ---> depends on: {}
	 [9] old_exists false bool ---> depends on: {}
	 [10] res NoSQLCursor {database = route, collection = route} ---> depends on: {old_route route.Route struct{ID string, Stations []string, Distances []int64, StartStation string, EndStation string}}
	 [11] err .error ---> depends on: {}

[BLOCK, #20, IfDone] NODES = [*ast.ReturnStmt]; SUCCS = []
	 [0] r (*route.RouteServiceImpl struct{db NoSQLDatabase}) ---> depends on: {route.RouteServiceImpl struct{db NoSQLDatabase}}
	 [1] ctx context.Context ---> depends on: {}
	 [2] info route.RouteInfo struct{ID string, StartStation string, EndStation string, StationList string, DistanceList string} ---> depends on: {EndStation string, ID string, StartStation string, StationList string}
	 [3] coll NoSQLCollection {database = route, collection = route} ---> depends on: {}
	 [4] err .error ---> depends on: {}
	 [5] distances []int64 ---> depends on: {}
	 [6] stations []string ---> depends on: {StationList string, "," string, StationList string, "," string}
	 [7] route route.Route struct{ID string, Stations []string, Distances []int64, StartStation string, EndStation string} ---> depends on: {Distances []int64, EndStation string, ID string, StartStation string, Stations []string}
	 [8] MAXIDLEN 32 int ---> depends on: {}
	 [9] old_exists false bool ---> depends on: {}

[BLOCK, #9, IfElse] NODES = [*ast.AssignStmt, *ast.BinaryExpr]; SUCCS = [Block #10, Block #11]
	 [0] r (*route.RouteServiceImpl struct{db NoSQLDatabase}) ---> depends on: {route.RouteServiceImpl struct{db NoSQLDatabase}}
	 [1] ctx context.Context ---> depends on: {}
	 [2] info route.RouteInfo struct{ID string, StartStation string, EndStation string, StationList string, DistanceList string} ---> depends on: {EndStation string, ID string, StartStation string, StationList string}
	 [3] coll NoSQLCollection {database = route, collection = route} ---> depends on: {}
	 [4] err .error ---> depends on: {}
	 [5] distances []int64 ---> depends on: {}
	 [6] stations []string ---> depends on: {StationList string, "," string, StationList string, "," string}
	 [7] route route.Route struct{ID string, Stations []string, Distances []int64, StartStation string, EndStation string} ---> depends on: {Distances []int64, EndStation string, ID string, StartStation string, Stations []string}
	 [8] MAXIDLEN 32 int ---> depends on: {}
	 [9] old_exists false bool ---> depends on: {}
	 [10] res NoSQLCursor {database = route, collection = route} ---> depends on: {old_route route.Route struct{ID string, Stations []string, Distances []int64, StartStation string, EndStation string}}
	 [11] err .error ---> depends on: {}

[BLOCK, #10, IfThen] NODES = [*ast.ReturnStmt]; SUCCS = []
	 [0] r (*route.RouteServiceImpl struct{db NoSQLDatabase}) ---> depends on: {route.RouteServiceImpl struct{db NoSQLDatabase}}
	 [1] ctx context.Context ---> depends on: {}
	 [2] info route.RouteInfo struct{ID string, StartStation string, EndStation string, StationList string, DistanceList string} ---> depends on: {EndStation string, ID string, StartStation string, StationList string}
	 [3] coll NoSQLCollection {database = route, collection = route} ---> depends on: {}
	 [4] err .error ---> depends on: {}
	 [5] distances []int64 ---> depends on: {}
	 [6] stations []string ---> depends on: {StationList string, "," string, StationList string, "," string}
	 [7] route route.Route struct{ID string, Stations []string, Distances []int64, StartStation string, EndStation string} ---> depends on: {Distances []int64, EndStation string, ID string, StartStation string, Stations []string}
	 [8] MAXIDLEN 32 int ---> depends on: {}
	 [9] old_exists false bool ---> depends on: {}
	 [10] res NoSQLCursor {database = route, collection = route} ---> depends on: {old_route route.Route struct{ID string, Stations []string, Distances []int64, StartStation string, EndStation string}}
	 [11] err .error ---> depends on: {}

[BLOCK, #11, IfDone] NODES = [*ast.ValueSpec, *ast.AssignStmt, *ast.BinaryExpr]; SUCCS = [Block #13, Block #14]
	 [0] r (*route.RouteServiceImpl struct{db NoSQLDatabase}) ---> depends on: {route.RouteServiceImpl struct{db NoSQLDatabase}}
	 [1] ctx context.Context ---> depends on: {}
	 [2] info route.RouteInfo struct{ID string, StartStation string, EndStation string, StationList string, DistanceList string} ---> depends on: {EndStation string, ID string, StartStation string, StationList string}
	 [3] coll NoSQLCollection {database = route, collection = route} ---> depends on: {}
	 [4] err .error ---> depends on: {}
	 [5] distances []int64 ---> depends on: {}
	 [6] stations []string ---> depends on: {StationList string, "," string, StationList string, "," string}
	 [7] route route.Route struct{ID string, Stations []string, Distances []int64, StartStation string, EndStation string} ---> depends on: {Distances []int64, EndStation string, ID string, StartStation string, Stations []string}
	 [8] MAXIDLEN 32 int ---> depends on: {}
	 [9] old_exists false bool ---> depends on: {}
	 [10] res NoSQLCursor {database = route, collection = route} ---> depends on: {old_route route.Route struct{ID string, Stations []string, Distances []int64, StartStation string, EndStation string}}
	 [11] err .error ---> depends on: {}
	 [12] old_route route.Route struct{ID string, Stations []string, Distances []int64, StartStation string, EndStation string} ---> depends on: {ID string}
	 [13] exists bool ---> depends on: {}
	 [14] err .error ---> depends on: {}

[BLOCK, #13, IfThen] NODES = [*ast.ReturnStmt]; SUCCS = []
	 [0] r (*route.RouteServiceImpl struct{db NoSQLDatabase}) ---> depends on: {route.RouteServiceImpl struct{db NoSQLDatabase}}
	 [1] ctx context.Context ---> depends on: {}
	 [2] info route.RouteInfo struct{ID string, StartStation string, EndStation string, StationList string, DistanceList string} ---> depends on: {EndStation string, ID string, StartStation string, StationList string}
	 [3] coll NoSQLCollection {database = route, collection = route} ---> depends on: {}
	 [4] err .error ---> depends on: {}
	 [5] distances []int64 ---> depends on: {}
	 [6] stations []string ---> depends on: {StationList string, "," string, StationList string, "," string}
	 [7] route route.Route struct{ID string, Stations []string, Distances []int64, StartStation string, EndStation string} ---> depends on: {Distances []int64, EndStation string, ID string, StartStation string, Stations []string}
	 [8] MAXIDLEN 32 int ---> depends on: {}
	 [9] old_exists false bool ---> depends on: {}
	 [10] res NoSQLCursor {database = route, collection = route} ---> depends on: {old_route route.Route struct{ID string, Stations []string, Distances []int64, StartStation string, EndStation string}}
	 [11] err .error ---> depends on: {}
	 [12] old_route route.Route struct{ID string, Stations []string, Distances []int64, StartStation string, EndStation string} ---> depends on: {ID string}
	 [13] exists bool ---> depends on: {}
	 [14] err .error ---> depends on: {}

[BLOCK, #14, IfDone] NODES = [*ast.Ident]; SUCCS = [Block #16, Block #18]
	 [0] r (*route.RouteServiceImpl struct{db NoSQLDatabase}) ---> depends on: {route.RouteServiceImpl struct{db NoSQLDatabase}}
	 [1] ctx context.Context ---> depends on: {}
	 [2] info route.RouteInfo struct{ID string, StartStation string, EndStation string, StationList string, DistanceList string} ---> depends on: {EndStation string, ID string, StartStation string, StationList string}
	 [3] coll NoSQLCollection {database = route, collection = route} ---> depends on: {}
	 [4] err .error ---> depends on: {}
	 [5] distances []int64 ---> depends on: {}
	 [6] stations []string ---> depends on: {StationList string, "," string, StationList string, "," string}
	 [7] route route.Route struct{ID string, Stations []string, Distances []int64, StartStation string, EndStation string} ---> depends on: {Distances []int64, EndStation string, ID string, StartStation string, Stations []string}
	 [8] MAXIDLEN 32 int ---> depends on: {}
	 [9] old_exists false bool ---> depends on: {}
	 [10] res NoSQLCursor {database = route, collection = route} ---> depends on: {old_route route.Route struct{ID string, Stations []string, Distances []int64, StartStation string, EndStation string}}
	 [11] err .error ---> depends on: {}
	 [12] old_route route.Route struct{ID string, Stations []string, Distances []int64, StartStation string, EndStation string} ---> depends on: {ID string}
	 [13] exists bool ---> depends on: {}
	 [14] err .error ---> depends on: {}

[BLOCK, #16, IfThen] NODES = [*ast.AssignStmt]; SUCCS = [Block #17]
	 [0] r (*route.RouteServiceImpl struct{db NoSQLDatabase}) ---> depends on: {route.RouteServiceImpl struct{db NoSQLDatabase}}
	 [1] ctx context.Context ---> depends on: {}
	 [2] info route.RouteInfo struct{ID string, StartStation string, EndStation string, StationList string, DistanceList string} ---> depends on: {EndStation string, ID string, StartStation string, StationList string}
	 [3] coll NoSQLCollection {database = route, collection = route} ---> depends on: {}
	 [4] err .error ---> depends on: {}
	 [5] distances []int64 ---> depends on: {}
	 [6] stations []string ---> depends on: {StationList string, "," string, StationList string, "," string}
	 [7] route route.Route struct{ID string, Stations []string, Distances []int64, StartStation string, EndStation string} ---> depends on: {Distances []int64, EndStation string, ID string, StartStation string, Stations []string}
	 [8] MAXIDLEN 32 int ---> depends on: {}
	 [9] old_exists false bool ---> depends on: {}
	 [10] res NoSQLCursor {database = route, collection = route} ---> depends on: {old_route route.Route struct{ID string, Stations []string, Distances []int64, StartStation string, EndStation string}}
	 [11] err .error ---> depends on: {}
	 [12] old_route route.Route struct{ID string, Stations []string, Distances []int64, StartStation string, EndStation string} ---> depends on: {ID string}
	 [13] exists bool ---> depends on: {}
	 [14] err .error ---> depends on: {}

[BLOCK, #17, IfDone] NODES = [*ast.AssignStmt]; SUCCS = [Block #8]
	 [0] r (*route.RouteServiceImpl struct{db NoSQLDatabase}) ---> depends on: {route.RouteServiceImpl struct{db NoSQLDatabase}}
	 [1] ctx context.Context ---> depends on: {}
	 [2] info route.RouteInfo struct{ID string, StartStation string, EndStation string, StationList string, DistanceList string} ---> depends on: {EndStation string, ID string, StartStation string, StationList string}
	 [3] coll NoSQLCollection {database = route, collection = route} ---> depends on: {}
	 [4] err .error ---> depends on: {}
	 [5] distances []int64 ---> depends on: {}
	 [6] stations []string ---> depends on: {StationList string, "," string, StationList string, "," string}
	 [7] route route.Route struct{ID string, Stations []string, Distances []int64, StartStation string, EndStation string} ---> depends on: {Distances []int64, EndStation string, ID string, StartStation string, Stations []string}
	 [8] MAXIDLEN 32 int ---> depends on: {}
	 [9] old_exists false bool ---> depends on: {}
	 [10] res NoSQLCursor {database = route, collection = route} ---> depends on: {old_route route.Route struct{ID string, Stations []string, Distances []int64, StartStation string, EndStation string}}
	 [11] err .error ---> depends on: {}
	 [12] old_route route.Route struct{ID string, Stations []string, Distances []int64, StartStation string, EndStation string} ---> depends on: {ID string}
	 [13] exists bool ---> depends on: {}
	 [14] err .error ---> depends on: {}
	 [15] r (*route.RouteServiceImpl struct{db NoSQLDatabase}) ---> depends on: {route.RouteServiceImpl struct{db NoSQLDatabase}}
	 [16] ctx context.Context ---> depends on: {}
	 [17] info route.RouteInfo struct{ID string, StartStation string, EndStation string, StationList string, DistanceList string} ---> depends on: {EndStation string, ID string, StartStation string, StationList string}
	 [18] coll NoSQLCollection {database = route, collection = route} ---> depends on: {}
	 [19] err .error ---> depends on: {}
	 [20] distances []int64 ---> depends on: {}
	 [21] stations []string ---> depends on: {StationList string, "," string, StationList string, "," string}
	 [22] route route.Route struct{ID string, Stations []string, Distances []int64, StartStation string, EndStation string} ---> depends on: {Distances []int64, EndStation string, ID string, StartStation string, Stations []string}
	 [23] MAXIDLEN 32 int ---> depends on: {}
	 [24] old_exists false bool ---> depends on: {}
	 [25] res NoSQLCursor {database = route, collection = route} ---> depends on: {old_route route.Route struct{ID string, Stations []string, Distances []int64, StartStation string, EndStation string}}
	 [26] err .error ---> depends on: {}
	 [27] old_route route.Route struct{ID string, Stations []string, Distances []int64, StartStation string, EndStation string} ---> depends on: {ID string}
	 [28] exists bool ---> depends on: {}
	 [29] err .error ---> depends on: {}
	 [30] old_exists bool ---> depends on: {exists bool}

[BLOCK, #18, IfElse] NODES = [*ast.AssignStmt]; SUCCS = [Block #17]
	 [0] r (*route.RouteServiceImpl struct{db NoSQLDatabase}) ---> depends on: {route.RouteServiceImpl struct{db NoSQLDatabase}}
	 [1] ctx context.Context ---> depends on: {}
	 [2] info route.RouteInfo struct{ID string, StartStation string, EndStation string, StationList string, DistanceList string} ---> depends on: {EndStation string, ID string, StartStation string, StationList string}
	 [3] coll NoSQLCollection {database = route, collection = route} ---> depends on: {}
	 [4] err .error ---> depends on: {}
	 [5] distances []int64 ---> depends on: {}
	 [6] stations []string ---> depends on: {StationList string, "," string, StationList string, "," string}
	 [7] route route.Route struct{ID string, Stations []string, Distances []int64, StartStation string, EndStation string} ---> depends on: {Distances []int64, EndStation string, ID string, StartStation string, Stations []string}
	 [8] MAXIDLEN 32 int ---> depends on: {}
	 [9] old_exists false bool ---> depends on: {}
	 [10] res NoSQLCursor {database = route, collection = route} ---> depends on: {old_route route.Route struct{ID string, Stations []string, Distances []int64, StartStation string, EndStation string}}
	 [11] err .error ---> depends on: {}
	 [12] old_route route.Route struct{ID string, Stations []string, Distances []int64, StartStation string, EndStation string} ---> depends on: {ID string}
	 [13] exists bool ---> depends on: {}
	 [14] err .error ---> depends on: {}

