[BLOCK, #0, Body] NODES = [*ast.AssignStmt, *ast.BinaryExpr]; SUCCS = [Block #1, Block #2]
	 [0] p (*payment.PaymentServiceImpl struct{paymentDB NoSQLDatabase, moneyDB NoSQLDatabase}) ---> depends on: {payment.PaymentServiceImpl struct{paymentDB NoSQLDatabase, moneyDB NoSQLDatabase}}
	 [1] ctx context.Context ---> depends on: {}
	 [2] pay_coll NoSQLCollection {database = payment, collection = payment} ---> depends on: {}
	 [3] err .error ---> depends on: {}

[BLOCK, #1, IfThen] NODES = [*ast.ReturnStmt]; SUCCS = []
	 [0] p (*payment.PaymentServiceImpl struct{paymentDB NoSQLDatabase, moneyDB NoSQLDatabase}) ---> depends on: {payment.PaymentServiceImpl struct{paymentDB NoSQLDatabase, moneyDB NoSQLDatabase}}
	 [1] ctx context.Context ---> depends on: {}
	 [2] pay_coll NoSQLCollection {database = payment, collection = payment} ---> depends on: {}
	 [3] err .error ---> depends on: {}

[BLOCK, #2, IfDone] NODES = [*ast.AssignStmt, *ast.BinaryExpr]; SUCCS = [Block #4, Block #5]
	 [0] p (*payment.PaymentServiceImpl struct{paymentDB NoSQLDatabase, moneyDB NoSQLDatabase}) ---> depends on: {payment.PaymentServiceImpl struct{paymentDB NoSQLDatabase, moneyDB NoSQLDatabase}}
	 [1] ctx context.Context ---> depends on: {}
	 [2] pay_coll NoSQLCollection {database = payment, collection = payment} ---> depends on: {}
	 [3] err .error ---> depends on: {}
	 [4] err .error ---> depends on: {}

[BLOCK, #4, IfThen] NODES = [*ast.ReturnStmt]; SUCCS = []
	 [0] p (*payment.PaymentServiceImpl struct{paymentDB NoSQLDatabase, moneyDB NoSQLDatabase}) ---> depends on: {payment.PaymentServiceImpl struct{paymentDB NoSQLDatabase, moneyDB NoSQLDatabase}}
	 [1] ctx context.Context ---> depends on: {}
	 [2] pay_coll NoSQLCollection {database = payment, collection = payment} ---> depends on: {}
	 [3] err .error ---> depends on: {}
	 [4] err .error ---> depends on: {}

[BLOCK, #5, IfDone] NODES = [*ast.AssignStmt, *ast.BinaryExpr]; SUCCS = [Block #7, Block #8]
	 [0] p (*payment.PaymentServiceImpl struct{paymentDB NoSQLDatabase, moneyDB NoSQLDatabase}) ---> depends on: {payment.PaymentServiceImpl struct{paymentDB NoSQLDatabase, moneyDB NoSQLDatabase}}
	 [1] ctx context.Context ---> depends on: {}
	 [2] pay_coll NoSQLCollection {database = payment, collection = payment} ---> depends on: {}
	 [3] err .error ---> depends on: {}
	 [4] err .error ---> depends on: {}
	 [5] money_coll NoSQLCollection {database = payment, collection = money} ---> depends on: {}
	 [6] err .error ---> depends on: {}

[BLOCK, #7, IfThen] NODES = [*ast.ReturnStmt]; SUCCS = []
	 [0] p (*payment.PaymentServiceImpl struct{paymentDB NoSQLDatabase, moneyDB NoSQLDatabase}) ---> depends on: {payment.PaymentServiceImpl struct{paymentDB NoSQLDatabase, moneyDB NoSQLDatabase}}
	 [1] ctx context.Context ---> depends on: {}
	 [2] pay_coll NoSQLCollection {database = payment, collection = payment} ---> depends on: {}
	 [3] err .error ---> depends on: {}
	 [4] err .error ---> depends on: {}
	 [5] money_coll NoSQLCollection {database = payment, collection = money} ---> depends on: {}
	 [6] err .error ---> depends on: {}

[BLOCK, #8, IfDone] NODES = [*ast.ReturnStmt]; SUCCS = []
	 [0] p (*payment.PaymentServiceImpl struct{paymentDB NoSQLDatabase, moneyDB NoSQLDatabase}) ---> depends on: {payment.PaymentServiceImpl struct{paymentDB NoSQLDatabase, moneyDB NoSQLDatabase}}
	 [1] ctx context.Context ---> depends on: {}
	 [2] pay_coll NoSQLCollection {database = payment, collection = payment} ---> depends on: {}
	 [3] err .error ---> depends on: {}
	 [4] err .error ---> depends on: {}
	 [5] money_coll NoSQLCollection {database = payment, collection = money} ---> depends on: {}
	 [6] err .error ---> depends on: {}

