[BLOCK, #0, Body] NODES = [*ast.AssignStmt, *ast.BinaryExpr]; SUCCS = [Block #1, Block #2]
	 [0] p (*price.PriceServiceImpl struct{priceDB NoSQLDatabase}) ---> depends on: {price.PriceServiceImpl struct{priceDB NoSQLDatabase}}
	 [1] ctx context.Context ---> depends on: {}
	 [2] pc price.PriceConfig struct{ID string, TrainType string, RouteID string, BasicPriceRate float64, FirstClassPriceRate float64} ---> depends on: {ID string}
	 [3] coll NoSQLCollection {database = priceConfig, collection = priceConfig} ---> depends on: {}
	 [4] err .error ---> depends on: {}

[BLOCK, #1, IfThen] NODES = [*ast.ReturnStmt]; SUCCS = []
	 [0] p (*price.PriceServiceImpl struct{priceDB NoSQLDatabase}) ---> depends on: {price.PriceServiceImpl struct{priceDB NoSQLDatabase}}
	 [1] ctx context.Context ---> depends on: {}
	 [2] pc price.PriceConfig struct{ID string, TrainType string, RouteID string, BasicPriceRate float64, FirstClassPriceRate float64} ---> depends on: {ID string}
	 [3] coll NoSQLCollection {database = priceConfig, collection = priceConfig} ---> depends on: {}
	 [4] err .error ---> depends on: {}

[BLOCK, #2, IfDone] NODES = [*ast.AssignStmt, *ast.BinaryExpr]; SUCCS = [Block #4, Block #6]
	 [0] p (*price.PriceServiceImpl struct{priceDB NoSQLDatabase}) ---> depends on: {price.PriceServiceImpl struct{priceDB NoSQLDatabase}}
	 [1] ctx context.Context ---> depends on: {}
	 [2] pc price.PriceConfig struct{ID string, TrainType string, RouteID string, BasicPriceRate float64, FirstClassPriceRate float64} ---> depends on: {ID string}
	 [3] coll NoSQLCollection {database = priceConfig, collection = priceConfig} ---> depends on: {}
	 [4] err .error ---> depends on: {}
	 [5] _ price.PriceConfig struct{ID string, TrainType string, RouteID string, BasicPriceRate float64, FirstClassPriceRate float64} ---> depends on: {}
	 [6] err .error ---> depends on: {}

[BLOCK, #4, IfThen] NODES = [*ast.ReturnStmt]; SUCCS = []
	 [0] p (*price.PriceServiceImpl struct{priceDB NoSQLDatabase}) ---> depends on: {price.PriceServiceImpl struct{priceDB NoSQLDatabase}}
	 [1] ctx context.Context ---> depends on: {}
	 [2] pc price.PriceConfig struct{ID string, TrainType string, RouteID string, BasicPriceRate float64, FirstClassPriceRate float64} ---> depends on: {ID string}
	 [3] coll NoSQLCollection {database = priceConfig, collection = priceConfig} ---> depends on: {}
	 [4] err .error ---> depends on: {}
	 [5] _ price.PriceConfig struct{ID string, TrainType string, RouteID string, BasicPriceRate float64, FirstClassPriceRate float64} ---> depends on: {}
	 [6] err .error ---> depends on: {}

[BLOCK, #6, IfElse] NODES = [*ast.AssignStmt, *ast.AssignStmt, *ast.BinaryExpr]; SUCCS = [Block #8, Block #9]
	 [0] p (*price.PriceServiceImpl struct{priceDB NoSQLDatabase}) ---> depends on: {price.PriceServiceImpl struct{priceDB NoSQLDatabase}}
	 [1] ctx context.Context ---> depends on: {}
	 [2] pc price.PriceConfig struct{ID string, TrainType string, RouteID string, BasicPriceRate float64, FirstClassPriceRate float64} ---> depends on: {ID string}
	 [3] coll NoSQLCollection {database = priceConfig, collection = priceConfig} ---> depends on: {}
	 [4] err .error ---> depends on: {}
	 [5] _ price.PriceConfig struct{ID string, TrainType string, RouteID string, BasicPriceRate float64, FirstClassPriceRate float64} ---> depends on: {}
	 [6] err .error ---> depends on: {}
	 [7] query primitive.D ---> depends on: {struct{ string,  "id" string,  string}}
	 [8] ok bool ---> depends on: {}
	 [9] err .error ---> depends on: {}

[BLOCK, #8, IfThen] NODES = [*ast.ReturnStmt]; SUCCS = []
	 [0] p (*price.PriceServiceImpl struct{priceDB NoSQLDatabase}) ---> depends on: {price.PriceServiceImpl struct{priceDB NoSQLDatabase}}
	 [1] ctx context.Context ---> depends on: {}
	 [2] pc price.PriceConfig struct{ID string, TrainType string, RouteID string, BasicPriceRate float64, FirstClassPriceRate float64} ---> depends on: {ID string}
	 [3] coll NoSQLCollection {database = priceConfig, collection = priceConfig} ---> depends on: {}
	 [4] err .error ---> depends on: {}
	 [5] _ price.PriceConfig struct{ID string, TrainType string, RouteID string, BasicPriceRate float64, FirstClassPriceRate float64} ---> depends on: {}
	 [6] err .error ---> depends on: {}
	 [7] query primitive.D ---> depends on: {struct{ string,  "id" string,  string}}
	 [8] ok bool ---> depends on: {}
	 [9] err .error ---> depends on: {}

[BLOCK, #9, IfDone] NODES = [*ast.UnaryExpr]; SUCCS = [Block #11, Block #12]
	 [0] p (*price.PriceServiceImpl struct{priceDB NoSQLDatabase}) ---> depends on: {price.PriceServiceImpl struct{priceDB NoSQLDatabase}}
	 [1] ctx context.Context ---> depends on: {}
	 [2] pc price.PriceConfig struct{ID string, TrainType string, RouteID string, BasicPriceRate float64, FirstClassPriceRate float64} ---> depends on: {ID string}
	 [3] coll NoSQLCollection {database = priceConfig, collection = priceConfig} ---> depends on: {}
	 [4] err .error ---> depends on: {}
	 [5] _ price.PriceConfig struct{ID string, TrainType string, RouteID string, BasicPriceRate float64, FirstClassPriceRate float64} ---> depends on: {}
	 [6] err .error ---> depends on: {}
	 [7] query primitive.D ---> depends on: {struct{ string,  "id" string,  string}}
	 [8] ok bool ---> depends on: {}
	 [9] err .error ---> depends on: {}

[BLOCK, #11, IfThen] NODES = [*ast.ReturnStmt]; SUCCS = []
	 [0] p (*price.PriceServiceImpl struct{priceDB NoSQLDatabase}) ---> depends on: {price.PriceServiceImpl struct{priceDB NoSQLDatabase}}
	 [1] ctx context.Context ---> depends on: {}
	 [2] pc price.PriceConfig struct{ID string, TrainType string, RouteID string, BasicPriceRate float64, FirstClassPriceRate float64} ---> depends on: {ID string}
	 [3] coll NoSQLCollection {database = priceConfig, collection = priceConfig} ---> depends on: {}
	 [4] err .error ---> depends on: {}
	 [5] _ price.PriceConfig struct{ID string, TrainType string, RouteID string, BasicPriceRate float64, FirstClassPriceRate float64} ---> depends on: {}
	 [6] err .error ---> depends on: {}
	 [7] query primitive.D ---> depends on: {struct{ string,  "id" string,  string}}
	 [8] ok bool ---> depends on: {}
	 [9] err .error ---> depends on: {}

[BLOCK, #12, IfDone] NODES = []; SUCCS = [Block #5]
	 [0] p (*price.PriceServiceImpl struct{priceDB NoSQLDatabase}) ---> depends on: {price.PriceServiceImpl struct{priceDB NoSQLDatabase}}
	 [1] ctx context.Context ---> depends on: {}
	 [2] pc price.PriceConfig struct{ID string, TrainType string, RouteID string, BasicPriceRate float64, FirstClassPriceRate float64} ---> depends on: {ID string}
	 [3] coll NoSQLCollection {database = priceConfig, collection = priceConfig} ---> depends on: {}
	 [4] err .error ---> depends on: {}
	 [5] _ price.PriceConfig struct{ID string, TrainType string, RouteID string, BasicPriceRate float64, FirstClassPriceRate float64} ---> depends on: {}
	 [6] err .error ---> depends on: {}
	 [7] query primitive.D ---> depends on: {struct{ string,  "id" string,  string}}
	 [8] ok bool ---> depends on: {}
	 [9] err .error ---> depends on: {}

[BLOCK, #5, IfDone] NODES = [*ast.ReturnStmt]; SUCCS = []
	 [0] p (*price.PriceServiceImpl struct{priceDB NoSQLDatabase}) ---> depends on: {price.PriceServiceImpl struct{priceDB NoSQLDatabase}}
	 [1] ctx context.Context ---> depends on: {}
	 [2] pc price.PriceConfig struct{ID string, TrainType string, RouteID string, BasicPriceRate float64, FirstClassPriceRate float64} ---> depends on: {ID string}
	 [3] coll NoSQLCollection {database = priceConfig, collection = priceConfig} ---> depends on: {}
	 [4] err .error ---> depends on: {}
	 [5] _ price.PriceConfig struct{ID string, TrainType string, RouteID string, BasicPriceRate float64, FirstClassPriceRate float64} ---> depends on: {}
	 [6] err .error ---> depends on: {}
	 [7] query primitive.D ---> depends on: {struct{ string,  "id" string,  string}}
	 [8] ok bool ---> depends on: {}
	 [9] err .error ---> depends on: {}

