[BLOCK, #0, Body] NODES = [*ast.AssignStmt, *ast.AssignStmt, *ast.AssignStmt, *ast.BinaryExpr]; SUCCS = [Block #1, Block #2]
	 [0] s (*order.orderImpl struct{users user.UserService, carts cart.CartService, payments payment.PaymentService, shipping shipping.ShippingService, db NoSQLDatabase}) ---> depends on: {order.orderImpl struct{users user.UserService, carts cart.CartService, payments payment.PaymentService, shipping shipping.ShippingService, db NoSQLDatabase}}
	 [1] ctx context.Context ---> depends on: {}
	 [2] customerID string ---> depends on: {}
	 [3] filter primitive.D ---> depends on: {struct{ string,  "customerid" string,  string}}
	 [4] collection NoSQLCollection {database = order_service, collection = orders} ---> depends on: {}
	 [5] _ .error ---> depends on: {}
	 [6] cursor NoSQLCursor {database = order_service, collection = orders} ---> depends on: {orders []order.Order struct{ID string, CustomerID string, Customer user.User struct{FirstName string, LastName string, Email string, Username string, Password string, Addresses user.Address struct{Street string, Number string, Country string, City string, PostCode string, ID string}, Cards user.Card struct{LongNum string, Expires string, CCV string, ID string}, UserID string, Salt string}, Address user.Address struct{Street string, Number string, Country string, City string, PostCode string, ID string}, Card user.Card struct{LongNum string, Expires string, CCV string, ID string}, Items []cart.Item struct{ID string, Quantity int, UnitPrice float32}, Shipment shipping.Shipment struct{ID string, Name string, Status "awaiting shipment" string}, Date string, Total float32}}
	 [7] err .error ---> depends on: {}

[BLOCK, #1, IfThen] NODES = [*ast.ReturnStmt]; SUCCS = []
	 [0] s (*order.orderImpl struct{users user.UserService, carts cart.CartService, payments payment.PaymentService, shipping shipping.ShippingService, db NoSQLDatabase}) ---> depends on: {order.orderImpl struct{users user.UserService, carts cart.CartService, payments payment.PaymentService, shipping shipping.ShippingService, db NoSQLDatabase}}
	 [1] ctx context.Context ---> depends on: {}
	 [2] customerID string ---> depends on: {}
	 [3] filter primitive.D ---> depends on: {struct{ string,  "customerid" string,  string}}
	 [4] collection NoSQLCollection {database = order_service, collection = orders} ---> depends on: {}
	 [5] _ .error ---> depends on: {}
	 [6] cursor NoSQLCursor {database = order_service, collection = orders} ---> depends on: {orders []order.Order struct{ID string, CustomerID string, Customer user.User struct{FirstName string, LastName string, Email string, Username string, Password string, Addresses user.Address struct{Street string, Number string, Country string, City string, PostCode string, ID string}, Cards user.Card struct{LongNum string, Expires string, CCV string, ID string}, UserID string, Salt string}, Address user.Address struct{Street string, Number string, Country string, City string, PostCode string, ID string}, Card user.Card struct{LongNum string, Expires string, CCV string, ID string}, Items []cart.Item struct{ID string, Quantity int, UnitPrice float32}, Shipment shipping.Shipment struct{ID string, Name string, Status "awaiting shipment" string}, Date string, Total float32}}
	 [7] err .error ---> depends on: {}

[BLOCK, #2, IfDone] NODES = [*ast.ValueSpec, *ast.AssignStmt, *ast.BinaryExpr]; SUCCS = [Block #4, Block #5]
	 [0] s (*order.orderImpl struct{users user.UserService, carts cart.CartService, payments payment.PaymentService, shipping shipping.ShippingService, db NoSQLDatabase}) ---> depends on: {order.orderImpl struct{users user.UserService, carts cart.CartService, payments payment.PaymentService, shipping shipping.ShippingService, db NoSQLDatabase}}
	 [1] ctx context.Context ---> depends on: {}
	 [2] customerID string ---> depends on: {}
	 [3] filter primitive.D ---> depends on: {struct{ string,  "customerid" string,  string}}
	 [4] collection NoSQLCollection {database = order_service, collection = orders} ---> depends on: {}
	 [5] _ .error ---> depends on: {}
	 [6] cursor NoSQLCursor {database = order_service, collection = orders} ---> depends on: {orders []order.Order struct{ID string, CustomerID string, Customer user.User struct{FirstName string, LastName string, Email string, Username string, Password string, Addresses user.Address struct{Street string, Number string, Country string, City string, PostCode string, ID string}, Cards user.Card struct{LongNum string, Expires string, CCV string, ID string}, UserID string, Salt string}, Address user.Address struct{Street string, Number string, Country string, City string, PostCode string, ID string}, Card user.Card struct{LongNum string, Expires string, CCV string, ID string}, Items []cart.Item struct{ID string, Quantity int, UnitPrice float32}, Shipment shipping.Shipment struct{ID string, Name string, Status "awaiting shipment" string}, Date string, Total float32}}
	 [7] err .error ---> depends on: {}
	 [8] orders []order.Order struct{ID string, CustomerID string, Customer user.User struct{FirstName string, LastName string, Email string, Username string, Password string, Addresses user.Address struct{Street string, Number string, Country string, City string, PostCode string, ID string}, Cards user.Card struct{LongNum string, Expires string, CCV string, ID string}, UserID string, Salt string}, Address user.Address struct{Street string, Number string, Country string, City string, PostCode string, ID string}, Card user.Card struct{LongNum string, Expires string, CCV string, ID string}, Items []cart.Item struct{ID string, Quantity int, UnitPrice float32}, Shipment shipping.Shipment struct{ID string, Name string, Status "awaiting shipment" string}, Date string, Total float32} ---> depends on: {}
	 [9] err .error ---> depends on: {}

[BLOCK, #4, IfThen] NODES = [*ast.ReturnStmt]; SUCCS = []
	 [0] s (*order.orderImpl struct{users user.UserService, carts cart.CartService, payments payment.PaymentService, shipping shipping.ShippingService, db NoSQLDatabase}) ---> depends on: {order.orderImpl struct{users user.UserService, carts cart.CartService, payments payment.PaymentService, shipping shipping.ShippingService, db NoSQLDatabase}}
	 [1] ctx context.Context ---> depends on: {}
	 [2] customerID string ---> depends on: {}
	 [3] filter primitive.D ---> depends on: {struct{ string,  "customerid" string,  string}}
	 [4] collection NoSQLCollection {database = order_service, collection = orders} ---> depends on: {}
	 [5] _ .error ---> depends on: {}
	 [6] cursor NoSQLCursor {database = order_service, collection = orders} ---> depends on: {orders []order.Order struct{ID string, CustomerID string, Customer user.User struct{FirstName string, LastName string, Email string, Username string, Password string, Addresses user.Address struct{Street string, Number string, Country string, City string, PostCode string, ID string}, Cards user.Card struct{LongNum string, Expires string, CCV string, ID string}, UserID string, Salt string}, Address user.Address struct{Street string, Number string, Country string, City string, PostCode string, ID string}, Card user.Card struct{LongNum string, Expires string, CCV string, ID string}, Items []cart.Item struct{ID string, Quantity int, UnitPrice float32}, Shipment shipping.Shipment struct{ID string, Name string, Status "awaiting shipment" string}, Date string, Total float32}}
	 [7] err .error ---> depends on: {}
	 [8] orders []order.Order struct{ID string, CustomerID string, Customer user.User struct{FirstName string, LastName string, Email string, Username string, Password string, Addresses user.Address struct{Street string, Number string, Country string, City string, PostCode string, ID string}, Cards user.Card struct{LongNum string, Expires string, CCV string, ID string}, UserID string, Salt string}, Address user.Address struct{Street string, Number string, Country string, City string, PostCode string, ID string}, Card user.Card struct{LongNum string, Expires string, CCV string, ID string}, Items []cart.Item struct{ID string, Quantity int, UnitPrice float32}, Shipment shipping.Shipment struct{ID string, Name string, Status "awaiting shipment" string}, Date string, Total float32} ---> depends on: {}
	 [9] err .error ---> depends on: {}

[BLOCK, #5, IfDone] NODES = [*ast.ReturnStmt]; SUCCS = []
	 [0] s (*order.orderImpl struct{users user.UserService, carts cart.CartService, payments payment.PaymentService, shipping shipping.ShippingService, db NoSQLDatabase}) ---> depends on: {order.orderImpl struct{users user.UserService, carts cart.CartService, payments payment.PaymentService, shipping shipping.ShippingService, db NoSQLDatabase}}
	 [1] ctx context.Context ---> depends on: {}
	 [2] customerID string ---> depends on: {}
	 [3] filter primitive.D ---> depends on: {struct{ string,  "customerid" string,  string}}
	 [4] collection NoSQLCollection {database = order_service, collection = orders} ---> depends on: {}
	 [5] _ .error ---> depends on: {}
	 [6] cursor NoSQLCursor {database = order_service, collection = orders} ---> depends on: {orders []order.Order struct{ID string, CustomerID string, Customer user.User struct{FirstName string, LastName string, Email string, Username string, Password string, Addresses user.Address struct{Street string, Number string, Country string, City string, PostCode string, ID string}, Cards user.Card struct{LongNum string, Expires string, CCV string, ID string}, UserID string, Salt string}, Address user.Address struct{Street string, Number string, Country string, City string, PostCode string, ID string}, Card user.Card struct{LongNum string, Expires string, CCV string, ID string}, Items []cart.Item struct{ID string, Quantity int, UnitPrice float32}, Shipment shipping.Shipment struct{ID string, Name string, Status "awaiting shipment" string}, Date string, Total float32}}
	 [7] err .error ---> depends on: {}
	 [8] orders []order.Order struct{ID string, CustomerID string, Customer user.User struct{FirstName string, LastName string, Email string, Username string, Password string, Addresses user.Address struct{Street string, Number string, Country string, City string, PostCode string, ID string}, Cards user.Card struct{LongNum string, Expires string, CCV string, ID string}, UserID string, Salt string}, Address user.Address struct{Street string, Number string, Country string, City string, PostCode string, ID string}, Card user.Card struct{LongNum string, Expires string, CCV string, ID string}, Items []cart.Item struct{ID string, Quantity int, UnitPrice float32}, Shipment shipping.Shipment struct{ID string, Name string, Status "awaiting shipment" string}, Date string, Total float32} ---> depends on: {}
	 [9] err .error ---> depends on: {}

