[BLOCK, #0, Body] NODES = [*ast.AssignStmt, *ast.BinaryExpr]; SUCCS = [Block #1, Block #2]
	 [0] f (*hotelreservation.FrontEndServiceImpl struct{searchService hotelreservation.SearchService, profileService hotelreservation.ProfileService, recommendationService hotelreservation.RecommendationService, userService hotelreservation.UserService, reservationService hotelreservation.ReservationService}) ---> depends on: {hotelreservation.FrontEndServiceImpl struct{searchService hotelreservation.SearchService, profileService hotelreservation.ProfileService, recommendationService hotelreservation.RecommendationService, userService hotelreservation.UserService, reservationService hotelreservation.ReservationService}}
	 [1] ctx context.Context ---> depends on: {}
	 [2] customerName string ---> depends on: {}
	 [3] inDate string ---> depends on: {}
	 [4] outDate string ---> depends on: {}
	 [5] lat float64 ---> depends on: {}
	 [6] lon float64 ---> depends on: {}
	 [7] locale string ---> depends on: {}
	 [8] nearby_hotels []string ---> depends on: {}
	 [9] err .error ---> depends on: {}

[BLOCK, #1, IfThen] NODES = [*ast.ReturnStmt]; SUCCS = []
	 [0] f (*hotelreservation.FrontEndServiceImpl struct{searchService hotelreservation.SearchService, profileService hotelreservation.ProfileService, recommendationService hotelreservation.RecommendationService, userService hotelreservation.UserService, reservationService hotelreservation.ReservationService}) ---> depends on: {hotelreservation.FrontEndServiceImpl struct{searchService hotelreservation.SearchService, profileService hotelreservation.ProfileService, recommendationService hotelreservation.RecommendationService, userService hotelreservation.UserService, reservationService hotelreservation.ReservationService}}
	 [1] ctx context.Context ---> depends on: {}
	 [2] customerName string ---> depends on: {}
	 [3] inDate string ---> depends on: {}
	 [4] outDate string ---> depends on: {}
	 [5] lat float64 ---> depends on: {}
	 [6] lon float64 ---> depends on: {}
	 [7] locale string ---> depends on: {}
	 [8] nearby_hotels []string ---> depends on: {}
	 [9] err .error ---> depends on: {}

[BLOCK, #2, IfDone] NODES = [*ast.BinaryExpr]; SUCCS = [Block #4, Block #5]
	 [0] f (*hotelreservation.FrontEndServiceImpl struct{searchService hotelreservation.SearchService, profileService hotelreservation.ProfileService, recommendationService hotelreservation.RecommendationService, userService hotelreservation.UserService, reservationService hotelreservation.ReservationService}) ---> depends on: {hotelreservation.FrontEndServiceImpl struct{searchService hotelreservation.SearchService, profileService hotelreservation.ProfileService, recommendationService hotelreservation.RecommendationService, userService hotelreservation.UserService, reservationService hotelreservation.ReservationService}}
	 [1] ctx context.Context ---> depends on: {}
	 [2] customerName string ---> depends on: {}
	 [3] inDate string ---> depends on: {}
	 [4] outDate string ---> depends on: {}
	 [5] lat float64 ---> depends on: {}
	 [6] lon float64 ---> depends on: {}
	 [7] locale string ---> depends on: {}
	 [8] nearby_hotels []string ---> depends on: {}
	 [9] err .error ---> depends on: {}

[BLOCK, #4, IfThen] NODES = [*ast.AssignStmt]; SUCCS = [Block #5]
	 [0] f (*hotelreservation.FrontEndServiceImpl struct{searchService hotelreservation.SearchService, profileService hotelreservation.ProfileService, recommendationService hotelreservation.RecommendationService, userService hotelreservation.UserService, reservationService hotelreservation.ReservationService}) ---> depends on: {hotelreservation.FrontEndServiceImpl struct{searchService hotelreservation.SearchService, profileService hotelreservation.ProfileService, recommendationService hotelreservation.RecommendationService, userService hotelreservation.UserService, reservationService hotelreservation.ReservationService}}
	 [1] ctx context.Context ---> depends on: {}
	 [2] customerName string ---> depends on: {}
	 [3] inDate string ---> depends on: {}
	 [4] outDate string ---> depends on: {}
	 [5] lat float64 ---> depends on: {}
	 [6] lon float64 ---> depends on: {}
	 [7] locale string ---> depends on: {}
	 [8] nearby_hotels []string ---> depends on: {}
	 [9] err .error ---> depends on: {}
	 [10] locale "en" string ---> depends on: {}

[BLOCK, #5, IfDone] NODES = [*ast.AssignStmt, *ast.BinaryExpr]; SUCCS = [Block #6, Block #7]
	 [0] f (*hotelreservation.FrontEndServiceImpl struct{searchService hotelreservation.SearchService, profileService hotelreservation.ProfileService, recommendationService hotelreservation.RecommendationService, userService hotelreservation.UserService, reservationService hotelreservation.ReservationService}) ---> depends on: {hotelreservation.FrontEndServiceImpl struct{searchService hotelreservation.SearchService, profileService hotelreservation.ProfileService, recommendationService hotelreservation.RecommendationService, userService hotelreservation.UserService, reservationService hotelreservation.ReservationService}}
	 [1] ctx context.Context ---> depends on: {}
	 [2] customerName string ---> depends on: {}
	 [3] inDate string ---> depends on: {}
	 [4] outDate string ---> depends on: {}
	 [5] lat float64 ---> depends on: {}
	 [6] lon float64 ---> depends on: {}
	 [7] locale string ---> depends on: {}
	 [8] nearby_hotels []string ---> depends on: {}
	 [9] err .error ---> depends on: {}
	 [10] f (*hotelreservation.FrontEndServiceImpl struct{searchService hotelreservation.SearchService, profileService hotelreservation.ProfileService, recommendationService hotelreservation.RecommendationService, userService hotelreservation.UserService, reservationService hotelreservation.ReservationService}) ---> depends on: {hotelreservation.FrontEndServiceImpl struct{searchService hotelreservation.SearchService, profileService hotelreservation.ProfileService, recommendationService hotelreservation.RecommendationService, userService hotelreservation.UserService, reservationService hotelreservation.ReservationService}}
	 [11] ctx context.Context ---> depends on: {}
	 [12] customerName string ---> depends on: {}
	 [13] inDate string ---> depends on: {}
	 [14] outDate string ---> depends on: {}
	 [15] lat float64 ---> depends on: {}
	 [16] lon float64 ---> depends on: {}
	 [17] locale string ---> depends on: {}
	 [18] nearby_hotels []string ---> depends on: {}
	 [19] err .error ---> depends on: {}
	 [20] locale "en" string ---> depends on: {}
	 [21] available_hotels []string ---> depends on: {}
	 [22] err .error ---> depends on: {}

[BLOCK, #6, IfThen] NODES = [*ast.ReturnStmt]; SUCCS = []
	 [0] f (*hotelreservation.FrontEndServiceImpl struct{searchService hotelreservation.SearchService, profileService hotelreservation.ProfileService, recommendationService hotelreservation.RecommendationService, userService hotelreservation.UserService, reservationService hotelreservation.ReservationService}) ---> depends on: {hotelreservation.FrontEndServiceImpl struct{searchService hotelreservation.SearchService, profileService hotelreservation.ProfileService, recommendationService hotelreservation.RecommendationService, userService hotelreservation.UserService, reservationService hotelreservation.ReservationService}}
	 [1] ctx context.Context ---> depends on: {}
	 [2] customerName string ---> depends on: {}
	 [3] inDate string ---> depends on: {}
	 [4] outDate string ---> depends on: {}
	 [5] lat float64 ---> depends on: {}
	 [6] lon float64 ---> depends on: {}
	 [7] locale string ---> depends on: {}
	 [8] nearby_hotels []string ---> depends on: {}
	 [9] err .error ---> depends on: {}
	 [10] locale "en" string ---> depends on: {}
	 [11] available_hotels []string ---> depends on: {}
	 [12] err .error ---> depends on: {}

[BLOCK, #7, IfDone] NODES = [*ast.AssignStmt, *ast.BinaryExpr]; SUCCS = [Block #9, Block #10]
	 [0] f (*hotelreservation.FrontEndServiceImpl struct{searchService hotelreservation.SearchService, profileService hotelreservation.ProfileService, recommendationService hotelreservation.RecommendationService, userService hotelreservation.UserService, reservationService hotelreservation.ReservationService}) ---> depends on: {hotelreservation.FrontEndServiceImpl struct{searchService hotelreservation.SearchService, profileService hotelreservation.ProfileService, recommendationService hotelreservation.RecommendationService, userService hotelreservation.UserService, reservationService hotelreservation.ReservationService}}
	 [1] ctx context.Context ---> depends on: {}
	 [2] customerName string ---> depends on: {}
	 [3] inDate string ---> depends on: {}
	 [4] outDate string ---> depends on: {}
	 [5] lat float64 ---> depends on: {}
	 [6] lon float64 ---> depends on: {}
	 [7] locale string ---> depends on: {}
	 [8] nearby_hotels []string ---> depends on: {}
	 [9] err .error ---> depends on: {}
	 [10] locale "en" string ---> depends on: {}
	 [11] available_hotels []string ---> depends on: {}
	 [12] err .error ---> depends on: {}
	 [13] profiles []hotelreservation.HotelProfile struct{ID string, Name string, PhoneNumber string, Description string, Address hotelreservation.Address struct{StreetNumber string, StreetName string, City string, State string, Country string, PostalCode string, Lat float64, Lon float64}} ---> depends on: {}
	 [14] err .error ---> depends on: {}

[BLOCK, #9, IfThen] NODES = [*ast.ReturnStmt]; SUCCS = []
	 [0] f (*hotelreservation.FrontEndServiceImpl struct{searchService hotelreservation.SearchService, profileService hotelreservation.ProfileService, recommendationService hotelreservation.RecommendationService, userService hotelreservation.UserService, reservationService hotelreservation.ReservationService}) ---> depends on: {hotelreservation.FrontEndServiceImpl struct{searchService hotelreservation.SearchService, profileService hotelreservation.ProfileService, recommendationService hotelreservation.RecommendationService, userService hotelreservation.UserService, reservationService hotelreservation.ReservationService}}
	 [1] ctx context.Context ---> depends on: {}
	 [2] customerName string ---> depends on: {}
	 [3] inDate string ---> depends on: {}
	 [4] outDate string ---> depends on: {}
	 [5] lat float64 ---> depends on: {}
	 [6] lon float64 ---> depends on: {}
	 [7] locale string ---> depends on: {}
	 [8] nearby_hotels []string ---> depends on: {}
	 [9] err .error ---> depends on: {}
	 [10] locale "en" string ---> depends on: {}
	 [11] available_hotels []string ---> depends on: {}
	 [12] err .error ---> depends on: {}
	 [13] profiles []hotelreservation.HotelProfile struct{ID string, Name string, PhoneNumber string, Description string, Address hotelreservation.Address struct{StreetNumber string, StreetName string, City string, State string, Country string, PostalCode string, Lat float64, Lon float64}} ---> depends on: {}
	 [14] err .error ---> depends on: {}

[BLOCK, #10, IfDone] NODES = [*ast.ReturnStmt]; SUCCS = []
	 [0] f (*hotelreservation.FrontEndServiceImpl struct{searchService hotelreservation.SearchService, profileService hotelreservation.ProfileService, recommendationService hotelreservation.RecommendationService, userService hotelreservation.UserService, reservationService hotelreservation.ReservationService}) ---> depends on: {hotelreservation.FrontEndServiceImpl struct{searchService hotelreservation.SearchService, profileService hotelreservation.ProfileService, recommendationService hotelreservation.RecommendationService, userService hotelreservation.UserService, reservationService hotelreservation.ReservationService}}
	 [1] ctx context.Context ---> depends on: {}
	 [2] customerName string ---> depends on: {}
	 [3] inDate string ---> depends on: {}
	 [4] outDate string ---> depends on: {}
	 [5] lat float64 ---> depends on: {}
	 [6] lon float64 ---> depends on: {}
	 [7] locale string ---> depends on: {}
	 [8] nearby_hotels []string ---> depends on: {}
	 [9] err .error ---> depends on: {}
	 [10] locale "en" string ---> depends on: {}
	 [11] available_hotels []string ---> depends on: {}
	 [12] err .error ---> depends on: {}
	 [13] profiles []hotelreservation.HotelProfile struct{ID string, Name string, PhoneNumber string, Description string, Address hotelreservation.Address struct{StreetNumber string, StreetName string, City string, State string, Country string, PostalCode string, Lat float64, Lon float64}} ---> depends on: {}
	 [14] err .error ---> depends on: {}

