[BLOCK, #0, Body] NODES = [*ast.AssignStmt, *ast.BinaryExpr]; SUCCS = [Block #1, Block #2]
	 [0] g (*hotelreservation.GeoServiceImpl struct{geoDB NoSQLDatabase}) ---> depends on: {hotelreservation.GeoServiceImpl struct{geoDB NoSQLDatabase}}
	 [1] ctx context.Context ---> depends on: {}
	 [2] collection NoSQLCollection {database = geo-db, collection = geo} ---> depends on: {}
	 [3] err .error ---> depends on: {}

[BLOCK, #1, IfThen] NODES = [*ast.ReturnStmt]; SUCCS = []
	 [0] g (*hotelreservation.GeoServiceImpl struct{geoDB NoSQLDatabase}) ---> depends on: {hotelreservation.GeoServiceImpl struct{geoDB NoSQLDatabase}}
	 [1] ctx context.Context ---> depends on: {}
	 [2] collection NoSQLCollection {database = geo-db, collection = geo} ---> depends on: {}
	 [3] err .error ---> depends on: {}

[BLOCK, #2, IfDone] NODES = [*ast.ValueSpec, *ast.AssignStmt, *ast.AssignStmt, *ast.BinaryExpr]; SUCCS = [Block #4, Block #5]
	 [0] g (*hotelreservation.GeoServiceImpl struct{geoDB NoSQLDatabase}) ---> depends on: {hotelreservation.GeoServiceImpl struct{geoDB NoSQLDatabase}}
	 [1] ctx context.Context ---> depends on: {}
	 [2] collection NoSQLCollection {database = geo-db, collection = geo} ---> depends on: {}
	 [3] err .error ---> depends on: {}
	 [4] points []hotelreservation.Point struct{Pid string, Plat float64, Plon float64} ---> depends on: {}
	 [5] filter primitive.D ---> depends on: {}
	 [6] res NoSQLCursor {database = geo-db, collection = geo} ---> depends on: {points []hotelreservation.Point struct{Pid string, Plat float64, Plon float64}}
	 [7] err .error ---> depends on: {}

[BLOCK, #4, IfThen] NODES = [*ast.ReturnStmt]; SUCCS = []
	 [0] g (*hotelreservation.GeoServiceImpl struct{geoDB NoSQLDatabase}) ---> depends on: {hotelreservation.GeoServiceImpl struct{geoDB NoSQLDatabase}}
	 [1] ctx context.Context ---> depends on: {}
	 [2] collection NoSQLCollection {database = geo-db, collection = geo} ---> depends on: {}
	 [3] err .error ---> depends on: {}
	 [4] points []hotelreservation.Point struct{Pid string, Plat float64, Plon float64} ---> depends on: {}
	 [5] filter primitive.D ---> depends on: {}
	 [6] res NoSQLCursor {database = geo-db, collection = geo} ---> depends on: {points []hotelreservation.Point struct{Pid string, Plat float64, Plon float64}}
	 [7] err .error ---> depends on: {}

[BLOCK, #5, IfDone] NODES = [*ast.ExprStmt, *ast.ReturnStmt]; SUCCS = []
	 [0] g (*hotelreservation.GeoServiceImpl struct{geoDB NoSQLDatabase}) ---> depends on: {hotelreservation.GeoServiceImpl struct{geoDB NoSQLDatabase}}
	 [1] ctx context.Context ---> depends on: {}
	 [2] collection NoSQLCollection {database = geo-db, collection = geo} ---> depends on: {}
	 [3] err .error ---> depends on: {}
	 [4] points []hotelreservation.Point struct{Pid string, Plat float64, Plon float64} ---> depends on: {}
	 [5] filter primitive.D ---> depends on: {}
	 [6] res NoSQLCursor {database = geo-db, collection = geo} ---> depends on: {points []hotelreservation.Point struct{Pid string, Plat float64, Plon float64}}
	 [7] err .error ---> depends on: {}

