[BLOCK, #0, Body] NODES = [*ast.AssignStmt, *ast.BinaryExpr]; SUCCS = [Block #1, Block #2]
	 [0] r (*hotelreservation.RecommendationServiceImpl struct{recommendDB NoSQLDatabase, hotels map[string]hotelreservation.Hotel struct{HId string, HLat float64, HLon float64, HRate float64, HPrice float64}}) ---> depends on: {hotelreservation.RecommendationServiceImpl struct{recommendDB NoSQLDatabase, hotels map[string]hotelreservation.Hotel struct{HId string, HLat float64, HLon float64, HRate float64, HPrice float64}}}
	 [1] ctx context.Context ---> depends on: {}
	 [2] collection NoSQLCollection {database = recommendation-db, collection = recommendation} ---> depends on: {}
	 [3] err .error ---> depends on: {}

[BLOCK, #1, IfThen] NODES = [*ast.ReturnStmt]; SUCCS = []
	 [0] r (*hotelreservation.RecommendationServiceImpl struct{recommendDB NoSQLDatabase, hotels map[string]hotelreservation.Hotel struct{HId string, HLat float64, HLon float64, HRate float64, HPrice float64}}) ---> depends on: {hotelreservation.RecommendationServiceImpl struct{recommendDB NoSQLDatabase, hotels map[string]hotelreservation.Hotel struct{HId string, HLat float64, HLon float64, HRate float64, HPrice float64}}}
	 [1] ctx context.Context ---> depends on: {}
	 [2] collection NoSQLCollection {database = recommendation-db, collection = recommendation} ---> depends on: {}
	 [3] err .error ---> depends on: {}

[BLOCK, #2, IfDone] NODES = [*ast.AssignStmt, *ast.AssignStmt, *ast.BinaryExpr]; SUCCS = [Block #4, Block #5]
	 [0] r (*hotelreservation.RecommendationServiceImpl struct{recommendDB NoSQLDatabase, hotels map[string]hotelreservation.Hotel struct{HId string, HLat float64, HLon float64, HRate float64, HPrice float64}}) ---> depends on: {hotelreservation.RecommendationServiceImpl struct{recommendDB NoSQLDatabase, hotels map[string]hotelreservation.Hotel struct{HId string, HLat float64, HLon float64, HRate float64, HPrice float64}}}
	 [1] ctx context.Context ---> depends on: {}
	 [2] collection NoSQLCollection {database = recommendation-db, collection = recommendation} ---> depends on: {}
	 [3] err .error ---> depends on: {}
	 [4] filter primitive.D ---> depends on: {}
	 [5] res NoSQLCursor {database = recommendation-db, collection = recommendation} ---> depends on: {hotels []hotelreservation.Hotel struct{HId string, HLat float64, HLon float64, HRate float64, HPrice float64}}
	 [6] err .error ---> depends on: {}

[BLOCK, #4, IfThen] NODES = [*ast.ReturnStmt]; SUCCS = []
	 [0] r (*hotelreservation.RecommendationServiceImpl struct{recommendDB NoSQLDatabase, hotels map[string]hotelreservation.Hotel struct{HId string, HLat float64, HLon float64, HRate float64, HPrice float64}}) ---> depends on: {hotelreservation.RecommendationServiceImpl struct{recommendDB NoSQLDatabase, hotels map[string]hotelreservation.Hotel struct{HId string, HLat float64, HLon float64, HRate float64, HPrice float64}}}
	 [1] ctx context.Context ---> depends on: {}
	 [2] collection NoSQLCollection {database = recommendation-db, collection = recommendation} ---> depends on: {}
	 [3] err .error ---> depends on: {}
	 [4] filter primitive.D ---> depends on: {}
	 [5] res NoSQLCursor {database = recommendation-db, collection = recommendation} ---> depends on: {hotels []hotelreservation.Hotel struct{HId string, HLat float64, HLon float64, HRate float64, HPrice float64}}
	 [6] err .error ---> depends on: {}

[BLOCK, #5, IfDone] NODES = [*ast.ValueSpec, *ast.ExprStmt, *ast.ReturnStmt]; SUCCS = []
	 [0] r (*hotelreservation.RecommendationServiceImpl struct{recommendDB NoSQLDatabase, hotels map[string]hotelreservation.Hotel struct{HId string, HLat float64, HLon float64, HRate float64, HPrice float64}}) ---> depends on: {hotelreservation.RecommendationServiceImpl struct{recommendDB NoSQLDatabase, hotels map[string]hotelreservation.Hotel struct{HId string, HLat float64, HLon float64, HRate float64, HPrice float64}}}
	 [1] ctx context.Context ---> depends on: {}
	 [2] collection NoSQLCollection {database = recommendation-db, collection = recommendation} ---> depends on: {}
	 [3] err .error ---> depends on: {}
	 [4] filter primitive.D ---> depends on: {}
	 [5] res NoSQLCursor {database = recommendation-db, collection = recommendation} ---> depends on: {hotels []hotelreservation.Hotel struct{HId string, HLat float64, HLon float64, HRate float64, HPrice float64}}
	 [6] err .error ---> depends on: {}
	 [7] hotels []hotelreservation.Hotel struct{HId string, HLat float64, HLon float64, HRate float64, HPrice float64} ---> depends on: {}

