[BLOCK, #0, Body] NODES = [*ast.BinaryExpr]; SUCCS = [Block #1, Block #2]
	 [0] date string ---> depends on: {}

[BLOCK, #1, IfThen] NODES = [*ast.ReturnStmt]; SUCCS = []
	 [0] date string ---> depends on: {}

[BLOCK, #2, IfDone] NODES = [*ast.AssignStmt]; SUCCS = [Block #6]
	 [0] date string ---> depends on: {}
	 [1] i 2 int ---> depends on: {}

[BLOCK, #6, ForLoop] NODES = [*ast.BinaryExpr]; SUCCS = [Block #4, Block #5]
	 [0] date string ---> depends on: {}
	 [1] i 2 int ---> depends on: {}

[BLOCK, #4, ForBody] NODES = [*ast.BinaryExpr]; SUCCS = [Block #8, Block #10]
	 [0] date string ---> depends on: {}
	 [1] i 2 int ---> depends on: {}

[BLOCK, #8, IfThen] NODES = [*ast.BinaryExpr]; SUCCS = [Block #11, Block #12]
	 [0] date string ---> depends on: {}
	 [1] i 2 int ---> depends on: {}

[BLOCK, #11, IfThen] NODES = [*ast.ReturnStmt]; SUCCS = []
	 [0] date string ---> depends on: {}
	 [1] i 2 int ---> depends on: {}

[BLOCK, #12, IfDone] NODES = []; SUCCS = [Block #9]
	 [0] date string ---> depends on: {}
	 [1] i 2 int ---> depends on: {}

[BLOCK, #9, IfDone] NODES = []; SUCCS = [Block #7]
	 [0] date string ---> depends on: {}
	 [1] i 2 int ---> depends on: {}
	 [2] date string ---> depends on: {}
	 [3] i 2 int ---> depends on: {}

[BLOCK, #7, ForPost] NODES = [*ast.IncDecStmt]; SUCCS = [Block #6]
	 [0] date string ---> depends on: {}
	 [1] i 2 int ---> depends on: {}

[BLOCK, #10, IfElse] NODES = [*ast.BinaryExpr]; SUCCS = [Block #14, Block #15]
	 [0] date string ---> depends on: {}
	 [1] i 2 int ---> depends on: {}

[BLOCK, #14, IfThen] NODES = [*ast.ReturnStmt]; SUCCS = []
	 [0] date string ---> depends on: {}
	 [1] i 2 int ---> depends on: {}

[BLOCK, #15, IfDone] NODES = []; SUCCS = [Block #9]
	 [0] date string ---> depends on: {}
	 [1] i 2 int ---> depends on: {}

[BLOCK, #5, ForDone] NODES = [*ast.ReturnStmt]; SUCCS = []
	 [0] date string ---> depends on: {}
	 [1] i 2 int ---> depends on: {}

