[BLOCK, #0, Body] NODES = [*ast.AssignStmt, *ast.AssignStmt, *ast.AssignStmt, *ast.BinaryExpr]; SUCCS = [Block #1, Block #2]
	 [0] s (*postnotification.MediaServiceImpl struct{mediaDb NoSQLDatabase}) ---> depends on: {postnotification.MediaServiceImpl struct{mediaDb NoSQLDatabase}}
	 [1] ctx context.Context ---> depends on: {}
	 [2] media postnotification.Media struct{MediaID int64, Content string} ---> depends on: {MediaID int64}
	 [3] mediaID int64 ---> depends on: {}
	 [4] collection NoSQLCollection {database = media, collection = media} ---> depends on: {}
	 [5] err .error ---> depends on: {}

[BLOCK, #1, IfThen] NODES = [*ast.ReturnStmt]; SUCCS = []
	 [0] s (*postnotification.MediaServiceImpl struct{mediaDb NoSQLDatabase}) ---> depends on: {postnotification.MediaServiceImpl struct{mediaDb NoSQLDatabase}}
	 [1] ctx context.Context ---> depends on: {}
	 [2] media postnotification.Media struct{MediaID int64, Content string} ---> depends on: {MediaID int64}
	 [3] mediaID int64 ---> depends on: {}
	 [4] collection NoSQLCollection {database = media, collection = media} ---> depends on: {}
	 [5] err .error ---> depends on: {}

[BLOCK, #2, IfDone] NODES = [*ast.ReturnStmt]; SUCCS = []
	 [0] s (*postnotification.MediaServiceImpl struct{mediaDb NoSQLDatabase}) ---> depends on: {postnotification.MediaServiceImpl struct{mediaDb NoSQLDatabase}}
	 [1] ctx context.Context ---> depends on: {}
	 [2] media postnotification.Media struct{MediaID int64, Content string} ---> depends on: {MediaID int64}
	 [3] mediaID int64 ---> depends on: {}
	 [4] collection NoSQLCollection {database = media, collection = media} ---> depends on: {}
	 [5] err .error ---> depends on: {}

