[BLOCK, #0, Body] NODES = [*ast.AssignStmt, *ast.BinaryExpr]; SUCCS = [Block #1, Block #2]
	 [0] n (*postnotification.NotifyServiceImpl struct{storageService postnotification.StorageService, notificationsQueue Queue, num_workers int}) ---> depends on: {postnotification.NotifyServiceImpl struct{storageService postnotification.StorageService, notificationsQueue Queue, num_workers 4 int}}
	 [1] ctx context.Context ---> depends on: {}
	 [2] message postnotification.Message struct{ReqID string, PostID string, Timestamp string} ---> depends on: {PostID string, ReqID string}
	 [3] reqID int64 ---> depends on: {ReqID string, ReqID string}
	 [4] err .error ---> depends on: {ReqID string}

[BLOCK, #1, IfThen] NODES = [*ast.ReturnStmt]; SUCCS = []
	 [0] n (*postnotification.NotifyServiceImpl struct{storageService postnotification.StorageService, notificationsQueue Queue, num_workers int}) ---> depends on: {postnotification.NotifyServiceImpl struct{storageService postnotification.StorageService, notificationsQueue Queue, num_workers 4 int}}
	 [1] ctx context.Context ---> depends on: {}
	 [2] message postnotification.Message struct{ReqID string, PostID string, Timestamp string} ---> depends on: {PostID string, ReqID string}
	 [3] reqID int64 ---> depends on: {ReqID string, ReqID string}
	 [4] err .error ---> depends on: {ReqID string}

[BLOCK, #2, IfDone] NODES = [*ast.AssignStmt, *ast.BinaryExpr]; SUCCS = [Block #4, Block #5]
	 [0] n (*postnotification.NotifyServiceImpl struct{storageService postnotification.StorageService, notificationsQueue Queue, num_workers int}) ---> depends on: {postnotification.NotifyServiceImpl struct{storageService postnotification.StorageService, notificationsQueue Queue, num_workers 4 int}}
	 [1] ctx context.Context ---> depends on: {}
	 [2] message postnotification.Message struct{ReqID string, PostID string, Timestamp string} ---> depends on: {PostID string, ReqID string}
	 [3] reqID int64 ---> depends on: {ReqID string, ReqID string}
	 [4] err .error ---> depends on: {ReqID string}
	 [5] postID_NOTIFY_SVC int64 ---> depends on: {PostID string, PostID string}
	 [6] err .error ---> depends on: {PostID string}

[BLOCK, #4, IfThen] NODES = [*ast.ReturnStmt]; SUCCS = []
	 [0] n (*postnotification.NotifyServiceImpl struct{storageService postnotification.StorageService, notificationsQueue Queue, num_workers int}) ---> depends on: {postnotification.NotifyServiceImpl struct{storageService postnotification.StorageService, notificationsQueue Queue, num_workers 4 int}}
	 [1] ctx context.Context ---> depends on: {}
	 [2] message postnotification.Message struct{ReqID string, PostID string, Timestamp string} ---> depends on: {PostID string, ReqID string}
	 [3] reqID int64 ---> depends on: {ReqID string, ReqID string}
	 [4] err .error ---> depends on: {ReqID string}
	 [5] postID_NOTIFY_SVC int64 ---> depends on: {PostID string, PostID string}
	 [6] err .error ---> depends on: {PostID string}

[BLOCK, #5, IfDone] NODES = [*ast.AssignStmt, *ast.BinaryExpr]; SUCCS = [Block #7, Block #8]
	 [0] n (*postnotification.NotifyServiceImpl struct{storageService postnotification.StorageService, notificationsQueue Queue, num_workers int}) ---> depends on: {postnotification.NotifyServiceImpl struct{storageService postnotification.StorageService, notificationsQueue Queue, num_workers 4 int}}
	 [1] ctx context.Context ---> depends on: {}
	 [2] message postnotification.Message struct{ReqID string, PostID string, Timestamp string} ---> depends on: {PostID string, ReqID string}
	 [3] reqID int64 ---> depends on: {ReqID string, ReqID string}
	 [4] err .error ---> depends on: {ReqID string}
	 [5] postID_NOTIFY_SVC int64 ---> depends on: {PostID string, PostID string}
	 [6] err .error ---> depends on: {PostID string}
	 [7] _ postnotification.Post struct{ReqID int64, PostID int64, MediaID int64, Text string, Mentions []string, Timestamp int64, Creator postnotification.Creator struct{Username string}} ---> depends on: {}
	 [8] _ postnotification.Analytics struct{PostID int64} ---> depends on: {}
	 [9] err .error ---> depends on: {}

[BLOCK, #7, IfThen] NODES = [*ast.ReturnStmt]; SUCCS = []
	 [0] n (*postnotification.NotifyServiceImpl struct{storageService postnotification.StorageService, notificationsQueue Queue, num_workers int}) ---> depends on: {postnotification.NotifyServiceImpl struct{storageService postnotification.StorageService, notificationsQueue Queue, num_workers 4 int}}
	 [1] ctx context.Context ---> depends on: {}
	 [2] message postnotification.Message struct{ReqID string, PostID string, Timestamp string} ---> depends on: {PostID string, ReqID string}
	 [3] reqID int64 ---> depends on: {ReqID string, ReqID string}
	 [4] err .error ---> depends on: {ReqID string}
	 [5] postID_NOTIFY_SVC int64 ---> depends on: {PostID string, PostID string}
	 [6] err .error ---> depends on: {PostID string}
	 [7] _ postnotification.Post struct{ReqID int64, PostID int64, MediaID int64, Text string, Mentions []string, Timestamp int64, Creator postnotification.Creator struct{Username string}} ---> depends on: {}
	 [8] _ postnotification.Analytics struct{PostID int64} ---> depends on: {}
	 [9] err .error ---> depends on: {}

[BLOCK, #8, IfDone] NODES = [*ast.ReturnStmt]; SUCCS = []
	 [0] n (*postnotification.NotifyServiceImpl struct{storageService postnotification.StorageService, notificationsQueue Queue, num_workers int}) ---> depends on: {postnotification.NotifyServiceImpl struct{storageService postnotification.StorageService, notificationsQueue Queue, num_workers 4 int}}
	 [1] ctx context.Context ---> depends on: {}
	 [2] message postnotification.Message struct{ReqID string, PostID string, Timestamp string} ---> depends on: {PostID string, ReqID string}
	 [3] reqID int64 ---> depends on: {ReqID string, ReqID string}
	 [4] err .error ---> depends on: {ReqID string}
	 [5] postID_NOTIFY_SVC int64 ---> depends on: {PostID string, PostID string}
	 [6] err .error ---> depends on: {PostID string}
	 [7] _ postnotification.Post struct{ReqID int64, PostID int64, MediaID int64, Text string, Mentions []string, Timestamp int64, Creator postnotification.Creator struct{Username string}} ---> depends on: {}
	 [8] _ postnotification.Analytics struct{PostID int64} ---> depends on: {}
	 [9] err .error ---> depends on: {}

