[BLOCK, #0, Body] NODES = [*ast.ValueSpec, *ast.AssignStmt, *ast.BinaryExpr]; SUCCS = [Block #1, Block #2]
	 [0] s (*coupons_app_sql.StudentServiceImpl struct{studentsDB RelationalDB}) ---> depends on: {coupons_app_sql.StudentServiceImpl struct{studentsDB RelationalDB}}
	 [1] ctx context.Context ---> depends on: {}
	 [2] studentID int ---> depends on: {}
	 [3] couponValue int ---> depends on: {}
	 [4] student coupons_app_sql.Student struct{StudentID int, Name string, Balance int} ---> depends on: {}
	 [5] err .error ---> depends on: {}

[BLOCK, #1, IfThen] NODES = [*ast.ReturnStmt]; SUCCS = []
	 [0] s (*coupons_app_sql.StudentServiceImpl struct{studentsDB RelationalDB}) ---> depends on: {coupons_app_sql.StudentServiceImpl struct{studentsDB RelationalDB}}
	 [1] ctx context.Context ---> depends on: {}
	 [2] studentID int ---> depends on: {}
	 [3] couponValue int ---> depends on: {}
	 [4] student coupons_app_sql.Student struct{StudentID int, Name string, Balance int} ---> depends on: {}
	 [5] err .error ---> depends on: {}

[BLOCK, #2, IfDone] NODES = [*ast.AssignStmt, *ast.AssignStmt, *ast.ReturnStmt]; SUCCS = []
	 [0] s (*coupons_app_sql.StudentServiceImpl struct{studentsDB RelationalDB}) ---> depends on: {coupons_app_sql.StudentServiceImpl struct{studentsDB RelationalDB}}
	 [1] ctx context.Context ---> depends on: {}
	 [2] studentID int ---> depends on: {}
	 [3] couponValue int ---> depends on: {}
	 [4] student coupons_app_sql.Student struct{StudentID int, Name string, Balance int} ---> depends on: {}
	 [5] err .error ---> depends on: {}
	 [6] newBalance int ---> depends on: {}
	 [7] _ sql.Result interface{ interface{LastInsertId() (int64, error); RowsAffected() (int64, error)} } ---> depends on: {}
	 [8] err .error ---> depends on: {}

