[BLOCK, #0, Body] NODES = [*ast.ValueSpec, *ast.AssignStmt, *ast.BinaryExpr]; SUCCS = [Block #1, Block #2]
	 [0] s (*coupons_app.CouponServiceImpl struct{couponsDB NoSQLDatabase}) ---> depends on: {coupons_app.CouponServiceImpl struct{couponsDB NoSQLDatabase}}
	 [1] ctx context.Context ---> depends on: {}
	 [2] couponID int ---> depends on: {}
	 [3] category string ---> depends on: {}
	 [4] userID int ---> depends on: {}
	 [5] claimedCoupon coupons_app.ClaimedCoupon struct{CouponID int, UserID int} ---> depends on: {}
	 [6] collection NoSQLCollection {database = coupons, collection = Coupon} ---> depends on: {}
	 [7] err .error ---> depends on: {}

[BLOCK, #1, IfThen] NODES = [*ast.ReturnStmt]; SUCCS = []
	 [0] s (*coupons_app.CouponServiceImpl struct{couponsDB NoSQLDatabase}) ---> depends on: {coupons_app.CouponServiceImpl struct{couponsDB NoSQLDatabase}}
	 [1] ctx context.Context ---> depends on: {}
	 [2] couponID int ---> depends on: {}
	 [3] category string ---> depends on: {}
	 [4] userID int ---> depends on: {}
	 [5] claimedCoupon coupons_app.ClaimedCoupon struct{CouponID int, UserID int} ---> depends on: {}
	 [6] collection NoSQLCollection {database = coupons, collection = Coupon} ---> depends on: {}
	 [7] err .error ---> depends on: {}

[BLOCK, #2, IfDone] NODES = [*ast.AssignStmt, *ast.AssignStmt, *ast.AssignStmt, *ast.BinaryExpr]; SUCCS = [Block #4, Block #5]
	 [0] s (*coupons_app.CouponServiceImpl struct{couponsDB NoSQLDatabase}) ---> depends on: {coupons_app.CouponServiceImpl struct{couponsDB NoSQLDatabase}}
	 [1] ctx context.Context ---> depends on: {}
	 [2] couponID int ---> depends on: {}
	 [3] category string ---> depends on: {}
	 [4] userID int ---> depends on: {}
	 [5] claimedCoupon coupons_app.ClaimedCoupon struct{CouponID int, UserID int} ---> depends on: {}
	 [6] collection NoSQLCollection {database = coupons, collection = Coupon} ---> depends on: {}
	 [7] err .error ---> depends on: {}
	 [8] filter primitive.D ---> depends on: {struct{Key "CouponID" string, Key "CouponID" string, Value int, Value int}}
	 [9] update primitive.D ---> depends on: {struct{Key "$inc" string, Key "$inc" string, Value primitive.D, Value primitive.D}}
	 [10] res int ---> depends on: {}
	 [11] err .error ---> depends on: {}

[BLOCK, #4, IfThen] NODES = [*ast.ReturnStmt]; SUCCS = []
	 [0] s (*coupons_app.CouponServiceImpl struct{couponsDB NoSQLDatabase}) ---> depends on: {coupons_app.CouponServiceImpl struct{couponsDB NoSQLDatabase}}
	 [1] ctx context.Context ---> depends on: {}
	 [2] couponID int ---> depends on: {}
	 [3] category string ---> depends on: {}
	 [4] userID int ---> depends on: {}
	 [5] claimedCoupon coupons_app.ClaimedCoupon struct{CouponID int, UserID int} ---> depends on: {}
	 [6] collection NoSQLCollection {database = coupons, collection = Coupon} ---> depends on: {}
	 [7] err .error ---> depends on: {}
	 [8] filter primitive.D ---> depends on: {struct{Key "CouponID" string, Key "CouponID" string, Value int, Value int}}
	 [9] update primitive.D ---> depends on: {struct{Key "$inc" string, Key "$inc" string, Value primitive.D, Value primitive.D}}
	 [10] res int ---> depends on: {}
	 [11] err .error ---> depends on: {}

[BLOCK, #5, IfDone] NODES = [*ast.AssignStmt, *ast.BinaryExpr]; SUCCS = [Block #7, Block #8]
	 [0] s (*coupons_app.CouponServiceImpl struct{couponsDB NoSQLDatabase}) ---> depends on: {coupons_app.CouponServiceImpl struct{couponsDB NoSQLDatabase}}
	 [1] ctx context.Context ---> depends on: {}
	 [2] couponID int ---> depends on: {}
	 [3] category string ---> depends on: {}
	 [4] userID int ---> depends on: {}
	 [5] claimedCoupon coupons_app.ClaimedCoupon struct{CouponID int, UserID int} ---> depends on: {}
	 [6] collection NoSQLCollection {database = coupons, collection = Coupon} ---> depends on: {}
	 [7] err .error ---> depends on: {}
	 [8] filter primitive.D ---> depends on: {struct{Key "CouponID" string, Key "CouponID" string, Value int, Value int}}
	 [9] update primitive.D ---> depends on: {struct{Key "$inc" string, Key "$inc" string, Value primitive.D, Value primitive.D}}
	 [10] res int ---> depends on: {}
	 [11] err .error ---> depends on: {}
	 [12] collection NoSQLCollection {database = coupons, collection = ClaimedCoupon} ---> depends on: {}
	 [13] err .error ---> depends on: {}

[BLOCK, #7, IfThen] NODES = [*ast.ReturnStmt]; SUCCS = []
	 [0] s (*coupons_app.CouponServiceImpl struct{couponsDB NoSQLDatabase}) ---> depends on: {coupons_app.CouponServiceImpl struct{couponsDB NoSQLDatabase}}
	 [1] ctx context.Context ---> depends on: {}
	 [2] couponID int ---> depends on: {}
	 [3] category string ---> depends on: {}
	 [4] userID int ---> depends on: {}
	 [5] claimedCoupon coupons_app.ClaimedCoupon struct{CouponID int, UserID int} ---> depends on: {}
	 [6] collection NoSQLCollection {database = coupons, collection = Coupon} ---> depends on: {}
	 [7] err .error ---> depends on: {}
	 [8] filter primitive.D ---> depends on: {struct{Key "CouponID" string, Key "CouponID" string, Value int, Value int}}
	 [9] update primitive.D ---> depends on: {struct{Key "$inc" string, Key "$inc" string, Value primitive.D, Value primitive.D}}
	 [10] res int ---> depends on: {}
	 [11] err .error ---> depends on: {}
	 [12] collection NoSQLCollection {database = coupons, collection = ClaimedCoupon} ---> depends on: {}
	 [13] err .error ---> depends on: {}

[BLOCK, #8, IfDone] NODES = [*ast.AssignStmt, *ast.AssignStmt, *ast.ReturnStmt]; SUCCS = []
	 [0] s (*coupons_app.CouponServiceImpl struct{couponsDB NoSQLDatabase}) ---> depends on: {coupons_app.CouponServiceImpl struct{couponsDB NoSQLDatabase}}
	 [1] ctx context.Context ---> depends on: {}
	 [2] couponID int ---> depends on: {}
	 [3] category string ---> depends on: {}
	 [4] userID int ---> depends on: {}
	 [5] claimedCoupon coupons_app.ClaimedCoupon struct{CouponID int, UserID int} ---> depends on: {}
	 [6] collection NoSQLCollection {database = coupons, collection = Coupon} ---> depends on: {}
	 [7] err .error ---> depends on: {}
	 [8] filter primitive.D ---> depends on: {struct{Key "CouponID" string, Key "CouponID" string, Value int, Value int}}
	 [9] update primitive.D ---> depends on: {struct{Key "$inc" string, Key "$inc" string, Value primitive.D, Value primitive.D}}
	 [10] res int ---> depends on: {}
	 [11] err .error ---> depends on: {}
	 [12] collection NoSQLCollection {database = coupons, collection = ClaimedCoupon} ---> depends on: {}
	 [13] err .error ---> depends on: {}
	 [14] claimedCoupon coupons_app.ClaimedCoupon struct{CouponID int, UserID int} ---> depends on: {CouponID int, UserID int}
	 [15] err .error ---> depends on: {}

