[BLOCK, #0, Body] NODES = [*ast.AssignStmt, *ast.BinaryExpr]; SUCCS = [Block #1, Block #2]
	 [0] s (*coupons_app.StudentServiceImpl struct{studentsDB NoSQLDatabase}) ---> depends on: {coupons_app.StudentServiceImpl struct{studentsDB NoSQLDatabase}}
	 [1] ctx context.Context ---> depends on: {}
	 [2] studentID int ---> depends on: {}
	 [3] value int ---> depends on: {}
	 [4] collection NoSQLCollection {database = students, collection = Student} ---> depends on: {}
	 [5] err .error ---> depends on: {}

[BLOCK, #1, IfThen] NODES = [*ast.ReturnStmt]; SUCCS = []
	 [0] s (*coupons_app.StudentServiceImpl struct{studentsDB NoSQLDatabase}) ---> depends on: {coupons_app.StudentServiceImpl struct{studentsDB NoSQLDatabase}}
	 [1] ctx context.Context ---> depends on: {}
	 [2] studentID int ---> depends on: {}
	 [3] value int ---> depends on: {}
	 [4] collection NoSQLCollection {database = students, collection = Student} ---> depends on: {}
	 [5] err .error ---> depends on: {}

[BLOCK, #2, IfDone] NODES = [*ast.AssignStmt, *ast.AssignStmt, *ast.AssignStmt, *ast.BinaryExpr]; SUCCS = [Block #4, Block #5]
	 [0] s (*coupons_app.StudentServiceImpl struct{studentsDB NoSQLDatabase}) ---> depends on: {coupons_app.StudentServiceImpl struct{studentsDB NoSQLDatabase}}
	 [1] ctx context.Context ---> depends on: {}
	 [2] studentID int ---> depends on: {}
	 [3] value int ---> depends on: {}
	 [4] collection NoSQLCollection {database = students, collection = Student} ---> depends on: {}
	 [5] err .error ---> depends on: {}
	 [6] filter primitive.D ---> depends on: {struct{Key "StudentID" string, Key "StudentID" string, Value int, Value int}}
	 [7] update primitive.D ---> depends on: {struct{Key "$inc" string, Key "$inc" string, Value primitive.D, Value primitive.D}, struct{Key "$inc" string, Key "$inc" string, Value primitive.D, Value primitive.D}}
	 [8] res int ---> depends on: {}
	 [9] err .error ---> depends on: {}

[BLOCK, #4, IfThen] NODES = [*ast.ReturnStmt]; SUCCS = []
	 [0] s (*coupons_app.StudentServiceImpl struct{studentsDB NoSQLDatabase}) ---> depends on: {coupons_app.StudentServiceImpl struct{studentsDB NoSQLDatabase}}
	 [1] ctx context.Context ---> depends on: {}
	 [2] studentID int ---> depends on: {}
	 [3] value int ---> depends on: {}
	 [4] collection NoSQLCollection {database = students, collection = Student} ---> depends on: {}
	 [5] err .error ---> depends on: {}
	 [6] filter primitive.D ---> depends on: {struct{Key "StudentID" string, Key "StudentID" string, Value int, Value int}}
	 [7] update primitive.D ---> depends on: {struct{Key "$inc" string, Key "$inc" string, Value primitive.D, Value primitive.D}, struct{Key "$inc" string, Key "$inc" string, Value primitive.D, Value primitive.D}}
	 [8] res int ---> depends on: {}
	 [9] err .error ---> depends on: {}

[BLOCK, #5, IfDone] NODES = [*ast.ReturnStmt]; SUCCS = []
	 [0] s (*coupons_app.StudentServiceImpl struct{studentsDB NoSQLDatabase}) ---> depends on: {coupons_app.StudentServiceImpl struct{studentsDB NoSQLDatabase}}
	 [1] ctx context.Context ---> depends on: {}
	 [2] studentID int ---> depends on: {}
	 [3] value int ---> depends on: {}
	 [4] collection NoSQLCollection {database = students, collection = Student} ---> depends on: {}
	 [5] err .error ---> depends on: {}
	 [6] filter primitive.D ---> depends on: {struct{Key "StudentID" string, Key "StudentID" string, Value int, Value int}}
	 [7] update primitive.D ---> depends on: {struct{Key "$inc" string, Key "$inc" string, Value primitive.D, Value primitive.D}, struct{Key "$inc" string, Key "$inc" string, Value primitive.D, Value primitive.D}}
	 [8] res int ---> depends on: {}
	 [9] err .error ---> depends on: {}

