[BLOCK, #0, Body] NODES = [*ast.AssignStmt, *ast.BinaryExpr]; SUCCS = [Block #1, Block #2]
	 [0] a (*assurance.AssuranceServiceImpl struct{db NoSQLDatabase}) ---> depends on: {assurance.AssuranceServiceImpl struct{db NoSQLDatabase}}
	 [1] ctx context.Context ---> depends on: {}
	 [2] coll NoSQLCollection {database = assurance, collection = assurance} ---> depends on: {}
	 [3] err .error ---> depends on: {}

[BLOCK, #1, IfThen] NODES = [*ast.ReturnStmt]; SUCCS = []
	 [0] a (*assurance.AssuranceServiceImpl struct{db NoSQLDatabase}) ---> depends on: {assurance.AssuranceServiceImpl struct{db NoSQLDatabase}}
	 [1] ctx context.Context ---> depends on: {}
	 [2] coll NoSQLCollection {database = assurance, collection = assurance} ---> depends on: {}
	 [3] err .error ---> depends on: {}

[BLOCK, #2, IfDone] NODES = [*ast.AssignStmt, *ast.BinaryExpr]; SUCCS = [Block #4, Block #5]
	 [0] a (*assurance.AssuranceServiceImpl struct{db NoSQLDatabase}) ---> depends on: {assurance.AssuranceServiceImpl struct{db NoSQLDatabase}}
	 [1] ctx context.Context ---> depends on: {}
	 [2] coll NoSQLCollection {database = assurance, collection = assurance} ---> depends on: {}
	 [3] err .error ---> depends on: {}
	 [4] res NoSQLCursor {database = assurance, collection = assurance} ---> depends on: {assurances []assurance.Assurance struct{ID string, OrderID string, AT assurance.AssuranceType struct{Index int64, Name string, Price float64}}}
	 [5] err .error ---> depends on: {}

[BLOCK, #4, IfThen] NODES = [*ast.ReturnStmt]; SUCCS = []
	 [0] a (*assurance.AssuranceServiceImpl struct{db NoSQLDatabase}) ---> depends on: {assurance.AssuranceServiceImpl struct{db NoSQLDatabase}}
	 [1] ctx context.Context ---> depends on: {}
	 [2] coll NoSQLCollection {database = assurance, collection = assurance} ---> depends on: {}
	 [3] err .error ---> depends on: {}
	 [4] res NoSQLCursor {database = assurance, collection = assurance} ---> depends on: {assurances []assurance.Assurance struct{ID string, OrderID string, AT assurance.AssuranceType struct{Index int64, Name string, Price float64}}}
	 [5] err .error ---> depends on: {}

[BLOCK, #5, IfDone] NODES = [*ast.ValueSpec, *ast.AssignStmt, *ast.ReturnStmt]; SUCCS = []
	 [0] a (*assurance.AssuranceServiceImpl struct{db NoSQLDatabase}) ---> depends on: {assurance.AssuranceServiceImpl struct{db NoSQLDatabase}}
	 [1] ctx context.Context ---> depends on: {}
	 [2] coll NoSQLCollection {database = assurance, collection = assurance} ---> depends on: {}
	 [3] err .error ---> depends on: {}
	 [4] res NoSQLCursor {database = assurance, collection = assurance} ---> depends on: {assurances []assurance.Assurance struct{ID string, OrderID string, AT assurance.AssuranceType struct{Index int64, Name string, Price float64}}}
	 [5] err .error ---> depends on: {}
	 [6] assurances []assurance.Assurance struct{ID string, OrderID string, AT assurance.AssuranceType struct{Index int64, Name string, Price float64}} ---> depends on: {}
	 [7] err .error ---> depends on: {}

