[BLOCK, #0, Body] NODES = [*ast.AssignStmt, *ast.BinaryExpr]; SUCCS = [Block #1, Block #2]
	 [0] a (*assurance.AssuranceServiceImpl struct{db NoSQLDatabase}) ---> depends on: {assurance.AssuranceServiceImpl struct{db NoSQLDatabase}}
	 [1] ctx context.Context ---> depends on: {}
	 [2] id string ---> depends on: {}
	 [3] coll NoSQLCollection {database = assurance, collection = assurance} ---> depends on: {}
	 [4] err .error ---> depends on: {}

[BLOCK, #1, IfThen] NODES = [*ast.ReturnStmt]; SUCCS = []
	 [0] a (*assurance.AssuranceServiceImpl struct{db NoSQLDatabase}) ---> depends on: {assurance.AssuranceServiceImpl struct{db NoSQLDatabase}}
	 [1] ctx context.Context ---> depends on: {}
	 [2] id string ---> depends on: {}
	 [3] coll NoSQLCollection {database = assurance, collection = assurance} ---> depends on: {}
	 [4] err .error ---> depends on: {}

[BLOCK, #2, IfDone] NODES = [*ast.AssignStmt, *ast.AssignStmt, *ast.BinaryExpr]; SUCCS = [Block #4, Block #5]
	 [0] a (*assurance.AssuranceServiceImpl struct{db NoSQLDatabase}) ---> depends on: {assurance.AssuranceServiceImpl struct{db NoSQLDatabase}}
	 [1] ctx context.Context ---> depends on: {}
	 [2] id string ---> depends on: {}
	 [3] coll NoSQLCollection {database = assurance, collection = assurance} ---> depends on: {}
	 [4] err .error ---> depends on: {}
	 [5] query primitive.D ---> depends on: {struct{ string,  "id" string,  string}}
	 [6] res NoSQLCursor {database = assurance, collection = assurance} ---> depends on: {ass assurance.Assurance struct{ID string, OrderID string, AT assurance.AssuranceType struct{Index int64, Name string, Price float64}}}
	 [7] err .error ---> depends on: {}

[BLOCK, #4, IfThen] NODES = [*ast.ReturnStmt]; SUCCS = []
	 [0] a (*assurance.AssuranceServiceImpl struct{db NoSQLDatabase}) ---> depends on: {assurance.AssuranceServiceImpl struct{db NoSQLDatabase}}
	 [1] ctx context.Context ---> depends on: {}
	 [2] id string ---> depends on: {}
	 [3] coll NoSQLCollection {database = assurance, collection = assurance} ---> depends on: {}
	 [4] err .error ---> depends on: {}
	 [5] query primitive.D ---> depends on: {struct{ string,  "id" string,  string}}
	 [6] res NoSQLCursor {database = assurance, collection = assurance} ---> depends on: {ass assurance.Assurance struct{ID string, OrderID string, AT assurance.AssuranceType struct{Index int64, Name string, Price float64}}}
	 [7] err .error ---> depends on: {}

[BLOCK, #5, IfDone] NODES = [*ast.ValueSpec, *ast.AssignStmt, *ast.BinaryExpr]; SUCCS = [Block #7, Block #8]
	 [0] a (*assurance.AssuranceServiceImpl struct{db NoSQLDatabase}) ---> depends on: {assurance.AssuranceServiceImpl struct{db NoSQLDatabase}}
	 [1] ctx context.Context ---> depends on: {}
	 [2] id string ---> depends on: {}
	 [3] coll NoSQLCollection {database = assurance, collection = assurance} ---> depends on: {}
	 [4] err .error ---> depends on: {}
	 [5] query primitive.D ---> depends on: {struct{ string,  "id" string,  string}}
	 [6] res NoSQLCursor {database = assurance, collection = assurance} ---> depends on: {ass assurance.Assurance struct{ID string, OrderID string, AT assurance.AssuranceType struct{Index int64, Name string, Price float64}}}
	 [7] err .error ---> depends on: {}
	 [8] ass assurance.Assurance struct{ID string, OrderID string, AT assurance.AssuranceType struct{Index int64, Name string, Price float64}} ---> depends on: {}
	 [9] exists bool ---> depends on: {}
	 [10] err .error ---> depends on: {}

[BLOCK, #7, IfThen] NODES = [*ast.ReturnStmt]; SUCCS = []
	 [0] a (*assurance.AssuranceServiceImpl struct{db NoSQLDatabase}) ---> depends on: {assurance.AssuranceServiceImpl struct{db NoSQLDatabase}}
	 [1] ctx context.Context ---> depends on: {}
	 [2] id string ---> depends on: {}
	 [3] coll NoSQLCollection {database = assurance, collection = assurance} ---> depends on: {}
	 [4] err .error ---> depends on: {}
	 [5] query primitive.D ---> depends on: {struct{ string,  "id" string,  string}}
	 [6] res NoSQLCursor {database = assurance, collection = assurance} ---> depends on: {ass assurance.Assurance struct{ID string, OrderID string, AT assurance.AssuranceType struct{Index int64, Name string, Price float64}}}
	 [7] err .error ---> depends on: {}
	 [8] ass assurance.Assurance struct{ID string, OrderID string, AT assurance.AssuranceType struct{Index int64, Name string, Price float64}} ---> depends on: {}
	 [9] exists bool ---> depends on: {}
	 [10] err .error ---> depends on: {}

[BLOCK, #8, IfDone] NODES = [*ast.UnaryExpr]; SUCCS = [Block #10, Block #11]
	 [0] a (*assurance.AssuranceServiceImpl struct{db NoSQLDatabase}) ---> depends on: {assurance.AssuranceServiceImpl struct{db NoSQLDatabase}}
	 [1] ctx context.Context ---> depends on: {}
	 [2] id string ---> depends on: {}
	 [3] coll NoSQLCollection {database = assurance, collection = assurance} ---> depends on: {}
	 [4] err .error ---> depends on: {}
	 [5] query primitive.D ---> depends on: {struct{ string,  "id" string,  string}}
	 [6] res NoSQLCursor {database = assurance, collection = assurance} ---> depends on: {ass assurance.Assurance struct{ID string, OrderID string, AT assurance.AssuranceType struct{Index int64, Name string, Price float64}}}
	 [7] err .error ---> depends on: {}
	 [8] ass assurance.Assurance struct{ID string, OrderID string, AT assurance.AssuranceType struct{Index int64, Name string, Price float64}} ---> depends on: {}
	 [9] exists bool ---> depends on: {}
	 [10] err .error ---> depends on: {}

[BLOCK, #10, IfThen] NODES = [*ast.ReturnStmt]; SUCCS = []
	 [0] a (*assurance.AssuranceServiceImpl struct{db NoSQLDatabase}) ---> depends on: {assurance.AssuranceServiceImpl struct{db NoSQLDatabase}}
	 [1] ctx context.Context ---> depends on: {}
	 [2] id string ---> depends on: {}
	 [3] coll NoSQLCollection {database = assurance, collection = assurance} ---> depends on: {}
	 [4] err .error ---> depends on: {}
	 [5] query primitive.D ---> depends on: {struct{ string,  "id" string,  string}}
	 [6] res NoSQLCursor {database = assurance, collection = assurance} ---> depends on: {ass assurance.Assurance struct{ID string, OrderID string, AT assurance.AssuranceType struct{Index int64, Name string, Price float64}}}
	 [7] err .error ---> depends on: {}
	 [8] ass assurance.Assurance struct{ID string, OrderID string, AT assurance.AssuranceType struct{Index int64, Name string, Price float64}} ---> depends on: {}
	 [9] exists bool ---> depends on: {}
	 [10] err .error ---> depends on: {}

[BLOCK, #11, IfDone] NODES = [*ast.ReturnStmt]; SUCCS = []
	 [0] a (*assurance.AssuranceServiceImpl struct{db NoSQLDatabase}) ---> depends on: {assurance.AssuranceServiceImpl struct{db NoSQLDatabase}}
	 [1] ctx context.Context ---> depends on: {}
	 [2] id string ---> depends on: {}
	 [3] coll NoSQLCollection {database = assurance, collection = assurance} ---> depends on: {}
	 [4] err .error ---> depends on: {}
	 [5] query primitive.D ---> depends on: {struct{ string,  "id" string,  string}}
	 [6] res NoSQLCursor {database = assurance, collection = assurance} ---> depends on: {ass assurance.Assurance struct{ID string, OrderID string, AT assurance.AssuranceType struct{Index int64, Name string, Price float64}}}
	 [7] err .error ---> depends on: {}
	 [8] ass assurance.Assurance struct{ID string, OrderID string, AT assurance.AssuranceType struct{Index int64, Name string, Price float64}} ---> depends on: {}
	 [9] exists bool ---> depends on: {}
	 [10] err .error ---> depends on: {}

