[BLOCK, #0, Body] NODES = [*ast.AssignStmt, *ast.BinaryExpr]; SUCCS = [Block #1, Block #2]
	 [0] a (*assurance.AssuranceServiceImpl struct{db NoSQLDatabase}) ---> depends on: {assurance.AssuranceServiceImpl struct{db NoSQLDatabase}}
	 [1] ctx context.Context ---> depends on: {}
	 [2] typeindex int64 ---> depends on: {}
	 [3] orderid string ---> depends on: {}
	 [4] at assurance.AssuranceType struct{Index int64, Name string, Price float64} ---> depends on: {}
	 [5] err .error ---> depends on: {}

[BLOCK, #1, IfThen] NODES = [*ast.ReturnStmt]; SUCCS = []
	 [0] a (*assurance.AssuranceServiceImpl struct{db NoSQLDatabase}) ---> depends on: {assurance.AssuranceServiceImpl struct{db NoSQLDatabase}}
	 [1] ctx context.Context ---> depends on: {}
	 [2] typeindex int64 ---> depends on: {}
	 [3] orderid string ---> depends on: {}
	 [4] at assurance.AssuranceType struct{Index int64, Name string, Price float64} ---> depends on: {}
	 [5] err .error ---> depends on: {}

[BLOCK, #2, IfDone] NODES = [*ast.AssignStmt, *ast.ValueSpec, *ast.AssignStmt, *ast.AssignStmt, *ast.AssignStmt, *ast.AssignStmt, *ast.BinaryExpr]; SUCCS = [Block #4, Block #5]
	 [0] a (*assurance.AssuranceServiceImpl struct{db NoSQLDatabase}) ---> depends on: {assurance.AssuranceServiceImpl struct{db NoSQLDatabase}}
	 [1] ctx context.Context ---> depends on: {}
	 [2] typeindex int64 ---> depends on: {}
	 [3] orderid string ---> depends on: {}
	 [4] at assurance.AssuranceType struct{Index int64, Name string, Price float64} ---> depends on: {}
	 [5] err .error ---> depends on: {}
	 [6] id string ---> depends on: {}
	 [7] assurance assurance.Assurance struct{ID string, OrderID string, AT assurance.AssuranceType struct{Index int64, Name string, Price float64}} ---> depends on: {AT assurance.AssuranceType struct{Index int64, Name string, Price float64}, ID string, OrderID string}
	 [8] coll NoSQLCollection {database = assurance, collection = assurance} ---> depends on: {}
	 [9] err .error ---> depends on: {}

[BLOCK, #4, IfThen] NODES = [*ast.ReturnStmt]; SUCCS = []
	 [0] a (*assurance.AssuranceServiceImpl struct{db NoSQLDatabase}) ---> depends on: {assurance.AssuranceServiceImpl struct{db NoSQLDatabase}}
	 [1] ctx context.Context ---> depends on: {}
	 [2] typeindex int64 ---> depends on: {}
	 [3] orderid string ---> depends on: {}
	 [4] at assurance.AssuranceType struct{Index int64, Name string, Price float64} ---> depends on: {}
	 [5] err .error ---> depends on: {}
	 [6] id string ---> depends on: {}
	 [7] assurance assurance.Assurance struct{ID string, OrderID string, AT assurance.AssuranceType struct{Index int64, Name string, Price float64}} ---> depends on: {AT assurance.AssuranceType struct{Index int64, Name string, Price float64}, ID string, OrderID string}
	 [8] coll NoSQLCollection {database = assurance, collection = assurance} ---> depends on: {}
	 [9] err .error ---> depends on: {}

[BLOCK, #5, IfDone] NODES = [*ast.ReturnStmt]; SUCCS = []
	 [0] a (*assurance.AssuranceServiceImpl struct{db NoSQLDatabase}) ---> depends on: {assurance.AssuranceServiceImpl struct{db NoSQLDatabase}}
	 [1] ctx context.Context ---> depends on: {}
	 [2] typeindex int64 ---> depends on: {}
	 [3] orderid string ---> depends on: {}
	 [4] at assurance.AssuranceType struct{Index int64, Name string, Price float64} ---> depends on: {}
	 [5] err .error ---> depends on: {}
	 [6] id string ---> depends on: {}
	 [7] assurance assurance.Assurance struct{ID string, OrderID string, AT assurance.AssuranceType struct{Index int64, Name string, Price float64}} ---> depends on: {AT assurance.AssuranceType struct{Index int64, Name string, Price float64}, ID string, OrderID string}
	 [8] coll NoSQLCollection {database = assurance, collection = assurance} ---> depends on: {}
	 [9] err .error ---> depends on: {}

