[BLOCK, #0, Body] NODES = []; SUCCS = [Block #1]
	 [0] q (*queuemaster.queueMasterImpl struct{q Queue, shipping shipping.ShippingService, exitOnError bool, processed int32}) ---> depends on: {queuemaster.queueMasterImpl struct{q Queue, shipping shipping.ShippingService, exitOnError false bool, processed 0 int}}
	 [1] ctx context.Context ---> depends on: {}

[BLOCK, #1, ForBody] NODES = [*ast.ExprStmt]; SUCCS = [Block #4, Block #5]
	 [0] q (*queuemaster.queueMasterImpl struct{q Queue, shipping shipping.ShippingService, exitOnError bool, processed int32}) ---> depends on: {queuemaster.queueMasterImpl struct{q Queue, shipping shipping.ShippingService, exitOnError false bool, processed 0 int}}
	 [1] ctx context.Context ---> depends on: {}
	 [2] shipment shipping.Shipment struct{ID string, Name string, Status string} ---> depends on: {ID string}
	 [3] q (*queuemaster.queueMasterImpl struct{q Queue, shipping shipping.ShippingService, exitOnError bool, processed int32}) ---> depends on: {queuemaster.queueMasterImpl struct{q Queue, shipping shipping.ShippingService, exitOnError false bool, processed 0 int}}
	 [4] ctx context.Context ---> depends on: {}

[BLOCK, #4, SelectCaseBody] NODES = [*ast.ReturnStmt]; SUCCS = []
	 [0] q (*queuemaster.queueMasterImpl struct{q Queue, shipping shipping.ShippingService, exitOnError bool, processed int32}) ---> depends on: {queuemaster.queueMasterImpl struct{q Queue, shipping shipping.ShippingService, exitOnError false bool, processed 0 int}}
	 [1] ctx context.Context ---> depends on: {}

[BLOCK, #5, SelectAfterCase] NODES = [*ast.ValueSpec, *ast.ExprStmt, *ast.ExprStmt]; SUCCS = [Block #3]
	 [0] q (*queuemaster.queueMasterImpl struct{q Queue, shipping shipping.ShippingService, exitOnError bool, processed int32}) ---> depends on: {queuemaster.queueMasterImpl struct{q Queue, shipping shipping.ShippingService, exitOnError false bool, processed 0 int}}
	 [1] ctx context.Context ---> depends on: {}
	 [2] shipment shipping.Shipment struct{ID string, Name string, Status string} ---> depends on: {ID string}

[BLOCK, #3, SelectDone] NODES = []; SUCCS = [Block #1]
	 [0] q (*queuemaster.queueMasterImpl struct{q Queue, shipping shipping.ShippingService, exitOnError bool, processed int32}) ---> depends on: {queuemaster.queueMasterImpl struct{q Queue, shipping shipping.ShippingService, exitOnError false bool, processed 0 int}}
	 [1] ctx context.Context ---> depends on: {}
	 [2] shipment shipping.Shipment struct{ID string, Name string, Status string} ---> depends on: {ID string}

