[BLOCK, #0, Body] NODES = [*ast.AssignStmt, *ast.ValueSpec, *ast.ValueSpec, *ast.ValueSpec, *ast.ValueSpec, *ast.ValueSpec, *ast.ValueSpec, *ast.ValueSpec, *ast.ValueSpec, *ast.ExprStmt, *ast.GoStmt, *ast.GoStmt, *ast.GoStmt, *ast.GoStmt, *ast.ExprStmt, *ast.BinaryExpr]; SUCCS = [Block #1, Block #2]
	 [0] c (*socialnetwork.ComposePostServiceImpl struct{postStorageService socialnetwork.PostStorageService, userTimelineService socialnetwork.UserTimelineService, userService socialnetwork.UserService, uniqueIDService socialnetwork.UniqueIdService, mediaService socialnetwork.MediaService, textService socialnetwork.TextService, homeTimelineService socialnetwork.HomeTimelineService}) ---> depends on: {socialnetwork.ComposePostServiceImpl struct{postStorageService socialnetwork.PostStorageService, userTimelineService socialnetwork.UserTimelineService, userService socialnetwork.UserService, uniqueIDService socialnetwork.UniqueIdService, mediaService socialnetwork.MediaService, textService socialnetwork.TextService, homeTimelineService socialnetwork.HomeTimelineService}}
	 [1] ctx context.Context ---> depends on: {}
	 [2] reqID int64 ---> depends on: {}
	 [3] username string ---> depends on: {}
	 [4] userID int64 ---> depends on: {}
	 [5] text string ---> depends on: {}
	 [6] mediaIDs []int64 ---> depends on: {}
	 [7] mediaTypes []string ---> depends on: {}
	 [8] postType int64 ---> depends on: {}
	 [9] timestamp int64 ---> depends on: {}
	 [10] err1 error ---> depends on: {}
	 [11] err2 error ---> depends on: {}
	 [12] err3 error ---> depends on: {}
	 [13] err4 error ---> depends on: {}
	 [14] uniqueID int64 ---> depends on: {}
	 [15] creator socialnetwork.Creator struct{UserID int64, Username string} ---> depends on: {}
	 [16] up_text string ---> depends on: {}
	 [17] medias []socialnetwork.Media struct{MediaID int64, MediaType string} ---> depends on: {}
	 [18] urls []socialnetwork.URL struct{ShortenedUrl string, ExpandedUrl string} ---> depends on: {}
	 [19] usermentions []socialnetwork.UserMention struct{UserID int64, Username string} ---> depends on: {}
	 [20] wg sync.WaitGroup ---> depends on: {}

[BLOCK, #1, IfThen] NODES = [*ast.ReturnStmt]; SUCCS = []
	 [0] c (*socialnetwork.ComposePostServiceImpl struct{postStorageService socialnetwork.PostStorageService, userTimelineService socialnetwork.UserTimelineService, userService socialnetwork.UserService, uniqueIDService socialnetwork.UniqueIdService, mediaService socialnetwork.MediaService, textService socialnetwork.TextService, homeTimelineService socialnetwork.HomeTimelineService}) ---> depends on: {socialnetwork.ComposePostServiceImpl struct{postStorageService socialnetwork.PostStorageService, userTimelineService socialnetwork.UserTimelineService, userService socialnetwork.UserService, uniqueIDService socialnetwork.UniqueIdService, mediaService socialnetwork.MediaService, textService socialnetwork.TextService, homeTimelineService socialnetwork.HomeTimelineService}}
	 [1] ctx context.Context ---> depends on: {}
	 [2] reqID int64 ---> depends on: {}
	 [3] username string ---> depends on: {}
	 [4] userID int64 ---> depends on: {}
	 [5] text string ---> depends on: {}
	 [6] mediaIDs []int64 ---> depends on: {}
	 [7] mediaTypes []string ---> depends on: {}
	 [8] postType int64 ---> depends on: {}
	 [9] timestamp int64 ---> depends on: {}
	 [10] err1 error ---> depends on: {}
	 [11] err2 error ---> depends on: {}
	 [12] err3 error ---> depends on: {}
	 [13] err4 error ---> depends on: {}
	 [14] uniqueID int64 ---> depends on: {}
	 [15] creator socialnetwork.Creator struct{UserID int64, Username string} ---> depends on: {}
	 [16] up_text string ---> depends on: {}
	 [17] medias []socialnetwork.Media struct{MediaID int64, MediaType string} ---> depends on: {}
	 [18] urls []socialnetwork.URL struct{ShortenedUrl string, ExpandedUrl string} ---> depends on: {}
	 [19] usermentions []socialnetwork.UserMention struct{UserID int64, Username string} ---> depends on: {}
	 [20] wg sync.WaitGroup ---> depends on: {}

[BLOCK, #2, IfDone] NODES = [*ast.BinaryExpr]; SUCCS = [Block #4, Block #5]
	 [0] c (*socialnetwork.ComposePostServiceImpl struct{postStorageService socialnetwork.PostStorageService, userTimelineService socialnetwork.UserTimelineService, userService socialnetwork.UserService, uniqueIDService socialnetwork.UniqueIdService, mediaService socialnetwork.MediaService, textService socialnetwork.TextService, homeTimelineService socialnetwork.HomeTimelineService}) ---> depends on: {socialnetwork.ComposePostServiceImpl struct{postStorageService socialnetwork.PostStorageService, userTimelineService socialnetwork.UserTimelineService, userService socialnetwork.UserService, uniqueIDService socialnetwork.UniqueIdService, mediaService socialnetwork.MediaService, textService socialnetwork.TextService, homeTimelineService socialnetwork.HomeTimelineService}}
	 [1] ctx context.Context ---> depends on: {}
	 [2] reqID int64 ---> depends on: {}
	 [3] username string ---> depends on: {}
	 [4] userID int64 ---> depends on: {}
	 [5] text string ---> depends on: {}
	 [6] mediaIDs []int64 ---> depends on: {}
	 [7] mediaTypes []string ---> depends on: {}
	 [8] postType int64 ---> depends on: {}
	 [9] timestamp int64 ---> depends on: {}
	 [10] err1 error ---> depends on: {}
	 [11] err2 error ---> depends on: {}
	 [12] err3 error ---> depends on: {}
	 [13] err4 error ---> depends on: {}
	 [14] uniqueID int64 ---> depends on: {}
	 [15] creator socialnetwork.Creator struct{UserID int64, Username string} ---> depends on: {}
	 [16] up_text string ---> depends on: {}
	 [17] medias []socialnetwork.Media struct{MediaID int64, MediaType string} ---> depends on: {}
	 [18] urls []socialnetwork.URL struct{ShortenedUrl string, ExpandedUrl string} ---> depends on: {}
	 [19] usermentions []socialnetwork.UserMention struct{UserID int64, Username string} ---> depends on: {}
	 [20] wg sync.WaitGroup ---> depends on: {}

[BLOCK, #4, IfThen] NODES = [*ast.ReturnStmt]; SUCCS = []
	 [0] c (*socialnetwork.ComposePostServiceImpl struct{postStorageService socialnetwork.PostStorageService, userTimelineService socialnetwork.UserTimelineService, userService socialnetwork.UserService, uniqueIDService socialnetwork.UniqueIdService, mediaService socialnetwork.MediaService, textService socialnetwork.TextService, homeTimelineService socialnetwork.HomeTimelineService}) ---> depends on: {socialnetwork.ComposePostServiceImpl struct{postStorageService socialnetwork.PostStorageService, userTimelineService socialnetwork.UserTimelineService, userService socialnetwork.UserService, uniqueIDService socialnetwork.UniqueIdService, mediaService socialnetwork.MediaService, textService socialnetwork.TextService, homeTimelineService socialnetwork.HomeTimelineService}}
	 [1] ctx context.Context ---> depends on: {}
	 [2] reqID int64 ---> depends on: {}
	 [3] username string ---> depends on: {}
	 [4] userID int64 ---> depends on: {}
	 [5] text string ---> depends on: {}
	 [6] mediaIDs []int64 ---> depends on: {}
	 [7] mediaTypes []string ---> depends on: {}
	 [8] postType int64 ---> depends on: {}
	 [9] timestamp int64 ---> depends on: {}
	 [10] err1 error ---> depends on: {}
	 [11] err2 error ---> depends on: {}
	 [12] err3 error ---> depends on: {}
	 [13] err4 error ---> depends on: {}
	 [14] uniqueID int64 ---> depends on: {}
	 [15] creator socialnetwork.Creator struct{UserID int64, Username string} ---> depends on: {}
	 [16] up_text string ---> depends on: {}
	 [17] medias []socialnetwork.Media struct{MediaID int64, MediaType string} ---> depends on: {}
	 [18] urls []socialnetwork.URL struct{ShortenedUrl string, ExpandedUrl string} ---> depends on: {}
	 [19] usermentions []socialnetwork.UserMention struct{UserID int64, Username string} ---> depends on: {}
	 [20] wg sync.WaitGroup ---> depends on: {}

[BLOCK, #5, IfDone] NODES = [*ast.BinaryExpr]; SUCCS = [Block #7, Block #8]
	 [0] c (*socialnetwork.ComposePostServiceImpl struct{postStorageService socialnetwork.PostStorageService, userTimelineService socialnetwork.UserTimelineService, userService socialnetwork.UserService, uniqueIDService socialnetwork.UniqueIdService, mediaService socialnetwork.MediaService, textService socialnetwork.TextService, homeTimelineService socialnetwork.HomeTimelineService}) ---> depends on: {socialnetwork.ComposePostServiceImpl struct{postStorageService socialnetwork.PostStorageService, userTimelineService socialnetwork.UserTimelineService, userService socialnetwork.UserService, uniqueIDService socialnetwork.UniqueIdService, mediaService socialnetwork.MediaService, textService socialnetwork.TextService, homeTimelineService socialnetwork.HomeTimelineService}}
	 [1] ctx context.Context ---> depends on: {}
	 [2] reqID int64 ---> depends on: {}
	 [3] username string ---> depends on: {}
	 [4] userID int64 ---> depends on: {}
	 [5] text string ---> depends on: {}
	 [6] mediaIDs []int64 ---> depends on: {}
	 [7] mediaTypes []string ---> depends on: {}
	 [8] postType int64 ---> depends on: {}
	 [9] timestamp int64 ---> depends on: {}
	 [10] err1 error ---> depends on: {}
	 [11] err2 error ---> depends on: {}
	 [12] err3 error ---> depends on: {}
	 [13] err4 error ---> depends on: {}
	 [14] uniqueID int64 ---> depends on: {}
	 [15] creator socialnetwork.Creator struct{UserID int64, Username string} ---> depends on: {}
	 [16] up_text string ---> depends on: {}
	 [17] medias []socialnetwork.Media struct{MediaID int64, MediaType string} ---> depends on: {}
	 [18] urls []socialnetwork.URL struct{ShortenedUrl string, ExpandedUrl string} ---> depends on: {}
	 [19] usermentions []socialnetwork.UserMention struct{UserID int64, Username string} ---> depends on: {}
	 [20] wg sync.WaitGroup ---> depends on: {}

[BLOCK, #7, IfThen] NODES = [*ast.ReturnStmt]; SUCCS = []
	 [0] c (*socialnetwork.ComposePostServiceImpl struct{postStorageService socialnetwork.PostStorageService, userTimelineService socialnetwork.UserTimelineService, userService socialnetwork.UserService, uniqueIDService socialnetwork.UniqueIdService, mediaService socialnetwork.MediaService, textService socialnetwork.TextService, homeTimelineService socialnetwork.HomeTimelineService}) ---> depends on: {socialnetwork.ComposePostServiceImpl struct{postStorageService socialnetwork.PostStorageService, userTimelineService socialnetwork.UserTimelineService, userService socialnetwork.UserService, uniqueIDService socialnetwork.UniqueIdService, mediaService socialnetwork.MediaService, textService socialnetwork.TextService, homeTimelineService socialnetwork.HomeTimelineService}}
	 [1] ctx context.Context ---> depends on: {}
	 [2] reqID int64 ---> depends on: {}
	 [3] username string ---> depends on: {}
	 [4] userID int64 ---> depends on: {}
	 [5] text string ---> depends on: {}
	 [6] mediaIDs []int64 ---> depends on: {}
	 [7] mediaTypes []string ---> depends on: {}
	 [8] postType int64 ---> depends on: {}
	 [9] timestamp int64 ---> depends on: {}
	 [10] err1 error ---> depends on: {}
	 [11] err2 error ---> depends on: {}
	 [12] err3 error ---> depends on: {}
	 [13] err4 error ---> depends on: {}
	 [14] uniqueID int64 ---> depends on: {}
	 [15] creator socialnetwork.Creator struct{UserID int64, Username string} ---> depends on: {}
	 [16] up_text string ---> depends on: {}
	 [17] medias []socialnetwork.Media struct{MediaID int64, MediaType string} ---> depends on: {}
	 [18] urls []socialnetwork.URL struct{ShortenedUrl string, ExpandedUrl string} ---> depends on: {}
	 [19] usermentions []socialnetwork.UserMention struct{UserID int64, Username string} ---> depends on: {}
	 [20] wg sync.WaitGroup ---> depends on: {}

[BLOCK, #8, IfDone] NODES = [*ast.BinaryExpr]; SUCCS = [Block #10, Block #11]
	 [0] c (*socialnetwork.ComposePostServiceImpl struct{postStorageService socialnetwork.PostStorageService, userTimelineService socialnetwork.UserTimelineService, userService socialnetwork.UserService, uniqueIDService socialnetwork.UniqueIdService, mediaService socialnetwork.MediaService, textService socialnetwork.TextService, homeTimelineService socialnetwork.HomeTimelineService}) ---> depends on: {socialnetwork.ComposePostServiceImpl struct{postStorageService socialnetwork.PostStorageService, userTimelineService socialnetwork.UserTimelineService, userService socialnetwork.UserService, uniqueIDService socialnetwork.UniqueIdService, mediaService socialnetwork.MediaService, textService socialnetwork.TextService, homeTimelineService socialnetwork.HomeTimelineService}}
	 [1] ctx context.Context ---> depends on: {}
	 [2] reqID int64 ---> depends on: {}
	 [3] username string ---> depends on: {}
	 [4] userID int64 ---> depends on: {}
	 [5] text string ---> depends on: {}
	 [6] mediaIDs []int64 ---> depends on: {}
	 [7] mediaTypes []string ---> depends on: {}
	 [8] postType int64 ---> depends on: {}
	 [9] timestamp int64 ---> depends on: {}
	 [10] err1 error ---> depends on: {}
	 [11] err2 error ---> depends on: {}
	 [12] err3 error ---> depends on: {}
	 [13] err4 error ---> depends on: {}
	 [14] uniqueID int64 ---> depends on: {}
	 [15] creator socialnetwork.Creator struct{UserID int64, Username string} ---> depends on: {}
	 [16] up_text string ---> depends on: {}
	 [17] medias []socialnetwork.Media struct{MediaID int64, MediaType string} ---> depends on: {}
	 [18] urls []socialnetwork.URL struct{ShortenedUrl string, ExpandedUrl string} ---> depends on: {}
	 [19] usermentions []socialnetwork.UserMention struct{UserID int64, Username string} ---> depends on: {}
	 [20] wg sync.WaitGroup ---> depends on: {}

[BLOCK, #10, IfThen] NODES = [*ast.ReturnStmt]; SUCCS = []
	 [0] c (*socialnetwork.ComposePostServiceImpl struct{postStorageService socialnetwork.PostStorageService, userTimelineService socialnetwork.UserTimelineService, userService socialnetwork.UserService, uniqueIDService socialnetwork.UniqueIdService, mediaService socialnetwork.MediaService, textService socialnetwork.TextService, homeTimelineService socialnetwork.HomeTimelineService}) ---> depends on: {socialnetwork.ComposePostServiceImpl struct{postStorageService socialnetwork.PostStorageService, userTimelineService socialnetwork.UserTimelineService, userService socialnetwork.UserService, uniqueIDService socialnetwork.UniqueIdService, mediaService socialnetwork.MediaService, textService socialnetwork.TextService, homeTimelineService socialnetwork.HomeTimelineService}}
	 [1] ctx context.Context ---> depends on: {}
	 [2] reqID int64 ---> depends on: {}
	 [3] username string ---> depends on: {}
	 [4] userID int64 ---> depends on: {}
	 [5] text string ---> depends on: {}
	 [6] mediaIDs []int64 ---> depends on: {}
	 [7] mediaTypes []string ---> depends on: {}
	 [8] postType int64 ---> depends on: {}
	 [9] timestamp int64 ---> depends on: {}
	 [10] err1 error ---> depends on: {}
	 [11] err2 error ---> depends on: {}
	 [12] err3 error ---> depends on: {}
	 [13] err4 error ---> depends on: {}
	 [14] uniqueID int64 ---> depends on: {}
	 [15] creator socialnetwork.Creator struct{UserID int64, Username string} ---> depends on: {}
	 [16] up_text string ---> depends on: {}
	 [17] medias []socialnetwork.Media struct{MediaID int64, MediaType string} ---> depends on: {}
	 [18] urls []socialnetwork.URL struct{ShortenedUrl string, ExpandedUrl string} ---> depends on: {}
	 [19] usermentions []socialnetwork.UserMention struct{UserID int64, Username string} ---> depends on: {}
	 [20] wg sync.WaitGroup ---> depends on: {}

[BLOCK, #11, IfDone] NODES = [*ast.ValueSpec, *ast.AssignStmt, *ast.AssignStmt, *ast.AssignStmt, *ast.AssignStmt, *ast.AssignStmt, *ast.AssignStmt, *ast.AssignStmt, *ast.AssignStmt, *ast.ValueSpec, *ast.Ident, *ast.Ident, *ast.Ident]; SUCCS = [Block #13]
	 [0] c (*socialnetwork.ComposePostServiceImpl struct{postStorageService socialnetwork.PostStorageService, userTimelineService socialnetwork.UserTimelineService, userService socialnetwork.UserService, uniqueIDService socialnetwork.UniqueIdService, mediaService socialnetwork.MediaService, textService socialnetwork.TextService, homeTimelineService socialnetwork.HomeTimelineService}) ---> depends on: {socialnetwork.ComposePostServiceImpl struct{postStorageService socialnetwork.PostStorageService, userTimelineService socialnetwork.UserTimelineService, userService socialnetwork.UserService, uniqueIDService socialnetwork.UniqueIdService, mediaService socialnetwork.MediaService, textService socialnetwork.TextService, homeTimelineService socialnetwork.HomeTimelineService}}
	 [1] ctx context.Context ---> depends on: {}
	 [2] reqID int64 ---> depends on: {}
	 [3] username string ---> depends on: {}
	 [4] userID int64 ---> depends on: {}
	 [5] text string ---> depends on: {}
	 [6] mediaIDs []int64 ---> depends on: {}
	 [7] mediaTypes []string ---> depends on: {}
	 [8] postType int64 ---> depends on: {}
	 [9] timestamp int64 ---> depends on: {}
	 [10] err1 error ---> depends on: {}
	 [11] err2 error ---> depends on: {}
	 [12] err3 error ---> depends on: {}
	 [13] err4 error ---> depends on: {}
	 [14] uniqueID int64 ---> depends on: {}
	 [15] creator socialnetwork.Creator struct{UserID int64, Username string} ---> depends on: {}
	 [16] up_text string ---> depends on: {}
	 [17] medias []socialnetwork.Media struct{MediaID int64, MediaType string} ---> depends on: {}
	 [18] urls []socialnetwork.URL struct{ShortenedUrl string, ExpandedUrl string} ---> depends on: {}
	 [19] usermentions []socialnetwork.UserMention struct{UserID int64, Username string} ---> depends on: {}
	 [20] wg sync.WaitGroup ---> depends on: {}
	 [21] post socialnetwork.Post struct{PostID int64, Creator socialnetwork.Creator struct{UserID int64, Username string}, ReqID int64, Text string, UserMentions []socialnetwork.UserMention struct{UserID int64, Username string}, Medias []socialnetwork.Media struct{MediaID int64, MediaType string}, Urls []socialnetwork.URL struct{ShortenedUrl string, ExpandedUrl string}, Timestamp int64, PostType int64} ---> depends on: {Creator socialnetwork.Creator struct{UserID int64, Username string}, Medias []socialnetwork.Media struct{MediaID int64, MediaType string}, PostID int64, PostType int64, ReqID int64, Text string, Urls []socialnetwork.URL struct{ShortenedUrl string, ExpandedUrl string}, UserMentions []socialnetwork.UserMention struct{UserID int64, Username string}}
	 [22] usermentionIds []int64 ---> depends on: {UserID int64}
	 [23] um socialnetwork.UserMention struct{UserID int64, Username string} ---> depends on: {usermentions []socialnetwork.UserMention struct{UserID int64, Username string}, UserID int64}

[BLOCK, #13, RangeLoop] NODES = []; SUCCS = [Block #14, Block #15]
	 [0] c (*socialnetwork.ComposePostServiceImpl struct{postStorageService socialnetwork.PostStorageService, userTimelineService socialnetwork.UserTimelineService, userService socialnetwork.UserService, uniqueIDService socialnetwork.UniqueIdService, mediaService socialnetwork.MediaService, textService socialnetwork.TextService, homeTimelineService socialnetwork.HomeTimelineService}) ---> depends on: {socialnetwork.ComposePostServiceImpl struct{postStorageService socialnetwork.PostStorageService, userTimelineService socialnetwork.UserTimelineService, userService socialnetwork.UserService, uniqueIDService socialnetwork.UniqueIdService, mediaService socialnetwork.MediaService, textService socialnetwork.TextService, homeTimelineService socialnetwork.HomeTimelineService}}
	 [1] ctx context.Context ---> depends on: {}
	 [2] reqID int64 ---> depends on: {}
	 [3] username string ---> depends on: {}
	 [4] userID int64 ---> depends on: {}
	 [5] text string ---> depends on: {}
	 [6] mediaIDs []int64 ---> depends on: {}
	 [7] mediaTypes []string ---> depends on: {}
	 [8] postType int64 ---> depends on: {}
	 [9] timestamp int64 ---> depends on: {}
	 [10] err1 error ---> depends on: {}
	 [11] err2 error ---> depends on: {}
	 [12] err3 error ---> depends on: {}
	 [13] err4 error ---> depends on: {}
	 [14] uniqueID int64 ---> depends on: {}
	 [15] creator socialnetwork.Creator struct{UserID int64, Username string} ---> depends on: {}
	 [16] up_text string ---> depends on: {}
	 [17] medias []socialnetwork.Media struct{MediaID int64, MediaType string} ---> depends on: {}
	 [18] urls []socialnetwork.URL struct{ShortenedUrl string, ExpandedUrl string} ---> depends on: {}
	 [19] usermentions []socialnetwork.UserMention struct{UserID int64, Username string} ---> depends on: {}
	 [20] wg sync.WaitGroup ---> depends on: {}
	 [21] post socialnetwork.Post struct{PostID int64, Creator socialnetwork.Creator struct{UserID int64, Username string}, ReqID int64, Text string, UserMentions []socialnetwork.UserMention struct{UserID int64, Username string}, Medias []socialnetwork.Media struct{MediaID int64, MediaType string}, Urls []socialnetwork.URL struct{ShortenedUrl string, ExpandedUrl string}, Timestamp int64, PostType int64} ---> depends on: {Creator socialnetwork.Creator struct{UserID int64, Username string}, Medias []socialnetwork.Media struct{MediaID int64, MediaType string}, PostID int64, PostType int64, ReqID int64, Text string, Urls []socialnetwork.URL struct{ShortenedUrl string, ExpandedUrl string}, UserMentions []socialnetwork.UserMention struct{UserID int64, Username string}}
	 [22] usermentionIds []int64 ---> depends on: {UserID int64}
	 [23] um socialnetwork.UserMention struct{UserID int64, Username string} ---> depends on: {usermentions []socialnetwork.UserMention struct{UserID int64, Username string}, UserID int64}
	 [24] usermentionIds []int64 ---> depends on: {UserID int64}
	 [25] c (*socialnetwork.ComposePostServiceImpl struct{postStorageService socialnetwork.PostStorageService, userTimelineService socialnetwork.UserTimelineService, userService socialnetwork.UserService, uniqueIDService socialnetwork.UniqueIdService, mediaService socialnetwork.MediaService, textService socialnetwork.TextService, homeTimelineService socialnetwork.HomeTimelineService}) ---> depends on: {socialnetwork.ComposePostServiceImpl struct{postStorageService socialnetwork.PostStorageService, userTimelineService socialnetwork.UserTimelineService, userService socialnetwork.UserService, uniqueIDService socialnetwork.UniqueIdService, mediaService socialnetwork.MediaService, textService socialnetwork.TextService, homeTimelineService socialnetwork.HomeTimelineService}}
	 [26] ctx context.Context ---> depends on: {}
	 [27] reqID int64 ---> depends on: {}
	 [28] username string ---> depends on: {}
	 [29] userID int64 ---> depends on: {}
	 [30] text string ---> depends on: {}
	 [31] mediaIDs []int64 ---> depends on: {}
	 [32] mediaTypes []string ---> depends on: {}
	 [33] postType int64 ---> depends on: {}
	 [34] timestamp int64 ---> depends on: {}
	 [35] err1 error ---> depends on: {}
	 [36] err2 error ---> depends on: {}
	 [37] err3 error ---> depends on: {}
	 [38] err4 error ---> depends on: {}
	 [39] uniqueID int64 ---> depends on: {}
	 [40] creator socialnetwork.Creator struct{UserID int64, Username string} ---> depends on: {}
	 [41] up_text string ---> depends on: {}
	 [42] medias []socialnetwork.Media struct{MediaID int64, MediaType string} ---> depends on: {}
	 [43] urls []socialnetwork.URL struct{ShortenedUrl string, ExpandedUrl string} ---> depends on: {}
	 [44] usermentions []socialnetwork.UserMention struct{UserID int64, Username string} ---> depends on: {}
	 [45] wg sync.WaitGroup ---> depends on: {}
	 [46] post socialnetwork.Post struct{PostID int64, Creator socialnetwork.Creator struct{UserID int64, Username string}, ReqID int64, Text string, UserMentions []socialnetwork.UserMention struct{UserID int64, Username string}, Medias []socialnetwork.Media struct{MediaID int64, MediaType string}, Urls []socialnetwork.URL struct{ShortenedUrl string, ExpandedUrl string}, Timestamp int64, PostType int64} ---> depends on: {Creator socialnetwork.Creator struct{UserID int64, Username string}, Medias []socialnetwork.Media struct{MediaID int64, MediaType string}, PostID int64, PostType int64, ReqID int64, Text string, Urls []socialnetwork.URL struct{ShortenedUrl string, ExpandedUrl string}, UserMentions []socialnetwork.UserMention struct{UserID int64, Username string}}
	 [47] usermentionIds []int64 ---> depends on: {UserID int64}
	 [48] um socialnetwork.UserMention struct{UserID int64, Username string} ---> depends on: {usermentions []socialnetwork.UserMention struct{UserID int64, Username string}, UserID int64}

[BLOCK, #14, RangeBody] NODES = [*ast.AssignStmt]; SUCCS = [Block #13]
	 [0] c (*socialnetwork.ComposePostServiceImpl struct{postStorageService socialnetwork.PostStorageService, userTimelineService socialnetwork.UserTimelineService, userService socialnetwork.UserService, uniqueIDService socialnetwork.UniqueIdService, mediaService socialnetwork.MediaService, textService socialnetwork.TextService, homeTimelineService socialnetwork.HomeTimelineService}) ---> depends on: {socialnetwork.ComposePostServiceImpl struct{postStorageService socialnetwork.PostStorageService, userTimelineService socialnetwork.UserTimelineService, userService socialnetwork.UserService, uniqueIDService socialnetwork.UniqueIdService, mediaService socialnetwork.MediaService, textService socialnetwork.TextService, homeTimelineService socialnetwork.HomeTimelineService}}
	 [1] ctx context.Context ---> depends on: {}
	 [2] reqID int64 ---> depends on: {}
	 [3] username string ---> depends on: {}
	 [4] userID int64 ---> depends on: {}
	 [5] text string ---> depends on: {}
	 [6] mediaIDs []int64 ---> depends on: {}
	 [7] mediaTypes []string ---> depends on: {}
	 [8] postType int64 ---> depends on: {}
	 [9] timestamp int64 ---> depends on: {}
	 [10] err1 error ---> depends on: {}
	 [11] err2 error ---> depends on: {}
	 [12] err3 error ---> depends on: {}
	 [13] err4 error ---> depends on: {}
	 [14] uniqueID int64 ---> depends on: {}
	 [15] creator socialnetwork.Creator struct{UserID int64, Username string} ---> depends on: {}
	 [16] up_text string ---> depends on: {}
	 [17] medias []socialnetwork.Media struct{MediaID int64, MediaType string} ---> depends on: {}
	 [18] urls []socialnetwork.URL struct{ShortenedUrl string, ExpandedUrl string} ---> depends on: {}
	 [19] usermentions []socialnetwork.UserMention struct{UserID int64, Username string} ---> depends on: {}
	 [20] wg sync.WaitGroup ---> depends on: {}
	 [21] post socialnetwork.Post struct{PostID int64, Creator socialnetwork.Creator struct{UserID int64, Username string}, ReqID int64, Text string, UserMentions []socialnetwork.UserMention struct{UserID int64, Username string}, Medias []socialnetwork.Media struct{MediaID int64, MediaType string}, Urls []socialnetwork.URL struct{ShortenedUrl string, ExpandedUrl string}, Timestamp int64, PostType int64} ---> depends on: {Creator socialnetwork.Creator struct{UserID int64, Username string}, Medias []socialnetwork.Media struct{MediaID int64, MediaType string}, PostID int64, PostType int64, ReqID int64, Text string, Urls []socialnetwork.URL struct{ShortenedUrl string, ExpandedUrl string}, UserMentions []socialnetwork.UserMention struct{UserID int64, Username string}}
	 [22] usermentionIds []int64 ---> depends on: {UserID int64}
	 [23] um socialnetwork.UserMention struct{UserID int64, Username string} ---> depends on: {usermentions []socialnetwork.UserMention struct{UserID int64, Username string}, UserID int64}
	 [24] usermentionIds []int64 ---> depends on: {UserID int64}

[BLOCK, #15, RangeDone] NODES = [*ast.ValueSpec, *ast.ExprStmt, *ast.GoStmt, *ast.GoStmt, *ast.GoStmt, *ast.ExprStmt, *ast.BinaryExpr]; SUCCS = [Block #16, Block #17]
	 [0] c (*socialnetwork.ComposePostServiceImpl struct{postStorageService socialnetwork.PostStorageService, userTimelineService socialnetwork.UserTimelineService, userService socialnetwork.UserService, uniqueIDService socialnetwork.UniqueIdService, mediaService socialnetwork.MediaService, textService socialnetwork.TextService, homeTimelineService socialnetwork.HomeTimelineService}) ---> depends on: {socialnetwork.ComposePostServiceImpl struct{postStorageService socialnetwork.PostStorageService, userTimelineService socialnetwork.UserTimelineService, userService socialnetwork.UserService, uniqueIDService socialnetwork.UniqueIdService, mediaService socialnetwork.MediaService, textService socialnetwork.TextService, homeTimelineService socialnetwork.HomeTimelineService}}
	 [1] ctx context.Context ---> depends on: {}
	 [2] reqID int64 ---> depends on: {}
	 [3] username string ---> depends on: {}
	 [4] userID int64 ---> depends on: {}
	 [5] text string ---> depends on: {}
	 [6] mediaIDs []int64 ---> depends on: {}
	 [7] mediaTypes []string ---> depends on: {}
	 [8] postType int64 ---> depends on: {}
	 [9] timestamp int64 ---> depends on: {}
	 [10] err1 error ---> depends on: {}
	 [11] err2 error ---> depends on: {}
	 [12] err3 error ---> depends on: {}
	 [13] err4 error ---> depends on: {}
	 [14] uniqueID int64 ---> depends on: {}
	 [15] creator socialnetwork.Creator struct{UserID int64, Username string} ---> depends on: {}
	 [16] up_text string ---> depends on: {}
	 [17] medias []socialnetwork.Media struct{MediaID int64, MediaType string} ---> depends on: {}
	 [18] urls []socialnetwork.URL struct{ShortenedUrl string, ExpandedUrl string} ---> depends on: {}
	 [19] usermentions []socialnetwork.UserMention struct{UserID int64, Username string} ---> depends on: {}
	 [20] wg sync.WaitGroup ---> depends on: {}
	 [21] post socialnetwork.Post struct{PostID int64, Creator socialnetwork.Creator struct{UserID int64, Username string}, ReqID int64, Text string, UserMentions []socialnetwork.UserMention struct{UserID int64, Username string}, Medias []socialnetwork.Media struct{MediaID int64, MediaType string}, Urls []socialnetwork.URL struct{ShortenedUrl string, ExpandedUrl string}, Timestamp int64, PostType int64} ---> depends on: {Creator socialnetwork.Creator struct{UserID int64, Username string}, Medias []socialnetwork.Media struct{MediaID int64, MediaType string}, PostID int64, PostType int64, ReqID int64, Text string, Urls []socialnetwork.URL struct{ShortenedUrl string, ExpandedUrl string}, UserMentions []socialnetwork.UserMention struct{UserID int64, Username string}}
	 [22] usermentionIds []int64 ---> depends on: {UserID int64}
	 [23] um socialnetwork.UserMention struct{UserID int64, Username string} ---> depends on: {usermentions []socialnetwork.UserMention struct{UserID int64, Username string}, UserID int64}
	 [24] usermentionIds []int64 ---> depends on: {UserID int64}
	 [25] c (*socialnetwork.ComposePostServiceImpl struct{postStorageService socialnetwork.PostStorageService, userTimelineService socialnetwork.UserTimelineService, userService socialnetwork.UserService, uniqueIDService socialnetwork.UniqueIdService, mediaService socialnetwork.MediaService, textService socialnetwork.TextService, homeTimelineService socialnetwork.HomeTimelineService}) ---> depends on: {socialnetwork.ComposePostServiceImpl struct{postStorageService socialnetwork.PostStorageService, userTimelineService socialnetwork.UserTimelineService, userService socialnetwork.UserService, uniqueIDService socialnetwork.UniqueIdService, mediaService socialnetwork.MediaService, textService socialnetwork.TextService, homeTimelineService socialnetwork.HomeTimelineService}}
	 [26] ctx context.Context ---> depends on: {}
	 [27] reqID int64 ---> depends on: {}
	 [28] username string ---> depends on: {}
	 [29] userID int64 ---> depends on: {}
	 [30] text string ---> depends on: {}
	 [31] mediaIDs []int64 ---> depends on: {}
	 [32] mediaTypes []string ---> depends on: {}
	 [33] postType int64 ---> depends on: {}
	 [34] timestamp int64 ---> depends on: {}
	 [35] err1 error ---> depends on: {}
	 [36] err2 error ---> depends on: {}
	 [37] err3 error ---> depends on: {}
	 [38] err4 error ---> depends on: {}
	 [39] uniqueID int64 ---> depends on: {}
	 [40] creator socialnetwork.Creator struct{UserID int64, Username string} ---> depends on: {}
	 [41] up_text string ---> depends on: {}
	 [42] medias []socialnetwork.Media struct{MediaID int64, MediaType string} ---> depends on: {}
	 [43] urls []socialnetwork.URL struct{ShortenedUrl string, ExpandedUrl string} ---> depends on: {}
	 [44] usermentions []socialnetwork.UserMention struct{UserID int64, Username string} ---> depends on: {}
	 [45] wg sync.WaitGroup ---> depends on: {}
	 [46] post socialnetwork.Post struct{PostID int64, Creator socialnetwork.Creator struct{UserID int64, Username string}, ReqID int64, Text string, UserMentions []socialnetwork.UserMention struct{UserID int64, Username string}, Medias []socialnetwork.Media struct{MediaID int64, MediaType string}, Urls []socialnetwork.URL struct{ShortenedUrl string, ExpandedUrl string}, Timestamp int64, PostType int64} ---> depends on: {Creator socialnetwork.Creator struct{UserID int64, Username string}, Medias []socialnetwork.Media struct{MediaID int64, MediaType string}, PostID int64, PostType int64, ReqID int64, Text string, Urls []socialnetwork.URL struct{ShortenedUrl string, ExpandedUrl string}, UserMentions []socialnetwork.UserMention struct{UserID int64, Username string}}
	 [47] usermentionIds []int64 ---> depends on: {UserID int64}
	 [48] um socialnetwork.UserMention struct{UserID int64, Username string} ---> depends on: {usermentions []socialnetwork.UserMention struct{UserID int64, Username string}, UserID int64}
	 [49] wg2 sync.WaitGroup ---> depends on: {}

[BLOCK, #16, IfThen] NODES = [*ast.ReturnStmt]; SUCCS = []
	 [0] c (*socialnetwork.ComposePostServiceImpl struct{postStorageService socialnetwork.PostStorageService, userTimelineService socialnetwork.UserTimelineService, userService socialnetwork.UserService, uniqueIDService socialnetwork.UniqueIdService, mediaService socialnetwork.MediaService, textService socialnetwork.TextService, homeTimelineService socialnetwork.HomeTimelineService}) ---> depends on: {socialnetwork.ComposePostServiceImpl struct{postStorageService socialnetwork.PostStorageService, userTimelineService socialnetwork.UserTimelineService, userService socialnetwork.UserService, uniqueIDService socialnetwork.UniqueIdService, mediaService socialnetwork.MediaService, textService socialnetwork.TextService, homeTimelineService socialnetwork.HomeTimelineService}}
	 [1] ctx context.Context ---> depends on: {}
	 [2] reqID int64 ---> depends on: {}
	 [3] username string ---> depends on: {}
	 [4] userID int64 ---> depends on: {}
	 [5] text string ---> depends on: {}
	 [6] mediaIDs []int64 ---> depends on: {}
	 [7] mediaTypes []string ---> depends on: {}
	 [8] postType int64 ---> depends on: {}
	 [9] timestamp int64 ---> depends on: {}
	 [10] err1 error ---> depends on: {}
	 [11] err2 error ---> depends on: {}
	 [12] err3 error ---> depends on: {}
	 [13] err4 error ---> depends on: {}
	 [14] uniqueID int64 ---> depends on: {}
	 [15] creator socialnetwork.Creator struct{UserID int64, Username string} ---> depends on: {}
	 [16] up_text string ---> depends on: {}
	 [17] medias []socialnetwork.Media struct{MediaID int64, MediaType string} ---> depends on: {}
	 [18] urls []socialnetwork.URL struct{ShortenedUrl string, ExpandedUrl string} ---> depends on: {}
	 [19] usermentions []socialnetwork.UserMention struct{UserID int64, Username string} ---> depends on: {}
	 [20] wg sync.WaitGroup ---> depends on: {}
	 [21] post socialnetwork.Post struct{PostID int64, Creator socialnetwork.Creator struct{UserID int64, Username string}, ReqID int64, Text string, UserMentions []socialnetwork.UserMention struct{UserID int64, Username string}, Medias []socialnetwork.Media struct{MediaID int64, MediaType string}, Urls []socialnetwork.URL struct{ShortenedUrl string, ExpandedUrl string}, Timestamp int64, PostType int64} ---> depends on: {Creator socialnetwork.Creator struct{UserID int64, Username string}, Medias []socialnetwork.Media struct{MediaID int64, MediaType string}, PostID int64, PostType int64, ReqID int64, Text string, Urls []socialnetwork.URL struct{ShortenedUrl string, ExpandedUrl string}, UserMentions []socialnetwork.UserMention struct{UserID int64, Username string}}
	 [22] usermentionIds []int64 ---> depends on: {UserID int64}
	 [23] um socialnetwork.UserMention struct{UserID int64, Username string} ---> depends on: {usermentions []socialnetwork.UserMention struct{UserID int64, Username string}, UserID int64}
	 [24] usermentionIds []int64 ---> depends on: {UserID int64}
	 [25] c (*socialnetwork.ComposePostServiceImpl struct{postStorageService socialnetwork.PostStorageService, userTimelineService socialnetwork.UserTimelineService, userService socialnetwork.UserService, uniqueIDService socialnetwork.UniqueIdService, mediaService socialnetwork.MediaService, textService socialnetwork.TextService, homeTimelineService socialnetwork.HomeTimelineService}) ---> depends on: {socialnetwork.ComposePostServiceImpl struct{postStorageService socialnetwork.PostStorageService, userTimelineService socialnetwork.UserTimelineService, userService socialnetwork.UserService, uniqueIDService socialnetwork.UniqueIdService, mediaService socialnetwork.MediaService, textService socialnetwork.TextService, homeTimelineService socialnetwork.HomeTimelineService}}
	 [26] ctx context.Context ---> depends on: {}
	 [27] reqID int64 ---> depends on: {}
	 [28] username string ---> depends on: {}
	 [29] userID int64 ---> depends on: {}
	 [30] text string ---> depends on: {}
	 [31] mediaIDs []int64 ---> depends on: {}
	 [32] mediaTypes []string ---> depends on: {}
	 [33] postType int64 ---> depends on: {}
	 [34] timestamp int64 ---> depends on: {}
	 [35] err1 error ---> depends on: {}
	 [36] err2 error ---> depends on: {}
	 [37] err3 error ---> depends on: {}
	 [38] err4 error ---> depends on: {}
	 [39] uniqueID int64 ---> depends on: {}
	 [40] creator socialnetwork.Creator struct{UserID int64, Username string} ---> depends on: {}
	 [41] up_text string ---> depends on: {}
	 [42] medias []socialnetwork.Media struct{MediaID int64, MediaType string} ---> depends on: {}
	 [43] urls []socialnetwork.URL struct{ShortenedUrl string, ExpandedUrl string} ---> depends on: {}
	 [44] usermentions []socialnetwork.UserMention struct{UserID int64, Username string} ---> depends on: {}
	 [45] wg sync.WaitGroup ---> depends on: {}
	 [46] post socialnetwork.Post struct{PostID int64, Creator socialnetwork.Creator struct{UserID int64, Username string}, ReqID int64, Text string, UserMentions []socialnetwork.UserMention struct{UserID int64, Username string}, Medias []socialnetwork.Media struct{MediaID int64, MediaType string}, Urls []socialnetwork.URL struct{ShortenedUrl string, ExpandedUrl string}, Timestamp int64, PostType int64} ---> depends on: {Creator socialnetwork.Creator struct{UserID int64, Username string}, Medias []socialnetwork.Media struct{MediaID int64, MediaType string}, PostID int64, PostType int64, ReqID int64, Text string, Urls []socialnetwork.URL struct{ShortenedUrl string, ExpandedUrl string}, UserMentions []socialnetwork.UserMention struct{UserID int64, Username string}}
	 [47] usermentionIds []int64 ---> depends on: {UserID int64}
	 [48] um socialnetwork.UserMention struct{UserID int64, Username string} ---> depends on: {usermentions []socialnetwork.UserMention struct{UserID int64, Username string}, UserID int64}
	 [49] wg2 sync.WaitGroup ---> depends on: {}

[BLOCK, #17, IfDone] NODES = [*ast.BinaryExpr]; SUCCS = [Block #19, Block #20]
	 [0] c (*socialnetwork.ComposePostServiceImpl struct{postStorageService socialnetwork.PostStorageService, userTimelineService socialnetwork.UserTimelineService, userService socialnetwork.UserService, uniqueIDService socialnetwork.UniqueIdService, mediaService socialnetwork.MediaService, textService socialnetwork.TextService, homeTimelineService socialnetwork.HomeTimelineService}) ---> depends on: {socialnetwork.ComposePostServiceImpl struct{postStorageService socialnetwork.PostStorageService, userTimelineService socialnetwork.UserTimelineService, userService socialnetwork.UserService, uniqueIDService socialnetwork.UniqueIdService, mediaService socialnetwork.MediaService, textService socialnetwork.TextService, homeTimelineService socialnetwork.HomeTimelineService}}
	 [1] ctx context.Context ---> depends on: {}
	 [2] reqID int64 ---> depends on: {}
	 [3] username string ---> depends on: {}
	 [4] userID int64 ---> depends on: {}
	 [5] text string ---> depends on: {}
	 [6] mediaIDs []int64 ---> depends on: {}
	 [7] mediaTypes []string ---> depends on: {}
	 [8] postType int64 ---> depends on: {}
	 [9] timestamp int64 ---> depends on: {}
	 [10] err1 error ---> depends on: {}
	 [11] err2 error ---> depends on: {}
	 [12] err3 error ---> depends on: {}
	 [13] err4 error ---> depends on: {}
	 [14] uniqueID int64 ---> depends on: {}
	 [15] creator socialnetwork.Creator struct{UserID int64, Username string} ---> depends on: {}
	 [16] up_text string ---> depends on: {}
	 [17] medias []socialnetwork.Media struct{MediaID int64, MediaType string} ---> depends on: {}
	 [18] urls []socialnetwork.URL struct{ShortenedUrl string, ExpandedUrl string} ---> depends on: {}
	 [19] usermentions []socialnetwork.UserMention struct{UserID int64, Username string} ---> depends on: {}
	 [20] wg sync.WaitGroup ---> depends on: {}
	 [21] post socialnetwork.Post struct{PostID int64, Creator socialnetwork.Creator struct{UserID int64, Username string}, ReqID int64, Text string, UserMentions []socialnetwork.UserMention struct{UserID int64, Username string}, Medias []socialnetwork.Media struct{MediaID int64, MediaType string}, Urls []socialnetwork.URL struct{ShortenedUrl string, ExpandedUrl string}, Timestamp int64, PostType int64} ---> depends on: {Creator socialnetwork.Creator struct{UserID int64, Username string}, Medias []socialnetwork.Media struct{MediaID int64, MediaType string}, PostID int64, PostType int64, ReqID int64, Text string, Urls []socialnetwork.URL struct{ShortenedUrl string, ExpandedUrl string}, UserMentions []socialnetwork.UserMention struct{UserID int64, Username string}}
	 [22] usermentionIds []int64 ---> depends on: {UserID int64}
	 [23] um socialnetwork.UserMention struct{UserID int64, Username string} ---> depends on: {usermentions []socialnetwork.UserMention struct{UserID int64, Username string}, UserID int64}
	 [24] usermentionIds []int64 ---> depends on: {UserID int64}
	 [25] c (*socialnetwork.ComposePostServiceImpl struct{postStorageService socialnetwork.PostStorageService, userTimelineService socialnetwork.UserTimelineService, userService socialnetwork.UserService, uniqueIDService socialnetwork.UniqueIdService, mediaService socialnetwork.MediaService, textService socialnetwork.TextService, homeTimelineService socialnetwork.HomeTimelineService}) ---> depends on: {socialnetwork.ComposePostServiceImpl struct{postStorageService socialnetwork.PostStorageService, userTimelineService socialnetwork.UserTimelineService, userService socialnetwork.UserService, uniqueIDService socialnetwork.UniqueIdService, mediaService socialnetwork.MediaService, textService socialnetwork.TextService, homeTimelineService socialnetwork.HomeTimelineService}}
	 [26] ctx context.Context ---> depends on: {}
	 [27] reqID int64 ---> depends on: {}
	 [28] username string ---> depends on: {}
	 [29] userID int64 ---> depends on: {}
	 [30] text string ---> depends on: {}
	 [31] mediaIDs []int64 ---> depends on: {}
	 [32] mediaTypes []string ---> depends on: {}
	 [33] postType int64 ---> depends on: {}
	 [34] timestamp int64 ---> depends on: {}
	 [35] err1 error ---> depends on: {}
	 [36] err2 error ---> depends on: {}
	 [37] err3 error ---> depends on: {}
	 [38] err4 error ---> depends on: {}
	 [39] uniqueID int64 ---> depends on: {}
	 [40] creator socialnetwork.Creator struct{UserID int64, Username string} ---> depends on: {}
	 [41] up_text string ---> depends on: {}
	 [42] medias []socialnetwork.Media struct{MediaID int64, MediaType string} ---> depends on: {}
	 [43] urls []socialnetwork.URL struct{ShortenedUrl string, ExpandedUrl string} ---> depends on: {}
	 [44] usermentions []socialnetwork.UserMention struct{UserID int64, Username string} ---> depends on: {}
	 [45] wg sync.WaitGroup ---> depends on: {}
	 [46] post socialnetwork.Post struct{PostID int64, Creator socialnetwork.Creator struct{UserID int64, Username string}, ReqID int64, Text string, UserMentions []socialnetwork.UserMention struct{UserID int64, Username string}, Medias []socialnetwork.Media struct{MediaID int64, MediaType string}, Urls []socialnetwork.URL struct{ShortenedUrl string, ExpandedUrl string}, Timestamp int64, PostType int64} ---> depends on: {Creator socialnetwork.Creator struct{UserID int64, Username string}, Medias []socialnetwork.Media struct{MediaID int64, MediaType string}, PostID int64, PostType int64, ReqID int64, Text string, Urls []socialnetwork.URL struct{ShortenedUrl string, ExpandedUrl string}, UserMentions []socialnetwork.UserMention struct{UserID int64, Username string}}
	 [47] usermentionIds []int64 ---> depends on: {UserID int64}
	 [48] um socialnetwork.UserMention struct{UserID int64, Username string} ---> depends on: {usermentions []socialnetwork.UserMention struct{UserID int64, Username string}, UserID int64}
	 [49] wg2 sync.WaitGroup ---> depends on: {}

[BLOCK, #19, IfThen] NODES = [*ast.ReturnStmt]; SUCCS = []
	 [0] c (*socialnetwork.ComposePostServiceImpl struct{postStorageService socialnetwork.PostStorageService, userTimelineService socialnetwork.UserTimelineService, userService socialnetwork.UserService, uniqueIDService socialnetwork.UniqueIdService, mediaService socialnetwork.MediaService, textService socialnetwork.TextService, homeTimelineService socialnetwork.HomeTimelineService}) ---> depends on: {socialnetwork.ComposePostServiceImpl struct{postStorageService socialnetwork.PostStorageService, userTimelineService socialnetwork.UserTimelineService, userService socialnetwork.UserService, uniqueIDService socialnetwork.UniqueIdService, mediaService socialnetwork.MediaService, textService socialnetwork.TextService, homeTimelineService socialnetwork.HomeTimelineService}}
	 [1] ctx context.Context ---> depends on: {}
	 [2] reqID int64 ---> depends on: {}
	 [3] username string ---> depends on: {}
	 [4] userID int64 ---> depends on: {}
	 [5] text string ---> depends on: {}
	 [6] mediaIDs []int64 ---> depends on: {}
	 [7] mediaTypes []string ---> depends on: {}
	 [8] postType int64 ---> depends on: {}
	 [9] timestamp int64 ---> depends on: {}
	 [10] err1 error ---> depends on: {}
	 [11] err2 error ---> depends on: {}
	 [12] err3 error ---> depends on: {}
	 [13] err4 error ---> depends on: {}
	 [14] uniqueID int64 ---> depends on: {}
	 [15] creator socialnetwork.Creator struct{UserID int64, Username string} ---> depends on: {}
	 [16] up_text string ---> depends on: {}
	 [17] medias []socialnetwork.Media struct{MediaID int64, MediaType string} ---> depends on: {}
	 [18] urls []socialnetwork.URL struct{ShortenedUrl string, ExpandedUrl string} ---> depends on: {}
	 [19] usermentions []socialnetwork.UserMention struct{UserID int64, Username string} ---> depends on: {}
	 [20] wg sync.WaitGroup ---> depends on: {}
	 [21] post socialnetwork.Post struct{PostID int64, Creator socialnetwork.Creator struct{UserID int64, Username string}, ReqID int64, Text string, UserMentions []socialnetwork.UserMention struct{UserID int64, Username string}, Medias []socialnetwork.Media struct{MediaID int64, MediaType string}, Urls []socialnetwork.URL struct{ShortenedUrl string, ExpandedUrl string}, Timestamp int64, PostType int64} ---> depends on: {Creator socialnetwork.Creator struct{UserID int64, Username string}, Medias []socialnetwork.Media struct{MediaID int64, MediaType string}, PostID int64, PostType int64, ReqID int64, Text string, Urls []socialnetwork.URL struct{ShortenedUrl string, ExpandedUrl string}, UserMentions []socialnetwork.UserMention struct{UserID int64, Username string}}
	 [22] usermentionIds []int64 ---> depends on: {UserID int64}
	 [23] um socialnetwork.UserMention struct{UserID int64, Username string} ---> depends on: {usermentions []socialnetwork.UserMention struct{UserID int64, Username string}, UserID int64}
	 [24] usermentionIds []int64 ---> depends on: {UserID int64}
	 [25] c (*socialnetwork.ComposePostServiceImpl struct{postStorageService socialnetwork.PostStorageService, userTimelineService socialnetwork.UserTimelineService, userService socialnetwork.UserService, uniqueIDService socialnetwork.UniqueIdService, mediaService socialnetwork.MediaService, textService socialnetwork.TextService, homeTimelineService socialnetwork.HomeTimelineService}) ---> depends on: {socialnetwork.ComposePostServiceImpl struct{postStorageService socialnetwork.PostStorageService, userTimelineService socialnetwork.UserTimelineService, userService socialnetwork.UserService, uniqueIDService socialnetwork.UniqueIdService, mediaService socialnetwork.MediaService, textService socialnetwork.TextService, homeTimelineService socialnetwork.HomeTimelineService}}
	 [26] ctx context.Context ---> depends on: {}
	 [27] reqID int64 ---> depends on: {}
	 [28] username string ---> depends on: {}
	 [29] userID int64 ---> depends on: {}
	 [30] text string ---> depends on: {}
	 [31] mediaIDs []int64 ---> depends on: {}
	 [32] mediaTypes []string ---> depends on: {}
	 [33] postType int64 ---> depends on: {}
	 [34] timestamp int64 ---> depends on: {}
	 [35] err1 error ---> depends on: {}
	 [36] err2 error ---> depends on: {}
	 [37] err3 error ---> depends on: {}
	 [38] err4 error ---> depends on: {}
	 [39] uniqueID int64 ---> depends on: {}
	 [40] creator socialnetwork.Creator struct{UserID int64, Username string} ---> depends on: {}
	 [41] up_text string ---> depends on: {}
	 [42] medias []socialnetwork.Media struct{MediaID int64, MediaType string} ---> depends on: {}
	 [43] urls []socialnetwork.URL struct{ShortenedUrl string, ExpandedUrl string} ---> depends on: {}
	 [44] usermentions []socialnetwork.UserMention struct{UserID int64, Username string} ---> depends on: {}
	 [45] wg sync.WaitGroup ---> depends on: {}
	 [46] post socialnetwork.Post struct{PostID int64, Creator socialnetwork.Creator struct{UserID int64, Username string}, ReqID int64, Text string, UserMentions []socialnetwork.UserMention struct{UserID int64, Username string}, Medias []socialnetwork.Media struct{MediaID int64, MediaType string}, Urls []socialnetwork.URL struct{ShortenedUrl string, ExpandedUrl string}, Timestamp int64, PostType int64} ---> depends on: {Creator socialnetwork.Creator struct{UserID int64, Username string}, Medias []socialnetwork.Media struct{MediaID int64, MediaType string}, PostID int64, PostType int64, ReqID int64, Text string, Urls []socialnetwork.URL struct{ShortenedUrl string, ExpandedUrl string}, UserMentions []socialnetwork.UserMention struct{UserID int64, Username string}}
	 [47] usermentionIds []int64 ---> depends on: {UserID int64}
	 [48] um socialnetwork.UserMention struct{UserID int64, Username string} ---> depends on: {usermentions []socialnetwork.UserMention struct{UserID int64, Username string}, UserID int64}
	 [49] wg2 sync.WaitGroup ---> depends on: {}

[BLOCK, #20, IfDone] NODES = [*ast.ReturnStmt]; SUCCS = []
	 [0] c (*socialnetwork.ComposePostServiceImpl struct{postStorageService socialnetwork.PostStorageService, userTimelineService socialnetwork.UserTimelineService, userService socialnetwork.UserService, uniqueIDService socialnetwork.UniqueIdService, mediaService socialnetwork.MediaService, textService socialnetwork.TextService, homeTimelineService socialnetwork.HomeTimelineService}) ---> depends on: {socialnetwork.ComposePostServiceImpl struct{postStorageService socialnetwork.PostStorageService, userTimelineService socialnetwork.UserTimelineService, userService socialnetwork.UserService, uniqueIDService socialnetwork.UniqueIdService, mediaService socialnetwork.MediaService, textService socialnetwork.TextService, homeTimelineService socialnetwork.HomeTimelineService}}
	 [1] ctx context.Context ---> depends on: {}
	 [2] reqID int64 ---> depends on: {}
	 [3] username string ---> depends on: {}
	 [4] userID int64 ---> depends on: {}
	 [5] text string ---> depends on: {}
	 [6] mediaIDs []int64 ---> depends on: {}
	 [7] mediaTypes []string ---> depends on: {}
	 [8] postType int64 ---> depends on: {}
	 [9] timestamp int64 ---> depends on: {}
	 [10] err1 error ---> depends on: {}
	 [11] err2 error ---> depends on: {}
	 [12] err3 error ---> depends on: {}
	 [13] err4 error ---> depends on: {}
	 [14] uniqueID int64 ---> depends on: {}
	 [15] creator socialnetwork.Creator struct{UserID int64, Username string} ---> depends on: {}
	 [16] up_text string ---> depends on: {}
	 [17] medias []socialnetwork.Media struct{MediaID int64, MediaType string} ---> depends on: {}
	 [18] urls []socialnetwork.URL struct{ShortenedUrl string, ExpandedUrl string} ---> depends on: {}
	 [19] usermentions []socialnetwork.UserMention struct{UserID int64, Username string} ---> depends on: {}
	 [20] wg sync.WaitGroup ---> depends on: {}
	 [21] post socialnetwork.Post struct{PostID int64, Creator socialnetwork.Creator struct{UserID int64, Username string}, ReqID int64, Text string, UserMentions []socialnetwork.UserMention struct{UserID int64, Username string}, Medias []socialnetwork.Media struct{MediaID int64, MediaType string}, Urls []socialnetwork.URL struct{ShortenedUrl string, ExpandedUrl string}, Timestamp int64, PostType int64} ---> depends on: {Creator socialnetwork.Creator struct{UserID int64, Username string}, Medias []socialnetwork.Media struct{MediaID int64, MediaType string}, PostID int64, PostType int64, ReqID int64, Text string, Urls []socialnetwork.URL struct{ShortenedUrl string, ExpandedUrl string}, UserMentions []socialnetwork.UserMention struct{UserID int64, Username string}}
	 [22] usermentionIds []int64 ---> depends on: {UserID int64}
	 [23] um socialnetwork.UserMention struct{UserID int64, Username string} ---> depends on: {usermentions []socialnetwork.UserMention struct{UserID int64, Username string}, UserID int64}
	 [24] usermentionIds []int64 ---> depends on: {UserID int64}
	 [25] c (*socialnetwork.ComposePostServiceImpl struct{postStorageService socialnetwork.PostStorageService, userTimelineService socialnetwork.UserTimelineService, userService socialnetwork.UserService, uniqueIDService socialnetwork.UniqueIdService, mediaService socialnetwork.MediaService, textService socialnetwork.TextService, homeTimelineService socialnetwork.HomeTimelineService}) ---> depends on: {socialnetwork.ComposePostServiceImpl struct{postStorageService socialnetwork.PostStorageService, userTimelineService socialnetwork.UserTimelineService, userService socialnetwork.UserService, uniqueIDService socialnetwork.UniqueIdService, mediaService socialnetwork.MediaService, textService socialnetwork.TextService, homeTimelineService socialnetwork.HomeTimelineService}}
	 [26] ctx context.Context ---> depends on: {}
	 [27] reqID int64 ---> depends on: {}
	 [28] username string ---> depends on: {}
	 [29] userID int64 ---> depends on: {}
	 [30] text string ---> depends on: {}
	 [31] mediaIDs []int64 ---> depends on: {}
	 [32] mediaTypes []string ---> depends on: {}
	 [33] postType int64 ---> depends on: {}
	 [34] timestamp int64 ---> depends on: {}
	 [35] err1 error ---> depends on: {}
	 [36] err2 error ---> depends on: {}
	 [37] err3 error ---> depends on: {}
	 [38] err4 error ---> depends on: {}
	 [39] uniqueID int64 ---> depends on: {}
	 [40] creator socialnetwork.Creator struct{UserID int64, Username string} ---> depends on: {}
	 [41] up_text string ---> depends on: {}
	 [42] medias []socialnetwork.Media struct{MediaID int64, MediaType string} ---> depends on: {}
	 [43] urls []socialnetwork.URL struct{ShortenedUrl string, ExpandedUrl string} ---> depends on: {}
	 [44] usermentions []socialnetwork.UserMention struct{UserID int64, Username string} ---> depends on: {}
	 [45] wg sync.WaitGroup ---> depends on: {}
	 [46] post socialnetwork.Post struct{PostID int64, Creator socialnetwork.Creator struct{UserID int64, Username string}, ReqID int64, Text string, UserMentions []socialnetwork.UserMention struct{UserID int64, Username string}, Medias []socialnetwork.Media struct{MediaID int64, MediaType string}, Urls []socialnetwork.URL struct{ShortenedUrl string, ExpandedUrl string}, Timestamp int64, PostType int64} ---> depends on: {Creator socialnetwork.Creator struct{UserID int64, Username string}, Medias []socialnetwork.Media struct{MediaID int64, MediaType string}, PostID int64, PostType int64, ReqID int64, Text string, Urls []socialnetwork.URL struct{ShortenedUrl string, ExpandedUrl string}, UserMentions []socialnetwork.UserMention struct{UserID int64, Username string}}
	 [47] usermentionIds []int64 ---> depends on: {UserID int64}
	 [48] um socialnetwork.UserMention struct{UserID int64, Username string} ---> depends on: {usermentions []socialnetwork.UserMention struct{UserID int64, Username string}, UserID int64}
	 [49] wg2 sync.WaitGroup ---> depends on: {}

