[BLOCK, #0, Body] NODES = [*ast.AssignStmt, *ast.BinaryExpr]; SUCCS = [Block #1, Block #2]
	 [0] h (*socialnetwork.HomeTimelineServiceImpl struct{homeTimelineCache Cache, postStorageService socialnetwork.PostStorageService, socialGraphService socialnetwork.SocialGraphService}) ---> depends on: {socialnetwork.HomeTimelineServiceImpl struct{homeTimelineCache Cache, postStorageService socialnetwork.PostStorageService, socialGraphService socialnetwork.SocialGraphService}}
	 [1] ctx context.Context ---> depends on: {}
	 [2] reqID int64 ---> depends on: {}
	 [3] postID int64 ---> depends on: {}
	 [4] userID int64 ---> depends on: {}
	 [5] timestamp int64 ---> depends on: {}
	 [6] userMentionIDs []int64 ---> depends on: {}
	 [7] followers []int64 ---> depends on: {}
	 [8] err .error ---> depends on: {}

[BLOCK, #1, IfThen] NODES = [*ast.ReturnStmt]; SUCCS = []
	 [0] h (*socialnetwork.HomeTimelineServiceImpl struct{homeTimelineCache Cache, postStorageService socialnetwork.PostStorageService, socialGraphService socialnetwork.SocialGraphService}) ---> depends on: {socialnetwork.HomeTimelineServiceImpl struct{homeTimelineCache Cache, postStorageService socialnetwork.PostStorageService, socialGraphService socialnetwork.SocialGraphService}}
	 [1] ctx context.Context ---> depends on: {}
	 [2] reqID int64 ---> depends on: {}
	 [3] postID int64 ---> depends on: {}
	 [4] userID int64 ---> depends on: {}
	 [5] timestamp int64 ---> depends on: {}
	 [6] userMentionIDs []int64 ---> depends on: {}
	 [7] followers []int64 ---> depends on: {}
	 [8] err .error ---> depends on: {}

[BLOCK, #2, IfDone] NODES = [*ast.AssignStmt, *ast.Ident, *ast.Ident, *ast.Ident]; SUCCS = [Block #4]
	 [0] h (*socialnetwork.HomeTimelineServiceImpl struct{homeTimelineCache Cache, postStorageService socialnetwork.PostStorageService, socialGraphService socialnetwork.SocialGraphService}) ---> depends on: {socialnetwork.HomeTimelineServiceImpl struct{homeTimelineCache Cache, postStorageService socialnetwork.PostStorageService, socialGraphService socialnetwork.SocialGraphService}}
	 [1] ctx context.Context ---> depends on: {}
	 [2] reqID int64 ---> depends on: {}
	 [3] postID int64 ---> depends on: {}
	 [4] userID int64 ---> depends on: {}
	 [5] timestamp int64 ---> depends on: {}
	 [6] userMentionIDs []int64 ---> depends on: {}
	 [7] followers []int64 ---> depends on: {}
	 [8] err .error ---> depends on: {}
	 [9] followers_set map[int64]bool ---> depends on: {}
	 [10] follower int64 ---> depends on: {followers []int64}

[BLOCK, #4, RangeLoop] NODES = []; SUCCS = [Block #5, Block #6]
	 [0] h (*socialnetwork.HomeTimelineServiceImpl struct{homeTimelineCache Cache, postStorageService socialnetwork.PostStorageService, socialGraphService socialnetwork.SocialGraphService}) ---> depends on: {socialnetwork.HomeTimelineServiceImpl struct{homeTimelineCache Cache, postStorageService socialnetwork.PostStorageService, socialGraphService socialnetwork.SocialGraphService}}
	 [1] ctx context.Context ---> depends on: {}
	 [2] reqID int64 ---> depends on: {}
	 [3] postID int64 ---> depends on: {}
	 [4] userID int64 ---> depends on: {}
	 [5] timestamp int64 ---> depends on: {}
	 [6] userMentionIDs []int64 ---> depends on: {}
	 [7] followers []int64 ---> depends on: {}
	 [8] err .error ---> depends on: {}
	 [9] followers_set map[int64]bool ---> depends on: {}
	 [10] follower int64 ---> depends on: {followers []int64}
	 [11] h (*socialnetwork.HomeTimelineServiceImpl struct{homeTimelineCache Cache, postStorageService socialnetwork.PostStorageService, socialGraphService socialnetwork.SocialGraphService}) ---> depends on: {socialnetwork.HomeTimelineServiceImpl struct{homeTimelineCache Cache, postStorageService socialnetwork.PostStorageService, socialGraphService socialnetwork.SocialGraphService}}
	 [12] ctx context.Context ---> depends on: {}
	 [13] reqID int64 ---> depends on: {}
	 [14] postID int64 ---> depends on: {}
	 [15] userID int64 ---> depends on: {}
	 [16] timestamp int64 ---> depends on: {}
	 [17] userMentionIDs []int64 ---> depends on: {}
	 [18] followers []int64 ---> depends on: {}
	 [19] err .error ---> depends on: {}
	 [20] followers_set map[int64]bool ---> depends on: {}
	 [21] follower int64 ---> depends on: {followers []int64}

[BLOCK, #5, RangeBody] NODES = [*ast.AssignStmt]; SUCCS = [Block #4]
	 [0] h (*socialnetwork.HomeTimelineServiceImpl struct{homeTimelineCache Cache, postStorageService socialnetwork.PostStorageService, socialGraphService socialnetwork.SocialGraphService}) ---> depends on: {socialnetwork.HomeTimelineServiceImpl struct{homeTimelineCache Cache, postStorageService socialnetwork.PostStorageService, socialGraphService socialnetwork.SocialGraphService}}
	 [1] ctx context.Context ---> depends on: {}
	 [2] reqID int64 ---> depends on: {}
	 [3] postID int64 ---> depends on: {}
	 [4] userID int64 ---> depends on: {}
	 [5] timestamp int64 ---> depends on: {}
	 [6] userMentionIDs []int64 ---> depends on: {}
	 [7] followers []int64 ---> depends on: {}
	 [8] err .error ---> depends on: {}
	 [9] followers_set map[int64]bool ---> depends on: {}
	 [10] follower int64 ---> depends on: {followers []int64}

[BLOCK, #6, RangeDone] NODES = [*ast.Ident, *ast.Ident, *ast.Ident]; SUCCS = [Block #7]
	 [0] h (*socialnetwork.HomeTimelineServiceImpl struct{homeTimelineCache Cache, postStorageService socialnetwork.PostStorageService, socialGraphService socialnetwork.SocialGraphService}) ---> depends on: {socialnetwork.HomeTimelineServiceImpl struct{homeTimelineCache Cache, postStorageService socialnetwork.PostStorageService, socialGraphService socialnetwork.SocialGraphService}}
	 [1] ctx context.Context ---> depends on: {}
	 [2] reqID int64 ---> depends on: {}
	 [3] postID int64 ---> depends on: {}
	 [4] userID int64 ---> depends on: {}
	 [5] timestamp int64 ---> depends on: {}
	 [6] userMentionIDs []int64 ---> depends on: {}
	 [7] followers []int64 ---> depends on: {}
	 [8] err .error ---> depends on: {}
	 [9] followers_set map[int64]bool ---> depends on: {}
	 [10] follower int64 ---> depends on: {followers []int64}
	 [11] h (*socialnetwork.HomeTimelineServiceImpl struct{homeTimelineCache Cache, postStorageService socialnetwork.PostStorageService, socialGraphService socialnetwork.SocialGraphService}) ---> depends on: {socialnetwork.HomeTimelineServiceImpl struct{homeTimelineCache Cache, postStorageService socialnetwork.PostStorageService, socialGraphService socialnetwork.SocialGraphService}}
	 [12] ctx context.Context ---> depends on: {}
	 [13] reqID int64 ---> depends on: {}
	 [14] postID int64 ---> depends on: {}
	 [15] userID int64 ---> depends on: {}
	 [16] timestamp int64 ---> depends on: {}
	 [17] userMentionIDs []int64 ---> depends on: {}
	 [18] followers []int64 ---> depends on: {}
	 [19] err .error ---> depends on: {}
	 [20] followers_set map[int64]bool ---> depends on: {}
	 [21] follower int64 ---> depends on: {followers []int64}
	 [22] um int64 ---> depends on: {userMentionIDs []int64}

[BLOCK, #7, RangeLoop] NODES = []; SUCCS = [Block #8, Block #9]
	 [0] h (*socialnetwork.HomeTimelineServiceImpl struct{homeTimelineCache Cache, postStorageService socialnetwork.PostStorageService, socialGraphService socialnetwork.SocialGraphService}) ---> depends on: {socialnetwork.HomeTimelineServiceImpl struct{homeTimelineCache Cache, postStorageService socialnetwork.PostStorageService, socialGraphService socialnetwork.SocialGraphService}}
	 [1] ctx context.Context ---> depends on: {}
	 [2] reqID int64 ---> depends on: {}
	 [3] postID int64 ---> depends on: {}
	 [4] userID int64 ---> depends on: {}
	 [5] timestamp int64 ---> depends on: {}
	 [6] userMentionIDs []int64 ---> depends on: {}
	 [7] followers []int64 ---> depends on: {}
	 [8] err .error ---> depends on: {}
	 [9] followers_set map[int64]bool ---> depends on: {}
	 [10] follower int64 ---> depends on: {followers []int64}
	 [11] h (*socialnetwork.HomeTimelineServiceImpl struct{homeTimelineCache Cache, postStorageService socialnetwork.PostStorageService, socialGraphService socialnetwork.SocialGraphService}) ---> depends on: {socialnetwork.HomeTimelineServiceImpl struct{homeTimelineCache Cache, postStorageService socialnetwork.PostStorageService, socialGraphService socialnetwork.SocialGraphService}}
	 [12] ctx context.Context ---> depends on: {}
	 [13] reqID int64 ---> depends on: {}
	 [14] postID int64 ---> depends on: {}
	 [15] userID int64 ---> depends on: {}
	 [16] timestamp int64 ---> depends on: {}
	 [17] userMentionIDs []int64 ---> depends on: {}
	 [18] followers []int64 ---> depends on: {}
	 [19] err .error ---> depends on: {}
	 [20] followers_set map[int64]bool ---> depends on: {}
	 [21] follower int64 ---> depends on: {followers []int64}
	 [22] um int64 ---> depends on: {userMentionIDs []int64}
	 [23] h (*socialnetwork.HomeTimelineServiceImpl struct{homeTimelineCache Cache, postStorageService socialnetwork.PostStorageService, socialGraphService socialnetwork.SocialGraphService}) ---> depends on: {socialnetwork.HomeTimelineServiceImpl struct{homeTimelineCache Cache, postStorageService socialnetwork.PostStorageService, socialGraphService socialnetwork.SocialGraphService}}
	 [24] ctx context.Context ---> depends on: {}
	 [25] reqID int64 ---> depends on: {}
	 [26] postID int64 ---> depends on: {}
	 [27] userID int64 ---> depends on: {}
	 [28] timestamp int64 ---> depends on: {}
	 [29] userMentionIDs []int64 ---> depends on: {}
	 [30] followers []int64 ---> depends on: {}
	 [31] err .error ---> depends on: {}
	 [32] followers_set map[int64]bool ---> depends on: {}
	 [33] follower int64 ---> depends on: {followers []int64}
	 [34] h (*socialnetwork.HomeTimelineServiceImpl struct{homeTimelineCache Cache, postStorageService socialnetwork.PostStorageService, socialGraphService socialnetwork.SocialGraphService}) ---> depends on: {socialnetwork.HomeTimelineServiceImpl struct{homeTimelineCache Cache, postStorageService socialnetwork.PostStorageService, socialGraphService socialnetwork.SocialGraphService}}
	 [35] ctx context.Context ---> depends on: {}
	 [36] reqID int64 ---> depends on: {}
	 [37] postID int64 ---> depends on: {}
	 [38] userID int64 ---> depends on: {}
	 [39] timestamp int64 ---> depends on: {}
	 [40] userMentionIDs []int64 ---> depends on: {}
	 [41] followers []int64 ---> depends on: {}
	 [42] err .error ---> depends on: {}
	 [43] followers_set map[int64]bool ---> depends on: {}
	 [44] follower int64 ---> depends on: {followers []int64}
	 [45] um int64 ---> depends on: {userMentionIDs []int64}

[BLOCK, #8, RangeBody] NODES = [*ast.AssignStmt]; SUCCS = [Block #7]
	 [0] h (*socialnetwork.HomeTimelineServiceImpl struct{homeTimelineCache Cache, postStorageService socialnetwork.PostStorageService, socialGraphService socialnetwork.SocialGraphService}) ---> depends on: {socialnetwork.HomeTimelineServiceImpl struct{homeTimelineCache Cache, postStorageService socialnetwork.PostStorageService, socialGraphService socialnetwork.SocialGraphService}}
	 [1] ctx context.Context ---> depends on: {}
	 [2] reqID int64 ---> depends on: {}
	 [3] postID int64 ---> depends on: {}
	 [4] userID int64 ---> depends on: {}
	 [5] timestamp int64 ---> depends on: {}
	 [6] userMentionIDs []int64 ---> depends on: {}
	 [7] followers []int64 ---> depends on: {}
	 [8] err .error ---> depends on: {}
	 [9] followers_set map[int64]bool ---> depends on: {}
	 [10] follower int64 ---> depends on: {followers []int64}
	 [11] h (*socialnetwork.HomeTimelineServiceImpl struct{homeTimelineCache Cache, postStorageService socialnetwork.PostStorageService, socialGraphService socialnetwork.SocialGraphService}) ---> depends on: {socialnetwork.HomeTimelineServiceImpl struct{homeTimelineCache Cache, postStorageService socialnetwork.PostStorageService, socialGraphService socialnetwork.SocialGraphService}}
	 [12] ctx context.Context ---> depends on: {}
	 [13] reqID int64 ---> depends on: {}
	 [14] postID int64 ---> depends on: {}
	 [15] userID int64 ---> depends on: {}
	 [16] timestamp int64 ---> depends on: {}
	 [17] userMentionIDs []int64 ---> depends on: {}
	 [18] followers []int64 ---> depends on: {}
	 [19] err .error ---> depends on: {}
	 [20] followers_set map[int64]bool ---> depends on: {}
	 [21] follower int64 ---> depends on: {followers []int64}
	 [22] um int64 ---> depends on: {userMentionIDs []int64}

[BLOCK, #9, RangeDone] NODES = [*ast.Ident, *ast.Ident, *ast.Ident]; SUCCS = [Block #10]
	 [0] h (*socialnetwork.HomeTimelineServiceImpl struct{homeTimelineCache Cache, postStorageService socialnetwork.PostStorageService, socialGraphService socialnetwork.SocialGraphService}) ---> depends on: {socialnetwork.HomeTimelineServiceImpl struct{homeTimelineCache Cache, postStorageService socialnetwork.PostStorageService, socialGraphService socialnetwork.SocialGraphService}}
	 [1] ctx context.Context ---> depends on: {}
	 [2] reqID int64 ---> depends on: {}
	 [3] postID int64 ---> depends on: {}
	 [4] userID int64 ---> depends on: {}
	 [5] timestamp int64 ---> depends on: {}
	 [6] userMentionIDs []int64 ---> depends on: {}
	 [7] followers []int64 ---> depends on: {}
	 [8] err .error ---> depends on: {}
	 [9] followers_set map[int64]bool ---> depends on: {}
	 [10] follower int64 ---> depends on: {followers []int64}
	 [11] h (*socialnetwork.HomeTimelineServiceImpl struct{homeTimelineCache Cache, postStorageService socialnetwork.PostStorageService, socialGraphService socialnetwork.SocialGraphService}) ---> depends on: {socialnetwork.HomeTimelineServiceImpl struct{homeTimelineCache Cache, postStorageService socialnetwork.PostStorageService, socialGraphService socialnetwork.SocialGraphService}}
	 [12] ctx context.Context ---> depends on: {}
	 [13] reqID int64 ---> depends on: {}
	 [14] postID int64 ---> depends on: {}
	 [15] userID int64 ---> depends on: {}
	 [16] timestamp int64 ---> depends on: {}
	 [17] userMentionIDs []int64 ---> depends on: {}
	 [18] followers []int64 ---> depends on: {}
	 [19] err .error ---> depends on: {}
	 [20] followers_set map[int64]bool ---> depends on: {}
	 [21] follower int64 ---> depends on: {followers []int64}
	 [22] um int64 ---> depends on: {userMentionIDs []int64}
	 [23] h (*socialnetwork.HomeTimelineServiceImpl struct{homeTimelineCache Cache, postStorageService socialnetwork.PostStorageService, socialGraphService socialnetwork.SocialGraphService}) ---> depends on: {socialnetwork.HomeTimelineServiceImpl struct{homeTimelineCache Cache, postStorageService socialnetwork.PostStorageService, socialGraphService socialnetwork.SocialGraphService}}
	 [24] ctx context.Context ---> depends on: {}
	 [25] reqID int64 ---> depends on: {}
	 [26] postID int64 ---> depends on: {}
	 [27] userID int64 ---> depends on: {}
	 [28] timestamp int64 ---> depends on: {}
	 [29] userMentionIDs []int64 ---> depends on: {}
	 [30] followers []int64 ---> depends on: {}
	 [31] err .error ---> depends on: {}
	 [32] followers_set map[int64]bool ---> depends on: {}
	 [33] follower int64 ---> depends on: {followers []int64}
	 [34] h (*socialnetwork.HomeTimelineServiceImpl struct{homeTimelineCache Cache, postStorageService socialnetwork.PostStorageService, socialGraphService socialnetwork.SocialGraphService}) ---> depends on: {socialnetwork.HomeTimelineServiceImpl struct{homeTimelineCache Cache, postStorageService socialnetwork.PostStorageService, socialGraphService socialnetwork.SocialGraphService}}
	 [35] ctx context.Context ---> depends on: {}
	 [36] reqID int64 ---> depends on: {}
	 [37] postID int64 ---> depends on: {}
	 [38] userID int64 ---> depends on: {}
	 [39] timestamp int64 ---> depends on: {}
	 [40] userMentionIDs []int64 ---> depends on: {}
	 [41] followers []int64 ---> depends on: {}
	 [42] err .error ---> depends on: {}
	 [43] followers_set map[int64]bool ---> depends on: {}
	 [44] follower int64 ---> depends on: {followers []int64}
	 [45] um int64 ---> depends on: {userMentionIDs []int64}
	 [46] id int64 ---> depends on: {followers_set map[int64]bool}
	 [47] _ bool ---> depends on: {followers_set map[int64]bool}

[BLOCK, #10, RangeLoop] NODES = []; SUCCS = [Block #11, Block #12]
	 [0] h (*socialnetwork.HomeTimelineServiceImpl struct{homeTimelineCache Cache, postStorageService socialnetwork.PostStorageService, socialGraphService socialnetwork.SocialGraphService}) ---> depends on: {socialnetwork.HomeTimelineServiceImpl struct{homeTimelineCache Cache, postStorageService socialnetwork.PostStorageService, socialGraphService socialnetwork.SocialGraphService}}
	 [1] ctx context.Context ---> depends on: {}
	 [2] reqID int64 ---> depends on: {}
	 [3] postID int64 ---> depends on: {}
	 [4] userID int64 ---> depends on: {}
	 [5] timestamp int64 ---> depends on: {}
	 [6] userMentionIDs []int64 ---> depends on: {}
	 [7] followers []int64 ---> depends on: {}
	 [8] err .error ---> depends on: {}
	 [9] followers_set map[int64]bool ---> depends on: {}
	 [10] follower int64 ---> depends on: {followers []int64}
	 [11] h (*socialnetwork.HomeTimelineServiceImpl struct{homeTimelineCache Cache, postStorageService socialnetwork.PostStorageService, socialGraphService socialnetwork.SocialGraphService}) ---> depends on: {socialnetwork.HomeTimelineServiceImpl struct{homeTimelineCache Cache, postStorageService socialnetwork.PostStorageService, socialGraphService socialnetwork.SocialGraphService}}
	 [12] ctx context.Context ---> depends on: {}
	 [13] reqID int64 ---> depends on: {}
	 [14] postID int64 ---> depends on: {}
	 [15] userID int64 ---> depends on: {}
	 [16] timestamp int64 ---> depends on: {}
	 [17] userMentionIDs []int64 ---> depends on: {}
	 [18] followers []int64 ---> depends on: {}
	 [19] err .error ---> depends on: {}
	 [20] followers_set map[int64]bool ---> depends on: {}
	 [21] follower int64 ---> depends on: {followers []int64}
	 [22] um int64 ---> depends on: {userMentionIDs []int64}
	 [23] h (*socialnetwork.HomeTimelineServiceImpl struct{homeTimelineCache Cache, postStorageService socialnetwork.PostStorageService, socialGraphService socialnetwork.SocialGraphService}) ---> depends on: {socialnetwork.HomeTimelineServiceImpl struct{homeTimelineCache Cache, postStorageService socialnetwork.PostStorageService, socialGraphService socialnetwork.SocialGraphService}}
	 [24] ctx context.Context ---> depends on: {}
	 [25] reqID int64 ---> depends on: {}
	 [26] postID int64 ---> depends on: {}
	 [27] userID int64 ---> depends on: {}
	 [28] timestamp int64 ---> depends on: {}
	 [29] userMentionIDs []int64 ---> depends on: {}
	 [30] followers []int64 ---> depends on: {}
	 [31] err .error ---> depends on: {}
	 [32] followers_set map[int64]bool ---> depends on: {}
	 [33] follower int64 ---> depends on: {followers []int64}
	 [34] h (*socialnetwork.HomeTimelineServiceImpl struct{homeTimelineCache Cache, postStorageService socialnetwork.PostStorageService, socialGraphService socialnetwork.SocialGraphService}) ---> depends on: {socialnetwork.HomeTimelineServiceImpl struct{homeTimelineCache Cache, postStorageService socialnetwork.PostStorageService, socialGraphService socialnetwork.SocialGraphService}}
	 [35] ctx context.Context ---> depends on: {}
	 [36] reqID int64 ---> depends on: {}
	 [37] postID int64 ---> depends on: {}
	 [38] userID int64 ---> depends on: {}
	 [39] timestamp int64 ---> depends on: {}
	 [40] userMentionIDs []int64 ---> depends on: {}
	 [41] followers []int64 ---> depends on: {}
	 [42] err .error ---> depends on: {}
	 [43] followers_set map[int64]bool ---> depends on: {}
	 [44] follower int64 ---> depends on: {followers []int64}
	 [45] um int64 ---> depends on: {userMentionIDs []int64}
	 [46] id int64 ---> depends on: {followers_set map[int64]bool}
	 [47] _ bool ---> depends on: {followers_set map[int64]bool}
	 [48] id_str string ---> depends on: {id int64, 10 int, id int64, 10 int}
	 [49] posts []socialnetwork.PostInfo struct{PostID int64, Timestamp int64} ---> depends on: {socialnetwork.PostInfo struct{PostID int64, Timestamp int64}}
	 [50] _ bool ---> depends on: {}
	 [51] err .error ---> depends on: {}
	 [52] posts []socialnetwork.PostInfo struct{PostID int64, Timestamp int64} ---> depends on: {socialnetwork.PostInfo struct{PostID int64, Timestamp int64}}
	 [53] err .error ---> depends on: {}
	 [54] h (*socialnetwork.HomeTimelineServiceImpl struct{homeTimelineCache Cache, postStorageService socialnetwork.PostStorageService, socialGraphService socialnetwork.SocialGraphService}) ---> depends on: {socialnetwork.HomeTimelineServiceImpl struct{homeTimelineCache Cache, postStorageService socialnetwork.PostStorageService, socialGraphService socialnetwork.SocialGraphService}}
	 [55] ctx context.Context ---> depends on: {}
	 [56] reqID int64 ---> depends on: {}
	 [57] postID int64 ---> depends on: {}
	 [58] userID int64 ---> depends on: {}
	 [59] timestamp int64 ---> depends on: {}
	 [60] userMentionIDs []int64 ---> depends on: {}
	 [61] followers []int64 ---> depends on: {}
	 [62] err .error ---> depends on: {}
	 [63] followers_set map[int64]bool ---> depends on: {}
	 [64] follower int64 ---> depends on: {followers []int64}
	 [65] h (*socialnetwork.HomeTimelineServiceImpl struct{homeTimelineCache Cache, postStorageService socialnetwork.PostStorageService, socialGraphService socialnetwork.SocialGraphService}) ---> depends on: {socialnetwork.HomeTimelineServiceImpl struct{homeTimelineCache Cache, postStorageService socialnetwork.PostStorageService, socialGraphService socialnetwork.SocialGraphService}}
	 [66] ctx context.Context ---> depends on: {}
	 [67] reqID int64 ---> depends on: {}
	 [68] postID int64 ---> depends on: {}
	 [69] userID int64 ---> depends on: {}
	 [70] timestamp int64 ---> depends on: {}
	 [71] userMentionIDs []int64 ---> depends on: {}
	 [72] followers []int64 ---> depends on: {}
	 [73] err .error ---> depends on: {}
	 [74] followers_set map[int64]bool ---> depends on: {}
	 [75] follower int64 ---> depends on: {followers []int64}
	 [76] um int64 ---> depends on: {userMentionIDs []int64}
	 [77] h (*socialnetwork.HomeTimelineServiceImpl struct{homeTimelineCache Cache, postStorageService socialnetwork.PostStorageService, socialGraphService socialnetwork.SocialGraphService}) ---> depends on: {socialnetwork.HomeTimelineServiceImpl struct{homeTimelineCache Cache, postStorageService socialnetwork.PostStorageService, socialGraphService socialnetwork.SocialGraphService}}
	 [78] ctx context.Context ---> depends on: {}
	 [79] reqID int64 ---> depends on: {}
	 [80] postID int64 ---> depends on: {}
	 [81] userID int64 ---> depends on: {}
	 [82] timestamp int64 ---> depends on: {}
	 [83] userMentionIDs []int64 ---> depends on: {}
	 [84] followers []int64 ---> depends on: {}
	 [85] err .error ---> depends on: {}
	 [86] followers_set map[int64]bool ---> depends on: {}
	 [87] follower int64 ---> depends on: {followers []int64}
	 [88] h (*socialnetwork.HomeTimelineServiceImpl struct{homeTimelineCache Cache, postStorageService socialnetwork.PostStorageService, socialGraphService socialnetwork.SocialGraphService}) ---> depends on: {socialnetwork.HomeTimelineServiceImpl struct{homeTimelineCache Cache, postStorageService socialnetwork.PostStorageService, socialGraphService socialnetwork.SocialGraphService}}
	 [89] ctx context.Context ---> depends on: {}
	 [90] reqID int64 ---> depends on: {}
	 [91] postID int64 ---> depends on: {}
	 [92] userID int64 ---> depends on: {}
	 [93] timestamp int64 ---> depends on: {}
	 [94] userMentionIDs []int64 ---> depends on: {}
	 [95] followers []int64 ---> depends on: {}
	 [96] err .error ---> depends on: {}
	 [97] followers_set map[int64]bool ---> depends on: {}
	 [98] follower int64 ---> depends on: {followers []int64}
	 [99] um int64 ---> depends on: {userMentionIDs []int64}
	 [100] id int64 ---> depends on: {followers_set map[int64]bool}
	 [101] _ bool ---> depends on: {followers_set map[int64]bool}

[BLOCK, #11, RangeBody] NODES = [*ast.AssignStmt, *ast.ValueSpec, *ast.AssignStmt, *ast.BinaryExpr]; SUCCS = [Block #13, Block #14]
	 [0] h (*socialnetwork.HomeTimelineServiceImpl struct{homeTimelineCache Cache, postStorageService socialnetwork.PostStorageService, socialGraphService socialnetwork.SocialGraphService}) ---> depends on: {socialnetwork.HomeTimelineServiceImpl struct{homeTimelineCache Cache, postStorageService socialnetwork.PostStorageService, socialGraphService socialnetwork.SocialGraphService}}
	 [1] ctx context.Context ---> depends on: {}
	 [2] reqID int64 ---> depends on: {}
	 [3] postID int64 ---> depends on: {}
	 [4] userID int64 ---> depends on: {}
	 [5] timestamp int64 ---> depends on: {}
	 [6] userMentionIDs []int64 ---> depends on: {}
	 [7] followers []int64 ---> depends on: {}
	 [8] err .error ---> depends on: {}
	 [9] followers_set map[int64]bool ---> depends on: {}
	 [10] follower int64 ---> depends on: {followers []int64}
	 [11] h (*socialnetwork.HomeTimelineServiceImpl struct{homeTimelineCache Cache, postStorageService socialnetwork.PostStorageService, socialGraphService socialnetwork.SocialGraphService}) ---> depends on: {socialnetwork.HomeTimelineServiceImpl struct{homeTimelineCache Cache, postStorageService socialnetwork.PostStorageService, socialGraphService socialnetwork.SocialGraphService}}
	 [12] ctx context.Context ---> depends on: {}
	 [13] reqID int64 ---> depends on: {}
	 [14] postID int64 ---> depends on: {}
	 [15] userID int64 ---> depends on: {}
	 [16] timestamp int64 ---> depends on: {}
	 [17] userMentionIDs []int64 ---> depends on: {}
	 [18] followers []int64 ---> depends on: {}
	 [19] err .error ---> depends on: {}
	 [20] followers_set map[int64]bool ---> depends on: {}
	 [21] follower int64 ---> depends on: {followers []int64}
	 [22] um int64 ---> depends on: {userMentionIDs []int64}
	 [23] h (*socialnetwork.HomeTimelineServiceImpl struct{homeTimelineCache Cache, postStorageService socialnetwork.PostStorageService, socialGraphService socialnetwork.SocialGraphService}) ---> depends on: {socialnetwork.HomeTimelineServiceImpl struct{homeTimelineCache Cache, postStorageService socialnetwork.PostStorageService, socialGraphService socialnetwork.SocialGraphService}}
	 [24] ctx context.Context ---> depends on: {}
	 [25] reqID int64 ---> depends on: {}
	 [26] postID int64 ---> depends on: {}
	 [27] userID int64 ---> depends on: {}
	 [28] timestamp int64 ---> depends on: {}
	 [29] userMentionIDs []int64 ---> depends on: {}
	 [30] followers []int64 ---> depends on: {}
	 [31] err .error ---> depends on: {}
	 [32] followers_set map[int64]bool ---> depends on: {}
	 [33] follower int64 ---> depends on: {followers []int64}
	 [34] h (*socialnetwork.HomeTimelineServiceImpl struct{homeTimelineCache Cache, postStorageService socialnetwork.PostStorageService, socialGraphService socialnetwork.SocialGraphService}) ---> depends on: {socialnetwork.HomeTimelineServiceImpl struct{homeTimelineCache Cache, postStorageService socialnetwork.PostStorageService, socialGraphService socialnetwork.SocialGraphService}}
	 [35] ctx context.Context ---> depends on: {}
	 [36] reqID int64 ---> depends on: {}
	 [37] postID int64 ---> depends on: {}
	 [38] userID int64 ---> depends on: {}
	 [39] timestamp int64 ---> depends on: {}
	 [40] userMentionIDs []int64 ---> depends on: {}
	 [41] followers []int64 ---> depends on: {}
	 [42] err .error ---> depends on: {}
	 [43] followers_set map[int64]bool ---> depends on: {}
	 [44] follower int64 ---> depends on: {followers []int64}
	 [45] um int64 ---> depends on: {userMentionIDs []int64}
	 [46] id int64 ---> depends on: {followers_set map[int64]bool}
	 [47] _ bool ---> depends on: {followers_set map[int64]bool}
	 [48] id_str string ---> depends on: {id int64, 10 int, id int64, 10 int}
	 [49] posts []socialnetwork.PostInfo struct{PostID int64, Timestamp int64} ---> depends on: {socialnetwork.PostInfo struct{PostID int64, Timestamp int64}}
	 [50] _ bool ---> depends on: {}
	 [51] err .error ---> depends on: {}

[BLOCK, #13, IfThen] NODES = [*ast.ReturnStmt]; SUCCS = []
	 [0] h (*socialnetwork.HomeTimelineServiceImpl struct{homeTimelineCache Cache, postStorageService socialnetwork.PostStorageService, socialGraphService socialnetwork.SocialGraphService}) ---> depends on: {socialnetwork.HomeTimelineServiceImpl struct{homeTimelineCache Cache, postStorageService socialnetwork.PostStorageService, socialGraphService socialnetwork.SocialGraphService}}
	 [1] ctx context.Context ---> depends on: {}
	 [2] reqID int64 ---> depends on: {}
	 [3] postID int64 ---> depends on: {}
	 [4] userID int64 ---> depends on: {}
	 [5] timestamp int64 ---> depends on: {}
	 [6] userMentionIDs []int64 ---> depends on: {}
	 [7] followers []int64 ---> depends on: {}
	 [8] err .error ---> depends on: {}
	 [9] followers_set map[int64]bool ---> depends on: {}
	 [10] follower int64 ---> depends on: {followers []int64}
	 [11] h (*socialnetwork.HomeTimelineServiceImpl struct{homeTimelineCache Cache, postStorageService socialnetwork.PostStorageService, socialGraphService socialnetwork.SocialGraphService}) ---> depends on: {socialnetwork.HomeTimelineServiceImpl struct{homeTimelineCache Cache, postStorageService socialnetwork.PostStorageService, socialGraphService socialnetwork.SocialGraphService}}
	 [12] ctx context.Context ---> depends on: {}
	 [13] reqID int64 ---> depends on: {}
	 [14] postID int64 ---> depends on: {}
	 [15] userID int64 ---> depends on: {}
	 [16] timestamp int64 ---> depends on: {}
	 [17] userMentionIDs []int64 ---> depends on: {}
	 [18] followers []int64 ---> depends on: {}
	 [19] err .error ---> depends on: {}
	 [20] followers_set map[int64]bool ---> depends on: {}
	 [21] follower int64 ---> depends on: {followers []int64}
	 [22] um int64 ---> depends on: {userMentionIDs []int64}
	 [23] h (*socialnetwork.HomeTimelineServiceImpl struct{homeTimelineCache Cache, postStorageService socialnetwork.PostStorageService, socialGraphService socialnetwork.SocialGraphService}) ---> depends on: {socialnetwork.HomeTimelineServiceImpl struct{homeTimelineCache Cache, postStorageService socialnetwork.PostStorageService, socialGraphService socialnetwork.SocialGraphService}}
	 [24] ctx context.Context ---> depends on: {}
	 [25] reqID int64 ---> depends on: {}
	 [26] postID int64 ---> depends on: {}
	 [27] userID int64 ---> depends on: {}
	 [28] timestamp int64 ---> depends on: {}
	 [29] userMentionIDs []int64 ---> depends on: {}
	 [30] followers []int64 ---> depends on: {}
	 [31] err .error ---> depends on: {}
	 [32] followers_set map[int64]bool ---> depends on: {}
	 [33] follower int64 ---> depends on: {followers []int64}
	 [34] h (*socialnetwork.HomeTimelineServiceImpl struct{homeTimelineCache Cache, postStorageService socialnetwork.PostStorageService, socialGraphService socialnetwork.SocialGraphService}) ---> depends on: {socialnetwork.HomeTimelineServiceImpl struct{homeTimelineCache Cache, postStorageService socialnetwork.PostStorageService, socialGraphService socialnetwork.SocialGraphService}}
	 [35] ctx context.Context ---> depends on: {}
	 [36] reqID int64 ---> depends on: {}
	 [37] postID int64 ---> depends on: {}
	 [38] userID int64 ---> depends on: {}
	 [39] timestamp int64 ---> depends on: {}
	 [40] userMentionIDs []int64 ---> depends on: {}
	 [41] followers []int64 ---> depends on: {}
	 [42] err .error ---> depends on: {}
	 [43] followers_set map[int64]bool ---> depends on: {}
	 [44] follower int64 ---> depends on: {followers []int64}
	 [45] um int64 ---> depends on: {userMentionIDs []int64}
	 [46] id int64 ---> depends on: {followers_set map[int64]bool}
	 [47] _ bool ---> depends on: {followers_set map[int64]bool}
	 [48] id_str string ---> depends on: {id int64, 10 int, id int64, 10 int}
	 [49] posts []socialnetwork.PostInfo struct{PostID int64, Timestamp int64} ---> depends on: {socialnetwork.PostInfo struct{PostID int64, Timestamp int64}}
	 [50] _ bool ---> depends on: {}
	 [51] err .error ---> depends on: {}

[BLOCK, #14, IfDone] NODES = [*ast.AssignStmt, *ast.AssignStmt, *ast.BinaryExpr]; SUCCS = [Block #16, Block #17]
	 [0] h (*socialnetwork.HomeTimelineServiceImpl struct{homeTimelineCache Cache, postStorageService socialnetwork.PostStorageService, socialGraphService socialnetwork.SocialGraphService}) ---> depends on: {socialnetwork.HomeTimelineServiceImpl struct{homeTimelineCache Cache, postStorageService socialnetwork.PostStorageService, socialGraphService socialnetwork.SocialGraphService}}
	 [1] ctx context.Context ---> depends on: {}
	 [2] reqID int64 ---> depends on: {}
	 [3] postID int64 ---> depends on: {}
	 [4] userID int64 ---> depends on: {}
	 [5] timestamp int64 ---> depends on: {}
	 [6] userMentionIDs []int64 ---> depends on: {}
	 [7] followers []int64 ---> depends on: {}
	 [8] err .error ---> depends on: {}
	 [9] followers_set map[int64]bool ---> depends on: {}
	 [10] follower int64 ---> depends on: {followers []int64}
	 [11] h (*socialnetwork.HomeTimelineServiceImpl struct{homeTimelineCache Cache, postStorageService socialnetwork.PostStorageService, socialGraphService socialnetwork.SocialGraphService}) ---> depends on: {socialnetwork.HomeTimelineServiceImpl struct{homeTimelineCache Cache, postStorageService socialnetwork.PostStorageService, socialGraphService socialnetwork.SocialGraphService}}
	 [12] ctx context.Context ---> depends on: {}
	 [13] reqID int64 ---> depends on: {}
	 [14] postID int64 ---> depends on: {}
	 [15] userID int64 ---> depends on: {}
	 [16] timestamp int64 ---> depends on: {}
	 [17] userMentionIDs []int64 ---> depends on: {}
	 [18] followers []int64 ---> depends on: {}
	 [19] err .error ---> depends on: {}
	 [20] followers_set map[int64]bool ---> depends on: {}
	 [21] follower int64 ---> depends on: {followers []int64}
	 [22] um int64 ---> depends on: {userMentionIDs []int64}
	 [23] h (*socialnetwork.HomeTimelineServiceImpl struct{homeTimelineCache Cache, postStorageService socialnetwork.PostStorageService, socialGraphService socialnetwork.SocialGraphService}) ---> depends on: {socialnetwork.HomeTimelineServiceImpl struct{homeTimelineCache Cache, postStorageService socialnetwork.PostStorageService, socialGraphService socialnetwork.SocialGraphService}}
	 [24] ctx context.Context ---> depends on: {}
	 [25] reqID int64 ---> depends on: {}
	 [26] postID int64 ---> depends on: {}
	 [27] userID int64 ---> depends on: {}
	 [28] timestamp int64 ---> depends on: {}
	 [29] userMentionIDs []int64 ---> depends on: {}
	 [30] followers []int64 ---> depends on: {}
	 [31] err .error ---> depends on: {}
	 [32] followers_set map[int64]bool ---> depends on: {}
	 [33] follower int64 ---> depends on: {followers []int64}
	 [34] h (*socialnetwork.HomeTimelineServiceImpl struct{homeTimelineCache Cache, postStorageService socialnetwork.PostStorageService, socialGraphService socialnetwork.SocialGraphService}) ---> depends on: {socialnetwork.HomeTimelineServiceImpl struct{homeTimelineCache Cache, postStorageService socialnetwork.PostStorageService, socialGraphService socialnetwork.SocialGraphService}}
	 [35] ctx context.Context ---> depends on: {}
	 [36] reqID int64 ---> depends on: {}
	 [37] postID int64 ---> depends on: {}
	 [38] userID int64 ---> depends on: {}
	 [39] timestamp int64 ---> depends on: {}
	 [40] userMentionIDs []int64 ---> depends on: {}
	 [41] followers []int64 ---> depends on: {}
	 [42] err .error ---> depends on: {}
	 [43] followers_set map[int64]bool ---> depends on: {}
	 [44] follower int64 ---> depends on: {followers []int64}
	 [45] um int64 ---> depends on: {userMentionIDs []int64}
	 [46] id int64 ---> depends on: {followers_set map[int64]bool}
	 [47] _ bool ---> depends on: {followers_set map[int64]bool}
	 [48] id_str string ---> depends on: {id int64, 10 int, id int64, 10 int}
	 [49] posts []socialnetwork.PostInfo struct{PostID int64, Timestamp int64} ---> depends on: {socialnetwork.PostInfo struct{PostID int64, Timestamp int64}}
	 [50] _ bool ---> depends on: {}
	 [51] err .error ---> depends on: {}
	 [52] posts []socialnetwork.PostInfo struct{PostID int64, Timestamp int64} ---> depends on: {socialnetwork.PostInfo struct{PostID int64, Timestamp int64}}
	 [53] err .error ---> depends on: {}

[BLOCK, #16, IfThen] NODES = [*ast.ReturnStmt]; SUCCS = []
	 [0] h (*socialnetwork.HomeTimelineServiceImpl struct{homeTimelineCache Cache, postStorageService socialnetwork.PostStorageService, socialGraphService socialnetwork.SocialGraphService}) ---> depends on: {socialnetwork.HomeTimelineServiceImpl struct{homeTimelineCache Cache, postStorageService socialnetwork.PostStorageService, socialGraphService socialnetwork.SocialGraphService}}
	 [1] ctx context.Context ---> depends on: {}
	 [2] reqID int64 ---> depends on: {}
	 [3] postID int64 ---> depends on: {}
	 [4] userID int64 ---> depends on: {}
	 [5] timestamp int64 ---> depends on: {}
	 [6] userMentionIDs []int64 ---> depends on: {}
	 [7] followers []int64 ---> depends on: {}
	 [8] err .error ---> depends on: {}
	 [9] followers_set map[int64]bool ---> depends on: {}
	 [10] follower int64 ---> depends on: {followers []int64}
	 [11] h (*socialnetwork.HomeTimelineServiceImpl struct{homeTimelineCache Cache, postStorageService socialnetwork.PostStorageService, socialGraphService socialnetwork.SocialGraphService}) ---> depends on: {socialnetwork.HomeTimelineServiceImpl struct{homeTimelineCache Cache, postStorageService socialnetwork.PostStorageService, socialGraphService socialnetwork.SocialGraphService}}
	 [12] ctx context.Context ---> depends on: {}
	 [13] reqID int64 ---> depends on: {}
	 [14] postID int64 ---> depends on: {}
	 [15] userID int64 ---> depends on: {}
	 [16] timestamp int64 ---> depends on: {}
	 [17] userMentionIDs []int64 ---> depends on: {}
	 [18] followers []int64 ---> depends on: {}
	 [19] err .error ---> depends on: {}
	 [20] followers_set map[int64]bool ---> depends on: {}
	 [21] follower int64 ---> depends on: {followers []int64}
	 [22] um int64 ---> depends on: {userMentionIDs []int64}
	 [23] h (*socialnetwork.HomeTimelineServiceImpl struct{homeTimelineCache Cache, postStorageService socialnetwork.PostStorageService, socialGraphService socialnetwork.SocialGraphService}) ---> depends on: {socialnetwork.HomeTimelineServiceImpl struct{homeTimelineCache Cache, postStorageService socialnetwork.PostStorageService, socialGraphService socialnetwork.SocialGraphService}}
	 [24] ctx context.Context ---> depends on: {}
	 [25] reqID int64 ---> depends on: {}
	 [26] postID int64 ---> depends on: {}
	 [27] userID int64 ---> depends on: {}
	 [28] timestamp int64 ---> depends on: {}
	 [29] userMentionIDs []int64 ---> depends on: {}
	 [30] followers []int64 ---> depends on: {}
	 [31] err .error ---> depends on: {}
	 [32] followers_set map[int64]bool ---> depends on: {}
	 [33] follower int64 ---> depends on: {followers []int64}
	 [34] h (*socialnetwork.HomeTimelineServiceImpl struct{homeTimelineCache Cache, postStorageService socialnetwork.PostStorageService, socialGraphService socialnetwork.SocialGraphService}) ---> depends on: {socialnetwork.HomeTimelineServiceImpl struct{homeTimelineCache Cache, postStorageService socialnetwork.PostStorageService, socialGraphService socialnetwork.SocialGraphService}}
	 [35] ctx context.Context ---> depends on: {}
	 [36] reqID int64 ---> depends on: {}
	 [37] postID int64 ---> depends on: {}
	 [38] userID int64 ---> depends on: {}
	 [39] timestamp int64 ---> depends on: {}
	 [40] userMentionIDs []int64 ---> depends on: {}
	 [41] followers []int64 ---> depends on: {}
	 [42] err .error ---> depends on: {}
	 [43] followers_set map[int64]bool ---> depends on: {}
	 [44] follower int64 ---> depends on: {followers []int64}
	 [45] um int64 ---> depends on: {userMentionIDs []int64}
	 [46] id int64 ---> depends on: {followers_set map[int64]bool}
	 [47] _ bool ---> depends on: {followers_set map[int64]bool}
	 [48] id_str string ---> depends on: {id int64, 10 int, id int64, 10 int}
	 [49] posts []socialnetwork.PostInfo struct{PostID int64, Timestamp int64} ---> depends on: {socialnetwork.PostInfo struct{PostID int64, Timestamp int64}}
	 [50] _ bool ---> depends on: {}
	 [51] err .error ---> depends on: {}
	 [52] posts []socialnetwork.PostInfo struct{PostID int64, Timestamp int64} ---> depends on: {socialnetwork.PostInfo struct{PostID int64, Timestamp int64}}
	 [53] err .error ---> depends on: {}

[BLOCK, #17, IfDone] NODES = []; SUCCS = [Block #10]
	 [0] h (*socialnetwork.HomeTimelineServiceImpl struct{homeTimelineCache Cache, postStorageService socialnetwork.PostStorageService, socialGraphService socialnetwork.SocialGraphService}) ---> depends on: {socialnetwork.HomeTimelineServiceImpl struct{homeTimelineCache Cache, postStorageService socialnetwork.PostStorageService, socialGraphService socialnetwork.SocialGraphService}}
	 [1] ctx context.Context ---> depends on: {}
	 [2] reqID int64 ---> depends on: {}
	 [3] postID int64 ---> depends on: {}
	 [4] userID int64 ---> depends on: {}
	 [5] timestamp int64 ---> depends on: {}
	 [6] userMentionIDs []int64 ---> depends on: {}
	 [7] followers []int64 ---> depends on: {}
	 [8] err .error ---> depends on: {}
	 [9] followers_set map[int64]bool ---> depends on: {}
	 [10] follower int64 ---> depends on: {followers []int64}
	 [11] h (*socialnetwork.HomeTimelineServiceImpl struct{homeTimelineCache Cache, postStorageService socialnetwork.PostStorageService, socialGraphService socialnetwork.SocialGraphService}) ---> depends on: {socialnetwork.HomeTimelineServiceImpl struct{homeTimelineCache Cache, postStorageService socialnetwork.PostStorageService, socialGraphService socialnetwork.SocialGraphService}}
	 [12] ctx context.Context ---> depends on: {}
	 [13] reqID int64 ---> depends on: {}
	 [14] postID int64 ---> depends on: {}
	 [15] userID int64 ---> depends on: {}
	 [16] timestamp int64 ---> depends on: {}
	 [17] userMentionIDs []int64 ---> depends on: {}
	 [18] followers []int64 ---> depends on: {}
	 [19] err .error ---> depends on: {}
	 [20] followers_set map[int64]bool ---> depends on: {}
	 [21] follower int64 ---> depends on: {followers []int64}
	 [22] um int64 ---> depends on: {userMentionIDs []int64}
	 [23] h (*socialnetwork.HomeTimelineServiceImpl struct{homeTimelineCache Cache, postStorageService socialnetwork.PostStorageService, socialGraphService socialnetwork.SocialGraphService}) ---> depends on: {socialnetwork.HomeTimelineServiceImpl struct{homeTimelineCache Cache, postStorageService socialnetwork.PostStorageService, socialGraphService socialnetwork.SocialGraphService}}
	 [24] ctx context.Context ---> depends on: {}
	 [25] reqID int64 ---> depends on: {}
	 [26] postID int64 ---> depends on: {}
	 [27] userID int64 ---> depends on: {}
	 [28] timestamp int64 ---> depends on: {}
	 [29] userMentionIDs []int64 ---> depends on: {}
	 [30] followers []int64 ---> depends on: {}
	 [31] err .error ---> depends on: {}
	 [32] followers_set map[int64]bool ---> depends on: {}
	 [33] follower int64 ---> depends on: {followers []int64}
	 [34] h (*socialnetwork.HomeTimelineServiceImpl struct{homeTimelineCache Cache, postStorageService socialnetwork.PostStorageService, socialGraphService socialnetwork.SocialGraphService}) ---> depends on: {socialnetwork.HomeTimelineServiceImpl struct{homeTimelineCache Cache, postStorageService socialnetwork.PostStorageService, socialGraphService socialnetwork.SocialGraphService}}
	 [35] ctx context.Context ---> depends on: {}
	 [36] reqID int64 ---> depends on: {}
	 [37] postID int64 ---> depends on: {}
	 [38] userID int64 ---> depends on: {}
	 [39] timestamp int64 ---> depends on: {}
	 [40] userMentionIDs []int64 ---> depends on: {}
	 [41] followers []int64 ---> depends on: {}
	 [42] err .error ---> depends on: {}
	 [43] followers_set map[int64]bool ---> depends on: {}
	 [44] follower int64 ---> depends on: {followers []int64}
	 [45] um int64 ---> depends on: {userMentionIDs []int64}
	 [46] id int64 ---> depends on: {followers_set map[int64]bool}
	 [47] _ bool ---> depends on: {followers_set map[int64]bool}
	 [48] id_str string ---> depends on: {id int64, 10 int, id int64, 10 int}
	 [49] posts []socialnetwork.PostInfo struct{PostID int64, Timestamp int64} ---> depends on: {socialnetwork.PostInfo struct{PostID int64, Timestamp int64}}
	 [50] _ bool ---> depends on: {}
	 [51] err .error ---> depends on: {}
	 [52] posts []socialnetwork.PostInfo struct{PostID int64, Timestamp int64} ---> depends on: {socialnetwork.PostInfo struct{PostID int64, Timestamp int64}}
	 [53] err .error ---> depends on: {}

[BLOCK, #12, RangeDone] NODES = [*ast.ReturnStmt]; SUCCS = []
	 [0] h (*socialnetwork.HomeTimelineServiceImpl struct{homeTimelineCache Cache, postStorageService socialnetwork.PostStorageService, socialGraphService socialnetwork.SocialGraphService}) ---> depends on: {socialnetwork.HomeTimelineServiceImpl struct{homeTimelineCache Cache, postStorageService socialnetwork.PostStorageService, socialGraphService socialnetwork.SocialGraphService}}
	 [1] ctx context.Context ---> depends on: {}
	 [2] reqID int64 ---> depends on: {}
	 [3] postID int64 ---> depends on: {}
	 [4] userID int64 ---> depends on: {}
	 [5] timestamp int64 ---> depends on: {}
	 [6] userMentionIDs []int64 ---> depends on: {}
	 [7] followers []int64 ---> depends on: {}
	 [8] err .error ---> depends on: {}
	 [9] followers_set map[int64]bool ---> depends on: {}
	 [10] follower int64 ---> depends on: {followers []int64}
	 [11] h (*socialnetwork.HomeTimelineServiceImpl struct{homeTimelineCache Cache, postStorageService socialnetwork.PostStorageService, socialGraphService socialnetwork.SocialGraphService}) ---> depends on: {socialnetwork.HomeTimelineServiceImpl struct{homeTimelineCache Cache, postStorageService socialnetwork.PostStorageService, socialGraphService socialnetwork.SocialGraphService}}
	 [12] ctx context.Context ---> depends on: {}
	 [13] reqID int64 ---> depends on: {}
	 [14] postID int64 ---> depends on: {}
	 [15] userID int64 ---> depends on: {}
	 [16] timestamp int64 ---> depends on: {}
	 [17] userMentionIDs []int64 ---> depends on: {}
	 [18] followers []int64 ---> depends on: {}
	 [19] err .error ---> depends on: {}
	 [20] followers_set map[int64]bool ---> depends on: {}
	 [21] follower int64 ---> depends on: {followers []int64}
	 [22] um int64 ---> depends on: {userMentionIDs []int64}
	 [23] h (*socialnetwork.HomeTimelineServiceImpl struct{homeTimelineCache Cache, postStorageService socialnetwork.PostStorageService, socialGraphService socialnetwork.SocialGraphService}) ---> depends on: {socialnetwork.HomeTimelineServiceImpl struct{homeTimelineCache Cache, postStorageService socialnetwork.PostStorageService, socialGraphService socialnetwork.SocialGraphService}}
	 [24] ctx context.Context ---> depends on: {}
	 [25] reqID int64 ---> depends on: {}
	 [26] postID int64 ---> depends on: {}
	 [27] userID int64 ---> depends on: {}
	 [28] timestamp int64 ---> depends on: {}
	 [29] userMentionIDs []int64 ---> depends on: {}
	 [30] followers []int64 ---> depends on: {}
	 [31] err .error ---> depends on: {}
	 [32] followers_set map[int64]bool ---> depends on: {}
	 [33] follower int64 ---> depends on: {followers []int64}
	 [34] h (*socialnetwork.HomeTimelineServiceImpl struct{homeTimelineCache Cache, postStorageService socialnetwork.PostStorageService, socialGraphService socialnetwork.SocialGraphService}) ---> depends on: {socialnetwork.HomeTimelineServiceImpl struct{homeTimelineCache Cache, postStorageService socialnetwork.PostStorageService, socialGraphService socialnetwork.SocialGraphService}}
	 [35] ctx context.Context ---> depends on: {}
	 [36] reqID int64 ---> depends on: {}
	 [37] postID int64 ---> depends on: {}
	 [38] userID int64 ---> depends on: {}
	 [39] timestamp int64 ---> depends on: {}
	 [40] userMentionIDs []int64 ---> depends on: {}
	 [41] followers []int64 ---> depends on: {}
	 [42] err .error ---> depends on: {}
	 [43] followers_set map[int64]bool ---> depends on: {}
	 [44] follower int64 ---> depends on: {followers []int64}
	 [45] um int64 ---> depends on: {userMentionIDs []int64}
	 [46] id int64 ---> depends on: {followers_set map[int64]bool}
	 [47] _ bool ---> depends on: {followers_set map[int64]bool}
	 [48] id_str string ---> depends on: {id int64, 10 int, id int64, 10 int}
	 [49] posts []socialnetwork.PostInfo struct{PostID int64, Timestamp int64} ---> depends on: {socialnetwork.PostInfo struct{PostID int64, Timestamp int64}}
	 [50] _ bool ---> depends on: {}
	 [51] err .error ---> depends on: {}
	 [52] posts []socialnetwork.PostInfo struct{PostID int64, Timestamp int64} ---> depends on: {socialnetwork.PostInfo struct{PostID int64, Timestamp int64}}
	 [53] err .error ---> depends on: {}
	 [54] h (*socialnetwork.HomeTimelineServiceImpl struct{homeTimelineCache Cache, postStorageService socialnetwork.PostStorageService, socialGraphService socialnetwork.SocialGraphService}) ---> depends on: {socialnetwork.HomeTimelineServiceImpl struct{homeTimelineCache Cache, postStorageService socialnetwork.PostStorageService, socialGraphService socialnetwork.SocialGraphService}}
	 [55] ctx context.Context ---> depends on: {}
	 [56] reqID int64 ---> depends on: {}
	 [57] postID int64 ---> depends on: {}
	 [58] userID int64 ---> depends on: {}
	 [59] timestamp int64 ---> depends on: {}
	 [60] userMentionIDs []int64 ---> depends on: {}
	 [61] followers []int64 ---> depends on: {}
	 [62] err .error ---> depends on: {}
	 [63] followers_set map[int64]bool ---> depends on: {}
	 [64] follower int64 ---> depends on: {followers []int64}
	 [65] h (*socialnetwork.HomeTimelineServiceImpl struct{homeTimelineCache Cache, postStorageService socialnetwork.PostStorageService, socialGraphService socialnetwork.SocialGraphService}) ---> depends on: {socialnetwork.HomeTimelineServiceImpl struct{homeTimelineCache Cache, postStorageService socialnetwork.PostStorageService, socialGraphService socialnetwork.SocialGraphService}}
	 [66] ctx context.Context ---> depends on: {}
	 [67] reqID int64 ---> depends on: {}
	 [68] postID int64 ---> depends on: {}
	 [69] userID int64 ---> depends on: {}
	 [70] timestamp int64 ---> depends on: {}
	 [71] userMentionIDs []int64 ---> depends on: {}
	 [72] followers []int64 ---> depends on: {}
	 [73] err .error ---> depends on: {}
	 [74] followers_set map[int64]bool ---> depends on: {}
	 [75] follower int64 ---> depends on: {followers []int64}
	 [76] um int64 ---> depends on: {userMentionIDs []int64}
	 [77] h (*socialnetwork.HomeTimelineServiceImpl struct{homeTimelineCache Cache, postStorageService socialnetwork.PostStorageService, socialGraphService socialnetwork.SocialGraphService}) ---> depends on: {socialnetwork.HomeTimelineServiceImpl struct{homeTimelineCache Cache, postStorageService socialnetwork.PostStorageService, socialGraphService socialnetwork.SocialGraphService}}
	 [78] ctx context.Context ---> depends on: {}
	 [79] reqID int64 ---> depends on: {}
	 [80] postID int64 ---> depends on: {}
	 [81] userID int64 ---> depends on: {}
	 [82] timestamp int64 ---> depends on: {}
	 [83] userMentionIDs []int64 ---> depends on: {}
	 [84] followers []int64 ---> depends on: {}
	 [85] err .error ---> depends on: {}
	 [86] followers_set map[int64]bool ---> depends on: {}
	 [87] follower int64 ---> depends on: {followers []int64}
	 [88] h (*socialnetwork.HomeTimelineServiceImpl struct{homeTimelineCache Cache, postStorageService socialnetwork.PostStorageService, socialGraphService socialnetwork.SocialGraphService}) ---> depends on: {socialnetwork.HomeTimelineServiceImpl struct{homeTimelineCache Cache, postStorageService socialnetwork.PostStorageService, socialGraphService socialnetwork.SocialGraphService}}
	 [89] ctx context.Context ---> depends on: {}
	 [90] reqID int64 ---> depends on: {}
	 [91] postID int64 ---> depends on: {}
	 [92] userID int64 ---> depends on: {}
	 [93] timestamp int64 ---> depends on: {}
	 [94] userMentionIDs []int64 ---> depends on: {}
	 [95] followers []int64 ---> depends on: {}
	 [96] err .error ---> depends on: {}
	 [97] followers_set map[int64]bool ---> depends on: {}
	 [98] follower int64 ---> depends on: {followers []int64}
	 [99] um int64 ---> depends on: {userMentionIDs []int64}
	 [100] id int64 ---> depends on: {followers_set map[int64]bool}
	 [101] _ bool ---> depends on: {followers_set map[int64]bool}

