[BLOCK, #0, Body] NODES = [*ast.ValueSpec, *ast.ValueSpec, *ast.AssignStmt, *ast.AssignStmt, *ast.BinaryExpr]; SUCCS = [Block #1, Block #2]
	 [0] s (*socialnetwork.SocialGraphServiceImpl struct{socialGraphCache Cache, socialGraphDB NoSQLDatabase, userIDService socialnetwork.UserIDService}) ---> depends on: {socialnetwork.SocialGraphServiceImpl struct{socialGraphCache Cache, socialGraphDB NoSQLDatabase, userIDService socialnetwork.UserIDService}}
	 [1] ctx context.Context ---> depends on: {}
	 [2] reqID int64 ---> depends on: {}
	 [3] userID int64 ---> depends on: {}
	 [4] followers []int64 ---> depends on: {FollowerID int64, FollowerID int64}
	 [5] followerInfos []socialnetwork.FollowerInfo struct{FollowerID int64, Timestamp int64} ---> depends on: {}
	 [6] userIDstr string ---> depends on: {userID int64, 10 int, userID int64, 10 int}
	 [7] exists bool ---> depends on: {}
	 [8] err .error ---> depends on: {}

[BLOCK, #1, IfThen] NODES = [*ast.ReturnStmt]; SUCCS = []
	 [0] s (*socialnetwork.SocialGraphServiceImpl struct{socialGraphCache Cache, socialGraphDB NoSQLDatabase, userIDService socialnetwork.UserIDService}) ---> depends on: {socialnetwork.SocialGraphServiceImpl struct{socialGraphCache Cache, socialGraphDB NoSQLDatabase, userIDService socialnetwork.UserIDService}}
	 [1] ctx context.Context ---> depends on: {}
	 [2] reqID int64 ---> depends on: {}
	 [3] userID int64 ---> depends on: {}
	 [4] followers []int64 ---> depends on: {FollowerID int64, FollowerID int64}
	 [5] followerInfos []socialnetwork.FollowerInfo struct{FollowerID int64, Timestamp int64} ---> depends on: {}
	 [6] userIDstr string ---> depends on: {userID int64, 10 int, userID int64, 10 int}
	 [7] exists bool ---> depends on: {}
	 [8] err .error ---> depends on: {}

[BLOCK, #2, IfDone] NODES = [*ast.UnaryExpr]; SUCCS = [Block #4, Block #6]
	 [0] s (*socialnetwork.SocialGraphServiceImpl struct{socialGraphCache Cache, socialGraphDB NoSQLDatabase, userIDService socialnetwork.UserIDService}) ---> depends on: {socialnetwork.SocialGraphServiceImpl struct{socialGraphCache Cache, socialGraphDB NoSQLDatabase, userIDService socialnetwork.UserIDService}}
	 [1] ctx context.Context ---> depends on: {}
	 [2] reqID int64 ---> depends on: {}
	 [3] userID int64 ---> depends on: {}
	 [4] followers []int64 ---> depends on: {FollowerID int64, FollowerID int64}
	 [5] followerInfos []socialnetwork.FollowerInfo struct{FollowerID int64, Timestamp int64} ---> depends on: {}
	 [6] userIDstr string ---> depends on: {userID int64, 10 int, userID int64, 10 int}
	 [7] exists bool ---> depends on: {}
	 [8] err .error ---> depends on: {}

[BLOCK, #4, IfThen] NODES = [*ast.AssignStmt, *ast.BinaryExpr]; SUCCS = [Block #7, Block #8]
	 [0] s (*socialnetwork.SocialGraphServiceImpl struct{socialGraphCache Cache, socialGraphDB NoSQLDatabase, userIDService socialnetwork.UserIDService}) ---> depends on: {socialnetwork.SocialGraphServiceImpl struct{socialGraphCache Cache, socialGraphDB NoSQLDatabase, userIDService socialnetwork.UserIDService}}
	 [1] ctx context.Context ---> depends on: {}
	 [2] reqID int64 ---> depends on: {}
	 [3] userID int64 ---> depends on: {}
	 [4] followers []int64 ---> depends on: {FollowerID int64, FollowerID int64}
	 [5] followerInfos []socialnetwork.FollowerInfo struct{FollowerID int64, Timestamp int64} ---> depends on: {}
	 [6] userIDstr string ---> depends on: {userID int64, 10 int, userID int64, 10 int}
	 [7] exists bool ---> depends on: {}
	 [8] err .error ---> depends on: {}
	 [9] f socialnetwork.FollowerInfo struct{FollowerID int64, Timestamp int64} ---> depends on: {followerInfos []socialnetwork.FollowerInfo struct{FollowerID int64, Timestamp int64}, FollowerID int64}
	 [10] followers []int64 ---> depends on: {FollowerID int64, FollowerID int64}

[BLOCK, #7, IfThen] NODES = [*ast.ReturnStmt]; SUCCS = []
	 [0] s (*socialnetwork.SocialGraphServiceImpl struct{socialGraphCache Cache, socialGraphDB NoSQLDatabase, userIDService socialnetwork.UserIDService}) ---> depends on: {socialnetwork.SocialGraphServiceImpl struct{socialGraphCache Cache, socialGraphDB NoSQLDatabase, userIDService socialnetwork.UserIDService}}
	 [1] ctx context.Context ---> depends on: {}
	 [2] reqID int64 ---> depends on: {}
	 [3] userID int64 ---> depends on: {}
	 [4] followers []int64 ---> depends on: {FollowerID int64, FollowerID int64}
	 [5] followerInfos []socialnetwork.FollowerInfo struct{FollowerID int64, Timestamp int64} ---> depends on: {}
	 [6] userIDstr string ---> depends on: {userID int64, 10 int, userID int64, 10 int}
	 [7] exists bool ---> depends on: {}
	 [8] err .error ---> depends on: {}
	 [9] f socialnetwork.FollowerInfo struct{FollowerID int64, Timestamp int64} ---> depends on: {followerInfos []socialnetwork.FollowerInfo struct{FollowerID int64, Timestamp int64}, FollowerID int64}
	 [10] followers []int64 ---> depends on: {FollowerID int64, FollowerID int64}

[BLOCK, #8, IfDone] NODES = [*ast.AssignStmt, *ast.AssignStmt, *ast.AssignStmt, *ast.BinaryExpr]; SUCCS = [Block #10, Block #11]
	 [0] s (*socialnetwork.SocialGraphServiceImpl struct{socialGraphCache Cache, socialGraphDB NoSQLDatabase, userIDService socialnetwork.UserIDService}) ---> depends on: {socialnetwork.SocialGraphServiceImpl struct{socialGraphCache Cache, socialGraphDB NoSQLDatabase, userIDService socialnetwork.UserIDService}}
	 [1] ctx context.Context ---> depends on: {}
	 [2] reqID int64 ---> depends on: {}
	 [3] userID int64 ---> depends on: {}
	 [4] followers []int64 ---> depends on: {FollowerID int64, FollowerID int64}
	 [5] followerInfos []socialnetwork.FollowerInfo struct{FollowerID int64, Timestamp int64} ---> depends on: {}
	 [6] userIDstr string ---> depends on: {userID int64, 10 int, userID int64, 10 int}
	 [7] exists bool ---> depends on: {}
	 [8] err .error ---> depends on: {}
	 [9] f socialnetwork.FollowerInfo struct{FollowerID int64, Timestamp int64} ---> depends on: {followerInfos []socialnetwork.FollowerInfo struct{FollowerID int64, Timestamp int64}, FollowerID int64}
	 [10] followers []int64 ---> depends on: {FollowerID int64, FollowerID int64}
	 [11] query string ---> depends on: {}
	 [12] query_d primitive.D ---> depends on: {}
	 [13] err .error ---> depends on: {}
	 [14] val NoSQLCursor {database = social-graph, collection = social-graph} ---> depends on: {userInfo socialnetwork.UserInfo struct{UserID int64, Followers []socialnetwork.FollowerInfo struct{FollowerID int64, Timestamp int64}, Followees []socialnetwork.FolloweeInfo struct{FolloweeID int64, Timestamp int64}}}
	 [15] err .error ---> depends on: {}

[BLOCK, #10, IfThen] NODES = [*ast.ReturnStmt]; SUCCS = []
	 [0] s (*socialnetwork.SocialGraphServiceImpl struct{socialGraphCache Cache, socialGraphDB NoSQLDatabase, userIDService socialnetwork.UserIDService}) ---> depends on: {socialnetwork.SocialGraphServiceImpl struct{socialGraphCache Cache, socialGraphDB NoSQLDatabase, userIDService socialnetwork.UserIDService}}
	 [1] ctx context.Context ---> depends on: {}
	 [2] reqID int64 ---> depends on: {}
	 [3] userID int64 ---> depends on: {}
	 [4] followers []int64 ---> depends on: {FollowerID int64, FollowerID int64}
	 [5] followerInfos []socialnetwork.FollowerInfo struct{FollowerID int64, Timestamp int64} ---> depends on: {}
	 [6] userIDstr string ---> depends on: {userID int64, 10 int, userID int64, 10 int}
	 [7] exists bool ---> depends on: {}
	 [8] err .error ---> depends on: {}
	 [9] f socialnetwork.FollowerInfo struct{FollowerID int64, Timestamp int64} ---> depends on: {followerInfos []socialnetwork.FollowerInfo struct{FollowerID int64, Timestamp int64}, FollowerID int64}
	 [10] followers []int64 ---> depends on: {FollowerID int64, FollowerID int64}
	 [11] query string ---> depends on: {}
	 [12] query_d primitive.D ---> depends on: {}
	 [13] err .error ---> depends on: {}
	 [14] val NoSQLCursor {database = social-graph, collection = social-graph} ---> depends on: {userInfo socialnetwork.UserInfo struct{UserID int64, Followers []socialnetwork.FollowerInfo struct{FollowerID int64, Timestamp int64}, Followees []socialnetwork.FolloweeInfo struct{FolloweeID int64, Timestamp int64}}}
	 [15] err .error ---> depends on: {}

[BLOCK, #11, IfDone] NODES = [*ast.ValueSpec, *ast.AssignStmt, *ast.BinaryExpr]; SUCCS = [Block #13, Block #14]
	 [0] s (*socialnetwork.SocialGraphServiceImpl struct{socialGraphCache Cache, socialGraphDB NoSQLDatabase, userIDService socialnetwork.UserIDService}) ---> depends on: {socialnetwork.SocialGraphServiceImpl struct{socialGraphCache Cache, socialGraphDB NoSQLDatabase, userIDService socialnetwork.UserIDService}}
	 [1] ctx context.Context ---> depends on: {}
	 [2] reqID int64 ---> depends on: {}
	 [3] userID int64 ---> depends on: {}
	 [4] followers []int64 ---> depends on: {FollowerID int64, FollowerID int64}
	 [5] followerInfos []socialnetwork.FollowerInfo struct{FollowerID int64, Timestamp int64} ---> depends on: {}
	 [6] userIDstr string ---> depends on: {userID int64, 10 int, userID int64, 10 int}
	 [7] exists bool ---> depends on: {}
	 [8] err .error ---> depends on: {}
	 [9] collection NoSQLCollection {database = social-graph, collection = social-graph} ---> depends on: {}
	 [10] err .error ---> depends on: {}
	 [11] query string ---> depends on: {}
	 [12] query_d primitive.D ---> depends on: {}
	 [13] err .error ---> depends on: {}
	 [14] val NoSQLCursor {database = social-graph, collection = social-graph} ---> depends on: {userInfo socialnetwork.UserInfo struct{UserID int64, Followers []socialnetwork.FollowerInfo struct{FollowerID int64, Timestamp int64}, Followees []socialnetwork.FolloweeInfo struct{FolloweeID int64, Timestamp int64}}}
	 [15] err .error ---> depends on: {}
	 [16] userInfo socialnetwork.UserInfo struct{UserID int64, Followers []socialnetwork.FollowerInfo struct{FollowerID int64, Timestamp int64}, Followees []socialnetwork.FolloweeInfo struct{FolloweeID int64, Timestamp int64}} ---> depends on: {Followers []socialnetwork.FollowerInfo struct{FollowerID int64, Timestamp int64}}
	 [17] in_db bool ---> depends on: {}
	 [18] err .error ---> depends on: {}

[BLOCK, #13, IfThen] NODES = [*ast.ReturnStmt]; SUCCS = []
	 [0] s (*socialnetwork.SocialGraphServiceImpl struct{socialGraphCache Cache, socialGraphDB NoSQLDatabase, userIDService socialnetwork.UserIDService}) ---> depends on: {socialnetwork.SocialGraphServiceImpl struct{socialGraphCache Cache, socialGraphDB NoSQLDatabase, userIDService socialnetwork.UserIDService}}
	 [1] ctx context.Context ---> depends on: {}
	 [2] reqID int64 ---> depends on: {}
	 [3] userID int64 ---> depends on: {}
	 [4] followers []int64 ---> depends on: {FollowerID int64, FollowerID int64}
	 [5] followerInfos []socialnetwork.FollowerInfo struct{FollowerID int64, Timestamp int64} ---> depends on: {}
	 [6] userIDstr string ---> depends on: {userID int64, 10 int, userID int64, 10 int}
	 [7] exists bool ---> depends on: {}
	 [8] err .error ---> depends on: {}
	 [9] collection NoSQLCollection {database = social-graph, collection = social-graph} ---> depends on: {}
	 [10] err .error ---> depends on: {}
	 [11] query string ---> depends on: {}
	 [12] query_d primitive.D ---> depends on: {}
	 [13] err .error ---> depends on: {}
	 [14] val NoSQLCursor {database = social-graph, collection = social-graph} ---> depends on: {userInfo socialnetwork.UserInfo struct{UserID int64, Followers []socialnetwork.FollowerInfo struct{FollowerID int64, Timestamp int64}, Followees []socialnetwork.FolloweeInfo struct{FolloweeID int64, Timestamp int64}}}
	 [15] err .error ---> depends on: {}
	 [16] userInfo socialnetwork.UserInfo struct{UserID int64, Followers []socialnetwork.FollowerInfo struct{FollowerID int64, Timestamp int64}, Followees []socialnetwork.FolloweeInfo struct{FolloweeID int64, Timestamp int64}} ---> depends on: {Followers []socialnetwork.FollowerInfo struct{FollowerID int64, Timestamp int64}}
	 [17] in_db bool ---> depends on: {}
	 [18] err .error ---> depends on: {}

[BLOCK, #14, IfDone] NODES = [*ast.UnaryExpr]; SUCCS = [Block #16, Block #17]
	 [0] s (*socialnetwork.SocialGraphServiceImpl struct{socialGraphCache Cache, socialGraphDB NoSQLDatabase, userIDService socialnetwork.UserIDService}) ---> depends on: {socialnetwork.SocialGraphServiceImpl struct{socialGraphCache Cache, socialGraphDB NoSQLDatabase, userIDService socialnetwork.UserIDService}}
	 [1] ctx context.Context ---> depends on: {}
	 [2] reqID int64 ---> depends on: {}
	 [3] userID int64 ---> depends on: {}
	 [4] followers []int64 ---> depends on: {FollowerID int64, FollowerID int64}
	 [5] followerInfos []socialnetwork.FollowerInfo struct{FollowerID int64, Timestamp int64} ---> depends on: {}
	 [6] userIDstr string ---> depends on: {userID int64, 10 int, userID int64, 10 int}
	 [7] exists bool ---> depends on: {}
	 [8] err .error ---> depends on: {}
	 [9] collection NoSQLCollection {database = social-graph, collection = social-graph} ---> depends on: {}
	 [10] err .error ---> depends on: {}
	 [11] query string ---> depends on: {}
	 [12] query_d primitive.D ---> depends on: {}
	 [13] err .error ---> depends on: {}
	 [14] val NoSQLCursor {database = social-graph, collection = social-graph} ---> depends on: {userInfo socialnetwork.UserInfo struct{UserID int64, Followers []socialnetwork.FollowerInfo struct{FollowerID int64, Timestamp int64}, Followees []socialnetwork.FolloweeInfo struct{FolloweeID int64, Timestamp int64}}}
	 [15] err .error ---> depends on: {}
	 [16] userInfo socialnetwork.UserInfo struct{UserID int64, Followers []socialnetwork.FollowerInfo struct{FollowerID int64, Timestamp int64}, Followees []socialnetwork.FolloweeInfo struct{FolloweeID int64, Timestamp int64}} ---> depends on: {Followers []socialnetwork.FollowerInfo struct{FollowerID int64, Timestamp int64}}
	 [17] in_db bool ---> depends on: {}
	 [18] err .error ---> depends on: {}

[BLOCK, #16, IfThen] NODES = [*ast.ReturnStmt]; SUCCS = []
	 [0] s (*socialnetwork.SocialGraphServiceImpl struct{socialGraphCache Cache, socialGraphDB NoSQLDatabase, userIDService socialnetwork.UserIDService}) ---> depends on: {socialnetwork.SocialGraphServiceImpl struct{socialGraphCache Cache, socialGraphDB NoSQLDatabase, userIDService socialnetwork.UserIDService}}
	 [1] ctx context.Context ---> depends on: {}
	 [2] reqID int64 ---> depends on: {}
	 [3] userID int64 ---> depends on: {}
	 [4] followers []int64 ---> depends on: {FollowerID int64, FollowerID int64}
	 [5] followerInfos []socialnetwork.FollowerInfo struct{FollowerID int64, Timestamp int64} ---> depends on: {}
	 [6] userIDstr string ---> depends on: {userID int64, 10 int, userID int64, 10 int}
	 [7] exists bool ---> depends on: {}
	 [8] err .error ---> depends on: {}
	 [9] collection NoSQLCollection {database = social-graph, collection = social-graph} ---> depends on: {}
	 [10] err .error ---> depends on: {}
	 [11] query string ---> depends on: {}
	 [12] query_d primitive.D ---> depends on: {}
	 [13] err .error ---> depends on: {}
	 [14] val NoSQLCursor {database = social-graph, collection = social-graph} ---> depends on: {userInfo socialnetwork.UserInfo struct{UserID int64, Followers []socialnetwork.FollowerInfo struct{FollowerID int64, Timestamp int64}, Followees []socialnetwork.FolloweeInfo struct{FolloweeID int64, Timestamp int64}}}
	 [15] err .error ---> depends on: {}
	 [16] userInfo socialnetwork.UserInfo struct{UserID int64, Followers []socialnetwork.FollowerInfo struct{FollowerID int64, Timestamp int64}, Followees []socialnetwork.FolloweeInfo struct{FolloweeID int64, Timestamp int64}} ---> depends on: {Followers []socialnetwork.FollowerInfo struct{FollowerID int64, Timestamp int64}}
	 [17] in_db bool ---> depends on: {}
	 [18] err .error ---> depends on: {}

[BLOCK, #17, IfDone] NODES = [*ast.SelectorExpr, *ast.Ident, *ast.Ident]; SUCCS = [Block #19]
	 [0] s (*socialnetwork.SocialGraphServiceImpl struct{socialGraphCache Cache, socialGraphDB NoSQLDatabase, userIDService socialnetwork.UserIDService}) ---> depends on: {socialnetwork.SocialGraphServiceImpl struct{socialGraphCache Cache, socialGraphDB NoSQLDatabase, userIDService socialnetwork.UserIDService}}
	 [1] ctx context.Context ---> depends on: {}
	 [2] reqID int64 ---> depends on: {}
	 [3] userID int64 ---> depends on: {}
	 [4] followers []int64 ---> depends on: {FollowerID int64, FollowerID int64}
	 [5] followerInfos []socialnetwork.FollowerInfo struct{FollowerID int64, Timestamp int64} ---> depends on: {}
	 [6] userIDstr string ---> depends on: {userID int64, 10 int, userID int64, 10 int}
	 [7] exists bool ---> depends on: {}
	 [8] err .error ---> depends on: {}
	 [9] collection NoSQLCollection {database = social-graph, collection = social-graph} ---> depends on: {}
	 [10] err .error ---> depends on: {}
	 [11] query string ---> depends on: {}
	 [12] query_d primitive.D ---> depends on: {}
	 [13] err .error ---> depends on: {}
	 [14] val NoSQLCursor {database = social-graph, collection = social-graph} ---> depends on: {userInfo socialnetwork.UserInfo struct{UserID int64, Followers []socialnetwork.FollowerInfo struct{FollowerID int64, Timestamp int64}, Followees []socialnetwork.FolloweeInfo struct{FolloweeID int64, Timestamp int64}}}
	 [15] err .error ---> depends on: {}
	 [16] userInfo socialnetwork.UserInfo struct{UserID int64, Followers []socialnetwork.FollowerInfo struct{FollowerID int64, Timestamp int64}, Followees []socialnetwork.FolloweeInfo struct{FolloweeID int64, Timestamp int64}} ---> depends on: {Followers []socialnetwork.FollowerInfo struct{FollowerID int64, Timestamp int64}}
	 [17] in_db bool ---> depends on: {}
	 [18] err .error ---> depends on: {}
	 [19] follower socialnetwork.FollowerInfo struct{FollowerID int64, Timestamp int64} ---> depends on: {Followers []socialnetwork.FollowerInfo struct{FollowerID int64, Timestamp int64}, FollowerID int64}

[BLOCK, #19, RangeLoop] NODES = []; SUCCS = [Block #20, Block #21]
	 [0] s (*socialnetwork.SocialGraphServiceImpl struct{socialGraphCache Cache, socialGraphDB NoSQLDatabase, userIDService socialnetwork.UserIDService}) ---> depends on: {socialnetwork.SocialGraphServiceImpl struct{socialGraphCache Cache, socialGraphDB NoSQLDatabase, userIDService socialnetwork.UserIDService}}
	 [1] ctx context.Context ---> depends on: {}
	 [2] reqID int64 ---> depends on: {}
	 [3] userID int64 ---> depends on: {}
	 [4] followers []int64 ---> depends on: {FollowerID int64, FollowerID int64}
	 [5] followerInfos []socialnetwork.FollowerInfo struct{FollowerID int64, Timestamp int64} ---> depends on: {}
	 [6] userIDstr string ---> depends on: {userID int64, 10 int, userID int64, 10 int}
	 [7] exists bool ---> depends on: {}
	 [8] err .error ---> depends on: {}
	 [9] collection NoSQLCollection {database = social-graph, collection = social-graph} ---> depends on: {}
	 [10] err .error ---> depends on: {}
	 [11] query string ---> depends on: {}
	 [12] query_d primitive.D ---> depends on: {}
	 [13] err .error ---> depends on: {}
	 [14] val NoSQLCursor {database = social-graph, collection = social-graph} ---> depends on: {userInfo socialnetwork.UserInfo struct{UserID int64, Followers []socialnetwork.FollowerInfo struct{FollowerID int64, Timestamp int64}, Followees []socialnetwork.FolloweeInfo struct{FolloweeID int64, Timestamp int64}}}
	 [15] err .error ---> depends on: {}
	 [16] userInfo socialnetwork.UserInfo struct{UserID int64, Followers []socialnetwork.FollowerInfo struct{FollowerID int64, Timestamp int64}, Followees []socialnetwork.FolloweeInfo struct{FolloweeID int64, Timestamp int64}} ---> depends on: {Followers []socialnetwork.FollowerInfo struct{FollowerID int64, Timestamp int64}}
	 [17] in_db bool ---> depends on: {}
	 [18] err .error ---> depends on: {}
	 [19] follower socialnetwork.FollowerInfo struct{FollowerID int64, Timestamp int64} ---> depends on: {Followers []socialnetwork.FollowerInfo struct{FollowerID int64, Timestamp int64}, FollowerID int64}
	 [20] followers []int64 ---> depends on: {FollowerID int64}
	 [21] s (*socialnetwork.SocialGraphServiceImpl struct{socialGraphCache Cache, socialGraphDB NoSQLDatabase, userIDService socialnetwork.UserIDService}) ---> depends on: {socialnetwork.SocialGraphServiceImpl struct{socialGraphCache Cache, socialGraphDB NoSQLDatabase, userIDService socialnetwork.UserIDService}}
	 [22] ctx context.Context ---> depends on: {}
	 [23] reqID int64 ---> depends on: {}
	 [24] userID int64 ---> depends on: {}
	 [25] followers []int64 ---> depends on: {FollowerID int64, FollowerID int64}
	 [26] followerInfos []socialnetwork.FollowerInfo struct{FollowerID int64, Timestamp int64} ---> depends on: {}
	 [27] userIDstr string ---> depends on: {userID int64, 10 int, userID int64, 10 int}
	 [28] exists bool ---> depends on: {}
	 [29] err .error ---> depends on: {}
	 [30] collection NoSQLCollection {database = social-graph, collection = social-graph} ---> depends on: {}
	 [31] err .error ---> depends on: {}
	 [32] query string ---> depends on: {}
	 [33] query_d primitive.D ---> depends on: {}
	 [34] err .error ---> depends on: {}
	 [35] val NoSQLCursor {database = social-graph, collection = social-graph} ---> depends on: {userInfo socialnetwork.UserInfo struct{UserID int64, Followers []socialnetwork.FollowerInfo struct{FollowerID int64, Timestamp int64}, Followees []socialnetwork.FolloweeInfo struct{FolloweeID int64, Timestamp int64}}}
	 [36] err .error ---> depends on: {}
	 [37] userInfo socialnetwork.UserInfo struct{UserID int64, Followers []socialnetwork.FollowerInfo struct{FollowerID int64, Timestamp int64}, Followees []socialnetwork.FolloweeInfo struct{FolloweeID int64, Timestamp int64}} ---> depends on: {Followers []socialnetwork.FollowerInfo struct{FollowerID int64, Timestamp int64}}
	 [38] in_db bool ---> depends on: {}
	 [39] err .error ---> depends on: {}
	 [40] follower socialnetwork.FollowerInfo struct{FollowerID int64, Timestamp int64} ---> depends on: {Followers []socialnetwork.FollowerInfo struct{FollowerID int64, Timestamp int64}, FollowerID int64}

[BLOCK, #20, RangeBody] NODES = [*ast.AssignStmt]; SUCCS = [Block #19]
	 [0] s (*socialnetwork.SocialGraphServiceImpl struct{socialGraphCache Cache, socialGraphDB NoSQLDatabase, userIDService socialnetwork.UserIDService}) ---> depends on: {socialnetwork.SocialGraphServiceImpl struct{socialGraphCache Cache, socialGraphDB NoSQLDatabase, userIDService socialnetwork.UserIDService}}
	 [1] ctx context.Context ---> depends on: {}
	 [2] reqID int64 ---> depends on: {}
	 [3] userID int64 ---> depends on: {}
	 [4] followers []int64 ---> depends on: {FollowerID int64, FollowerID int64}
	 [5] followerInfos []socialnetwork.FollowerInfo struct{FollowerID int64, Timestamp int64} ---> depends on: {}
	 [6] userIDstr string ---> depends on: {userID int64, 10 int, userID int64, 10 int}
	 [7] exists bool ---> depends on: {}
	 [8] err .error ---> depends on: {}
	 [9] collection NoSQLCollection {database = social-graph, collection = social-graph} ---> depends on: {}
	 [10] err .error ---> depends on: {}
	 [11] query string ---> depends on: {}
	 [12] query_d primitive.D ---> depends on: {}
	 [13] err .error ---> depends on: {}
	 [14] val NoSQLCursor {database = social-graph, collection = social-graph} ---> depends on: {userInfo socialnetwork.UserInfo struct{UserID int64, Followers []socialnetwork.FollowerInfo struct{FollowerID int64, Timestamp int64}, Followees []socialnetwork.FolloweeInfo struct{FolloweeID int64, Timestamp int64}}}
	 [15] err .error ---> depends on: {}
	 [16] userInfo socialnetwork.UserInfo struct{UserID int64, Followers []socialnetwork.FollowerInfo struct{FollowerID int64, Timestamp int64}, Followees []socialnetwork.FolloweeInfo struct{FolloweeID int64, Timestamp int64}} ---> depends on: {Followers []socialnetwork.FollowerInfo struct{FollowerID int64, Timestamp int64}}
	 [17] in_db bool ---> depends on: {}
	 [18] err .error ---> depends on: {}
	 [19] follower socialnetwork.FollowerInfo struct{FollowerID int64, Timestamp int64} ---> depends on: {Followers []socialnetwork.FollowerInfo struct{FollowerID int64, Timestamp int64}, FollowerID int64}
	 [20] followers []int64 ---> depends on: {FollowerID int64}

[BLOCK, #21, RangeDone] NODES = [*ast.AssignStmt]; SUCCS = [Block #5]
	 [0] s (*socialnetwork.SocialGraphServiceImpl struct{socialGraphCache Cache, socialGraphDB NoSQLDatabase, userIDService socialnetwork.UserIDService}) ---> depends on: {socialnetwork.SocialGraphServiceImpl struct{socialGraphCache Cache, socialGraphDB NoSQLDatabase, userIDService socialnetwork.UserIDService}}
	 [1] ctx context.Context ---> depends on: {}
	 [2] reqID int64 ---> depends on: {}
	 [3] userID int64 ---> depends on: {}
	 [4] followers []int64 ---> depends on: {FollowerID int64, FollowerID int64}
	 [5] followerInfos []socialnetwork.FollowerInfo struct{FollowerID int64, Timestamp int64} ---> depends on: {}
	 [6] userIDstr string ---> depends on: {userID int64, 10 int, userID int64, 10 int}
	 [7] exists bool ---> depends on: {}
	 [8] err .error ---> depends on: {}
	 [9] collection NoSQLCollection {database = social-graph, collection = social-graph} ---> depends on: {}
	 [10] err .error ---> depends on: {}
	 [11] query string ---> depends on: {}
	 [12] query_d primitive.D ---> depends on: {}
	 [13] err .error ---> depends on: {}
	 [14] val NoSQLCursor {database = social-graph, collection = social-graph} ---> depends on: {userInfo socialnetwork.UserInfo struct{UserID int64, Followers []socialnetwork.FollowerInfo struct{FollowerID int64, Timestamp int64}, Followees []socialnetwork.FolloweeInfo struct{FolloweeID int64, Timestamp int64}}}
	 [15] err .error ---> depends on: {}
	 [16] userInfo socialnetwork.UserInfo struct{UserID int64, Followers []socialnetwork.FollowerInfo struct{FollowerID int64, Timestamp int64}, Followees []socialnetwork.FolloweeInfo struct{FolloweeID int64, Timestamp int64}} ---> depends on: {Followers []socialnetwork.FollowerInfo struct{FollowerID int64, Timestamp int64}}
	 [17] in_db bool ---> depends on: {}
	 [18] err .error ---> depends on: {}
	 [19] follower socialnetwork.FollowerInfo struct{FollowerID int64, Timestamp int64} ---> depends on: {Followers []socialnetwork.FollowerInfo struct{FollowerID int64, Timestamp int64}, FollowerID int64}
	 [20] followers []int64 ---> depends on: {FollowerID int64}
	 [21] s (*socialnetwork.SocialGraphServiceImpl struct{socialGraphCache Cache, socialGraphDB NoSQLDatabase, userIDService socialnetwork.UserIDService}) ---> depends on: {socialnetwork.SocialGraphServiceImpl struct{socialGraphCache Cache, socialGraphDB NoSQLDatabase, userIDService socialnetwork.UserIDService}}
	 [22] ctx context.Context ---> depends on: {}
	 [23] reqID int64 ---> depends on: {}
	 [24] userID int64 ---> depends on: {}
	 [25] followers []int64 ---> depends on: {FollowerID int64, FollowerID int64}
	 [26] followerInfos []socialnetwork.FollowerInfo struct{FollowerID int64, Timestamp int64} ---> depends on: {}
	 [27] userIDstr string ---> depends on: {userID int64, 10 int, userID int64, 10 int}
	 [28] exists bool ---> depends on: {}
	 [29] err .error ---> depends on: {}
	 [30] collection NoSQLCollection {database = social-graph, collection = social-graph} ---> depends on: {}
	 [31] err .error ---> depends on: {}
	 [32] query string ---> depends on: {}
	 [33] query_d primitive.D ---> depends on: {}
	 [34] err .error ---> depends on: {}
	 [35] val NoSQLCursor {database = social-graph, collection = social-graph} ---> depends on: {userInfo socialnetwork.UserInfo struct{UserID int64, Followers []socialnetwork.FollowerInfo struct{FollowerID int64, Timestamp int64}, Followees []socialnetwork.FolloweeInfo struct{FolloweeID int64, Timestamp int64}}}
	 [36] err .error ---> depends on: {}
	 [37] userInfo socialnetwork.UserInfo struct{UserID int64, Followers []socialnetwork.FollowerInfo struct{FollowerID int64, Timestamp int64}, Followees []socialnetwork.FolloweeInfo struct{FolloweeID int64, Timestamp int64}} ---> depends on: {Followers []socialnetwork.FollowerInfo struct{FollowerID int64, Timestamp int64}}
	 [38] in_db bool ---> depends on: {}
	 [39] err .error ---> depends on: {}
	 [40] follower socialnetwork.FollowerInfo struct{FollowerID int64, Timestamp int64} ---> depends on: {Followers []socialnetwork.FollowerInfo struct{FollowerID int64, Timestamp int64}, FollowerID int64}
	 [41] err .error ---> depends on: {}

[BLOCK, #5, IfDone] NODES = [*ast.ReturnStmt]; SUCCS = []
	 [0] s (*socialnetwork.SocialGraphServiceImpl struct{socialGraphCache Cache, socialGraphDB NoSQLDatabase, userIDService socialnetwork.UserIDService}) ---> depends on: {socialnetwork.SocialGraphServiceImpl struct{socialGraphCache Cache, socialGraphDB NoSQLDatabase, userIDService socialnetwork.UserIDService}}
	 [1] ctx context.Context ---> depends on: {}
	 [2] reqID int64 ---> depends on: {}
	 [3] userID int64 ---> depends on: {}
	 [4] followers []int64 ---> depends on: {FollowerID int64, FollowerID int64}
	 [5] followerInfos []socialnetwork.FollowerInfo struct{FollowerID int64, Timestamp int64} ---> depends on: {}
	 [6] userIDstr string ---> depends on: {userID int64, 10 int, userID int64, 10 int}
	 [7] exists bool ---> depends on: {}
	 [8] err .error ---> depends on: {}
	 [9] f socialnetwork.FollowerInfo struct{FollowerID int64, Timestamp int64} ---> depends on: {followerInfos []socialnetwork.FollowerInfo struct{FollowerID int64, Timestamp int64}, FollowerID int64}
	 [10] followers []int64 ---> depends on: {FollowerID int64, FollowerID int64}
	 [11] s (*socialnetwork.SocialGraphServiceImpl struct{socialGraphCache Cache, socialGraphDB NoSQLDatabase, userIDService socialnetwork.UserIDService}) ---> depends on: {socialnetwork.SocialGraphServiceImpl struct{socialGraphCache Cache, socialGraphDB NoSQLDatabase, userIDService socialnetwork.UserIDService}}
	 [12] ctx context.Context ---> depends on: {}
	 [13] reqID int64 ---> depends on: {}
	 [14] userID int64 ---> depends on: {}
	 [15] followers []int64 ---> depends on: {FollowerID int64, FollowerID int64}
	 [16] followerInfos []socialnetwork.FollowerInfo struct{FollowerID int64, Timestamp int64} ---> depends on: {}
	 [17] userIDstr string ---> depends on: {userID int64, 10 int, userID int64, 10 int}
	 [18] exists bool ---> depends on: {}
	 [19] err .error ---> depends on: {}
	 [20] f socialnetwork.FollowerInfo struct{FollowerID int64, Timestamp int64} ---> depends on: {followerInfos []socialnetwork.FollowerInfo struct{FollowerID int64, Timestamp int64}, FollowerID int64}
	 [21] s (*socialnetwork.SocialGraphServiceImpl struct{socialGraphCache Cache, socialGraphDB NoSQLDatabase, userIDService socialnetwork.UserIDService}) ---> depends on: {socialnetwork.SocialGraphServiceImpl struct{socialGraphCache Cache, socialGraphDB NoSQLDatabase, userIDService socialnetwork.UserIDService}}
	 [22] ctx context.Context ---> depends on: {}
	 [23] reqID int64 ---> depends on: {}
	 [24] userID int64 ---> depends on: {}
	 [25] followers []int64 ---> depends on: {FollowerID int64, FollowerID int64}
	 [26] followerInfos []socialnetwork.FollowerInfo struct{FollowerID int64, Timestamp int64} ---> depends on: {}
	 [27] userIDstr string ---> depends on: {userID int64, 10 int, userID int64, 10 int}
	 [28] exists bool ---> depends on: {}
	 [29] err .error ---> depends on: {}
	 [30] collection NoSQLCollection {database = social-graph, collection = social-graph} ---> depends on: {}
	 [31] err .error ---> depends on: {}
	 [32] query string ---> depends on: {}
	 [33] query_d primitive.D ---> depends on: {}
	 [34] err .error ---> depends on: {}
	 [35] val NoSQLCursor {database = social-graph, collection = social-graph} ---> depends on: {userInfo socialnetwork.UserInfo struct{UserID int64, Followers []socialnetwork.FollowerInfo struct{FollowerID int64, Timestamp int64}, Followees []socialnetwork.FolloweeInfo struct{FolloweeID int64, Timestamp int64}}}
	 [36] err .error ---> depends on: {}
	 [37] userInfo socialnetwork.UserInfo struct{UserID int64, Followers []socialnetwork.FollowerInfo struct{FollowerID int64, Timestamp int64}, Followees []socialnetwork.FolloweeInfo struct{FolloweeID int64, Timestamp int64}} ---> depends on: {Followers []socialnetwork.FollowerInfo struct{FollowerID int64, Timestamp int64}}
	 [38] in_db bool ---> depends on: {}
	 [39] err .error ---> depends on: {}
	 [40] follower socialnetwork.FollowerInfo struct{FollowerID int64, Timestamp int64} ---> depends on: {Followers []socialnetwork.FollowerInfo struct{FollowerID int64, Timestamp int64}, FollowerID int64}
	 [41] followers []int64 ---> depends on: {FollowerID int64}
	 [42] s (*socialnetwork.SocialGraphServiceImpl struct{socialGraphCache Cache, socialGraphDB NoSQLDatabase, userIDService socialnetwork.UserIDService}) ---> depends on: {socialnetwork.SocialGraphServiceImpl struct{socialGraphCache Cache, socialGraphDB NoSQLDatabase, userIDService socialnetwork.UserIDService}}
	 [43] ctx context.Context ---> depends on: {}
	 [44] reqID int64 ---> depends on: {}
	 [45] userID int64 ---> depends on: {}
	 [46] followers []int64 ---> depends on: {FollowerID int64, FollowerID int64}
	 [47] followerInfos []socialnetwork.FollowerInfo struct{FollowerID int64, Timestamp int64} ---> depends on: {}
	 [48] userIDstr string ---> depends on: {userID int64, 10 int, userID int64, 10 int}
	 [49] exists bool ---> depends on: {}
	 [50] err .error ---> depends on: {}
	 [51] collection NoSQLCollection {database = social-graph, collection = social-graph} ---> depends on: {}
	 [52] err .error ---> depends on: {}
	 [53] query string ---> depends on: {}
	 [54] query_d primitive.D ---> depends on: {}
	 [55] err .error ---> depends on: {}
	 [56] val NoSQLCursor {database = social-graph, collection = social-graph} ---> depends on: {userInfo socialnetwork.UserInfo struct{UserID int64, Followers []socialnetwork.FollowerInfo struct{FollowerID int64, Timestamp int64}, Followees []socialnetwork.FolloweeInfo struct{FolloweeID int64, Timestamp int64}}}
	 [57] err .error ---> depends on: {}
	 [58] userInfo socialnetwork.UserInfo struct{UserID int64, Followers []socialnetwork.FollowerInfo struct{FollowerID int64, Timestamp int64}, Followees []socialnetwork.FolloweeInfo struct{FolloweeID int64, Timestamp int64}} ---> depends on: {Followers []socialnetwork.FollowerInfo struct{FollowerID int64, Timestamp int64}}
	 [59] in_db bool ---> depends on: {}
	 [60] err .error ---> depends on: {}
	 [61] follower socialnetwork.FollowerInfo struct{FollowerID int64, Timestamp int64} ---> depends on: {Followers []socialnetwork.FollowerInfo struct{FollowerID int64, Timestamp int64}, FollowerID int64}
	 [62] err .error ---> depends on: {}

[BLOCK, #6, IfElse] NODES = [*ast.Ident, *ast.Ident, *ast.Ident]; SUCCS = [Block #22]
	 [0] s (*socialnetwork.SocialGraphServiceImpl struct{socialGraphCache Cache, socialGraphDB NoSQLDatabase, userIDService socialnetwork.UserIDService}) ---> depends on: {socialnetwork.SocialGraphServiceImpl struct{socialGraphCache Cache, socialGraphDB NoSQLDatabase, userIDService socialnetwork.UserIDService}}
	 [1] ctx context.Context ---> depends on: {}
	 [2] reqID int64 ---> depends on: {}
	 [3] userID int64 ---> depends on: {}
	 [4] followers []int64 ---> depends on: {FollowerID int64, FollowerID int64}
	 [5] followerInfos []socialnetwork.FollowerInfo struct{FollowerID int64, Timestamp int64} ---> depends on: {}
	 [6] userIDstr string ---> depends on: {userID int64, 10 int, userID int64, 10 int}
	 [7] exists bool ---> depends on: {}
	 [8] err .error ---> depends on: {}
	 [9] f socialnetwork.FollowerInfo struct{FollowerID int64, Timestamp int64} ---> depends on: {followerInfos []socialnetwork.FollowerInfo struct{FollowerID int64, Timestamp int64}, FollowerID int64}

[BLOCK, #22, RangeLoop] NODES = []; SUCCS = [Block #23, Block #24]
	 [0] s (*socialnetwork.SocialGraphServiceImpl struct{socialGraphCache Cache, socialGraphDB NoSQLDatabase, userIDService socialnetwork.UserIDService}) ---> depends on: {socialnetwork.SocialGraphServiceImpl struct{socialGraphCache Cache, socialGraphDB NoSQLDatabase, userIDService socialnetwork.UserIDService}}
	 [1] ctx context.Context ---> depends on: {}
	 [2] reqID int64 ---> depends on: {}
	 [3] userID int64 ---> depends on: {}
	 [4] followers []int64 ---> depends on: {FollowerID int64, FollowerID int64}
	 [5] followerInfos []socialnetwork.FollowerInfo struct{FollowerID int64, Timestamp int64} ---> depends on: {}
	 [6] userIDstr string ---> depends on: {userID int64, 10 int, userID int64, 10 int}
	 [7] exists bool ---> depends on: {}
	 [8] err .error ---> depends on: {}
	 [9] f socialnetwork.FollowerInfo struct{FollowerID int64, Timestamp int64} ---> depends on: {followerInfos []socialnetwork.FollowerInfo struct{FollowerID int64, Timestamp int64}, FollowerID int64}
	 [10] followers []int64 ---> depends on: {FollowerID int64, FollowerID int64}
	 [11] s (*socialnetwork.SocialGraphServiceImpl struct{socialGraphCache Cache, socialGraphDB NoSQLDatabase, userIDService socialnetwork.UserIDService}) ---> depends on: {socialnetwork.SocialGraphServiceImpl struct{socialGraphCache Cache, socialGraphDB NoSQLDatabase, userIDService socialnetwork.UserIDService}}
	 [12] ctx context.Context ---> depends on: {}
	 [13] reqID int64 ---> depends on: {}
	 [14] userID int64 ---> depends on: {}
	 [15] followers []int64 ---> depends on: {FollowerID int64, FollowerID int64}
	 [16] followerInfos []socialnetwork.FollowerInfo struct{FollowerID int64, Timestamp int64} ---> depends on: {}
	 [17] userIDstr string ---> depends on: {userID int64, 10 int, userID int64, 10 int}
	 [18] exists bool ---> depends on: {}
	 [19] err .error ---> depends on: {}
	 [20] f socialnetwork.FollowerInfo struct{FollowerID int64, Timestamp int64} ---> depends on: {followerInfos []socialnetwork.FollowerInfo struct{FollowerID int64, Timestamp int64}, FollowerID int64}

[BLOCK, #23, RangeBody] NODES = [*ast.AssignStmt]; SUCCS = [Block #22]
	 [0] s (*socialnetwork.SocialGraphServiceImpl struct{socialGraphCache Cache, socialGraphDB NoSQLDatabase, userIDService socialnetwork.UserIDService}) ---> depends on: {socialnetwork.SocialGraphServiceImpl struct{socialGraphCache Cache, socialGraphDB NoSQLDatabase, userIDService socialnetwork.UserIDService}}
	 [1] ctx context.Context ---> depends on: {}
	 [2] reqID int64 ---> depends on: {}
	 [3] userID int64 ---> depends on: {}
	 [4] followers []int64 ---> depends on: {FollowerID int64, FollowerID int64}
	 [5] followerInfos []socialnetwork.FollowerInfo struct{FollowerID int64, Timestamp int64} ---> depends on: {}
	 [6] userIDstr string ---> depends on: {userID int64, 10 int, userID int64, 10 int}
	 [7] exists bool ---> depends on: {}
	 [8] err .error ---> depends on: {}
	 [9] f socialnetwork.FollowerInfo struct{FollowerID int64, Timestamp int64} ---> depends on: {followerInfos []socialnetwork.FollowerInfo struct{FollowerID int64, Timestamp int64}, FollowerID int64}
	 [10] followers []int64 ---> depends on: {FollowerID int64, FollowerID int64}

[BLOCK, #24, RangeDone] NODES = []; SUCCS = [Block #5]
	 [0] s (*socialnetwork.SocialGraphServiceImpl struct{socialGraphCache Cache, socialGraphDB NoSQLDatabase, userIDService socialnetwork.UserIDService}) ---> depends on: {socialnetwork.SocialGraphServiceImpl struct{socialGraphCache Cache, socialGraphDB NoSQLDatabase, userIDService socialnetwork.UserIDService}}
	 [1] ctx context.Context ---> depends on: {}
	 [2] reqID int64 ---> depends on: {}
	 [3] userID int64 ---> depends on: {}
	 [4] followers []int64 ---> depends on: {FollowerID int64, FollowerID int64}
	 [5] followerInfos []socialnetwork.FollowerInfo struct{FollowerID int64, Timestamp int64} ---> depends on: {}
	 [6] userIDstr string ---> depends on: {userID int64, 10 int, userID int64, 10 int}
	 [7] exists bool ---> depends on: {}
	 [8] err .error ---> depends on: {}
	 [9] f socialnetwork.FollowerInfo struct{FollowerID int64, Timestamp int64} ---> depends on: {followerInfos []socialnetwork.FollowerInfo struct{FollowerID int64, Timestamp int64}, FollowerID int64}
	 [10] followers []int64 ---> depends on: {FollowerID int64, FollowerID int64}
	 [11] s (*socialnetwork.SocialGraphServiceImpl struct{socialGraphCache Cache, socialGraphDB NoSQLDatabase, userIDService socialnetwork.UserIDService}) ---> depends on: {socialnetwork.SocialGraphServiceImpl struct{socialGraphCache Cache, socialGraphDB NoSQLDatabase, userIDService socialnetwork.UserIDService}}
	 [12] ctx context.Context ---> depends on: {}
	 [13] reqID int64 ---> depends on: {}
	 [14] userID int64 ---> depends on: {}
	 [15] followers []int64 ---> depends on: {FollowerID int64, FollowerID int64}
	 [16] followerInfos []socialnetwork.FollowerInfo struct{FollowerID int64, Timestamp int64} ---> depends on: {}
	 [17] userIDstr string ---> depends on: {userID int64, 10 int, userID int64, 10 int}
	 [18] exists bool ---> depends on: {}
	 [19] err .error ---> depends on: {}
	 [20] f socialnetwork.FollowerInfo struct{FollowerID int64, Timestamp int64} ---> depends on: {followerInfos []socialnetwork.FollowerInfo struct{FollowerID int64, Timestamp int64}, FollowerID int64}

