[BLOCK, #0, Body] NODES = [*ast.ValueSpec, *ast.ValueSpec, *ast.ValueSpec, *ast.ValueSpec, *ast.ValueSpec, *ast.ExprStmt, *ast.GoStmt, *ast.GoStmt, *ast.ExprStmt, *ast.BinaryExpr]; SUCCS = [Block #1, Block #2]
	 [0] s (*socialnetwork.SocialGraphServiceImpl struct{socialGraphCache Cache, socialGraphDB NoSQLDatabase, userIDService socialnetwork.UserIDService}) ---> depends on: {socialnetwork.SocialGraphServiceImpl struct{socialGraphCache Cache, socialGraphDB NoSQLDatabase, userIDService socialnetwork.UserIDService}}
	 [1] ctx context.Context ---> depends on: {}
	 [2] reqID int64 ---> depends on: {}
	 [3] username string ---> depends on: {}
	 [4] followee_name string ---> depends on: {}
	 [5] id int64 ---> depends on: {}
	 [6] followee_id int64 ---> depends on: {}
	 [7] err1 error ---> depends on: {}
	 [8] err2 error ---> depends on: {}
	 [9] wg sync.WaitGroup ---> depends on: {}

[BLOCK, #1, IfThen] NODES = [*ast.ReturnStmt]; SUCCS = []
	 [0] s (*socialnetwork.SocialGraphServiceImpl struct{socialGraphCache Cache, socialGraphDB NoSQLDatabase, userIDService socialnetwork.UserIDService}) ---> depends on: {socialnetwork.SocialGraphServiceImpl struct{socialGraphCache Cache, socialGraphDB NoSQLDatabase, userIDService socialnetwork.UserIDService}}
	 [1] ctx context.Context ---> depends on: {}
	 [2] reqID int64 ---> depends on: {}
	 [3] username string ---> depends on: {}
	 [4] followee_name string ---> depends on: {}
	 [5] id int64 ---> depends on: {}
	 [6] followee_id int64 ---> depends on: {}
	 [7] err1 error ---> depends on: {}
	 [8] err2 error ---> depends on: {}
	 [9] wg sync.WaitGroup ---> depends on: {}

[BLOCK, #2, IfDone] NODES = [*ast.BinaryExpr]; SUCCS = [Block #4, Block #5]
	 [0] s (*socialnetwork.SocialGraphServiceImpl struct{socialGraphCache Cache, socialGraphDB NoSQLDatabase, userIDService socialnetwork.UserIDService}) ---> depends on: {socialnetwork.SocialGraphServiceImpl struct{socialGraphCache Cache, socialGraphDB NoSQLDatabase, userIDService socialnetwork.UserIDService}}
	 [1] ctx context.Context ---> depends on: {}
	 [2] reqID int64 ---> depends on: {}
	 [3] username string ---> depends on: {}
	 [4] followee_name string ---> depends on: {}
	 [5] id int64 ---> depends on: {}
	 [6] followee_id int64 ---> depends on: {}
	 [7] err1 error ---> depends on: {}
	 [8] err2 error ---> depends on: {}
	 [9] wg sync.WaitGroup ---> depends on: {}

[BLOCK, #4, IfThen] NODES = [*ast.ReturnStmt]; SUCCS = []
	 [0] s (*socialnetwork.SocialGraphServiceImpl struct{socialGraphCache Cache, socialGraphDB NoSQLDatabase, userIDService socialnetwork.UserIDService}) ---> depends on: {socialnetwork.SocialGraphServiceImpl struct{socialGraphCache Cache, socialGraphDB NoSQLDatabase, userIDService socialnetwork.UserIDService}}
	 [1] ctx context.Context ---> depends on: {}
	 [2] reqID int64 ---> depends on: {}
	 [3] username string ---> depends on: {}
	 [4] followee_name string ---> depends on: {}
	 [5] id int64 ---> depends on: {}
	 [6] followee_id int64 ---> depends on: {}
	 [7] err1 error ---> depends on: {}
	 [8] err2 error ---> depends on: {}
	 [9] wg sync.WaitGroup ---> depends on: {}

[BLOCK, #5, IfDone] NODES = [*ast.ReturnStmt]; SUCCS = []
	 [0] s (*socialnetwork.SocialGraphServiceImpl struct{socialGraphCache Cache, socialGraphDB NoSQLDatabase, userIDService socialnetwork.UserIDService}) ---> depends on: {socialnetwork.SocialGraphServiceImpl struct{socialGraphCache Cache, socialGraphDB NoSQLDatabase, userIDService socialnetwork.UserIDService}}
	 [1] ctx context.Context ---> depends on: {}
	 [2] reqID int64 ---> depends on: {}
	 [3] username string ---> depends on: {}
	 [4] followee_name string ---> depends on: {}
	 [5] id int64 ---> depends on: {}
	 [6] followee_id int64 ---> depends on: {}
	 [7] err1 error ---> depends on: {}
	 [8] err2 error ---> depends on: {}
	 [9] wg sync.WaitGroup ---> depends on: {}

