[BLOCK, #0, Body] NODES = [*ast.AssignStmt, *ast.AssignStmt, *ast.ValueSpec, *ast.Ident, *ast.Ident, *ast.Ident]; SUCCS = [Block #1]
	 [0] t (*socialnetwork.TextServiceImpl struct{urlShortenService socialnetwork.UrlShortenService, userMentionService socialnetwork.UserMentionService}) ---> depends on: {socialnetwork.TextServiceImpl struct{urlShortenService socialnetwork.UrlShortenService, userMentionService socialnetwork.UserMentionService}}
	 [1] ctx context.Context ---> depends on: {}
	 [2] reqID int64 ---> depends on: {}
	 [3] text string ---> depends on: {}
	 [4] r (*regexp.Regexp struct{expr string, prog (*syntax.Prog struct{Inst []syntax.Inst struct{Op syntax.InstOp uint8, Out uint32, Arg uint32, Rune []rune}, Start int, NumCap int}), onepass (*regexp.onePassProg struct{Inst []regexp.onePassInst struct{Inst syntax.Inst struct{Op syntax.InstOp uint8, Out uint32, Arg uint32, Rune []rune}, Next []uint32}, Start int, NumCap int}), numSubexp int, maxBitStateLen int, subexpNames []string, prefix string, prefixBytes []byte, prefixRune rune, prefixEnd uint32, mpool int, matchcap int, prefixComplete bool, cond syntax.EmptyOp uint8, minInputLen int, longest bool}) ---> depends on: {`@[a-zA-Z0-9-_]+` string, `@[a-zA-Z0-9-_]+` string, regexp.Regexp struct{expr string, prog (*syntax.Prog struct{Inst []syntax.Inst struct{Op syntax.InstOp uint8, Out uint32, Arg uint32, Rune []rune}, Start int, NumCap int}), onepass (*regexp.onePassProg struct{Inst []regexp.onePassInst struct{Inst syntax.Inst struct{Op syntax.InstOp uint8, Out uint32, Arg uint32, Rune []rune}, Next []uint32}, Start int, NumCap int}), numSubexp int, maxBitStateLen int, subexpNames []string, prefix string, prefixBytes []byte, prefixRune rune, prefixEnd uint32, mpool int, matchcap int, prefixComplete bool, cond syntax.EmptyOp uint8, minInputLen int, longest bool}}
	 [5] matches []string ---> depends on: {text string, int, text string, int}
	 [6] usernames []string ---> depends on: {m string}
	 [7] m string ---> depends on: {matches []string}

[BLOCK, #1, RangeLoop] NODES = []; SUCCS = [Block #2, Block #3]
	 [0] t (*socialnetwork.TextServiceImpl struct{urlShortenService socialnetwork.UrlShortenService, userMentionService socialnetwork.UserMentionService}) ---> depends on: {socialnetwork.TextServiceImpl struct{urlShortenService socialnetwork.UrlShortenService, userMentionService socialnetwork.UserMentionService}}
	 [1] ctx context.Context ---> depends on: {}
	 [2] reqID int64 ---> depends on: {}
	 [3] text string ---> depends on: {}
	 [4] r (*regexp.Regexp struct{expr string, prog (*syntax.Prog struct{Inst []syntax.Inst struct{Op syntax.InstOp uint8, Out uint32, Arg uint32, Rune []rune}, Start int, NumCap int}), onepass (*regexp.onePassProg struct{Inst []regexp.onePassInst struct{Inst syntax.Inst struct{Op syntax.InstOp uint8, Out uint32, Arg uint32, Rune []rune}, Next []uint32}, Start int, NumCap int}), numSubexp int, maxBitStateLen int, subexpNames []string, prefix string, prefixBytes []byte, prefixRune rune, prefixEnd uint32, mpool int, matchcap int, prefixComplete bool, cond syntax.EmptyOp uint8, minInputLen int, longest bool}) ---> depends on: {`@[a-zA-Z0-9-_]+` string, `@[a-zA-Z0-9-_]+` string, regexp.Regexp struct{expr string, prog (*syntax.Prog struct{Inst []syntax.Inst struct{Op syntax.InstOp uint8, Out uint32, Arg uint32, Rune []rune}, Start int, NumCap int}), onepass (*regexp.onePassProg struct{Inst []regexp.onePassInst struct{Inst syntax.Inst struct{Op syntax.InstOp uint8, Out uint32, Arg uint32, Rune []rune}, Next []uint32}, Start int, NumCap int}), numSubexp int, maxBitStateLen int, subexpNames []string, prefix string, prefixBytes []byte, prefixRune rune, prefixEnd uint32, mpool int, matchcap int, prefixComplete bool, cond syntax.EmptyOp uint8, minInputLen int, longest bool}}
	 [5] matches []string ---> depends on: {text string, int, text string, int}
	 [6] usernames []string ---> depends on: {m string}
	 [7] m string ---> depends on: {matches []string}
	 [8] usernames []string ---> depends on: {m string}
	 [9] t (*socialnetwork.TextServiceImpl struct{urlShortenService socialnetwork.UrlShortenService, userMentionService socialnetwork.UserMentionService}) ---> depends on: {socialnetwork.TextServiceImpl struct{urlShortenService socialnetwork.UrlShortenService, userMentionService socialnetwork.UserMentionService}}
	 [10] ctx context.Context ---> depends on: {}
	 [11] reqID int64 ---> depends on: {}
	 [12] text string ---> depends on: {}
	 [13] r (*regexp.Regexp struct{expr string, prog (*syntax.Prog struct{Inst []syntax.Inst struct{Op syntax.InstOp uint8, Out uint32, Arg uint32, Rune []rune}, Start int, NumCap int}), onepass (*regexp.onePassProg struct{Inst []regexp.onePassInst struct{Inst syntax.Inst struct{Op syntax.InstOp uint8, Out uint32, Arg uint32, Rune []rune}, Next []uint32}, Start int, NumCap int}), numSubexp int, maxBitStateLen int, subexpNames []string, prefix string, prefixBytes []byte, prefixRune rune, prefixEnd uint32, mpool int, matchcap int, prefixComplete bool, cond syntax.EmptyOp uint8, minInputLen int, longest bool}) ---> depends on: {`@[a-zA-Z0-9-_]+` string, `@[a-zA-Z0-9-_]+` string, regexp.Regexp struct{expr string, prog (*syntax.Prog struct{Inst []syntax.Inst struct{Op syntax.InstOp uint8, Out uint32, Arg uint32, Rune []rune}, Start int, NumCap int}), onepass (*regexp.onePassProg struct{Inst []regexp.onePassInst struct{Inst syntax.Inst struct{Op syntax.InstOp uint8, Out uint32, Arg uint32, Rune []rune}, Next []uint32}, Start int, NumCap int}), numSubexp int, maxBitStateLen int, subexpNames []string, prefix string, prefixBytes []byte, prefixRune rune, prefixEnd uint32, mpool int, matchcap int, prefixComplete bool, cond syntax.EmptyOp uint8, minInputLen int, longest bool}}
	 [14] matches []string ---> depends on: {text string, int, text string, int}
	 [15] usernames []string ---> depends on: {m string}
	 [16] m string ---> depends on: {matches []string}

[BLOCK, #2, RangeBody] NODES = [*ast.AssignStmt]; SUCCS = [Block #1]
	 [0] t (*socialnetwork.TextServiceImpl struct{urlShortenService socialnetwork.UrlShortenService, userMentionService socialnetwork.UserMentionService}) ---> depends on: {socialnetwork.TextServiceImpl struct{urlShortenService socialnetwork.UrlShortenService, userMentionService socialnetwork.UserMentionService}}
	 [1] ctx context.Context ---> depends on: {}
	 [2] reqID int64 ---> depends on: {}
	 [3] text string ---> depends on: {}
	 [4] r (*regexp.Regexp struct{expr string, prog (*syntax.Prog struct{Inst []syntax.Inst struct{Op syntax.InstOp uint8, Out uint32, Arg uint32, Rune []rune}, Start int, NumCap int}), onepass (*regexp.onePassProg struct{Inst []regexp.onePassInst struct{Inst syntax.Inst struct{Op syntax.InstOp uint8, Out uint32, Arg uint32, Rune []rune}, Next []uint32}, Start int, NumCap int}), numSubexp int, maxBitStateLen int, subexpNames []string, prefix string, prefixBytes []byte, prefixRune rune, prefixEnd uint32, mpool int, matchcap int, prefixComplete bool, cond syntax.EmptyOp uint8, minInputLen int, longest bool}) ---> depends on: {`@[a-zA-Z0-9-_]+` string, `@[a-zA-Z0-9-_]+` string, regexp.Regexp struct{expr string, prog (*syntax.Prog struct{Inst []syntax.Inst struct{Op syntax.InstOp uint8, Out uint32, Arg uint32, Rune []rune}, Start int, NumCap int}), onepass (*regexp.onePassProg struct{Inst []regexp.onePassInst struct{Inst syntax.Inst struct{Op syntax.InstOp uint8, Out uint32, Arg uint32, Rune []rune}, Next []uint32}, Start int, NumCap int}), numSubexp int, maxBitStateLen int, subexpNames []string, prefix string, prefixBytes []byte, prefixRune rune, prefixEnd uint32, mpool int, matchcap int, prefixComplete bool, cond syntax.EmptyOp uint8, minInputLen int, longest bool}}
	 [5] matches []string ---> depends on: {text string, int, text string, int}
	 [6] usernames []string ---> depends on: {m string}
	 [7] m string ---> depends on: {matches []string}
	 [8] usernames []string ---> depends on: {m string}

[BLOCK, #3, RangeDone] NODES = [*ast.AssignStmt, *ast.AssignStmt, *ast.ValueSpec, *ast.ValueSpec, *ast.ValueSpec, *ast.ValueSpec, *ast.ExprStmt, *ast.GoStmt, *ast.GoStmt, *ast.ExprStmt, *ast.BinaryExpr]; SUCCS = [Block #4, Block #5]
	 [0] t (*socialnetwork.TextServiceImpl struct{urlShortenService socialnetwork.UrlShortenService, userMentionService socialnetwork.UserMentionService}) ---> depends on: {socialnetwork.TextServiceImpl struct{urlShortenService socialnetwork.UrlShortenService, userMentionService socialnetwork.UserMentionService}}
	 [1] ctx context.Context ---> depends on: {}
	 [2] reqID int64 ---> depends on: {}
	 [3] text string ---> depends on: {}
	 [4] r (*regexp.Regexp struct{expr string, prog (*syntax.Prog struct{Inst []syntax.Inst struct{Op syntax.InstOp uint8, Out uint32, Arg uint32, Rune []rune}, Start int, NumCap int}), onepass (*regexp.onePassProg struct{Inst []regexp.onePassInst struct{Inst syntax.Inst struct{Op syntax.InstOp uint8, Out uint32, Arg uint32, Rune []rune}, Next []uint32}, Start int, NumCap int}), numSubexp int, maxBitStateLen int, subexpNames []string, prefix string, prefixBytes []byte, prefixRune rune, prefixEnd uint32, mpool int, matchcap int, prefixComplete bool, cond syntax.EmptyOp uint8, minInputLen int, longest bool}) ---> depends on: {`@[a-zA-Z0-9-_]+` string, `@[a-zA-Z0-9-_]+` string, regexp.Regexp struct{expr string, prog (*syntax.Prog struct{Inst []syntax.Inst struct{Op syntax.InstOp uint8, Out uint32, Arg uint32, Rune []rune}, Start int, NumCap int}), onepass (*regexp.onePassProg struct{Inst []regexp.onePassInst struct{Inst syntax.Inst struct{Op syntax.InstOp uint8, Out uint32, Arg uint32, Rune []rune}, Next []uint32}, Start int, NumCap int}), numSubexp int, maxBitStateLen int, subexpNames []string, prefix string, prefixBytes []byte, prefixRune rune, prefixEnd uint32, mpool int, matchcap int, prefixComplete bool, cond syntax.EmptyOp uint8, minInputLen int, longest bool}}
	 [5] matches []string ---> depends on: {text string, int, text string, int}
	 [6] usernames []string ---> depends on: {m string}
	 [7] m string ---> depends on: {matches []string}
	 [8] usernames []string ---> depends on: {m string}
	 [9] t (*socialnetwork.TextServiceImpl struct{urlShortenService socialnetwork.UrlShortenService, userMentionService socialnetwork.UserMentionService}) ---> depends on: {socialnetwork.TextServiceImpl struct{urlShortenService socialnetwork.UrlShortenService, userMentionService socialnetwork.UserMentionService}}
	 [10] ctx context.Context ---> depends on: {}
	 [11] reqID int64 ---> depends on: {}
	 [12] text string ---> depends on: {}
	 [13] r (*regexp.Regexp struct{expr string, prog (*syntax.Prog struct{Inst []syntax.Inst struct{Op syntax.InstOp uint8, Out uint32, Arg uint32, Rune []rune}, Start int, NumCap int}), onepass (*regexp.onePassProg struct{Inst []regexp.onePassInst struct{Inst syntax.Inst struct{Op syntax.InstOp uint8, Out uint32, Arg uint32, Rune []rune}, Next []uint32}, Start int, NumCap int}), numSubexp int, maxBitStateLen int, subexpNames []string, prefix string, prefixBytes []byte, prefixRune rune, prefixEnd uint32, mpool int, matchcap int, prefixComplete bool, cond syntax.EmptyOp uint8, minInputLen int, longest bool}) ---> depends on: {`@[a-zA-Z0-9-_]+` string, `@[a-zA-Z0-9-_]+` string, regexp.Regexp struct{expr string, prog (*syntax.Prog struct{Inst []syntax.Inst struct{Op syntax.InstOp uint8, Out uint32, Arg uint32, Rune []rune}, Start int, NumCap int}), onepass (*regexp.onePassProg struct{Inst []regexp.onePassInst struct{Inst syntax.Inst struct{Op syntax.InstOp uint8, Out uint32, Arg uint32, Rune []rune}, Next []uint32}, Start int, NumCap int}), numSubexp int, maxBitStateLen int, subexpNames []string, prefix string, prefixBytes []byte, prefixRune rune, prefixEnd uint32, mpool int, matchcap int, prefixComplete bool, cond syntax.EmptyOp uint8, minInputLen int, longest bool}}
	 [14] matches []string ---> depends on: {text string, int, text string, int}
	 [15] usernames []string ---> depends on: {m string}
	 [16] m string ---> depends on: {matches []string}
	 [17] url_re (*regexp.Regexp struct{expr string, prog (*syntax.Prog struct{Inst []syntax.Inst struct{Op syntax.InstOp uint8, Out uint32, Arg uint32, Rune []rune}, Start int, NumCap int}), onepass (*regexp.onePassProg struct{Inst []regexp.onePassInst struct{Inst syntax.Inst struct{Op syntax.InstOp uint8, Out uint32, Arg uint32, Rune []rune}, Next []uint32}, Start int, NumCap int}), numSubexp int, maxBitStateLen int, subexpNames []string, prefix string, prefixBytes []byte, prefixRune rune, prefixEnd uint32, mpool int, matchcap int, prefixComplete bool, cond syntax.EmptyOp uint8, minInputLen int, longest bool}) ---> depends on: {`(http://|https://)([a-zA-Z0-9_!~*'().&=+$%-]+)` string, `(http://|https://)([a-zA-Z0-9_!~*'().&=+$%-]+)` string, regexp.Regexp struct{expr string, prog (*syntax.Prog struct{Inst []syntax.Inst struct{Op syntax.InstOp uint8, Out uint32, Arg uint32, Rune []rune}, Start int, NumCap int}), onepass (*regexp.onePassProg struct{Inst []regexp.onePassInst struct{Inst syntax.Inst struct{Op syntax.InstOp uint8, Out uint32, Arg uint32, Rune []rune}, Next []uint32}, Start int, NumCap int}), numSubexp int, maxBitStateLen int, subexpNames []string, prefix string, prefixBytes []byte, prefixRune rune, prefixEnd uint32, mpool int, matchcap int, prefixComplete bool, cond syntax.EmptyOp uint8, minInputLen int, longest bool}}
	 [18] url_strings []string ---> depends on: {text string, int, text string, int}
	 [19] err1 error ---> depends on: {}
	 [20] err2 error ---> depends on: {}
	 [21] urls []socialnetwork.URL struct{ShortenedUrl string, ExpandedUrl string} ---> depends on: {}
	 [22] user_mentions []socialnetwork.UserMention struct{UserID int64, Username string} ---> depends on: {}
	 [23] wg sync.WaitGroup ---> depends on: {}

[BLOCK, #4, IfThen] NODES = [*ast.ReturnStmt]; SUCCS = []
	 [0] t (*socialnetwork.TextServiceImpl struct{urlShortenService socialnetwork.UrlShortenService, userMentionService socialnetwork.UserMentionService}) ---> depends on: {socialnetwork.TextServiceImpl struct{urlShortenService socialnetwork.UrlShortenService, userMentionService socialnetwork.UserMentionService}}
	 [1] ctx context.Context ---> depends on: {}
	 [2] reqID int64 ---> depends on: {}
	 [3] text string ---> depends on: {}
	 [4] r (*regexp.Regexp struct{expr string, prog (*syntax.Prog struct{Inst []syntax.Inst struct{Op syntax.InstOp uint8, Out uint32, Arg uint32, Rune []rune}, Start int, NumCap int}), onepass (*regexp.onePassProg struct{Inst []regexp.onePassInst struct{Inst syntax.Inst struct{Op syntax.InstOp uint8, Out uint32, Arg uint32, Rune []rune}, Next []uint32}, Start int, NumCap int}), numSubexp int, maxBitStateLen int, subexpNames []string, prefix string, prefixBytes []byte, prefixRune rune, prefixEnd uint32, mpool int, matchcap int, prefixComplete bool, cond syntax.EmptyOp uint8, minInputLen int, longest bool}) ---> depends on: {`@[a-zA-Z0-9-_]+` string, `@[a-zA-Z0-9-_]+` string, regexp.Regexp struct{expr string, prog (*syntax.Prog struct{Inst []syntax.Inst struct{Op syntax.InstOp uint8, Out uint32, Arg uint32, Rune []rune}, Start int, NumCap int}), onepass (*regexp.onePassProg struct{Inst []regexp.onePassInst struct{Inst syntax.Inst struct{Op syntax.InstOp uint8, Out uint32, Arg uint32, Rune []rune}, Next []uint32}, Start int, NumCap int}), numSubexp int, maxBitStateLen int, subexpNames []string, prefix string, prefixBytes []byte, prefixRune rune, prefixEnd uint32, mpool int, matchcap int, prefixComplete bool, cond syntax.EmptyOp uint8, minInputLen int, longest bool}}
	 [5] matches []string ---> depends on: {text string, int, text string, int}
	 [6] usernames []string ---> depends on: {m string}
	 [7] m string ---> depends on: {matches []string}
	 [8] usernames []string ---> depends on: {m string}
	 [9] t (*socialnetwork.TextServiceImpl struct{urlShortenService socialnetwork.UrlShortenService, userMentionService socialnetwork.UserMentionService}) ---> depends on: {socialnetwork.TextServiceImpl struct{urlShortenService socialnetwork.UrlShortenService, userMentionService socialnetwork.UserMentionService}}
	 [10] ctx context.Context ---> depends on: {}
	 [11] reqID int64 ---> depends on: {}
	 [12] text string ---> depends on: {}
	 [13] r (*regexp.Regexp struct{expr string, prog (*syntax.Prog struct{Inst []syntax.Inst struct{Op syntax.InstOp uint8, Out uint32, Arg uint32, Rune []rune}, Start int, NumCap int}), onepass (*regexp.onePassProg struct{Inst []regexp.onePassInst struct{Inst syntax.Inst struct{Op syntax.InstOp uint8, Out uint32, Arg uint32, Rune []rune}, Next []uint32}, Start int, NumCap int}), numSubexp int, maxBitStateLen int, subexpNames []string, prefix string, prefixBytes []byte, prefixRune rune, prefixEnd uint32, mpool int, matchcap int, prefixComplete bool, cond syntax.EmptyOp uint8, minInputLen int, longest bool}) ---> depends on: {`@[a-zA-Z0-9-_]+` string, `@[a-zA-Z0-9-_]+` string, regexp.Regexp struct{expr string, prog (*syntax.Prog struct{Inst []syntax.Inst struct{Op syntax.InstOp uint8, Out uint32, Arg uint32, Rune []rune}, Start int, NumCap int}), onepass (*regexp.onePassProg struct{Inst []regexp.onePassInst struct{Inst syntax.Inst struct{Op syntax.InstOp uint8, Out uint32, Arg uint32, Rune []rune}, Next []uint32}, Start int, NumCap int}), numSubexp int, maxBitStateLen int, subexpNames []string, prefix string, prefixBytes []byte, prefixRune rune, prefixEnd uint32, mpool int, matchcap int, prefixComplete bool, cond syntax.EmptyOp uint8, minInputLen int, longest bool}}
	 [14] matches []string ---> depends on: {text string, int, text string, int}
	 [15] usernames []string ---> depends on: {m string}
	 [16] m string ---> depends on: {matches []string}
	 [17] url_re (*regexp.Regexp struct{expr string, prog (*syntax.Prog struct{Inst []syntax.Inst struct{Op syntax.InstOp uint8, Out uint32, Arg uint32, Rune []rune}, Start int, NumCap int}), onepass (*regexp.onePassProg struct{Inst []regexp.onePassInst struct{Inst syntax.Inst struct{Op syntax.InstOp uint8, Out uint32, Arg uint32, Rune []rune}, Next []uint32}, Start int, NumCap int}), numSubexp int, maxBitStateLen int, subexpNames []string, prefix string, prefixBytes []byte, prefixRune rune, prefixEnd uint32, mpool int, matchcap int, prefixComplete bool, cond syntax.EmptyOp uint8, minInputLen int, longest bool}) ---> depends on: {`(http://|https://)([a-zA-Z0-9_!~*'().&=+$%-]+)` string, `(http://|https://)([a-zA-Z0-9_!~*'().&=+$%-]+)` string, regexp.Regexp struct{expr string, prog (*syntax.Prog struct{Inst []syntax.Inst struct{Op syntax.InstOp uint8, Out uint32, Arg uint32, Rune []rune}, Start int, NumCap int}), onepass (*regexp.onePassProg struct{Inst []regexp.onePassInst struct{Inst syntax.Inst struct{Op syntax.InstOp uint8, Out uint32, Arg uint32, Rune []rune}, Next []uint32}, Start int, NumCap int}), numSubexp int, maxBitStateLen int, subexpNames []string, prefix string, prefixBytes []byte, prefixRune rune, prefixEnd uint32, mpool int, matchcap int, prefixComplete bool, cond syntax.EmptyOp uint8, minInputLen int, longest bool}}
	 [18] url_strings []string ---> depends on: {text string, int, text string, int}
	 [19] err1 error ---> depends on: {}
	 [20] err2 error ---> depends on: {}
	 [21] urls []socialnetwork.URL struct{ShortenedUrl string, ExpandedUrl string} ---> depends on: {}
	 [22] user_mentions []socialnetwork.UserMention struct{UserID int64, Username string} ---> depends on: {}
	 [23] wg sync.WaitGroup ---> depends on: {}

[BLOCK, #5, IfDone] NODES = [*ast.BinaryExpr]; SUCCS = [Block #7, Block #8]
	 [0] t (*socialnetwork.TextServiceImpl struct{urlShortenService socialnetwork.UrlShortenService, userMentionService socialnetwork.UserMentionService}) ---> depends on: {socialnetwork.TextServiceImpl struct{urlShortenService socialnetwork.UrlShortenService, userMentionService socialnetwork.UserMentionService}}
	 [1] ctx context.Context ---> depends on: {}
	 [2] reqID int64 ---> depends on: {}
	 [3] text string ---> depends on: {}
	 [4] r (*regexp.Regexp struct{expr string, prog (*syntax.Prog struct{Inst []syntax.Inst struct{Op syntax.InstOp uint8, Out uint32, Arg uint32, Rune []rune}, Start int, NumCap int}), onepass (*regexp.onePassProg struct{Inst []regexp.onePassInst struct{Inst syntax.Inst struct{Op syntax.InstOp uint8, Out uint32, Arg uint32, Rune []rune}, Next []uint32}, Start int, NumCap int}), numSubexp int, maxBitStateLen int, subexpNames []string, prefix string, prefixBytes []byte, prefixRune rune, prefixEnd uint32, mpool int, matchcap int, prefixComplete bool, cond syntax.EmptyOp uint8, minInputLen int, longest bool}) ---> depends on: {`@[a-zA-Z0-9-_]+` string, `@[a-zA-Z0-9-_]+` string, regexp.Regexp struct{expr string, prog (*syntax.Prog struct{Inst []syntax.Inst struct{Op syntax.InstOp uint8, Out uint32, Arg uint32, Rune []rune}, Start int, NumCap int}), onepass (*regexp.onePassProg struct{Inst []regexp.onePassInst struct{Inst syntax.Inst struct{Op syntax.InstOp uint8, Out uint32, Arg uint32, Rune []rune}, Next []uint32}, Start int, NumCap int}), numSubexp int, maxBitStateLen int, subexpNames []string, prefix string, prefixBytes []byte, prefixRune rune, prefixEnd uint32, mpool int, matchcap int, prefixComplete bool, cond syntax.EmptyOp uint8, minInputLen int, longest bool}}
	 [5] matches []string ---> depends on: {text string, int, text string, int}
	 [6] usernames []string ---> depends on: {m string}
	 [7] m string ---> depends on: {matches []string}
	 [8] usernames []string ---> depends on: {m string}
	 [9] t (*socialnetwork.TextServiceImpl struct{urlShortenService socialnetwork.UrlShortenService, userMentionService socialnetwork.UserMentionService}) ---> depends on: {socialnetwork.TextServiceImpl struct{urlShortenService socialnetwork.UrlShortenService, userMentionService socialnetwork.UserMentionService}}
	 [10] ctx context.Context ---> depends on: {}
	 [11] reqID int64 ---> depends on: {}
	 [12] text string ---> depends on: {}
	 [13] r (*regexp.Regexp struct{expr string, prog (*syntax.Prog struct{Inst []syntax.Inst struct{Op syntax.InstOp uint8, Out uint32, Arg uint32, Rune []rune}, Start int, NumCap int}), onepass (*regexp.onePassProg struct{Inst []regexp.onePassInst struct{Inst syntax.Inst struct{Op syntax.InstOp uint8, Out uint32, Arg uint32, Rune []rune}, Next []uint32}, Start int, NumCap int}), numSubexp int, maxBitStateLen int, subexpNames []string, prefix string, prefixBytes []byte, prefixRune rune, prefixEnd uint32, mpool int, matchcap int, prefixComplete bool, cond syntax.EmptyOp uint8, minInputLen int, longest bool}) ---> depends on: {`@[a-zA-Z0-9-_]+` string, `@[a-zA-Z0-9-_]+` string, regexp.Regexp struct{expr string, prog (*syntax.Prog struct{Inst []syntax.Inst struct{Op syntax.InstOp uint8, Out uint32, Arg uint32, Rune []rune}, Start int, NumCap int}), onepass (*regexp.onePassProg struct{Inst []regexp.onePassInst struct{Inst syntax.Inst struct{Op syntax.InstOp uint8, Out uint32, Arg uint32, Rune []rune}, Next []uint32}, Start int, NumCap int}), numSubexp int, maxBitStateLen int, subexpNames []string, prefix string, prefixBytes []byte, prefixRune rune, prefixEnd uint32, mpool int, matchcap int, prefixComplete bool, cond syntax.EmptyOp uint8, minInputLen int, longest bool}}
	 [14] matches []string ---> depends on: {text string, int, text string, int}
	 [15] usernames []string ---> depends on: {m string}
	 [16] m string ---> depends on: {matches []string}
	 [17] url_re (*regexp.Regexp struct{expr string, prog (*syntax.Prog struct{Inst []syntax.Inst struct{Op syntax.InstOp uint8, Out uint32, Arg uint32, Rune []rune}, Start int, NumCap int}), onepass (*regexp.onePassProg struct{Inst []regexp.onePassInst struct{Inst syntax.Inst struct{Op syntax.InstOp uint8, Out uint32, Arg uint32, Rune []rune}, Next []uint32}, Start int, NumCap int}), numSubexp int, maxBitStateLen int, subexpNames []string, prefix string, prefixBytes []byte, prefixRune rune, prefixEnd uint32, mpool int, matchcap int, prefixComplete bool, cond syntax.EmptyOp uint8, minInputLen int, longest bool}) ---> depends on: {`(http://|https://)([a-zA-Z0-9_!~*'().&=+$%-]+)` string, `(http://|https://)([a-zA-Z0-9_!~*'().&=+$%-]+)` string, regexp.Regexp struct{expr string, prog (*syntax.Prog struct{Inst []syntax.Inst struct{Op syntax.InstOp uint8, Out uint32, Arg uint32, Rune []rune}, Start int, NumCap int}), onepass (*regexp.onePassProg struct{Inst []regexp.onePassInst struct{Inst syntax.Inst struct{Op syntax.InstOp uint8, Out uint32, Arg uint32, Rune []rune}, Next []uint32}, Start int, NumCap int}), numSubexp int, maxBitStateLen int, subexpNames []string, prefix string, prefixBytes []byte, prefixRune rune, prefixEnd uint32, mpool int, matchcap int, prefixComplete bool, cond syntax.EmptyOp uint8, minInputLen int, longest bool}}
	 [18] url_strings []string ---> depends on: {text string, int, text string, int}
	 [19] err1 error ---> depends on: {}
	 [20] err2 error ---> depends on: {}
	 [21] urls []socialnetwork.URL struct{ShortenedUrl string, ExpandedUrl string} ---> depends on: {}
	 [22] user_mentions []socialnetwork.UserMention struct{UserID int64, Username string} ---> depends on: {}
	 [23] wg sync.WaitGroup ---> depends on: {}

[BLOCK, #7, IfThen] NODES = [*ast.ReturnStmt]; SUCCS = []
	 [0] t (*socialnetwork.TextServiceImpl struct{urlShortenService socialnetwork.UrlShortenService, userMentionService socialnetwork.UserMentionService}) ---> depends on: {socialnetwork.TextServiceImpl struct{urlShortenService socialnetwork.UrlShortenService, userMentionService socialnetwork.UserMentionService}}
	 [1] ctx context.Context ---> depends on: {}
	 [2] reqID int64 ---> depends on: {}
	 [3] text string ---> depends on: {}
	 [4] r (*regexp.Regexp struct{expr string, prog (*syntax.Prog struct{Inst []syntax.Inst struct{Op syntax.InstOp uint8, Out uint32, Arg uint32, Rune []rune}, Start int, NumCap int}), onepass (*regexp.onePassProg struct{Inst []regexp.onePassInst struct{Inst syntax.Inst struct{Op syntax.InstOp uint8, Out uint32, Arg uint32, Rune []rune}, Next []uint32}, Start int, NumCap int}), numSubexp int, maxBitStateLen int, subexpNames []string, prefix string, prefixBytes []byte, prefixRune rune, prefixEnd uint32, mpool int, matchcap int, prefixComplete bool, cond syntax.EmptyOp uint8, minInputLen int, longest bool}) ---> depends on: {`@[a-zA-Z0-9-_]+` string, `@[a-zA-Z0-9-_]+` string, regexp.Regexp struct{expr string, prog (*syntax.Prog struct{Inst []syntax.Inst struct{Op syntax.InstOp uint8, Out uint32, Arg uint32, Rune []rune}, Start int, NumCap int}), onepass (*regexp.onePassProg struct{Inst []regexp.onePassInst struct{Inst syntax.Inst struct{Op syntax.InstOp uint8, Out uint32, Arg uint32, Rune []rune}, Next []uint32}, Start int, NumCap int}), numSubexp int, maxBitStateLen int, subexpNames []string, prefix string, prefixBytes []byte, prefixRune rune, prefixEnd uint32, mpool int, matchcap int, prefixComplete bool, cond syntax.EmptyOp uint8, minInputLen int, longest bool}}
	 [5] matches []string ---> depends on: {text string, int, text string, int}
	 [6] usernames []string ---> depends on: {m string}
	 [7] m string ---> depends on: {matches []string}
	 [8] usernames []string ---> depends on: {m string}
	 [9] t (*socialnetwork.TextServiceImpl struct{urlShortenService socialnetwork.UrlShortenService, userMentionService socialnetwork.UserMentionService}) ---> depends on: {socialnetwork.TextServiceImpl struct{urlShortenService socialnetwork.UrlShortenService, userMentionService socialnetwork.UserMentionService}}
	 [10] ctx context.Context ---> depends on: {}
	 [11] reqID int64 ---> depends on: {}
	 [12] text string ---> depends on: {}
	 [13] r (*regexp.Regexp struct{expr string, prog (*syntax.Prog struct{Inst []syntax.Inst struct{Op syntax.InstOp uint8, Out uint32, Arg uint32, Rune []rune}, Start int, NumCap int}), onepass (*regexp.onePassProg struct{Inst []regexp.onePassInst struct{Inst syntax.Inst struct{Op syntax.InstOp uint8, Out uint32, Arg uint32, Rune []rune}, Next []uint32}, Start int, NumCap int}), numSubexp int, maxBitStateLen int, subexpNames []string, prefix string, prefixBytes []byte, prefixRune rune, prefixEnd uint32, mpool int, matchcap int, prefixComplete bool, cond syntax.EmptyOp uint8, minInputLen int, longest bool}) ---> depends on: {`@[a-zA-Z0-9-_]+` string, `@[a-zA-Z0-9-_]+` string, regexp.Regexp struct{expr string, prog (*syntax.Prog struct{Inst []syntax.Inst struct{Op syntax.InstOp uint8, Out uint32, Arg uint32, Rune []rune}, Start int, NumCap int}), onepass (*regexp.onePassProg struct{Inst []regexp.onePassInst struct{Inst syntax.Inst struct{Op syntax.InstOp uint8, Out uint32, Arg uint32, Rune []rune}, Next []uint32}, Start int, NumCap int}), numSubexp int, maxBitStateLen int, subexpNames []string, prefix string, prefixBytes []byte, prefixRune rune, prefixEnd uint32, mpool int, matchcap int, prefixComplete bool, cond syntax.EmptyOp uint8, minInputLen int, longest bool}}
	 [14] matches []string ---> depends on: {text string, int, text string, int}
	 [15] usernames []string ---> depends on: {m string}
	 [16] m string ---> depends on: {matches []string}
	 [17] url_re (*regexp.Regexp struct{expr string, prog (*syntax.Prog struct{Inst []syntax.Inst struct{Op syntax.InstOp uint8, Out uint32, Arg uint32, Rune []rune}, Start int, NumCap int}), onepass (*regexp.onePassProg struct{Inst []regexp.onePassInst struct{Inst syntax.Inst struct{Op syntax.InstOp uint8, Out uint32, Arg uint32, Rune []rune}, Next []uint32}, Start int, NumCap int}), numSubexp int, maxBitStateLen int, subexpNames []string, prefix string, prefixBytes []byte, prefixRune rune, prefixEnd uint32, mpool int, matchcap int, prefixComplete bool, cond syntax.EmptyOp uint8, minInputLen int, longest bool}) ---> depends on: {`(http://|https://)([a-zA-Z0-9_!~*'().&=+$%-]+)` string, `(http://|https://)([a-zA-Z0-9_!~*'().&=+$%-]+)` string, regexp.Regexp struct{expr string, prog (*syntax.Prog struct{Inst []syntax.Inst struct{Op syntax.InstOp uint8, Out uint32, Arg uint32, Rune []rune}, Start int, NumCap int}), onepass (*regexp.onePassProg struct{Inst []regexp.onePassInst struct{Inst syntax.Inst struct{Op syntax.InstOp uint8, Out uint32, Arg uint32, Rune []rune}, Next []uint32}, Start int, NumCap int}), numSubexp int, maxBitStateLen int, subexpNames []string, prefix string, prefixBytes []byte, prefixRune rune, prefixEnd uint32, mpool int, matchcap int, prefixComplete bool, cond syntax.EmptyOp uint8, minInputLen int, longest bool}}
	 [18] url_strings []string ---> depends on: {text string, int, text string, int}
	 [19] err1 error ---> depends on: {}
	 [20] err2 error ---> depends on: {}
	 [21] urls []socialnetwork.URL struct{ShortenedUrl string, ExpandedUrl string} ---> depends on: {}
	 [22] user_mentions []socialnetwork.UserMention struct{UserID int64, Username string} ---> depends on: {}
	 [23] wg sync.WaitGroup ---> depends on: {}

[BLOCK, #8, IfDone] NODES = [*ast.AssignStmt, *ast.BinaryExpr]; SUCCS = [Block #10, Block #11]
	 [0] t (*socialnetwork.TextServiceImpl struct{urlShortenService socialnetwork.UrlShortenService, userMentionService socialnetwork.UserMentionService}) ---> depends on: {socialnetwork.TextServiceImpl struct{urlShortenService socialnetwork.UrlShortenService, userMentionService socialnetwork.UserMentionService}}
	 [1] ctx context.Context ---> depends on: {}
	 [2] reqID int64 ---> depends on: {}
	 [3] text string ---> depends on: {}
	 [4] r (*regexp.Regexp struct{expr string, prog (*syntax.Prog struct{Inst []syntax.Inst struct{Op syntax.InstOp uint8, Out uint32, Arg uint32, Rune []rune}, Start int, NumCap int}), onepass (*regexp.onePassProg struct{Inst []regexp.onePassInst struct{Inst syntax.Inst struct{Op syntax.InstOp uint8, Out uint32, Arg uint32, Rune []rune}, Next []uint32}, Start int, NumCap int}), numSubexp int, maxBitStateLen int, subexpNames []string, prefix string, prefixBytes []byte, prefixRune rune, prefixEnd uint32, mpool int, matchcap int, prefixComplete bool, cond syntax.EmptyOp uint8, minInputLen int, longest bool}) ---> depends on: {`@[a-zA-Z0-9-_]+` string, `@[a-zA-Z0-9-_]+` string, regexp.Regexp struct{expr string, prog (*syntax.Prog struct{Inst []syntax.Inst struct{Op syntax.InstOp uint8, Out uint32, Arg uint32, Rune []rune}, Start int, NumCap int}), onepass (*regexp.onePassProg struct{Inst []regexp.onePassInst struct{Inst syntax.Inst struct{Op syntax.InstOp uint8, Out uint32, Arg uint32, Rune []rune}, Next []uint32}, Start int, NumCap int}), numSubexp int, maxBitStateLen int, subexpNames []string, prefix string, prefixBytes []byte, prefixRune rune, prefixEnd uint32, mpool int, matchcap int, prefixComplete bool, cond syntax.EmptyOp uint8, minInputLen int, longest bool}}
	 [5] matches []string ---> depends on: {text string, int, text string, int}
	 [6] usernames []string ---> depends on: {m string}
	 [7] m string ---> depends on: {matches []string}
	 [8] usernames []string ---> depends on: {m string}
	 [9] t (*socialnetwork.TextServiceImpl struct{urlShortenService socialnetwork.UrlShortenService, userMentionService socialnetwork.UserMentionService}) ---> depends on: {socialnetwork.TextServiceImpl struct{urlShortenService socialnetwork.UrlShortenService, userMentionService socialnetwork.UserMentionService}}
	 [10] ctx context.Context ---> depends on: {}
	 [11] reqID int64 ---> depends on: {}
	 [12] text string ---> depends on: {}
	 [13] r (*regexp.Regexp struct{expr string, prog (*syntax.Prog struct{Inst []syntax.Inst struct{Op syntax.InstOp uint8, Out uint32, Arg uint32, Rune []rune}, Start int, NumCap int}), onepass (*regexp.onePassProg struct{Inst []regexp.onePassInst struct{Inst syntax.Inst struct{Op syntax.InstOp uint8, Out uint32, Arg uint32, Rune []rune}, Next []uint32}, Start int, NumCap int}), numSubexp int, maxBitStateLen int, subexpNames []string, prefix string, prefixBytes []byte, prefixRune rune, prefixEnd uint32, mpool int, matchcap int, prefixComplete bool, cond syntax.EmptyOp uint8, minInputLen int, longest bool}) ---> depends on: {`@[a-zA-Z0-9-_]+` string, `@[a-zA-Z0-9-_]+` string, regexp.Regexp struct{expr string, prog (*syntax.Prog struct{Inst []syntax.Inst struct{Op syntax.InstOp uint8, Out uint32, Arg uint32, Rune []rune}, Start int, NumCap int}), onepass (*regexp.onePassProg struct{Inst []regexp.onePassInst struct{Inst syntax.Inst struct{Op syntax.InstOp uint8, Out uint32, Arg uint32, Rune []rune}, Next []uint32}, Start int, NumCap int}), numSubexp int, maxBitStateLen int, subexpNames []string, prefix string, prefixBytes []byte, prefixRune rune, prefixEnd uint32, mpool int, matchcap int, prefixComplete bool, cond syntax.EmptyOp uint8, minInputLen int, longest bool}}
	 [14] matches []string ---> depends on: {text string, int, text string, int}
	 [15] usernames []string ---> depends on: {m string}
	 [16] m string ---> depends on: {matches []string}
	 [17] url_re (*regexp.Regexp struct{expr string, prog (*syntax.Prog struct{Inst []syntax.Inst struct{Op syntax.InstOp uint8, Out uint32, Arg uint32, Rune []rune}, Start int, NumCap int}), onepass (*regexp.onePassProg struct{Inst []regexp.onePassInst struct{Inst syntax.Inst struct{Op syntax.InstOp uint8, Out uint32, Arg uint32, Rune []rune}, Next []uint32}, Start int, NumCap int}), numSubexp int, maxBitStateLen int, subexpNames []string, prefix string, prefixBytes []byte, prefixRune rune, prefixEnd uint32, mpool int, matchcap int, prefixComplete bool, cond syntax.EmptyOp uint8, minInputLen int, longest bool}) ---> depends on: {`(http://|https://)([a-zA-Z0-9_!~*'().&=+$%-]+)` string, `(http://|https://)([a-zA-Z0-9_!~*'().&=+$%-]+)` string, regexp.Regexp struct{expr string, prog (*syntax.Prog struct{Inst []syntax.Inst struct{Op syntax.InstOp uint8, Out uint32, Arg uint32, Rune []rune}, Start int, NumCap int}), onepass (*regexp.onePassProg struct{Inst []regexp.onePassInst struct{Inst syntax.Inst struct{Op syntax.InstOp uint8, Out uint32, Arg uint32, Rune []rune}, Next []uint32}, Start int, NumCap int}), numSubexp int, maxBitStateLen int, subexpNames []string, prefix string, prefixBytes []byte, prefixRune rune, prefixEnd uint32, mpool int, matchcap int, prefixComplete bool, cond syntax.EmptyOp uint8, minInputLen int, longest bool}}
	 [18] url_strings []string ---> depends on: {text string, int, text string, int}
	 [19] err1 error ---> depends on: {}
	 [20] err2 error ---> depends on: {}
	 [21] urls []socialnetwork.URL struct{ShortenedUrl string, ExpandedUrl string} ---> depends on: {}
	 [22] user_mentions []socialnetwork.UserMention struct{UserID int64, Username string} ---> depends on: {}
	 [23] wg sync.WaitGroup ---> depends on: {}
	 [24] updated_text string ---> depends on: {text string}

[BLOCK, #10, IfThen] NODES = [*ast.Ident, *ast.Ident, *ast.Ident]; SUCCS = [Block #12]
	 [0] t (*socialnetwork.TextServiceImpl struct{urlShortenService socialnetwork.UrlShortenService, userMentionService socialnetwork.UserMentionService}) ---> depends on: {socialnetwork.TextServiceImpl struct{urlShortenService socialnetwork.UrlShortenService, userMentionService socialnetwork.UserMentionService}}
	 [1] ctx context.Context ---> depends on: {}
	 [2] reqID int64 ---> depends on: {}
	 [3] text string ---> depends on: {}
	 [4] r (*regexp.Regexp struct{expr string, prog (*syntax.Prog struct{Inst []syntax.Inst struct{Op syntax.InstOp uint8, Out uint32, Arg uint32, Rune []rune}, Start int, NumCap int}), onepass (*regexp.onePassProg struct{Inst []regexp.onePassInst struct{Inst syntax.Inst struct{Op syntax.InstOp uint8, Out uint32, Arg uint32, Rune []rune}, Next []uint32}, Start int, NumCap int}), numSubexp int, maxBitStateLen int, subexpNames []string, prefix string, prefixBytes []byte, prefixRune rune, prefixEnd uint32, mpool int, matchcap int, prefixComplete bool, cond syntax.EmptyOp uint8, minInputLen int, longest bool}) ---> depends on: {`@[a-zA-Z0-9-_]+` string, `@[a-zA-Z0-9-_]+` string, regexp.Regexp struct{expr string, prog (*syntax.Prog struct{Inst []syntax.Inst struct{Op syntax.InstOp uint8, Out uint32, Arg uint32, Rune []rune}, Start int, NumCap int}), onepass (*regexp.onePassProg struct{Inst []regexp.onePassInst struct{Inst syntax.Inst struct{Op syntax.InstOp uint8, Out uint32, Arg uint32, Rune []rune}, Next []uint32}, Start int, NumCap int}), numSubexp int, maxBitStateLen int, subexpNames []string, prefix string, prefixBytes []byte, prefixRune rune, prefixEnd uint32, mpool int, matchcap int, prefixComplete bool, cond syntax.EmptyOp uint8, minInputLen int, longest bool}}
	 [5] matches []string ---> depends on: {text string, int, text string, int}
	 [6] usernames []string ---> depends on: {m string}
	 [7] m string ---> depends on: {matches []string}
	 [8] usernames []string ---> depends on: {m string}
	 [9] t (*socialnetwork.TextServiceImpl struct{urlShortenService socialnetwork.UrlShortenService, userMentionService socialnetwork.UserMentionService}) ---> depends on: {socialnetwork.TextServiceImpl struct{urlShortenService socialnetwork.UrlShortenService, userMentionService socialnetwork.UserMentionService}}
	 [10] ctx context.Context ---> depends on: {}
	 [11] reqID int64 ---> depends on: {}
	 [12] text string ---> depends on: {}
	 [13] r (*regexp.Regexp struct{expr string, prog (*syntax.Prog struct{Inst []syntax.Inst struct{Op syntax.InstOp uint8, Out uint32, Arg uint32, Rune []rune}, Start int, NumCap int}), onepass (*regexp.onePassProg struct{Inst []regexp.onePassInst struct{Inst syntax.Inst struct{Op syntax.InstOp uint8, Out uint32, Arg uint32, Rune []rune}, Next []uint32}, Start int, NumCap int}), numSubexp int, maxBitStateLen int, subexpNames []string, prefix string, prefixBytes []byte, prefixRune rune, prefixEnd uint32, mpool int, matchcap int, prefixComplete bool, cond syntax.EmptyOp uint8, minInputLen int, longest bool}) ---> depends on: {`@[a-zA-Z0-9-_]+` string, `@[a-zA-Z0-9-_]+` string, regexp.Regexp struct{expr string, prog (*syntax.Prog struct{Inst []syntax.Inst struct{Op syntax.InstOp uint8, Out uint32, Arg uint32, Rune []rune}, Start int, NumCap int}), onepass (*regexp.onePassProg struct{Inst []regexp.onePassInst struct{Inst syntax.Inst struct{Op syntax.InstOp uint8, Out uint32, Arg uint32, Rune []rune}, Next []uint32}, Start int, NumCap int}), numSubexp int, maxBitStateLen int, subexpNames []string, prefix string, prefixBytes []byte, prefixRune rune, prefixEnd uint32, mpool int, matchcap int, prefixComplete bool, cond syntax.EmptyOp uint8, minInputLen int, longest bool}}
	 [14] matches []string ---> depends on: {text string, int, text string, int}
	 [15] usernames []string ---> depends on: {m string}
	 [16] m string ---> depends on: {matches []string}
	 [17] url_re (*regexp.Regexp struct{expr string, prog (*syntax.Prog struct{Inst []syntax.Inst struct{Op syntax.InstOp uint8, Out uint32, Arg uint32, Rune []rune}, Start int, NumCap int}), onepass (*regexp.onePassProg struct{Inst []regexp.onePassInst struct{Inst syntax.Inst struct{Op syntax.InstOp uint8, Out uint32, Arg uint32, Rune []rune}, Next []uint32}, Start int, NumCap int}), numSubexp int, maxBitStateLen int, subexpNames []string, prefix string, prefixBytes []byte, prefixRune rune, prefixEnd uint32, mpool int, matchcap int, prefixComplete bool, cond syntax.EmptyOp uint8, minInputLen int, longest bool}) ---> depends on: {`(http://|https://)([a-zA-Z0-9_!~*'().&=+$%-]+)` string, `(http://|https://)([a-zA-Z0-9_!~*'().&=+$%-]+)` string, regexp.Regexp struct{expr string, prog (*syntax.Prog struct{Inst []syntax.Inst struct{Op syntax.InstOp uint8, Out uint32, Arg uint32, Rune []rune}, Start int, NumCap int}), onepass (*regexp.onePassProg struct{Inst []regexp.onePassInst struct{Inst syntax.Inst struct{Op syntax.InstOp uint8, Out uint32, Arg uint32, Rune []rune}, Next []uint32}, Start int, NumCap int}), numSubexp int, maxBitStateLen int, subexpNames []string, prefix string, prefixBytes []byte, prefixRune rune, prefixEnd uint32, mpool int, matchcap int, prefixComplete bool, cond syntax.EmptyOp uint8, minInputLen int, longest bool}}
	 [18] url_strings []string ---> depends on: {text string, int, text string, int}
	 [19] err1 error ---> depends on: {}
	 [20] err2 error ---> depends on: {}
	 [21] urls []socialnetwork.URL struct{ShortenedUrl string, ExpandedUrl string} ---> depends on: {}
	 [22] user_mentions []socialnetwork.UserMention struct{UserID int64, Username string} ---> depends on: {}
	 [23] wg sync.WaitGroup ---> depends on: {}
	 [24] updated_text string ---> depends on: {text string}
	 [25] idx 0 int ---> depends on: {}
	 [26] url_string string ---> depends on: {url_strings []string}

[BLOCK, #12, RangeLoop] NODES = []; SUCCS = [Block #13, Block #14]
	 [0] t (*socialnetwork.TextServiceImpl struct{urlShortenService socialnetwork.UrlShortenService, userMentionService socialnetwork.UserMentionService}) ---> depends on: {socialnetwork.TextServiceImpl struct{urlShortenService socialnetwork.UrlShortenService, userMentionService socialnetwork.UserMentionService}}
	 [1] ctx context.Context ---> depends on: {}
	 [2] reqID int64 ---> depends on: {}
	 [3] text string ---> depends on: {}
	 [4] r (*regexp.Regexp struct{expr string, prog (*syntax.Prog struct{Inst []syntax.Inst struct{Op syntax.InstOp uint8, Out uint32, Arg uint32, Rune []rune}, Start int, NumCap int}), onepass (*regexp.onePassProg struct{Inst []regexp.onePassInst struct{Inst syntax.Inst struct{Op syntax.InstOp uint8, Out uint32, Arg uint32, Rune []rune}, Next []uint32}, Start int, NumCap int}), numSubexp int, maxBitStateLen int, subexpNames []string, prefix string, prefixBytes []byte, prefixRune rune, prefixEnd uint32, mpool int, matchcap int, prefixComplete bool, cond syntax.EmptyOp uint8, minInputLen int, longest bool}) ---> depends on: {`@[a-zA-Z0-9-_]+` string, `@[a-zA-Z0-9-_]+` string, regexp.Regexp struct{expr string, prog (*syntax.Prog struct{Inst []syntax.Inst struct{Op syntax.InstOp uint8, Out uint32, Arg uint32, Rune []rune}, Start int, NumCap int}), onepass (*regexp.onePassProg struct{Inst []regexp.onePassInst struct{Inst syntax.Inst struct{Op syntax.InstOp uint8, Out uint32, Arg uint32, Rune []rune}, Next []uint32}, Start int, NumCap int}), numSubexp int, maxBitStateLen int, subexpNames []string, prefix string, prefixBytes []byte, prefixRune rune, prefixEnd uint32, mpool int, matchcap int, prefixComplete bool, cond syntax.EmptyOp uint8, minInputLen int, longest bool}}
	 [5] matches []string ---> depends on: {text string, int, text string, int}
	 [6] usernames []string ---> depends on: {m string}
	 [7] m string ---> depends on: {matches []string}
	 [8] usernames []string ---> depends on: {m string}
	 [9] t (*socialnetwork.TextServiceImpl struct{urlShortenService socialnetwork.UrlShortenService, userMentionService socialnetwork.UserMentionService}) ---> depends on: {socialnetwork.TextServiceImpl struct{urlShortenService socialnetwork.UrlShortenService, userMentionService socialnetwork.UserMentionService}}
	 [10] ctx context.Context ---> depends on: {}
	 [11] reqID int64 ---> depends on: {}
	 [12] text string ---> depends on: {}
	 [13] r (*regexp.Regexp struct{expr string, prog (*syntax.Prog struct{Inst []syntax.Inst struct{Op syntax.InstOp uint8, Out uint32, Arg uint32, Rune []rune}, Start int, NumCap int}), onepass (*regexp.onePassProg struct{Inst []regexp.onePassInst struct{Inst syntax.Inst struct{Op syntax.InstOp uint8, Out uint32, Arg uint32, Rune []rune}, Next []uint32}, Start int, NumCap int}), numSubexp int, maxBitStateLen int, subexpNames []string, prefix string, prefixBytes []byte, prefixRune rune, prefixEnd uint32, mpool int, matchcap int, prefixComplete bool, cond syntax.EmptyOp uint8, minInputLen int, longest bool}) ---> depends on: {`@[a-zA-Z0-9-_]+` string, `@[a-zA-Z0-9-_]+` string, regexp.Regexp struct{expr string, prog (*syntax.Prog struct{Inst []syntax.Inst struct{Op syntax.InstOp uint8, Out uint32, Arg uint32, Rune []rune}, Start int, NumCap int}), onepass (*regexp.onePassProg struct{Inst []regexp.onePassInst struct{Inst syntax.Inst struct{Op syntax.InstOp uint8, Out uint32, Arg uint32, Rune []rune}, Next []uint32}, Start int, NumCap int}), numSubexp int, maxBitStateLen int, subexpNames []string, prefix string, prefixBytes []byte, prefixRune rune, prefixEnd uint32, mpool int, matchcap int, prefixComplete bool, cond syntax.EmptyOp uint8, minInputLen int, longest bool}}
	 [14] matches []string ---> depends on: {text string, int, text string, int}
	 [15] usernames []string ---> depends on: {m string}
	 [16] m string ---> depends on: {matches []string}
	 [17] url_re (*regexp.Regexp struct{expr string, prog (*syntax.Prog struct{Inst []syntax.Inst struct{Op syntax.InstOp uint8, Out uint32, Arg uint32, Rune []rune}, Start int, NumCap int}), onepass (*regexp.onePassProg struct{Inst []regexp.onePassInst struct{Inst syntax.Inst struct{Op syntax.InstOp uint8, Out uint32, Arg uint32, Rune []rune}, Next []uint32}, Start int, NumCap int}), numSubexp int, maxBitStateLen int, subexpNames []string, prefix string, prefixBytes []byte, prefixRune rune, prefixEnd uint32, mpool int, matchcap int, prefixComplete bool, cond syntax.EmptyOp uint8, minInputLen int, longest bool}) ---> depends on: {`(http://|https://)([a-zA-Z0-9_!~*'().&=+$%-]+)` string, `(http://|https://)([a-zA-Z0-9_!~*'().&=+$%-]+)` string, regexp.Regexp struct{expr string, prog (*syntax.Prog struct{Inst []syntax.Inst struct{Op syntax.InstOp uint8, Out uint32, Arg uint32, Rune []rune}, Start int, NumCap int}), onepass (*regexp.onePassProg struct{Inst []regexp.onePassInst struct{Inst syntax.Inst struct{Op syntax.InstOp uint8, Out uint32, Arg uint32, Rune []rune}, Next []uint32}, Start int, NumCap int}), numSubexp int, maxBitStateLen int, subexpNames []string, prefix string, prefixBytes []byte, prefixRune rune, prefixEnd uint32, mpool int, matchcap int, prefixComplete bool, cond syntax.EmptyOp uint8, minInputLen int, longest bool}}
	 [18] url_strings []string ---> depends on: {text string, int, text string, int}
	 [19] err1 error ---> depends on: {}
	 [20] err2 error ---> depends on: {}
	 [21] urls []socialnetwork.URL struct{ShortenedUrl string, ExpandedUrl string} ---> depends on: {}
	 [22] user_mentions []socialnetwork.UserMention struct{UserID int64, Username string} ---> depends on: {}
	 [23] wg sync.WaitGroup ---> depends on: {}
	 [24] updated_text string ---> depends on: {text string}
	 [25] idx 0 int ---> depends on: {}
	 [26] url_string string ---> depends on: {url_strings []string}
	 [27] updated_text string ---> depends on: {updated_text string, url_string string, ShortenedUrl string, updated_text string, url_string string, ShortenedUrl string}
	 [28] t (*socialnetwork.TextServiceImpl struct{urlShortenService socialnetwork.UrlShortenService, userMentionService socialnetwork.UserMentionService}) ---> depends on: {socialnetwork.TextServiceImpl struct{urlShortenService socialnetwork.UrlShortenService, userMentionService socialnetwork.UserMentionService}}
	 [29] ctx context.Context ---> depends on: {}
	 [30] reqID int64 ---> depends on: {}
	 [31] text string ---> depends on: {}
	 [32] r (*regexp.Regexp struct{expr string, prog (*syntax.Prog struct{Inst []syntax.Inst struct{Op syntax.InstOp uint8, Out uint32, Arg uint32, Rune []rune}, Start int, NumCap int}), onepass (*regexp.onePassProg struct{Inst []regexp.onePassInst struct{Inst syntax.Inst struct{Op syntax.InstOp uint8, Out uint32, Arg uint32, Rune []rune}, Next []uint32}, Start int, NumCap int}), numSubexp int, maxBitStateLen int, subexpNames []string, prefix string, prefixBytes []byte, prefixRune rune, prefixEnd uint32, mpool int, matchcap int, prefixComplete bool, cond syntax.EmptyOp uint8, minInputLen int, longest bool}) ---> depends on: {`@[a-zA-Z0-9-_]+` string, `@[a-zA-Z0-9-_]+` string, regexp.Regexp struct{expr string, prog (*syntax.Prog struct{Inst []syntax.Inst struct{Op syntax.InstOp uint8, Out uint32, Arg uint32, Rune []rune}, Start int, NumCap int}), onepass (*regexp.onePassProg struct{Inst []regexp.onePassInst struct{Inst syntax.Inst struct{Op syntax.InstOp uint8, Out uint32, Arg uint32, Rune []rune}, Next []uint32}, Start int, NumCap int}), numSubexp int, maxBitStateLen int, subexpNames []string, prefix string, prefixBytes []byte, prefixRune rune, prefixEnd uint32, mpool int, matchcap int, prefixComplete bool, cond syntax.EmptyOp uint8, minInputLen int, longest bool}}
	 [33] matches []string ---> depends on: {text string, int, text string, int}
	 [34] usernames []string ---> depends on: {m string}
	 [35] m string ---> depends on: {matches []string}
	 [36] usernames []string ---> depends on: {m string}
	 [37] t (*socialnetwork.TextServiceImpl struct{urlShortenService socialnetwork.UrlShortenService, userMentionService socialnetwork.UserMentionService}) ---> depends on: {socialnetwork.TextServiceImpl struct{urlShortenService socialnetwork.UrlShortenService, userMentionService socialnetwork.UserMentionService}}
	 [38] ctx context.Context ---> depends on: {}
	 [39] reqID int64 ---> depends on: {}
	 [40] text string ---> depends on: {}
	 [41] r (*regexp.Regexp struct{expr string, prog (*syntax.Prog struct{Inst []syntax.Inst struct{Op syntax.InstOp uint8, Out uint32, Arg uint32, Rune []rune}, Start int, NumCap int}), onepass (*regexp.onePassProg struct{Inst []regexp.onePassInst struct{Inst syntax.Inst struct{Op syntax.InstOp uint8, Out uint32, Arg uint32, Rune []rune}, Next []uint32}, Start int, NumCap int}), numSubexp int, maxBitStateLen int, subexpNames []string, prefix string, prefixBytes []byte, prefixRune rune, prefixEnd uint32, mpool int, matchcap int, prefixComplete bool, cond syntax.EmptyOp uint8, minInputLen int, longest bool}) ---> depends on: {`@[a-zA-Z0-9-_]+` string, `@[a-zA-Z0-9-_]+` string, regexp.Regexp struct{expr string, prog (*syntax.Prog struct{Inst []syntax.Inst struct{Op syntax.InstOp uint8, Out uint32, Arg uint32, Rune []rune}, Start int, NumCap int}), onepass (*regexp.onePassProg struct{Inst []regexp.onePassInst struct{Inst syntax.Inst struct{Op syntax.InstOp uint8, Out uint32, Arg uint32, Rune []rune}, Next []uint32}, Start int, NumCap int}), numSubexp int, maxBitStateLen int, subexpNames []string, prefix string, prefixBytes []byte, prefixRune rune, prefixEnd uint32, mpool int, matchcap int, prefixComplete bool, cond syntax.EmptyOp uint8, minInputLen int, longest bool}}
	 [42] matches []string ---> depends on: {text string, int, text string, int}
	 [43] usernames []string ---> depends on: {m string}
	 [44] m string ---> depends on: {matches []string}
	 [45] url_re (*regexp.Regexp struct{expr string, prog (*syntax.Prog struct{Inst []syntax.Inst struct{Op syntax.InstOp uint8, Out uint32, Arg uint32, Rune []rune}, Start int, NumCap int}), onepass (*regexp.onePassProg struct{Inst []regexp.onePassInst struct{Inst syntax.Inst struct{Op syntax.InstOp uint8, Out uint32, Arg uint32, Rune []rune}, Next []uint32}, Start int, NumCap int}), numSubexp int, maxBitStateLen int, subexpNames []string, prefix string, prefixBytes []byte, prefixRune rune, prefixEnd uint32, mpool int, matchcap int, prefixComplete bool, cond syntax.EmptyOp uint8, minInputLen int, longest bool}) ---> depends on: {`(http://|https://)([a-zA-Z0-9_!~*'().&=+$%-]+)` string, `(http://|https://)([a-zA-Z0-9_!~*'().&=+$%-]+)` string, regexp.Regexp struct{expr string, prog (*syntax.Prog struct{Inst []syntax.Inst struct{Op syntax.InstOp uint8, Out uint32, Arg uint32, Rune []rune}, Start int, NumCap int}), onepass (*regexp.onePassProg struct{Inst []regexp.onePassInst struct{Inst syntax.Inst struct{Op syntax.InstOp uint8, Out uint32, Arg uint32, Rune []rune}, Next []uint32}, Start int, NumCap int}), numSubexp int, maxBitStateLen int, subexpNames []string, prefix string, prefixBytes []byte, prefixRune rune, prefixEnd uint32, mpool int, matchcap int, prefixComplete bool, cond syntax.EmptyOp uint8, minInputLen int, longest bool}}
	 [46] url_strings []string ---> depends on: {text string, int, text string, int}
	 [47] err1 error ---> depends on: {}
	 [48] err2 error ---> depends on: {}
	 [49] urls []socialnetwork.URL struct{ShortenedUrl string, ExpandedUrl string} ---> depends on: {}
	 [50] user_mentions []socialnetwork.UserMention struct{UserID int64, Username string} ---> depends on: {}
	 [51] wg sync.WaitGroup ---> depends on: {}
	 [52] updated_text string ---> depends on: {text string}
	 [53] idx 0 int ---> depends on: {}
	 [54] url_string string ---> depends on: {url_strings []string}

[BLOCK, #13, RangeBody] NODES = [*ast.AssignStmt]; SUCCS = [Block #12]
	 [0] t (*socialnetwork.TextServiceImpl struct{urlShortenService socialnetwork.UrlShortenService, userMentionService socialnetwork.UserMentionService}) ---> depends on: {socialnetwork.TextServiceImpl struct{urlShortenService socialnetwork.UrlShortenService, userMentionService socialnetwork.UserMentionService}}
	 [1] ctx context.Context ---> depends on: {}
	 [2] reqID int64 ---> depends on: {}
	 [3] text string ---> depends on: {}
	 [4] r (*regexp.Regexp struct{expr string, prog (*syntax.Prog struct{Inst []syntax.Inst struct{Op syntax.InstOp uint8, Out uint32, Arg uint32, Rune []rune}, Start int, NumCap int}), onepass (*regexp.onePassProg struct{Inst []regexp.onePassInst struct{Inst syntax.Inst struct{Op syntax.InstOp uint8, Out uint32, Arg uint32, Rune []rune}, Next []uint32}, Start int, NumCap int}), numSubexp int, maxBitStateLen int, subexpNames []string, prefix string, prefixBytes []byte, prefixRune rune, prefixEnd uint32, mpool int, matchcap int, prefixComplete bool, cond syntax.EmptyOp uint8, minInputLen int, longest bool}) ---> depends on: {`@[a-zA-Z0-9-_]+` string, `@[a-zA-Z0-9-_]+` string, regexp.Regexp struct{expr string, prog (*syntax.Prog struct{Inst []syntax.Inst struct{Op syntax.InstOp uint8, Out uint32, Arg uint32, Rune []rune}, Start int, NumCap int}), onepass (*regexp.onePassProg struct{Inst []regexp.onePassInst struct{Inst syntax.Inst struct{Op syntax.InstOp uint8, Out uint32, Arg uint32, Rune []rune}, Next []uint32}, Start int, NumCap int}), numSubexp int, maxBitStateLen int, subexpNames []string, prefix string, prefixBytes []byte, prefixRune rune, prefixEnd uint32, mpool int, matchcap int, prefixComplete bool, cond syntax.EmptyOp uint8, minInputLen int, longest bool}}
	 [5] matches []string ---> depends on: {text string, int, text string, int}
	 [6] usernames []string ---> depends on: {m string}
	 [7] m string ---> depends on: {matches []string}
	 [8] usernames []string ---> depends on: {m string}
	 [9] t (*socialnetwork.TextServiceImpl struct{urlShortenService socialnetwork.UrlShortenService, userMentionService socialnetwork.UserMentionService}) ---> depends on: {socialnetwork.TextServiceImpl struct{urlShortenService socialnetwork.UrlShortenService, userMentionService socialnetwork.UserMentionService}}
	 [10] ctx context.Context ---> depends on: {}
	 [11] reqID int64 ---> depends on: {}
	 [12] text string ---> depends on: {}
	 [13] r (*regexp.Regexp struct{expr string, prog (*syntax.Prog struct{Inst []syntax.Inst struct{Op syntax.InstOp uint8, Out uint32, Arg uint32, Rune []rune}, Start int, NumCap int}), onepass (*regexp.onePassProg struct{Inst []regexp.onePassInst struct{Inst syntax.Inst struct{Op syntax.InstOp uint8, Out uint32, Arg uint32, Rune []rune}, Next []uint32}, Start int, NumCap int}), numSubexp int, maxBitStateLen int, subexpNames []string, prefix string, prefixBytes []byte, prefixRune rune, prefixEnd uint32, mpool int, matchcap int, prefixComplete bool, cond syntax.EmptyOp uint8, minInputLen int, longest bool}) ---> depends on: {`@[a-zA-Z0-9-_]+` string, `@[a-zA-Z0-9-_]+` string, regexp.Regexp struct{expr string, prog (*syntax.Prog struct{Inst []syntax.Inst struct{Op syntax.InstOp uint8, Out uint32, Arg uint32, Rune []rune}, Start int, NumCap int}), onepass (*regexp.onePassProg struct{Inst []regexp.onePassInst struct{Inst syntax.Inst struct{Op syntax.InstOp uint8, Out uint32, Arg uint32, Rune []rune}, Next []uint32}, Start int, NumCap int}), numSubexp int, maxBitStateLen int, subexpNames []string, prefix string, prefixBytes []byte, prefixRune rune, prefixEnd uint32, mpool int, matchcap int, prefixComplete bool, cond syntax.EmptyOp uint8, minInputLen int, longest bool}}
	 [14] matches []string ---> depends on: {text string, int, text string, int}
	 [15] usernames []string ---> depends on: {m string}
	 [16] m string ---> depends on: {matches []string}
	 [17] url_re (*regexp.Regexp struct{expr string, prog (*syntax.Prog struct{Inst []syntax.Inst struct{Op syntax.InstOp uint8, Out uint32, Arg uint32, Rune []rune}, Start int, NumCap int}), onepass (*regexp.onePassProg struct{Inst []regexp.onePassInst struct{Inst syntax.Inst struct{Op syntax.InstOp uint8, Out uint32, Arg uint32, Rune []rune}, Next []uint32}, Start int, NumCap int}), numSubexp int, maxBitStateLen int, subexpNames []string, prefix string, prefixBytes []byte, prefixRune rune, prefixEnd uint32, mpool int, matchcap int, prefixComplete bool, cond syntax.EmptyOp uint8, minInputLen int, longest bool}) ---> depends on: {`(http://|https://)([a-zA-Z0-9_!~*'().&=+$%-]+)` string, `(http://|https://)([a-zA-Z0-9_!~*'().&=+$%-]+)` string, regexp.Regexp struct{expr string, prog (*syntax.Prog struct{Inst []syntax.Inst struct{Op syntax.InstOp uint8, Out uint32, Arg uint32, Rune []rune}, Start int, NumCap int}), onepass (*regexp.onePassProg struct{Inst []regexp.onePassInst struct{Inst syntax.Inst struct{Op syntax.InstOp uint8, Out uint32, Arg uint32, Rune []rune}, Next []uint32}, Start int, NumCap int}), numSubexp int, maxBitStateLen int, subexpNames []string, prefix string, prefixBytes []byte, prefixRune rune, prefixEnd uint32, mpool int, matchcap int, prefixComplete bool, cond syntax.EmptyOp uint8, minInputLen int, longest bool}}
	 [18] url_strings []string ---> depends on: {text string, int, text string, int}
	 [19] err1 error ---> depends on: {}
	 [20] err2 error ---> depends on: {}
	 [21] urls []socialnetwork.URL struct{ShortenedUrl string, ExpandedUrl string} ---> depends on: {}
	 [22] user_mentions []socialnetwork.UserMention struct{UserID int64, Username string} ---> depends on: {}
	 [23] wg sync.WaitGroup ---> depends on: {}
	 [24] updated_text string ---> depends on: {text string}
	 [25] idx 0 int ---> depends on: {}
	 [26] url_string string ---> depends on: {url_strings []string}
	 [27] updated_text string ---> depends on: {updated_text string, url_string string, ShortenedUrl string, updated_text string, url_string string, ShortenedUrl string}

[BLOCK, #14, RangeDone] NODES = []; SUCCS = [Block #11]
	 [0] t (*socialnetwork.TextServiceImpl struct{urlShortenService socialnetwork.UrlShortenService, userMentionService socialnetwork.UserMentionService}) ---> depends on: {socialnetwork.TextServiceImpl struct{urlShortenService socialnetwork.UrlShortenService, userMentionService socialnetwork.UserMentionService}}
	 [1] ctx context.Context ---> depends on: {}
	 [2] reqID int64 ---> depends on: {}
	 [3] text string ---> depends on: {}
	 [4] r (*regexp.Regexp struct{expr string, prog (*syntax.Prog struct{Inst []syntax.Inst struct{Op syntax.InstOp uint8, Out uint32, Arg uint32, Rune []rune}, Start int, NumCap int}), onepass (*regexp.onePassProg struct{Inst []regexp.onePassInst struct{Inst syntax.Inst struct{Op syntax.InstOp uint8, Out uint32, Arg uint32, Rune []rune}, Next []uint32}, Start int, NumCap int}), numSubexp int, maxBitStateLen int, subexpNames []string, prefix string, prefixBytes []byte, prefixRune rune, prefixEnd uint32, mpool int, matchcap int, prefixComplete bool, cond syntax.EmptyOp uint8, minInputLen int, longest bool}) ---> depends on: {`@[a-zA-Z0-9-_]+` string, `@[a-zA-Z0-9-_]+` string, regexp.Regexp struct{expr string, prog (*syntax.Prog struct{Inst []syntax.Inst struct{Op syntax.InstOp uint8, Out uint32, Arg uint32, Rune []rune}, Start int, NumCap int}), onepass (*regexp.onePassProg struct{Inst []regexp.onePassInst struct{Inst syntax.Inst struct{Op syntax.InstOp uint8, Out uint32, Arg uint32, Rune []rune}, Next []uint32}, Start int, NumCap int}), numSubexp int, maxBitStateLen int, subexpNames []string, prefix string, prefixBytes []byte, prefixRune rune, prefixEnd uint32, mpool int, matchcap int, prefixComplete bool, cond syntax.EmptyOp uint8, minInputLen int, longest bool}}
	 [5] matches []string ---> depends on: {text string, int, text string, int}
	 [6] usernames []string ---> depends on: {m string}
	 [7] m string ---> depends on: {matches []string}
	 [8] usernames []string ---> depends on: {m string}
	 [9] t (*socialnetwork.TextServiceImpl struct{urlShortenService socialnetwork.UrlShortenService, userMentionService socialnetwork.UserMentionService}) ---> depends on: {socialnetwork.TextServiceImpl struct{urlShortenService socialnetwork.UrlShortenService, userMentionService socialnetwork.UserMentionService}}
	 [10] ctx context.Context ---> depends on: {}
	 [11] reqID int64 ---> depends on: {}
	 [12] text string ---> depends on: {}
	 [13] r (*regexp.Regexp struct{expr string, prog (*syntax.Prog struct{Inst []syntax.Inst struct{Op syntax.InstOp uint8, Out uint32, Arg uint32, Rune []rune}, Start int, NumCap int}), onepass (*regexp.onePassProg struct{Inst []regexp.onePassInst struct{Inst syntax.Inst struct{Op syntax.InstOp uint8, Out uint32, Arg uint32, Rune []rune}, Next []uint32}, Start int, NumCap int}), numSubexp int, maxBitStateLen int, subexpNames []string, prefix string, prefixBytes []byte, prefixRune rune, prefixEnd uint32, mpool int, matchcap int, prefixComplete bool, cond syntax.EmptyOp uint8, minInputLen int, longest bool}) ---> depends on: {`@[a-zA-Z0-9-_]+` string, `@[a-zA-Z0-9-_]+` string, regexp.Regexp struct{expr string, prog (*syntax.Prog struct{Inst []syntax.Inst struct{Op syntax.InstOp uint8, Out uint32, Arg uint32, Rune []rune}, Start int, NumCap int}), onepass (*regexp.onePassProg struct{Inst []regexp.onePassInst struct{Inst syntax.Inst struct{Op syntax.InstOp uint8, Out uint32, Arg uint32, Rune []rune}, Next []uint32}, Start int, NumCap int}), numSubexp int, maxBitStateLen int, subexpNames []string, prefix string, prefixBytes []byte, prefixRune rune, prefixEnd uint32, mpool int, matchcap int, prefixComplete bool, cond syntax.EmptyOp uint8, minInputLen int, longest bool}}
	 [14] matches []string ---> depends on: {text string, int, text string, int}
	 [15] usernames []string ---> depends on: {m string}
	 [16] m string ---> depends on: {matches []string}
	 [17] url_re (*regexp.Regexp struct{expr string, prog (*syntax.Prog struct{Inst []syntax.Inst struct{Op syntax.InstOp uint8, Out uint32, Arg uint32, Rune []rune}, Start int, NumCap int}), onepass (*regexp.onePassProg struct{Inst []regexp.onePassInst struct{Inst syntax.Inst struct{Op syntax.InstOp uint8, Out uint32, Arg uint32, Rune []rune}, Next []uint32}, Start int, NumCap int}), numSubexp int, maxBitStateLen int, subexpNames []string, prefix string, prefixBytes []byte, prefixRune rune, prefixEnd uint32, mpool int, matchcap int, prefixComplete bool, cond syntax.EmptyOp uint8, minInputLen int, longest bool}) ---> depends on: {`(http://|https://)([a-zA-Z0-9_!~*'().&=+$%-]+)` string, `(http://|https://)([a-zA-Z0-9_!~*'().&=+$%-]+)` string, regexp.Regexp struct{expr string, prog (*syntax.Prog struct{Inst []syntax.Inst struct{Op syntax.InstOp uint8, Out uint32, Arg uint32, Rune []rune}, Start int, NumCap int}), onepass (*regexp.onePassProg struct{Inst []regexp.onePassInst struct{Inst syntax.Inst struct{Op syntax.InstOp uint8, Out uint32, Arg uint32, Rune []rune}, Next []uint32}, Start int, NumCap int}), numSubexp int, maxBitStateLen int, subexpNames []string, prefix string, prefixBytes []byte, prefixRune rune, prefixEnd uint32, mpool int, matchcap int, prefixComplete bool, cond syntax.EmptyOp uint8, minInputLen int, longest bool}}
	 [18] url_strings []string ---> depends on: {text string, int, text string, int}
	 [19] err1 error ---> depends on: {}
	 [20] err2 error ---> depends on: {}
	 [21] urls []socialnetwork.URL struct{ShortenedUrl string, ExpandedUrl string} ---> depends on: {}
	 [22] user_mentions []socialnetwork.UserMention struct{UserID int64, Username string} ---> depends on: {}
	 [23] wg sync.WaitGroup ---> depends on: {}
	 [24] updated_text string ---> depends on: {text string}
	 [25] idx 0 int ---> depends on: {}
	 [26] url_string string ---> depends on: {url_strings []string}
	 [27] updated_text string ---> depends on: {updated_text string, url_string string, ShortenedUrl string, updated_text string, url_string string, ShortenedUrl string}
	 [28] t (*socialnetwork.TextServiceImpl struct{urlShortenService socialnetwork.UrlShortenService, userMentionService socialnetwork.UserMentionService}) ---> depends on: {socialnetwork.TextServiceImpl struct{urlShortenService socialnetwork.UrlShortenService, userMentionService socialnetwork.UserMentionService}}
	 [29] ctx context.Context ---> depends on: {}
	 [30] reqID int64 ---> depends on: {}
	 [31] text string ---> depends on: {}
	 [32] r (*regexp.Regexp struct{expr string, prog (*syntax.Prog struct{Inst []syntax.Inst struct{Op syntax.InstOp uint8, Out uint32, Arg uint32, Rune []rune}, Start int, NumCap int}), onepass (*regexp.onePassProg struct{Inst []regexp.onePassInst struct{Inst syntax.Inst struct{Op syntax.InstOp uint8, Out uint32, Arg uint32, Rune []rune}, Next []uint32}, Start int, NumCap int}), numSubexp int, maxBitStateLen int, subexpNames []string, prefix string, prefixBytes []byte, prefixRune rune, prefixEnd uint32, mpool int, matchcap int, prefixComplete bool, cond syntax.EmptyOp uint8, minInputLen int, longest bool}) ---> depends on: {`@[a-zA-Z0-9-_]+` string, `@[a-zA-Z0-9-_]+` string, regexp.Regexp struct{expr string, prog (*syntax.Prog struct{Inst []syntax.Inst struct{Op syntax.InstOp uint8, Out uint32, Arg uint32, Rune []rune}, Start int, NumCap int}), onepass (*regexp.onePassProg struct{Inst []regexp.onePassInst struct{Inst syntax.Inst struct{Op syntax.InstOp uint8, Out uint32, Arg uint32, Rune []rune}, Next []uint32}, Start int, NumCap int}), numSubexp int, maxBitStateLen int, subexpNames []string, prefix string, prefixBytes []byte, prefixRune rune, prefixEnd uint32, mpool int, matchcap int, prefixComplete bool, cond syntax.EmptyOp uint8, minInputLen int, longest bool}}
	 [33] matches []string ---> depends on: {text string, int, text string, int}
	 [34] usernames []string ---> depends on: {m string}
	 [35] m string ---> depends on: {matches []string}
	 [36] usernames []string ---> depends on: {m string}
	 [37] t (*socialnetwork.TextServiceImpl struct{urlShortenService socialnetwork.UrlShortenService, userMentionService socialnetwork.UserMentionService}) ---> depends on: {socialnetwork.TextServiceImpl struct{urlShortenService socialnetwork.UrlShortenService, userMentionService socialnetwork.UserMentionService}}
	 [38] ctx context.Context ---> depends on: {}
	 [39] reqID int64 ---> depends on: {}
	 [40] text string ---> depends on: {}
	 [41] r (*regexp.Regexp struct{expr string, prog (*syntax.Prog struct{Inst []syntax.Inst struct{Op syntax.InstOp uint8, Out uint32, Arg uint32, Rune []rune}, Start int, NumCap int}), onepass (*regexp.onePassProg struct{Inst []regexp.onePassInst struct{Inst syntax.Inst struct{Op syntax.InstOp uint8, Out uint32, Arg uint32, Rune []rune}, Next []uint32}, Start int, NumCap int}), numSubexp int, maxBitStateLen int, subexpNames []string, prefix string, prefixBytes []byte, prefixRune rune, prefixEnd uint32, mpool int, matchcap int, prefixComplete bool, cond syntax.EmptyOp uint8, minInputLen int, longest bool}) ---> depends on: {`@[a-zA-Z0-9-_]+` string, `@[a-zA-Z0-9-_]+` string, regexp.Regexp struct{expr string, prog (*syntax.Prog struct{Inst []syntax.Inst struct{Op syntax.InstOp uint8, Out uint32, Arg uint32, Rune []rune}, Start int, NumCap int}), onepass (*regexp.onePassProg struct{Inst []regexp.onePassInst struct{Inst syntax.Inst struct{Op syntax.InstOp uint8, Out uint32, Arg uint32, Rune []rune}, Next []uint32}, Start int, NumCap int}), numSubexp int, maxBitStateLen int, subexpNames []string, prefix string, prefixBytes []byte, prefixRune rune, prefixEnd uint32, mpool int, matchcap int, prefixComplete bool, cond syntax.EmptyOp uint8, minInputLen int, longest bool}}
	 [42] matches []string ---> depends on: {text string, int, text string, int}
	 [43] usernames []string ---> depends on: {m string}
	 [44] m string ---> depends on: {matches []string}
	 [45] url_re (*regexp.Regexp struct{expr string, prog (*syntax.Prog struct{Inst []syntax.Inst struct{Op syntax.InstOp uint8, Out uint32, Arg uint32, Rune []rune}, Start int, NumCap int}), onepass (*regexp.onePassProg struct{Inst []regexp.onePassInst struct{Inst syntax.Inst struct{Op syntax.InstOp uint8, Out uint32, Arg uint32, Rune []rune}, Next []uint32}, Start int, NumCap int}), numSubexp int, maxBitStateLen int, subexpNames []string, prefix string, prefixBytes []byte, prefixRune rune, prefixEnd uint32, mpool int, matchcap int, prefixComplete bool, cond syntax.EmptyOp uint8, minInputLen int, longest bool}) ---> depends on: {`(http://|https://)([a-zA-Z0-9_!~*'().&=+$%-]+)` string, `(http://|https://)([a-zA-Z0-9_!~*'().&=+$%-]+)` string, regexp.Regexp struct{expr string, prog (*syntax.Prog struct{Inst []syntax.Inst struct{Op syntax.InstOp uint8, Out uint32, Arg uint32, Rune []rune}, Start int, NumCap int}), onepass (*regexp.onePassProg struct{Inst []regexp.onePassInst struct{Inst syntax.Inst struct{Op syntax.InstOp uint8, Out uint32, Arg uint32, Rune []rune}, Next []uint32}, Start int, NumCap int}), numSubexp int, maxBitStateLen int, subexpNames []string, prefix string, prefixBytes []byte, prefixRune rune, prefixEnd uint32, mpool int, matchcap int, prefixComplete bool, cond syntax.EmptyOp uint8, minInputLen int, longest bool}}
	 [46] url_strings []string ---> depends on: {text string, int, text string, int}
	 [47] err1 error ---> depends on: {}
	 [48] err2 error ---> depends on: {}
	 [49] urls []socialnetwork.URL struct{ShortenedUrl string, ExpandedUrl string} ---> depends on: {}
	 [50] user_mentions []socialnetwork.UserMention struct{UserID int64, Username string} ---> depends on: {}
	 [51] wg sync.WaitGroup ---> depends on: {}
	 [52] updated_text string ---> depends on: {text string}
	 [53] idx 0 int ---> depends on: {}
	 [54] url_string string ---> depends on: {url_strings []string}

[BLOCK, #11, IfDone] NODES = [*ast.ReturnStmt]; SUCCS = []
	 [0] t (*socialnetwork.TextServiceImpl struct{urlShortenService socialnetwork.UrlShortenService, userMentionService socialnetwork.UserMentionService}) ---> depends on: {socialnetwork.TextServiceImpl struct{urlShortenService socialnetwork.UrlShortenService, userMentionService socialnetwork.UserMentionService}}
	 [1] ctx context.Context ---> depends on: {}
	 [2] reqID int64 ---> depends on: {}
	 [3] text string ---> depends on: {}
	 [4] r (*regexp.Regexp struct{expr string, prog (*syntax.Prog struct{Inst []syntax.Inst struct{Op syntax.InstOp uint8, Out uint32, Arg uint32, Rune []rune}, Start int, NumCap int}), onepass (*regexp.onePassProg struct{Inst []regexp.onePassInst struct{Inst syntax.Inst struct{Op syntax.InstOp uint8, Out uint32, Arg uint32, Rune []rune}, Next []uint32}, Start int, NumCap int}), numSubexp int, maxBitStateLen int, subexpNames []string, prefix string, prefixBytes []byte, prefixRune rune, prefixEnd uint32, mpool int, matchcap int, prefixComplete bool, cond syntax.EmptyOp uint8, minInputLen int, longest bool}) ---> depends on: {`@[a-zA-Z0-9-_]+` string, `@[a-zA-Z0-9-_]+` string, regexp.Regexp struct{expr string, prog (*syntax.Prog struct{Inst []syntax.Inst struct{Op syntax.InstOp uint8, Out uint32, Arg uint32, Rune []rune}, Start int, NumCap int}), onepass (*regexp.onePassProg struct{Inst []regexp.onePassInst struct{Inst syntax.Inst struct{Op syntax.InstOp uint8, Out uint32, Arg uint32, Rune []rune}, Next []uint32}, Start int, NumCap int}), numSubexp int, maxBitStateLen int, subexpNames []string, prefix string, prefixBytes []byte, prefixRune rune, prefixEnd uint32, mpool int, matchcap int, prefixComplete bool, cond syntax.EmptyOp uint8, minInputLen int, longest bool}}
	 [5] matches []string ---> depends on: {text string, int, text string, int}
	 [6] usernames []string ---> depends on: {m string}
	 [7] m string ---> depends on: {matches []string}
	 [8] usernames []string ---> depends on: {m string}
	 [9] t (*socialnetwork.TextServiceImpl struct{urlShortenService socialnetwork.UrlShortenService, userMentionService socialnetwork.UserMentionService}) ---> depends on: {socialnetwork.TextServiceImpl struct{urlShortenService socialnetwork.UrlShortenService, userMentionService socialnetwork.UserMentionService}}
	 [10] ctx context.Context ---> depends on: {}
	 [11] reqID int64 ---> depends on: {}
	 [12] text string ---> depends on: {}
	 [13] r (*regexp.Regexp struct{expr string, prog (*syntax.Prog struct{Inst []syntax.Inst struct{Op syntax.InstOp uint8, Out uint32, Arg uint32, Rune []rune}, Start int, NumCap int}), onepass (*regexp.onePassProg struct{Inst []regexp.onePassInst struct{Inst syntax.Inst struct{Op syntax.InstOp uint8, Out uint32, Arg uint32, Rune []rune}, Next []uint32}, Start int, NumCap int}), numSubexp int, maxBitStateLen int, subexpNames []string, prefix string, prefixBytes []byte, prefixRune rune, prefixEnd uint32, mpool int, matchcap int, prefixComplete bool, cond syntax.EmptyOp uint8, minInputLen int, longest bool}) ---> depends on: {`@[a-zA-Z0-9-_]+` string, `@[a-zA-Z0-9-_]+` string, regexp.Regexp struct{expr string, prog (*syntax.Prog struct{Inst []syntax.Inst struct{Op syntax.InstOp uint8, Out uint32, Arg uint32, Rune []rune}, Start int, NumCap int}), onepass (*regexp.onePassProg struct{Inst []regexp.onePassInst struct{Inst syntax.Inst struct{Op syntax.InstOp uint8, Out uint32, Arg uint32, Rune []rune}, Next []uint32}, Start int, NumCap int}), numSubexp int, maxBitStateLen int, subexpNames []string, prefix string, prefixBytes []byte, prefixRune rune, prefixEnd uint32, mpool int, matchcap int, prefixComplete bool, cond syntax.EmptyOp uint8, minInputLen int, longest bool}}
	 [14] matches []string ---> depends on: {text string, int, text string, int}
	 [15] usernames []string ---> depends on: {m string}
	 [16] m string ---> depends on: {matches []string}
	 [17] url_re (*regexp.Regexp struct{expr string, prog (*syntax.Prog struct{Inst []syntax.Inst struct{Op syntax.InstOp uint8, Out uint32, Arg uint32, Rune []rune}, Start int, NumCap int}), onepass (*regexp.onePassProg struct{Inst []regexp.onePassInst struct{Inst syntax.Inst struct{Op syntax.InstOp uint8, Out uint32, Arg uint32, Rune []rune}, Next []uint32}, Start int, NumCap int}), numSubexp int, maxBitStateLen int, subexpNames []string, prefix string, prefixBytes []byte, prefixRune rune, prefixEnd uint32, mpool int, matchcap int, prefixComplete bool, cond syntax.EmptyOp uint8, minInputLen int, longest bool}) ---> depends on: {`(http://|https://)([a-zA-Z0-9_!~*'().&=+$%-]+)` string, `(http://|https://)([a-zA-Z0-9_!~*'().&=+$%-]+)` string, regexp.Regexp struct{expr string, prog (*syntax.Prog struct{Inst []syntax.Inst struct{Op syntax.InstOp uint8, Out uint32, Arg uint32, Rune []rune}, Start int, NumCap int}), onepass (*regexp.onePassProg struct{Inst []regexp.onePassInst struct{Inst syntax.Inst struct{Op syntax.InstOp uint8, Out uint32, Arg uint32, Rune []rune}, Next []uint32}, Start int, NumCap int}), numSubexp int, maxBitStateLen int, subexpNames []string, prefix string, prefixBytes []byte, prefixRune rune, prefixEnd uint32, mpool int, matchcap int, prefixComplete bool, cond syntax.EmptyOp uint8, minInputLen int, longest bool}}
	 [18] url_strings []string ---> depends on: {text string, int, text string, int}
	 [19] err1 error ---> depends on: {}
	 [20] err2 error ---> depends on: {}
	 [21] urls []socialnetwork.URL struct{ShortenedUrl string, ExpandedUrl string} ---> depends on: {}
	 [22] user_mentions []socialnetwork.UserMention struct{UserID int64, Username string} ---> depends on: {}
	 [23] wg sync.WaitGroup ---> depends on: {}
	 [24] updated_text string ---> depends on: {text string}
	 [25] t (*socialnetwork.TextServiceImpl struct{urlShortenService socialnetwork.UrlShortenService, userMentionService socialnetwork.UserMentionService}) ---> depends on: {socialnetwork.TextServiceImpl struct{urlShortenService socialnetwork.UrlShortenService, userMentionService socialnetwork.UserMentionService}}
	 [26] ctx context.Context ---> depends on: {}
	 [27] reqID int64 ---> depends on: {}
	 [28] text string ---> depends on: {}
	 [29] r (*regexp.Regexp struct{expr string, prog (*syntax.Prog struct{Inst []syntax.Inst struct{Op syntax.InstOp uint8, Out uint32, Arg uint32, Rune []rune}, Start int, NumCap int}), onepass (*regexp.onePassProg struct{Inst []regexp.onePassInst struct{Inst syntax.Inst struct{Op syntax.InstOp uint8, Out uint32, Arg uint32, Rune []rune}, Next []uint32}, Start int, NumCap int}), numSubexp int, maxBitStateLen int, subexpNames []string, prefix string, prefixBytes []byte, prefixRune rune, prefixEnd uint32, mpool int, matchcap int, prefixComplete bool, cond syntax.EmptyOp uint8, minInputLen int, longest bool}) ---> depends on: {`@[a-zA-Z0-9-_]+` string, `@[a-zA-Z0-9-_]+` string, regexp.Regexp struct{expr string, prog (*syntax.Prog struct{Inst []syntax.Inst struct{Op syntax.InstOp uint8, Out uint32, Arg uint32, Rune []rune}, Start int, NumCap int}), onepass (*regexp.onePassProg struct{Inst []regexp.onePassInst struct{Inst syntax.Inst struct{Op syntax.InstOp uint8, Out uint32, Arg uint32, Rune []rune}, Next []uint32}, Start int, NumCap int}), numSubexp int, maxBitStateLen int, subexpNames []string, prefix string, prefixBytes []byte, prefixRune rune, prefixEnd uint32, mpool int, matchcap int, prefixComplete bool, cond syntax.EmptyOp uint8, minInputLen int, longest bool}}
	 [30] matches []string ---> depends on: {text string, int, text string, int}
	 [31] usernames []string ---> depends on: {m string}
	 [32] m string ---> depends on: {matches []string}
	 [33] usernames []string ---> depends on: {m string}
	 [34] t (*socialnetwork.TextServiceImpl struct{urlShortenService socialnetwork.UrlShortenService, userMentionService socialnetwork.UserMentionService}) ---> depends on: {socialnetwork.TextServiceImpl struct{urlShortenService socialnetwork.UrlShortenService, userMentionService socialnetwork.UserMentionService}}
	 [35] ctx context.Context ---> depends on: {}
	 [36] reqID int64 ---> depends on: {}
	 [37] text string ---> depends on: {}
	 [38] r (*regexp.Regexp struct{expr string, prog (*syntax.Prog struct{Inst []syntax.Inst struct{Op syntax.InstOp uint8, Out uint32, Arg uint32, Rune []rune}, Start int, NumCap int}), onepass (*regexp.onePassProg struct{Inst []regexp.onePassInst struct{Inst syntax.Inst struct{Op syntax.InstOp uint8, Out uint32, Arg uint32, Rune []rune}, Next []uint32}, Start int, NumCap int}), numSubexp int, maxBitStateLen int, subexpNames []string, prefix string, prefixBytes []byte, prefixRune rune, prefixEnd uint32, mpool int, matchcap int, prefixComplete bool, cond syntax.EmptyOp uint8, minInputLen int, longest bool}) ---> depends on: {`@[a-zA-Z0-9-_]+` string, `@[a-zA-Z0-9-_]+` string, regexp.Regexp struct{expr string, prog (*syntax.Prog struct{Inst []syntax.Inst struct{Op syntax.InstOp uint8, Out uint32, Arg uint32, Rune []rune}, Start int, NumCap int}), onepass (*regexp.onePassProg struct{Inst []regexp.onePassInst struct{Inst syntax.Inst struct{Op syntax.InstOp uint8, Out uint32, Arg uint32, Rune []rune}, Next []uint32}, Start int, NumCap int}), numSubexp int, maxBitStateLen int, subexpNames []string, prefix string, prefixBytes []byte, prefixRune rune, prefixEnd uint32, mpool int, matchcap int, prefixComplete bool, cond syntax.EmptyOp uint8, minInputLen int, longest bool}}
	 [39] matches []string ---> depends on: {text string, int, text string, int}
	 [40] usernames []string ---> depends on: {m string}
	 [41] m string ---> depends on: {matches []string}
	 [42] url_re (*regexp.Regexp struct{expr string, prog (*syntax.Prog struct{Inst []syntax.Inst struct{Op syntax.InstOp uint8, Out uint32, Arg uint32, Rune []rune}, Start int, NumCap int}), onepass (*regexp.onePassProg struct{Inst []regexp.onePassInst struct{Inst syntax.Inst struct{Op syntax.InstOp uint8, Out uint32, Arg uint32, Rune []rune}, Next []uint32}, Start int, NumCap int}), numSubexp int, maxBitStateLen int, subexpNames []string, prefix string, prefixBytes []byte, prefixRune rune, prefixEnd uint32, mpool int, matchcap int, prefixComplete bool, cond syntax.EmptyOp uint8, minInputLen int, longest bool}) ---> depends on: {`(http://|https://)([a-zA-Z0-9_!~*'().&=+$%-]+)` string, `(http://|https://)([a-zA-Z0-9_!~*'().&=+$%-]+)` string, regexp.Regexp struct{expr string, prog (*syntax.Prog struct{Inst []syntax.Inst struct{Op syntax.InstOp uint8, Out uint32, Arg uint32, Rune []rune}, Start int, NumCap int}), onepass (*regexp.onePassProg struct{Inst []regexp.onePassInst struct{Inst syntax.Inst struct{Op syntax.InstOp uint8, Out uint32, Arg uint32, Rune []rune}, Next []uint32}, Start int, NumCap int}), numSubexp int, maxBitStateLen int, subexpNames []string, prefix string, prefixBytes []byte, prefixRune rune, prefixEnd uint32, mpool int, matchcap int, prefixComplete bool, cond syntax.EmptyOp uint8, minInputLen int, longest bool}}
	 [43] url_strings []string ---> depends on: {text string, int, text string, int}
	 [44] err1 error ---> depends on: {}
	 [45] err2 error ---> depends on: {}
	 [46] urls []socialnetwork.URL struct{ShortenedUrl string, ExpandedUrl string} ---> depends on: {}
	 [47] user_mentions []socialnetwork.UserMention struct{UserID int64, Username string} ---> depends on: {}
	 [48] wg sync.WaitGroup ---> depends on: {}
	 [49] updated_text string ---> depends on: {text string}
	 [50] idx 0 int ---> depends on: {}
	 [51] url_string string ---> depends on: {url_strings []string}
	 [52] updated_text string ---> depends on: {updated_text string, url_string string, ShortenedUrl string, updated_text string, url_string string, ShortenedUrl string}
	 [53] t (*socialnetwork.TextServiceImpl struct{urlShortenService socialnetwork.UrlShortenService, userMentionService socialnetwork.UserMentionService}) ---> depends on: {socialnetwork.TextServiceImpl struct{urlShortenService socialnetwork.UrlShortenService, userMentionService socialnetwork.UserMentionService}}
	 [54] ctx context.Context ---> depends on: {}
	 [55] reqID int64 ---> depends on: {}
	 [56] text string ---> depends on: {}
	 [57] r (*regexp.Regexp struct{expr string, prog (*syntax.Prog struct{Inst []syntax.Inst struct{Op syntax.InstOp uint8, Out uint32, Arg uint32, Rune []rune}, Start int, NumCap int}), onepass (*regexp.onePassProg struct{Inst []regexp.onePassInst struct{Inst syntax.Inst struct{Op syntax.InstOp uint8, Out uint32, Arg uint32, Rune []rune}, Next []uint32}, Start int, NumCap int}), numSubexp int, maxBitStateLen int, subexpNames []string, prefix string, prefixBytes []byte, prefixRune rune, prefixEnd uint32, mpool int, matchcap int, prefixComplete bool, cond syntax.EmptyOp uint8, minInputLen int, longest bool}) ---> depends on: {`@[a-zA-Z0-9-_]+` string, `@[a-zA-Z0-9-_]+` string, regexp.Regexp struct{expr string, prog (*syntax.Prog struct{Inst []syntax.Inst struct{Op syntax.InstOp uint8, Out uint32, Arg uint32, Rune []rune}, Start int, NumCap int}), onepass (*regexp.onePassProg struct{Inst []regexp.onePassInst struct{Inst syntax.Inst struct{Op syntax.InstOp uint8, Out uint32, Arg uint32, Rune []rune}, Next []uint32}, Start int, NumCap int}), numSubexp int, maxBitStateLen int, subexpNames []string, prefix string, prefixBytes []byte, prefixRune rune, prefixEnd uint32, mpool int, matchcap int, prefixComplete bool, cond syntax.EmptyOp uint8, minInputLen int, longest bool}}
	 [58] matches []string ---> depends on: {text string, int, text string, int}
	 [59] usernames []string ---> depends on: {m string}
	 [60] m string ---> depends on: {matches []string}
	 [61] usernames []string ---> depends on: {m string}
	 [62] t (*socialnetwork.TextServiceImpl struct{urlShortenService socialnetwork.UrlShortenService, userMentionService socialnetwork.UserMentionService}) ---> depends on: {socialnetwork.TextServiceImpl struct{urlShortenService socialnetwork.UrlShortenService, userMentionService socialnetwork.UserMentionService}}
	 [63] ctx context.Context ---> depends on: {}
	 [64] reqID int64 ---> depends on: {}
	 [65] text string ---> depends on: {}
	 [66] r (*regexp.Regexp struct{expr string, prog (*syntax.Prog struct{Inst []syntax.Inst struct{Op syntax.InstOp uint8, Out uint32, Arg uint32, Rune []rune}, Start int, NumCap int}), onepass (*regexp.onePassProg struct{Inst []regexp.onePassInst struct{Inst syntax.Inst struct{Op syntax.InstOp uint8, Out uint32, Arg uint32, Rune []rune}, Next []uint32}, Start int, NumCap int}), numSubexp int, maxBitStateLen int, subexpNames []string, prefix string, prefixBytes []byte, prefixRune rune, prefixEnd uint32, mpool int, matchcap int, prefixComplete bool, cond syntax.EmptyOp uint8, minInputLen int, longest bool}) ---> depends on: {`@[a-zA-Z0-9-_]+` string, `@[a-zA-Z0-9-_]+` string, regexp.Regexp struct{expr string, prog (*syntax.Prog struct{Inst []syntax.Inst struct{Op syntax.InstOp uint8, Out uint32, Arg uint32, Rune []rune}, Start int, NumCap int}), onepass (*regexp.onePassProg struct{Inst []regexp.onePassInst struct{Inst syntax.Inst struct{Op syntax.InstOp uint8, Out uint32, Arg uint32, Rune []rune}, Next []uint32}, Start int, NumCap int}), numSubexp int, maxBitStateLen int, subexpNames []string, prefix string, prefixBytes []byte, prefixRune rune, prefixEnd uint32, mpool int, matchcap int, prefixComplete bool, cond syntax.EmptyOp uint8, minInputLen int, longest bool}}
	 [67] matches []string ---> depends on: {text string, int, text string, int}
	 [68] usernames []string ---> depends on: {m string}
	 [69] m string ---> depends on: {matches []string}
	 [70] url_re (*regexp.Regexp struct{expr string, prog (*syntax.Prog struct{Inst []syntax.Inst struct{Op syntax.InstOp uint8, Out uint32, Arg uint32, Rune []rune}, Start int, NumCap int}), onepass (*regexp.onePassProg struct{Inst []regexp.onePassInst struct{Inst syntax.Inst struct{Op syntax.InstOp uint8, Out uint32, Arg uint32, Rune []rune}, Next []uint32}, Start int, NumCap int}), numSubexp int, maxBitStateLen int, subexpNames []string, prefix string, prefixBytes []byte, prefixRune rune, prefixEnd uint32, mpool int, matchcap int, prefixComplete bool, cond syntax.EmptyOp uint8, minInputLen int, longest bool}) ---> depends on: {`(http://|https://)([a-zA-Z0-9_!~*'().&=+$%-]+)` string, `(http://|https://)([a-zA-Z0-9_!~*'().&=+$%-]+)` string, regexp.Regexp struct{expr string, prog (*syntax.Prog struct{Inst []syntax.Inst struct{Op syntax.InstOp uint8, Out uint32, Arg uint32, Rune []rune}, Start int, NumCap int}), onepass (*regexp.onePassProg struct{Inst []regexp.onePassInst struct{Inst syntax.Inst struct{Op syntax.InstOp uint8, Out uint32, Arg uint32, Rune []rune}, Next []uint32}, Start int, NumCap int}), numSubexp int, maxBitStateLen int, subexpNames []string, prefix string, prefixBytes []byte, prefixRune rune, prefixEnd uint32, mpool int, matchcap int, prefixComplete bool, cond syntax.EmptyOp uint8, minInputLen int, longest bool}}
	 [71] url_strings []string ---> depends on: {text string, int, text string, int}
	 [72] err1 error ---> depends on: {}
	 [73] err2 error ---> depends on: {}
	 [74] urls []socialnetwork.URL struct{ShortenedUrl string, ExpandedUrl string} ---> depends on: {}
	 [75] user_mentions []socialnetwork.UserMention struct{UserID int64, Username string} ---> depends on: {}
	 [76] wg sync.WaitGroup ---> depends on: {}
	 [77] updated_text string ---> depends on: {text string}
	 [78] idx 0 int ---> depends on: {}
	 [79] url_string string ---> depends on: {url_strings []string}

