[BLOCK, #0, Body] NODES = [*ast.AssignStmt, *ast.Ident, *ast.Ident]; SUCCS = [Block #1]
	 [0] u (*socialnetwork.UrlShortenServiceImpl struct{urlShortenDB NoSQLDatabase, hostname string}) ---> depends on: {socialnetwork.UrlShortenServiceImpl struct{urlShortenDB NoSQLDatabase, hostname "http://short-url/" string}}
	 [1] length int ---> depends on: {}
	 [2] b []rune ---> depends on: {github.com/blueprint-uservices/blueprint/examples/dsb_sn/workflow/socialnetwork.letterRunes []rune}
	 [3] i 0 int ---> depends on: {}

[BLOCK, #1, RangeLoop] NODES = []; SUCCS = [Block #2, Block #3]
	 [0] u (*socialnetwork.UrlShortenServiceImpl struct{urlShortenDB NoSQLDatabase, hostname string}) ---> depends on: {socialnetwork.UrlShortenServiceImpl struct{urlShortenDB NoSQLDatabase, hostname "http://short-url/" string}}
	 [1] length int ---> depends on: {}
	 [2] b []rune ---> depends on: {github.com/blueprint-uservices/blueprint/examples/dsb_sn/workflow/socialnetwork.letterRunes []rune}
	 [3] i 0 int ---> depends on: {}
	 [4] u (*socialnetwork.UrlShortenServiceImpl struct{urlShortenDB NoSQLDatabase, hostname string}) ---> depends on: {socialnetwork.UrlShortenServiceImpl struct{urlShortenDB NoSQLDatabase, hostname "http://short-url/" string}}
	 [5] length int ---> depends on: {}
	 [6] b []rune ---> depends on: {github.com/blueprint-uservices/blueprint/examples/dsb_sn/workflow/socialnetwork.letterRunes []rune}
	 [7] i 0 int ---> depends on: {}

[BLOCK, #2, RangeBody] NODES = [*ast.AssignStmt]; SUCCS = [Block #1]
	 [0] u (*socialnetwork.UrlShortenServiceImpl struct{urlShortenDB NoSQLDatabase, hostname string}) ---> depends on: {socialnetwork.UrlShortenServiceImpl struct{urlShortenDB NoSQLDatabase, hostname "http://short-url/" string}}
	 [1] length int ---> depends on: {}
	 [2] b []rune ---> depends on: {github.com/blueprint-uservices/blueprint/examples/dsb_sn/workflow/socialnetwork.letterRunes []rune}
	 [3] i 0 int ---> depends on: {}

[BLOCK, #3, RangeDone] NODES = [*ast.ReturnStmt]; SUCCS = []
	 [0] u (*socialnetwork.UrlShortenServiceImpl struct{urlShortenDB NoSQLDatabase, hostname string}) ---> depends on: {socialnetwork.UrlShortenServiceImpl struct{urlShortenDB NoSQLDatabase, hostname "http://short-url/" string}}
	 [1] length int ---> depends on: {}
	 [2] b []rune ---> depends on: {github.com/blueprint-uservices/blueprint/examples/dsb_sn/workflow/socialnetwork.letterRunes []rune}
	 [3] i 0 int ---> depends on: {}
	 [4] u (*socialnetwork.UrlShortenServiceImpl struct{urlShortenDB NoSQLDatabase, hostname string}) ---> depends on: {socialnetwork.UrlShortenServiceImpl struct{urlShortenDB NoSQLDatabase, hostname "http://short-url/" string}}
	 [5] length int ---> depends on: {}
	 [6] b []rune ---> depends on: {github.com/blueprint-uservices/blueprint/examples/dsb_sn/workflow/socialnetwork.letterRunes []rune}
	 [7] i 0 int ---> depends on: {}

