[BLOCK, #0, Body] NODES = [*ast.AssignStmt, *ast.Ident, *ast.Ident]; SUCCS = [Block #1]
	 [0] u (*socialnetwork.UserServiceImpl struct{machine_id string, counter int64, current_timestamp int64, secret string, userCache Cache, userDB NoSQLDatabase, socialGraphService socialnetwork.SocialGraphService}) ---> depends on: {socialnetwork.UserServiceImpl struct{machine_id string, counter 0 int, current_timestamp int64, secret string, userCache Cache, userDB NoSQLDatabase, socialGraphService socialnetwork.SocialGraphService}}
	 [1] length int ---> depends on: {}
	 [2] b []rune ---> depends on: {github.com/blueprint-uservices/blueprint/examples/dsb_sn/workflow/socialnetwork.letterRunes []rune}
	 [3] i rune ---> depends on: {b []rune}

[BLOCK, #1, RangeLoop] NODES = []; SUCCS = [Block #2, Block #3]
	 [0] u (*socialnetwork.UserServiceImpl struct{machine_id string, counter int64, current_timestamp int64, secret string, userCache Cache, userDB NoSQLDatabase, socialGraphService socialnetwork.SocialGraphService}) ---> depends on: {socialnetwork.UserServiceImpl struct{machine_id string, counter 0 int, current_timestamp int64, secret string, userCache Cache, userDB NoSQLDatabase, socialGraphService socialnetwork.SocialGraphService}}
	 [1] length int ---> depends on: {}
	 [2] b []rune ---> depends on: {github.com/blueprint-uservices/blueprint/examples/dsb_sn/workflow/socialnetwork.letterRunes []rune}
	 [3] i rune ---> depends on: {b []rune}
	 [4] u (*socialnetwork.UserServiceImpl struct{machine_id string, counter int64, current_timestamp int64, secret string, userCache Cache, userDB NoSQLDatabase, socialGraphService socialnetwork.SocialGraphService}) ---> depends on: {socialnetwork.UserServiceImpl struct{machine_id string, counter 0 int, current_timestamp int64, secret string, userCache Cache, userDB NoSQLDatabase, socialGraphService socialnetwork.SocialGraphService}}
	 [5] length int ---> depends on: {}
	 [6] b []rune ---> depends on: {github.com/blueprint-uservices/blueprint/examples/dsb_sn/workflow/socialnetwork.letterRunes []rune}
	 [7] i rune ---> depends on: {b []rune}

[BLOCK, #2, RangeBody] NODES = [*ast.AssignStmt]; SUCCS = [Block #1]
	 [0] u (*socialnetwork.UserServiceImpl struct{machine_id string, counter int64, current_timestamp int64, secret string, userCache Cache, userDB NoSQLDatabase, socialGraphService socialnetwork.SocialGraphService}) ---> depends on: {socialnetwork.UserServiceImpl struct{machine_id string, counter 0 int, current_timestamp int64, secret string, userCache Cache, userDB NoSQLDatabase, socialGraphService socialnetwork.SocialGraphService}}
	 [1] length int ---> depends on: {}
	 [2] b []rune ---> depends on: {github.com/blueprint-uservices/blueprint/examples/dsb_sn/workflow/socialnetwork.letterRunes []rune}
	 [3] i rune ---> depends on: {b []rune}

[BLOCK, #3, RangeDone] NODES = [*ast.ReturnStmt]; SUCCS = []
	 [0] u (*socialnetwork.UserServiceImpl struct{machine_id string, counter int64, current_timestamp int64, secret string, userCache Cache, userDB NoSQLDatabase, socialGraphService socialnetwork.SocialGraphService}) ---> depends on: {socialnetwork.UserServiceImpl struct{machine_id string, counter 0 int, current_timestamp int64, secret string, userCache Cache, userDB NoSQLDatabase, socialGraphService socialnetwork.SocialGraphService}}
	 [1] length int ---> depends on: {}
	 [2] b []rune ---> depends on: {github.com/blueprint-uservices/blueprint/examples/dsb_sn/workflow/socialnetwork.letterRunes []rune}
	 [3] i rune ---> depends on: {b []rune}
	 [4] u (*socialnetwork.UserServiceImpl struct{machine_id string, counter int64, current_timestamp int64, secret string, userCache Cache, userDB NoSQLDatabase, socialGraphService socialnetwork.SocialGraphService}) ---> depends on: {socialnetwork.UserServiceImpl struct{machine_id string, counter 0 int, current_timestamp int64, secret string, userCache Cache, userDB NoSQLDatabase, socialGraphService socialnetwork.SocialGraphService}}
	 [5] length int ---> depends on: {}
	 [6] b []rune ---> depends on: {github.com/blueprint-uservices/blueprint/examples/dsb_sn/workflow/socialnetwork.letterRunes []rune}
	 [7] i rune ---> depends on: {b []rune}

