[BLOCK, #0, Body] NODES = [*ast.AssignStmt, *ast.ValueSpec, *ast.AssignStmt, *ast.ExprStmt, *ast.BinaryExpr]; SUCCS = [Block #1, Block #2]
	 [0] u (*socialnetwork.UserServiceImpl struct{machine_id string, counter int64, current_timestamp int64, secret string, userCache Cache, userDB NoSQLDatabase, socialGraphService socialnetwork.SocialGraphService}) ---> depends on: {socialnetwork.UserServiceImpl struct{machine_id string, counter 0 int, current_timestamp int64, secret string, userCache Cache, userDB NoSQLDatabase, socialGraphService socialnetwork.SocialGraphService}}
	 [1] ctx context.Context ---> depends on: {}
	 [2] reqID int64 ---> depends on: {}
	 [3] username string ---> depends on: {}
	 [4] password string ---> depends on: {}
	 [5] timestamp int64 ---> depends on: {}
	 [6] login socialnetwork.LoginObj struct{UserID int64, Password string, Salt string} ---> depends on: {Password string, Salt string, UserID int64}

[BLOCK, #1, IfThen] NODES = [*ast.ValueSpec, *ast.AssignStmt, *ast.BinaryExpr]; SUCCS = [Block #3, Block #4]
	 [0] u (*socialnetwork.UserServiceImpl struct{machine_id string, counter int64, current_timestamp int64, secret string, userCache Cache, userDB NoSQLDatabase, socialGraphService socialnetwork.SocialGraphService}) ---> depends on: {socialnetwork.UserServiceImpl struct{machine_id string, counter 0 int, current_timestamp int64, secret string, userCache Cache, userDB NoSQLDatabase, socialGraphService socialnetwork.SocialGraphService}}
	 [1] ctx context.Context ---> depends on: {}
	 [2] reqID int64 ---> depends on: {}
	 [3] username string ---> depends on: {}
	 [4] password string ---> depends on: {}
	 [5] timestamp int64 ---> depends on: {}
	 [6] login socialnetwork.LoginObj struct{UserID int64, Password string, Salt string} ---> depends on: {Password string, Salt string, UserID int64}
	 [7] user socialnetwork.User struct{UserID int64, FirstName string, LastName string, Username string, PwdHashed string, Salt string} ---> depends on: {PwdHashed string, Salt string, UserID int64}
	 [8] collection NoSQLCollection {database = user, collection = user} ---> depends on: {}
	 [9] err .error ---> depends on: {}

[BLOCK, #3, IfThen] NODES = [*ast.ReturnStmt]; SUCCS = []
	 [0] u (*socialnetwork.UserServiceImpl struct{machine_id string, counter int64, current_timestamp int64, secret string, userCache Cache, userDB NoSQLDatabase, socialGraphService socialnetwork.SocialGraphService}) ---> depends on: {socialnetwork.UserServiceImpl struct{machine_id string, counter 0 int, current_timestamp int64, secret string, userCache Cache, userDB NoSQLDatabase, socialGraphService socialnetwork.SocialGraphService}}
	 [1] ctx context.Context ---> depends on: {}
	 [2] reqID int64 ---> depends on: {}
	 [3] username string ---> depends on: {}
	 [4] password string ---> depends on: {}
	 [5] timestamp int64 ---> depends on: {}
	 [6] login socialnetwork.LoginObj struct{UserID int64, Password string, Salt string} ---> depends on: {Password string, Salt string, UserID int64}
	 [7] user socialnetwork.User struct{UserID int64, FirstName string, LastName string, Username string, PwdHashed string, Salt string} ---> depends on: {PwdHashed string, Salt string, UserID int64}
	 [8] collection NoSQLCollection {database = user, collection = user} ---> depends on: {}
	 [9] err .error ---> depends on: {}

[BLOCK, #4, IfDone] NODES = [*ast.AssignStmt, *ast.AssignStmt, *ast.BinaryExpr]; SUCCS = [Block #6, Block #7]
	 [0] u (*socialnetwork.UserServiceImpl struct{machine_id string, counter int64, current_timestamp int64, secret string, userCache Cache, userDB NoSQLDatabase, socialGraphService socialnetwork.SocialGraphService}) ---> depends on: {socialnetwork.UserServiceImpl struct{machine_id string, counter 0 int, current_timestamp int64, secret string, userCache Cache, userDB NoSQLDatabase, socialGraphService socialnetwork.SocialGraphService}}
	 [1] ctx context.Context ---> depends on: {}
	 [2] reqID int64 ---> depends on: {}
	 [3] username string ---> depends on: {}
	 [4] password string ---> depends on: {}
	 [5] timestamp int64 ---> depends on: {}
	 [6] login socialnetwork.LoginObj struct{UserID int64, Password string, Salt string} ---> depends on: {Password string, Salt string, UserID int64}
	 [7] user socialnetwork.User struct{UserID int64, FirstName string, LastName string, Username string, PwdHashed string, Salt string} ---> depends on: {PwdHashed string, Salt string, UserID int64}
	 [8] collection NoSQLCollection {database = user, collection = user} ---> depends on: {}
	 [9] err .error ---> depends on: {}
	 [10] query primitive.D ---> depends on: {struct{ string,  "username" string,  string}}
	 [11] res NoSQLCursor {database = user, collection = user} ---> depends on: {user socialnetwork.User struct{UserID int64, FirstName string, LastName string, Username string, PwdHashed string, Salt string}}
	 [12] err .error ---> depends on: {}

[BLOCK, #6, IfThen] NODES = [*ast.ReturnStmt]; SUCCS = []
	 [0] u (*socialnetwork.UserServiceImpl struct{machine_id string, counter int64, current_timestamp int64, secret string, userCache Cache, userDB NoSQLDatabase, socialGraphService socialnetwork.SocialGraphService}) ---> depends on: {socialnetwork.UserServiceImpl struct{machine_id string, counter 0 int, current_timestamp int64, secret string, userCache Cache, userDB NoSQLDatabase, socialGraphService socialnetwork.SocialGraphService}}
	 [1] ctx context.Context ---> depends on: {}
	 [2] reqID int64 ---> depends on: {}
	 [3] username string ---> depends on: {}
	 [4] password string ---> depends on: {}
	 [5] timestamp int64 ---> depends on: {}
	 [6] login socialnetwork.LoginObj struct{UserID int64, Password string, Salt string} ---> depends on: {Password string, Salt string, UserID int64}
	 [7] user socialnetwork.User struct{UserID int64, FirstName string, LastName string, Username string, PwdHashed string, Salt string} ---> depends on: {PwdHashed string, Salt string, UserID int64}
	 [8] collection NoSQLCollection {database = user, collection = user} ---> depends on: {}
	 [9] err .error ---> depends on: {}
	 [10] query primitive.D ---> depends on: {struct{ string,  "username" string,  string}}
	 [11] res NoSQLCursor {database = user, collection = user} ---> depends on: {user socialnetwork.User struct{UserID int64, FirstName string, LastName string, Username string, PwdHashed string, Salt string}}
	 [12] err .error ---> depends on: {}

[BLOCK, #7, IfDone] NODES = [*ast.ExprStmt, *ast.AssignStmt, *ast.AssignStmt, *ast.AssignStmt]; SUCCS = [Block #2]
	 [0] u (*socialnetwork.UserServiceImpl struct{machine_id string, counter int64, current_timestamp int64, secret string, userCache Cache, userDB NoSQLDatabase, socialGraphService socialnetwork.SocialGraphService}) ---> depends on: {socialnetwork.UserServiceImpl struct{machine_id string, counter 0 int, current_timestamp int64, secret string, userCache Cache, userDB NoSQLDatabase, socialGraphService socialnetwork.SocialGraphService}}
	 [1] ctx context.Context ---> depends on: {}
	 [2] reqID int64 ---> depends on: {}
	 [3] username string ---> depends on: {}
	 [4] password string ---> depends on: {}
	 [5] timestamp int64 ---> depends on: {}
	 [6] login socialnetwork.LoginObj struct{UserID int64, Password string, Salt string} ---> depends on: {Password string, Salt string, UserID int64}
	 [7] user socialnetwork.User struct{UserID int64, FirstName string, LastName string, Username string, PwdHashed string, Salt string} ---> depends on: {PwdHashed string, Salt string, UserID int64}
	 [8] collection NoSQLCollection {database = user, collection = user} ---> depends on: {}
	 [9] err .error ---> depends on: {}
	 [10] query primitive.D ---> depends on: {struct{ string,  "username" string,  string}}
	 [11] res NoSQLCursor {database = user, collection = user} ---> depends on: {user socialnetwork.User struct{UserID int64, FirstName string, LastName string, Username string, PwdHashed string, Salt string}}
	 [12] err .error ---> depends on: {}

[BLOCK, #2, IfDone] NODES = [*ast.ValueSpec, *ast.AssignStmt, *ast.BinaryExpr]; SUCCS = [Block #9, Block #11]
	 [0] u (*socialnetwork.UserServiceImpl struct{machine_id string, counter int64, current_timestamp int64, secret string, userCache Cache, userDB NoSQLDatabase, socialGraphService socialnetwork.SocialGraphService}) ---> depends on: {socialnetwork.UserServiceImpl struct{machine_id string, counter 0 int, current_timestamp int64, secret string, userCache Cache, userDB NoSQLDatabase, socialGraphService socialnetwork.SocialGraphService}}
	 [1] ctx context.Context ---> depends on: {}
	 [2] reqID int64 ---> depends on: {}
	 [3] username string ---> depends on: {}
	 [4] password string ---> depends on: {}
	 [5] timestamp int64 ---> depends on: {}
	 [6] login socialnetwork.LoginObj struct{UserID int64, Password string, Salt string} ---> depends on: {Password string, Salt string, UserID int64}
	 [7] u (*socialnetwork.UserServiceImpl struct{machine_id string, counter int64, current_timestamp int64, secret string, userCache Cache, userDB NoSQLDatabase, socialGraphService socialnetwork.SocialGraphService}) ---> depends on: {socialnetwork.UserServiceImpl struct{machine_id string, counter 0 int, current_timestamp int64, secret string, userCache Cache, userDB NoSQLDatabase, socialGraphService socialnetwork.SocialGraphService}}
	 [8] ctx context.Context ---> depends on: {}
	 [9] reqID int64 ---> depends on: {}
	 [10] username string ---> depends on: {}
	 [11] password string ---> depends on: {}
	 [12] timestamp int64 ---> depends on: {}
	 [13] login socialnetwork.LoginObj struct{UserID int64, Password string, Salt string} ---> depends on: {Password string, Salt string, UserID int64}
	 [14] user socialnetwork.User struct{UserID int64, FirstName string, LastName string, Username string, PwdHashed string, Salt string} ---> depends on: {PwdHashed string, Salt string, UserID int64}
	 [15] collection NoSQLCollection {database = user, collection = user} ---> depends on: {}
	 [16] err .error ---> depends on: {}
	 [17] query primitive.D ---> depends on: {struct{ string,  "username" string,  string}}
	 [18] res NoSQLCursor {database = user, collection = user} ---> depends on: {user socialnetwork.User struct{UserID int64, FirstName string, LastName string, Username string, PwdHashed string, Salt string}}
	 [19] err .error ---> depends on: {}
	 [20] tokenStr string ---> depends on: {}
	 [21] hashed_pwd string ---> depends on: {}

[BLOCK, #9, IfThen] NODES = [*ast.ReturnStmt]; SUCCS = []
	 [0] u (*socialnetwork.UserServiceImpl struct{machine_id string, counter int64, current_timestamp int64, secret string, userCache Cache, userDB NoSQLDatabase, socialGraphService socialnetwork.SocialGraphService}) ---> depends on: {socialnetwork.UserServiceImpl struct{machine_id string, counter 0 int, current_timestamp int64, secret string, userCache Cache, userDB NoSQLDatabase, socialGraphService socialnetwork.SocialGraphService}}
	 [1] ctx context.Context ---> depends on: {}
	 [2] reqID int64 ---> depends on: {}
	 [3] username string ---> depends on: {}
	 [4] password string ---> depends on: {}
	 [5] timestamp int64 ---> depends on: {}
	 [6] login socialnetwork.LoginObj struct{UserID int64, Password string, Salt string} ---> depends on: {Password string, Salt string, UserID int64}
	 [7] user socialnetwork.User struct{UserID int64, FirstName string, LastName string, Username string, PwdHashed string, Salt string} ---> depends on: {PwdHashed string, Salt string, UserID int64}
	 [8] collection NoSQLCollection {database = user, collection = user} ---> depends on: {}
	 [9] err .error ---> depends on: {}
	 [10] query primitive.D ---> depends on: {struct{ string,  "username" string,  string}}
	 [11] res NoSQLCursor {database = user, collection = user} ---> depends on: {user socialnetwork.User struct{UserID int64, FirstName string, LastName string, Username string, PwdHashed string, Salt string}}
	 [12] err .error ---> depends on: {}
	 [13] tokenStr string ---> depends on: {}
	 [14] hashed_pwd string ---> depends on: {}

[BLOCK, #11, IfElse] NODES = [*ast.AssignStmt, *ast.AssignStmt, *ast.ValueSpec, *ast.AssignStmt, *ast.AssignStmt, *ast.BinaryExpr]; SUCCS = [Block #13, Block #14]
	 [0] u (*socialnetwork.UserServiceImpl struct{machine_id string, counter int64, current_timestamp int64, secret string, userCache Cache, userDB NoSQLDatabase, socialGraphService socialnetwork.SocialGraphService}) ---> depends on: {socialnetwork.UserServiceImpl struct{machine_id string, counter 0 int, current_timestamp int64, secret string, userCache Cache, userDB NoSQLDatabase, socialGraphService socialnetwork.SocialGraphService}}
	 [1] ctx context.Context ---> depends on: {}
	 [2] reqID int64 ---> depends on: {}
	 [3] username string ---> depends on: {}
	 [4] password string ---> depends on: {}
	 [5] timestamp int64 ---> depends on: {}
	 [6] login socialnetwork.LoginObj struct{UserID int64, Password string, Salt string} ---> depends on: {Password string, Salt string, UserID int64}
	 [7] user socialnetwork.User struct{UserID int64, FirstName string, LastName string, Username string, PwdHashed string, Salt string} ---> depends on: {PwdHashed string, Salt string, UserID int64}
	 [8] collection NoSQLCollection {database = user, collection = user} ---> depends on: {}
	 [9] err .error ---> depends on: {}
	 [10] query primitive.D ---> depends on: {struct{ string,  "username" string,  string}}
	 [11] res NoSQLCursor {database = user, collection = user} ---> depends on: {user socialnetwork.User struct{UserID int64, FirstName string, LastName string, Username string, PwdHashed string, Salt string}}
	 [12] err .error ---> depends on: {}
	 [13] tokenStr string ---> depends on: {}
	 [14] hashed_pwd string ---> depends on: {}
	 [15] expiration_time time.Time struct{wall uint64, ext int64, loc (*time.Location struct{name string, zone []time.zone struct{name string, offset int, isDST bool}, tx []time.zoneTrans struct{when int64, index uint8, isstd bool, isutc bool}, extend string, cacheStart int64, cacheEnd int64, cacheZone (*time.zone struct{name string, offset int, isDST bool})})} ---> depends on: {time.Duration int64, time.Duration int64}
	 [16] claims (*socialnetwork.claimsT struct{Username string, UserID string, Timestamp int64, StandardClaims jwt-go.StandardClaims struct{Audience string, ExpiresAt int64, Id string, IssuedAt int64, Issuer string, NotBefore int64, Subject string}}) ---> depends on: {socialnetwork.claimsT struct{Username string, UserID string, Timestamp int64, StandardClaims jwt-go.StandardClaims struct{Audience string, ExpiresAt int64, Id string, IssuedAt int64, Issuer string, NotBefore int64, Subject string}}}
	 [17] err error ---> depends on: {}
	 [18] token (*jwt-go.Token struct{Raw string, Method jwt-go.SigningMethod interface{ interface{Alg() string; Sign(signingString string, key interface{}) (string, error); Verify(signingString string, signature string, key interface{}) error} }, Header map[string]interface{ interface{} }, Claims jwt-go.Claims interface{ interface{Valid() error} }, Signature string, Valid bool}) ---> depends on: {(*jwt-go.SigningMethodHMAC struct{Name string, Hash crypto.Hash uint}), claims (*socialnetwork.claimsT struct{Username string, UserID string, Timestamp int64, StandardClaims jwt-go.StandardClaims struct{Audience string, ExpiresAt int64, Id string, IssuedAt int64, Issuer string, NotBefore int64, Subject string}}), (*jwt-go.SigningMethodHMAC struct{Name string, Hash crypto.Hash uint}), claims (*socialnetwork.claimsT struct{Username string, UserID string, Timestamp int64, StandardClaims jwt-go.StandardClaims struct{Audience string, ExpiresAt int64, Id string, IssuedAt int64, Issuer string, NotBefore int64, Subject string}}), jwt-go.Token struct{Raw string, Method jwt-go.SigningMethod interface{ interface{Alg() string; Sign(signingString string, key interface{}) (string, error); Verify(signingString string, signature string, key interface{}) error} }, Header map[string]interface{ interface{} }, Claims jwt-go.Claims interface{ interface{Valid() error} }, Signature string, Valid bool}}
	 [19] tokenStr string ---> depends on: {byte, byte}
	 [20] err .error ---> depends on: {byte}

[BLOCK, #13, IfThen] NODES = [*ast.ReturnStmt]; SUCCS = []
	 [0] u (*socialnetwork.UserServiceImpl struct{machine_id string, counter int64, current_timestamp int64, secret string, userCache Cache, userDB NoSQLDatabase, socialGraphService socialnetwork.SocialGraphService}) ---> depends on: {socialnetwork.UserServiceImpl struct{machine_id string, counter 0 int, current_timestamp int64, secret string, userCache Cache, userDB NoSQLDatabase, socialGraphService socialnetwork.SocialGraphService}}
	 [1] ctx context.Context ---> depends on: {}
	 [2] reqID int64 ---> depends on: {}
	 [3] username string ---> depends on: {}
	 [4] password string ---> depends on: {}
	 [5] timestamp int64 ---> depends on: {}
	 [6] login socialnetwork.LoginObj struct{UserID int64, Password string, Salt string} ---> depends on: {Password string, Salt string, UserID int64}
	 [7] user socialnetwork.User struct{UserID int64, FirstName string, LastName string, Username string, PwdHashed string, Salt string} ---> depends on: {PwdHashed string, Salt string, UserID int64}
	 [8] collection NoSQLCollection {database = user, collection = user} ---> depends on: {}
	 [9] err .error ---> depends on: {}
	 [10] query primitive.D ---> depends on: {struct{ string,  "username" string,  string}}
	 [11] res NoSQLCursor {database = user, collection = user} ---> depends on: {user socialnetwork.User struct{UserID int64, FirstName string, LastName string, Username string, PwdHashed string, Salt string}}
	 [12] err .error ---> depends on: {}
	 [13] tokenStr string ---> depends on: {}
	 [14] hashed_pwd string ---> depends on: {}
	 [15] expiration_time time.Time struct{wall uint64, ext int64, loc (*time.Location struct{name string, zone []time.zone struct{name string, offset int, isDST bool}, tx []time.zoneTrans struct{when int64, index uint8, isstd bool, isutc bool}, extend string, cacheStart int64, cacheEnd int64, cacheZone (*time.zone struct{name string, offset int, isDST bool})})} ---> depends on: {time.Duration int64, time.Duration int64}
	 [16] claims (*socialnetwork.claimsT struct{Username string, UserID string, Timestamp int64, StandardClaims jwt-go.StandardClaims struct{Audience string, ExpiresAt int64, Id string, IssuedAt int64, Issuer string, NotBefore int64, Subject string}}) ---> depends on: {socialnetwork.claimsT struct{Username string, UserID string, Timestamp int64, StandardClaims jwt-go.StandardClaims struct{Audience string, ExpiresAt int64, Id string, IssuedAt int64, Issuer string, NotBefore int64, Subject string}}}
	 [17] err error ---> depends on: {}
	 [18] token (*jwt-go.Token struct{Raw string, Method jwt-go.SigningMethod interface{ interface{Alg() string; Sign(signingString string, key interface{}) (string, error); Verify(signingString string, signature string, key interface{}) error} }, Header map[string]interface{ interface{} }, Claims jwt-go.Claims interface{ interface{Valid() error} }, Signature string, Valid bool}) ---> depends on: {(*jwt-go.SigningMethodHMAC struct{Name string, Hash crypto.Hash uint}), claims (*socialnetwork.claimsT struct{Username string, UserID string, Timestamp int64, StandardClaims jwt-go.StandardClaims struct{Audience string, ExpiresAt int64, Id string, IssuedAt int64, Issuer string, NotBefore int64, Subject string}}), (*jwt-go.SigningMethodHMAC struct{Name string, Hash crypto.Hash uint}), claims (*socialnetwork.claimsT struct{Username string, UserID string, Timestamp int64, StandardClaims jwt-go.StandardClaims struct{Audience string, ExpiresAt int64, Id string, IssuedAt int64, Issuer string, NotBefore int64, Subject string}}), jwt-go.Token struct{Raw string, Method jwt-go.SigningMethod interface{ interface{Alg() string; Sign(signingString string, key interface{}) (string, error); Verify(signingString string, signature string, key interface{}) error} }, Header map[string]interface{ interface{} }, Claims jwt-go.Claims interface{ interface{Valid() error} }, Signature string, Valid bool}}
	 [19] tokenStr string ---> depends on: {byte, byte}
	 [20] err .error ---> depends on: {byte}

[BLOCK, #14, IfDone] NODES = []; SUCCS = [Block #10]
	 [0] u (*socialnetwork.UserServiceImpl struct{machine_id string, counter int64, current_timestamp int64, secret string, userCache Cache, userDB NoSQLDatabase, socialGraphService socialnetwork.SocialGraphService}) ---> depends on: {socialnetwork.UserServiceImpl struct{machine_id string, counter 0 int, current_timestamp int64, secret string, userCache Cache, userDB NoSQLDatabase, socialGraphService socialnetwork.SocialGraphService}}
	 [1] ctx context.Context ---> depends on: {}
	 [2] reqID int64 ---> depends on: {}
	 [3] username string ---> depends on: {}
	 [4] password string ---> depends on: {}
	 [5] timestamp int64 ---> depends on: {}
	 [6] login socialnetwork.LoginObj struct{UserID int64, Password string, Salt string} ---> depends on: {Password string, Salt string, UserID int64}
	 [7] user socialnetwork.User struct{UserID int64, FirstName string, LastName string, Username string, PwdHashed string, Salt string} ---> depends on: {PwdHashed string, Salt string, UserID int64}
	 [8] collection NoSQLCollection {database = user, collection = user} ---> depends on: {}
	 [9] err .error ---> depends on: {}
	 [10] query primitive.D ---> depends on: {struct{ string,  "username" string,  string}}
	 [11] res NoSQLCursor {database = user, collection = user} ---> depends on: {user socialnetwork.User struct{UserID int64, FirstName string, LastName string, Username string, PwdHashed string, Salt string}}
	 [12] err .error ---> depends on: {}
	 [13] tokenStr string ---> depends on: {}
	 [14] hashed_pwd string ---> depends on: {}
	 [15] expiration_time time.Time struct{wall uint64, ext int64, loc (*time.Location struct{name string, zone []time.zone struct{name string, offset int, isDST bool}, tx []time.zoneTrans struct{when int64, index uint8, isstd bool, isutc bool}, extend string, cacheStart int64, cacheEnd int64, cacheZone (*time.zone struct{name string, offset int, isDST bool})})} ---> depends on: {time.Duration int64, time.Duration int64}
	 [16] claims (*socialnetwork.claimsT struct{Username string, UserID string, Timestamp int64, StandardClaims jwt-go.StandardClaims struct{Audience string, ExpiresAt int64, Id string, IssuedAt int64, Issuer string, NotBefore int64, Subject string}}) ---> depends on: {socialnetwork.claimsT struct{Username string, UserID string, Timestamp int64, StandardClaims jwt-go.StandardClaims struct{Audience string, ExpiresAt int64, Id string, IssuedAt int64, Issuer string, NotBefore int64, Subject string}}}
	 [17] err error ---> depends on: {}
	 [18] token (*jwt-go.Token struct{Raw string, Method jwt-go.SigningMethod interface{ interface{Alg() string; Sign(signingString string, key interface{}) (string, error); Verify(signingString string, signature string, key interface{}) error} }, Header map[string]interface{ interface{} }, Claims jwt-go.Claims interface{ interface{Valid() error} }, Signature string, Valid bool}) ---> depends on: {(*jwt-go.SigningMethodHMAC struct{Name string, Hash crypto.Hash uint}), claims (*socialnetwork.claimsT struct{Username string, UserID string, Timestamp int64, StandardClaims jwt-go.StandardClaims struct{Audience string, ExpiresAt int64, Id string, IssuedAt int64, Issuer string, NotBefore int64, Subject string}}), (*jwt-go.SigningMethodHMAC struct{Name string, Hash crypto.Hash uint}), claims (*socialnetwork.claimsT struct{Username string, UserID string, Timestamp int64, StandardClaims jwt-go.StandardClaims struct{Audience string, ExpiresAt int64, Id string, IssuedAt int64, Issuer string, NotBefore int64, Subject string}}), jwt-go.Token struct{Raw string, Method jwt-go.SigningMethod interface{ interface{Alg() string; Sign(signingString string, key interface{}) (string, error); Verify(signingString string, signature string, key interface{}) error} }, Header map[string]interface{ interface{} }, Claims jwt-go.Claims interface{ interface{Valid() error} }, Signature string, Valid bool}}
	 [19] tokenStr string ---> depends on: {byte, byte}
	 [20] err .error ---> depends on: {byte}

[BLOCK, #10, IfDone] NODES = [*ast.AssignStmt, *ast.BinaryExpr]; SUCCS = [Block #16, Block #17]
	 [0] u (*socialnetwork.UserServiceImpl struct{machine_id string, counter int64, current_timestamp int64, secret string, userCache Cache, userDB NoSQLDatabase, socialGraphService socialnetwork.SocialGraphService}) ---> depends on: {socialnetwork.UserServiceImpl struct{machine_id string, counter 0 int, current_timestamp int64, secret string, userCache Cache, userDB NoSQLDatabase, socialGraphService socialnetwork.SocialGraphService}}
	 [1] ctx context.Context ---> depends on: {}
	 [2] reqID int64 ---> depends on: {}
	 [3] username string ---> depends on: {}
	 [4] password string ---> depends on: {}
	 [5] timestamp int64 ---> depends on: {}
	 [6] login socialnetwork.LoginObj struct{UserID int64, Password string, Salt string} ---> depends on: {Password string, Salt string, UserID int64}
	 [7] user socialnetwork.User struct{UserID int64, FirstName string, LastName string, Username string, PwdHashed string, Salt string} ---> depends on: {PwdHashed string, Salt string, UserID int64}
	 [8] collection NoSQLCollection {database = user, collection = user} ---> depends on: {}
	 [9] err .error ---> depends on: {}
	 [10] query primitive.D ---> depends on: {struct{ string,  "username" string,  string}}
	 [11] res NoSQLCursor {database = user, collection = user} ---> depends on: {user socialnetwork.User struct{UserID int64, FirstName string, LastName string, Username string, PwdHashed string, Salt string}}
	 [12] err .error ---> depends on: {}
	 [13] tokenStr string ---> depends on: {}
	 [14] hashed_pwd string ---> depends on: {}
	 [15] expiration_time time.Time struct{wall uint64, ext int64, loc (*time.Location struct{name string, zone []time.zone struct{name string, offset int, isDST bool}, tx []time.zoneTrans struct{when int64, index uint8, isstd bool, isutc bool}, extend string, cacheStart int64, cacheEnd int64, cacheZone (*time.zone struct{name string, offset int, isDST bool})})} ---> depends on: {time.Duration int64, time.Duration int64}
	 [16] claims (*socialnetwork.claimsT struct{Username string, UserID string, Timestamp int64, StandardClaims jwt-go.StandardClaims struct{Audience string, ExpiresAt int64, Id string, IssuedAt int64, Issuer string, NotBefore int64, Subject string}}) ---> depends on: {socialnetwork.claimsT struct{Username string, UserID string, Timestamp int64, StandardClaims jwt-go.StandardClaims struct{Audience string, ExpiresAt int64, Id string, IssuedAt int64, Issuer string, NotBefore int64, Subject string}}}
	 [17] err error ---> depends on: {}
	 [18] token (*jwt-go.Token struct{Raw string, Method jwt-go.SigningMethod interface{ interface{Alg() string; Sign(signingString string, key interface{}) (string, error); Verify(signingString string, signature string, key interface{}) error} }, Header map[string]interface{ interface{} }, Claims jwt-go.Claims interface{ interface{Valid() error} }, Signature string, Valid bool}) ---> depends on: {(*jwt-go.SigningMethodHMAC struct{Name string, Hash crypto.Hash uint}), claims (*socialnetwork.claimsT struct{Username string, UserID string, Timestamp int64, StandardClaims jwt-go.StandardClaims struct{Audience string, ExpiresAt int64, Id string, IssuedAt int64, Issuer string, NotBefore int64, Subject string}}), (*jwt-go.SigningMethodHMAC struct{Name string, Hash crypto.Hash uint}), claims (*socialnetwork.claimsT struct{Username string, UserID string, Timestamp int64, StandardClaims jwt-go.StandardClaims struct{Audience string, ExpiresAt int64, Id string, IssuedAt int64, Issuer string, NotBefore int64, Subject string}}), jwt-go.Token struct{Raw string, Method jwt-go.SigningMethod interface{ interface{Alg() string; Sign(signingString string, key interface{}) (string, error); Verify(signingString string, signature string, key interface{}) error} }, Header map[string]interface{ interface{} }, Claims jwt-go.Claims interface{ interface{Valid() error} }, Signature string, Valid bool}}
	 [19] tokenStr string ---> depends on: {byte, byte}
	 [20] err .error ---> depends on: {byte}
	 [21] err .error ---> depends on: {}

[BLOCK, #16, IfThen] NODES = [*ast.ReturnStmt]; SUCCS = []
	 [0] u (*socialnetwork.UserServiceImpl struct{machine_id string, counter int64, current_timestamp int64, secret string, userCache Cache, userDB NoSQLDatabase, socialGraphService socialnetwork.SocialGraphService}) ---> depends on: {socialnetwork.UserServiceImpl struct{machine_id string, counter 0 int, current_timestamp int64, secret string, userCache Cache, userDB NoSQLDatabase, socialGraphService socialnetwork.SocialGraphService}}
	 [1] ctx context.Context ---> depends on: {}
	 [2] reqID int64 ---> depends on: {}
	 [3] username string ---> depends on: {}
	 [4] password string ---> depends on: {}
	 [5] timestamp int64 ---> depends on: {}
	 [6] login socialnetwork.LoginObj struct{UserID int64, Password string, Salt string} ---> depends on: {Password string, Salt string, UserID int64}
	 [7] user socialnetwork.User struct{UserID int64, FirstName string, LastName string, Username string, PwdHashed string, Salt string} ---> depends on: {PwdHashed string, Salt string, UserID int64}
	 [8] collection NoSQLCollection {database = user, collection = user} ---> depends on: {}
	 [9] err .error ---> depends on: {}
	 [10] query primitive.D ---> depends on: {struct{ string,  "username" string,  string}}
	 [11] res NoSQLCursor {database = user, collection = user} ---> depends on: {user socialnetwork.User struct{UserID int64, FirstName string, LastName string, Username string, PwdHashed string, Salt string}}
	 [12] err .error ---> depends on: {}
	 [13] tokenStr string ---> depends on: {}
	 [14] hashed_pwd string ---> depends on: {}
	 [15] expiration_time time.Time struct{wall uint64, ext int64, loc (*time.Location struct{name string, zone []time.zone struct{name string, offset int, isDST bool}, tx []time.zoneTrans struct{when int64, index uint8, isstd bool, isutc bool}, extend string, cacheStart int64, cacheEnd int64, cacheZone (*time.zone struct{name string, offset int, isDST bool})})} ---> depends on: {time.Duration int64, time.Duration int64}
	 [16] claims (*socialnetwork.claimsT struct{Username string, UserID string, Timestamp int64, StandardClaims jwt-go.StandardClaims struct{Audience string, ExpiresAt int64, Id string, IssuedAt int64, Issuer string, NotBefore int64, Subject string}}) ---> depends on: {socialnetwork.claimsT struct{Username string, UserID string, Timestamp int64, StandardClaims jwt-go.StandardClaims struct{Audience string, ExpiresAt int64, Id string, IssuedAt int64, Issuer string, NotBefore int64, Subject string}}}
	 [17] err error ---> depends on: {}
	 [18] token (*jwt-go.Token struct{Raw string, Method jwt-go.SigningMethod interface{ interface{Alg() string; Sign(signingString string, key interface{}) (string, error); Verify(signingString string, signature string, key interface{}) error} }, Header map[string]interface{ interface{} }, Claims jwt-go.Claims interface{ interface{Valid() error} }, Signature string, Valid bool}) ---> depends on: {(*jwt-go.SigningMethodHMAC struct{Name string, Hash crypto.Hash uint}), claims (*socialnetwork.claimsT struct{Username string, UserID string, Timestamp int64, StandardClaims jwt-go.StandardClaims struct{Audience string, ExpiresAt int64, Id string, IssuedAt int64, Issuer string, NotBefore int64, Subject string}}), (*jwt-go.SigningMethodHMAC struct{Name string, Hash crypto.Hash uint}), claims (*socialnetwork.claimsT struct{Username string, UserID string, Timestamp int64, StandardClaims jwt-go.StandardClaims struct{Audience string, ExpiresAt int64, Id string, IssuedAt int64, Issuer string, NotBefore int64, Subject string}}), jwt-go.Token struct{Raw string, Method jwt-go.SigningMethod interface{ interface{Alg() string; Sign(signingString string, key interface{}) (string, error); Verify(signingString string, signature string, key interface{}) error} }, Header map[string]interface{ interface{} }, Claims jwt-go.Claims interface{ interface{Valid() error} }, Signature string, Valid bool}}
	 [19] tokenStr string ---> depends on: {byte, byte}
	 [20] err .error ---> depends on: {byte}
	 [21] err .error ---> depends on: {}

[BLOCK, #17, IfDone] NODES = [*ast.ReturnStmt]; SUCCS = []
	 [0] u (*socialnetwork.UserServiceImpl struct{machine_id string, counter int64, current_timestamp int64, secret string, userCache Cache, userDB NoSQLDatabase, socialGraphService socialnetwork.SocialGraphService}) ---> depends on: {socialnetwork.UserServiceImpl struct{machine_id string, counter 0 int, current_timestamp int64, secret string, userCache Cache, userDB NoSQLDatabase, socialGraphService socialnetwork.SocialGraphService}}
	 [1] ctx context.Context ---> depends on: {}
	 [2] reqID int64 ---> depends on: {}
	 [3] username string ---> depends on: {}
	 [4] password string ---> depends on: {}
	 [5] timestamp int64 ---> depends on: {}
	 [6] login socialnetwork.LoginObj struct{UserID int64, Password string, Salt string} ---> depends on: {Password string, Salt string, UserID int64}
	 [7] user socialnetwork.User struct{UserID int64, FirstName string, LastName string, Username string, PwdHashed string, Salt string} ---> depends on: {PwdHashed string, Salt string, UserID int64}
	 [8] collection NoSQLCollection {database = user, collection = user} ---> depends on: {}
	 [9] err .error ---> depends on: {}
	 [10] query primitive.D ---> depends on: {struct{ string,  "username" string,  string}}
	 [11] res NoSQLCursor {database = user, collection = user} ---> depends on: {user socialnetwork.User struct{UserID int64, FirstName string, LastName string, Username string, PwdHashed string, Salt string}}
	 [12] err .error ---> depends on: {}
	 [13] tokenStr string ---> depends on: {}
	 [14] hashed_pwd string ---> depends on: {}
	 [15] expiration_time time.Time struct{wall uint64, ext int64, loc (*time.Location struct{name string, zone []time.zone struct{name string, offset int, isDST bool}, tx []time.zoneTrans struct{when int64, index uint8, isstd bool, isutc bool}, extend string, cacheStart int64, cacheEnd int64, cacheZone (*time.zone struct{name string, offset int, isDST bool})})} ---> depends on: {time.Duration int64, time.Duration int64}
	 [16] claims (*socialnetwork.claimsT struct{Username string, UserID string, Timestamp int64, StandardClaims jwt-go.StandardClaims struct{Audience string, ExpiresAt int64, Id string, IssuedAt int64, Issuer string, NotBefore int64, Subject string}}) ---> depends on: {socialnetwork.claimsT struct{Username string, UserID string, Timestamp int64, StandardClaims jwt-go.StandardClaims struct{Audience string, ExpiresAt int64, Id string, IssuedAt int64, Issuer string, NotBefore int64, Subject string}}}
	 [17] err error ---> depends on: {}
	 [18] token (*jwt-go.Token struct{Raw string, Method jwt-go.SigningMethod interface{ interface{Alg() string; Sign(signingString string, key interface{}) (string, error); Verify(signingString string, signature string, key interface{}) error} }, Header map[string]interface{ interface{} }, Claims jwt-go.Claims interface{ interface{Valid() error} }, Signature string, Valid bool}) ---> depends on: {(*jwt-go.SigningMethodHMAC struct{Name string, Hash crypto.Hash uint}), claims (*socialnetwork.claimsT struct{Username string, UserID string, Timestamp int64, StandardClaims jwt-go.StandardClaims struct{Audience string, ExpiresAt int64, Id string, IssuedAt int64, Issuer string, NotBefore int64, Subject string}}), (*jwt-go.SigningMethodHMAC struct{Name string, Hash crypto.Hash uint}), claims (*socialnetwork.claimsT struct{Username string, UserID string, Timestamp int64, StandardClaims jwt-go.StandardClaims struct{Audience string, ExpiresAt int64, Id string, IssuedAt int64, Issuer string, NotBefore int64, Subject string}}), jwt-go.Token struct{Raw string, Method jwt-go.SigningMethod interface{ interface{Alg() string; Sign(signingString string, key interface{}) (string, error); Verify(signingString string, signature string, key interface{}) error} }, Header map[string]interface{ interface{} }, Claims jwt-go.Claims interface{ interface{Valid() error} }, Signature string, Valid bool}}
	 [19] tokenStr string ---> depends on: {byte, byte}
	 [20] err .error ---> depends on: {byte}
	 [21] err .error ---> depends on: {}

