[BLOCK, #0, Body] NODES = [*ast.AssignStmt, *ast.BinaryExpr]; SUCCS = [Block #1, Block #3]
	 [0] w (*socialnetwork.Wrk2APIServiceImpl struct{userService socialnetwork.UserService, composePostService socialnetwork.ComposePostService, userTimelineService socialnetwork.UserTimelineService, homeTimelineService socialnetwork.HomeTimelineService, socialGraphService socialnetwork.SocialGraphService}) ---> depends on: {socialnetwork.Wrk2APIServiceImpl struct{userService socialnetwork.UserService, composePostService socialnetwork.ComposePostService, userTimelineService socialnetwork.UserTimelineService, homeTimelineService socialnetwork.HomeTimelineService, socialGraphService socialnetwork.SocialGraphService}}
	 [1] ctx context.Context ---> depends on: {}
	 [2] username string ---> depends on: {}
	 [3] followeeName string ---> depends on: {}
	 [4] userId int64 ---> depends on: {}
	 [5] followeeID int64 ---> depends on: {}
	 [6] reqID int64 ---> depends on: {}

[BLOCK, #1, IfThen] NODES = [*ast.ReturnStmt]; SUCCS = []
	 [0] w (*socialnetwork.Wrk2APIServiceImpl struct{userService socialnetwork.UserService, composePostService socialnetwork.ComposePostService, userTimelineService socialnetwork.UserTimelineService, homeTimelineService socialnetwork.HomeTimelineService, socialGraphService socialnetwork.SocialGraphService}) ---> depends on: {socialnetwork.Wrk2APIServiceImpl struct{userService socialnetwork.UserService, composePostService socialnetwork.ComposePostService, userTimelineService socialnetwork.UserTimelineService, homeTimelineService socialnetwork.HomeTimelineService, socialGraphService socialnetwork.SocialGraphService}}
	 [1] ctx context.Context ---> depends on: {}
	 [2] username string ---> depends on: {}
	 [3] followeeName string ---> depends on: {}
	 [4] userId int64 ---> depends on: {}
	 [5] followeeID int64 ---> depends on: {}
	 [6] reqID int64 ---> depends on: {}

[BLOCK, #3, IfElse] NODES = [*ast.BinaryExpr]; SUCCS = [Block #5, Block #6]
	 [0] w (*socialnetwork.Wrk2APIServiceImpl struct{userService socialnetwork.UserService, composePostService socialnetwork.ComposePostService, userTimelineService socialnetwork.UserTimelineService, homeTimelineService socialnetwork.HomeTimelineService, socialGraphService socialnetwork.SocialGraphService}) ---> depends on: {socialnetwork.Wrk2APIServiceImpl struct{userService socialnetwork.UserService, composePostService socialnetwork.ComposePostService, userTimelineService socialnetwork.UserTimelineService, homeTimelineService socialnetwork.HomeTimelineService, socialGraphService socialnetwork.SocialGraphService}}
	 [1] ctx context.Context ---> depends on: {}
	 [2] username string ---> depends on: {}
	 [3] followeeName string ---> depends on: {}
	 [4] userId int64 ---> depends on: {}
	 [5] followeeID int64 ---> depends on: {}
	 [6] reqID int64 ---> depends on: {}

[BLOCK, #5, IfThen] NODES = [*ast.ReturnStmt]; SUCCS = []
	 [0] w (*socialnetwork.Wrk2APIServiceImpl struct{userService socialnetwork.UserService, composePostService socialnetwork.ComposePostService, userTimelineService socialnetwork.UserTimelineService, homeTimelineService socialnetwork.HomeTimelineService, socialGraphService socialnetwork.SocialGraphService}) ---> depends on: {socialnetwork.Wrk2APIServiceImpl struct{userService socialnetwork.UserService, composePostService socialnetwork.ComposePostService, userTimelineService socialnetwork.UserTimelineService, homeTimelineService socialnetwork.HomeTimelineService, socialGraphService socialnetwork.SocialGraphService}}
	 [1] ctx context.Context ---> depends on: {}
	 [2] username string ---> depends on: {}
	 [3] followeeName string ---> depends on: {}
	 [4] userId int64 ---> depends on: {}
	 [5] followeeID int64 ---> depends on: {}
	 [6] reqID int64 ---> depends on: {}

[BLOCK, #6, IfDone] NODES = []; SUCCS = [Block #2]
	 [0] w (*socialnetwork.Wrk2APIServiceImpl struct{userService socialnetwork.UserService, composePostService socialnetwork.ComposePostService, userTimelineService socialnetwork.UserTimelineService, homeTimelineService socialnetwork.HomeTimelineService, socialGraphService socialnetwork.SocialGraphService}) ---> depends on: {socialnetwork.Wrk2APIServiceImpl struct{userService socialnetwork.UserService, composePostService socialnetwork.ComposePostService, userTimelineService socialnetwork.UserTimelineService, homeTimelineService socialnetwork.HomeTimelineService, socialGraphService socialnetwork.SocialGraphService}}
	 [1] ctx context.Context ---> depends on: {}
	 [2] username string ---> depends on: {}
	 [3] followeeName string ---> depends on: {}
	 [4] userId int64 ---> depends on: {}
	 [5] followeeID int64 ---> depends on: {}
	 [6] reqID int64 ---> depends on: {}

[BLOCK, #2, IfDone] NODES = [*ast.ReturnStmt]; SUCCS = []
	 [0] w (*socialnetwork.Wrk2APIServiceImpl struct{userService socialnetwork.UserService, composePostService socialnetwork.ComposePostService, userTimelineService socialnetwork.UserTimelineService, homeTimelineService socialnetwork.HomeTimelineService, socialGraphService socialnetwork.SocialGraphService}) ---> depends on: {socialnetwork.Wrk2APIServiceImpl struct{userService socialnetwork.UserService, composePostService socialnetwork.ComposePostService, userTimelineService socialnetwork.UserTimelineService, homeTimelineService socialnetwork.HomeTimelineService, socialGraphService socialnetwork.SocialGraphService}}
	 [1] ctx context.Context ---> depends on: {}
	 [2] username string ---> depends on: {}
	 [3] followeeName string ---> depends on: {}
	 [4] userId int64 ---> depends on: {}
	 [5] followeeID int64 ---> depends on: {}
	 [6] reqID int64 ---> depends on: {}

