[BLOCK, #0, Body] NODES = [*ast.BinaryExpr]; SUCCS = [Block #1, Block #2]
	 [0] f (*hotelreservation.FrontEndServiceImpl struct{searchService hotelreservation.SearchService, profileService hotelreservation.ProfileService, recommendationService hotelreservation.RecommendationService, userService hotelreservation.UserService, reservationService hotelreservation.ReservationService}) ---> depends on: {hotelreservation.FrontEndServiceImpl struct{searchService hotelreservation.SearchService, profileService hotelreservation.ProfileService, recommendationService hotelreservation.RecommendationService, userService hotelreservation.UserService, reservationService hotelreservation.ReservationService}}
	 [1] ctx context.Context ---> depends on: {}
	 [2] username string ---> depends on: {}
	 [3] password string ---> depends on: {}

[BLOCK, #1, IfThen] NODES = [*ast.ReturnStmt]; SUCCS = []
	 [0] f (*hotelreservation.FrontEndServiceImpl struct{searchService hotelreservation.SearchService, profileService hotelreservation.ProfileService, recommendationService hotelreservation.RecommendationService, userService hotelreservation.UserService, reservationService hotelreservation.ReservationService}) ---> depends on: {hotelreservation.FrontEndServiceImpl struct{searchService hotelreservation.SearchService, profileService hotelreservation.ProfileService, recommendationService hotelreservation.RecommendationService, userService hotelreservation.UserService, reservationService hotelreservation.ReservationService}}
	 [1] ctx context.Context ---> depends on: {}
	 [2] username string ---> depends on: {}
	 [3] password string ---> depends on: {}

[BLOCK, #2, IfDone] NODES = [*ast.AssignStmt, *ast.BinaryExpr]; SUCCS = [Block #4, Block #5]
	 [0] f (*hotelreservation.FrontEndServiceImpl struct{searchService hotelreservation.SearchService, profileService hotelreservation.ProfileService, recommendationService hotelreservation.RecommendationService, userService hotelreservation.UserService, reservationService hotelreservation.ReservationService}) ---> depends on: {hotelreservation.FrontEndServiceImpl struct{searchService hotelreservation.SearchService, profileService hotelreservation.ProfileService, recommendationService hotelreservation.RecommendationService, userService hotelreservation.UserService, reservationService hotelreservation.ReservationService}}
	 [1] ctx context.Context ---> depends on: {}
	 [2] username string ---> depends on: {}
	 [3] password string ---> depends on: {}
	 [4] exists bool ---> depends on: {}
	 [5] err .error ---> depends on: {}

[BLOCK, #4, IfThen] NODES = [*ast.ReturnStmt]; SUCCS = []
	 [0] f (*hotelreservation.FrontEndServiceImpl struct{searchService hotelreservation.SearchService, profileService hotelreservation.ProfileService, recommendationService hotelreservation.RecommendationService, userService hotelreservation.UserService, reservationService hotelreservation.ReservationService}) ---> depends on: {hotelreservation.FrontEndServiceImpl struct{searchService hotelreservation.SearchService, profileService hotelreservation.ProfileService, recommendationService hotelreservation.RecommendationService, userService hotelreservation.UserService, reservationService hotelreservation.ReservationService}}
	 [1] ctx context.Context ---> depends on: {}
	 [2] username string ---> depends on: {}
	 [3] password string ---> depends on: {}
	 [4] exists bool ---> depends on: {}
	 [5] err .error ---> depends on: {}

[BLOCK, #5, IfDone] NODES = [*ast.ReturnStmt]; SUCCS = []
	 [0] f (*hotelreservation.FrontEndServiceImpl struct{searchService hotelreservation.SearchService, profileService hotelreservation.ProfileService, recommendationService hotelreservation.RecommendationService, userService hotelreservation.UserService, reservationService hotelreservation.ReservationService}) ---> depends on: {hotelreservation.FrontEndServiceImpl struct{searchService hotelreservation.SearchService, profileService hotelreservation.ProfileService, recommendationService hotelreservation.RecommendationService, userService hotelreservation.UserService, reservationService hotelreservation.ReservationService}}
	 [1] ctx context.Context ---> depends on: {}
	 [2] username string ---> depends on: {}
	 [3] password string ---> depends on: {}
	 [4] exists bool ---> depends on: {}
	 [5] err .error ---> depends on: {}

