[BLOCK, #0, Body] NODES = [*ast.BinaryExpr]; SUCCS = [Block #1, Block #2]
	 [0] f (*hotelreservation.FrontEndServiceImpl struct{searchService hotelreservation.SearchService, profileService hotelreservation.ProfileService, recommendationService hotelreservation.RecommendationService, userService hotelreservation.UserService, reservationService hotelreservation.ReservationService}) ---> depends on: {hotelreservation.FrontEndServiceImpl struct{searchService hotelreservation.SearchService, profileService hotelreservation.ProfileService, recommendationService hotelreservation.RecommendationService, userService hotelreservation.UserService, reservationService hotelreservation.ReservationService}}
	 [1] ctx context.Context ---> depends on: {}
	 [2] inDate string ---> depends on: {}
	 [3] outDate string ---> depends on: {}
	 [4] hotelId string ---> depends on: {}
	 [5] customerName string ---> depends on: {}
	 [6] username string ---> depends on: {}
	 [7] password string ---> depends on: {}
	 [8] roomNumber int64 ---> depends on: {}

[BLOCK, #1, IfThen] NODES = [*ast.ReturnStmt]; SUCCS = []
	 [0] f (*hotelreservation.FrontEndServiceImpl struct{searchService hotelreservation.SearchService, profileService hotelreservation.ProfileService, recommendationService hotelreservation.RecommendationService, userService hotelreservation.UserService, reservationService hotelreservation.ReservationService}) ---> depends on: {hotelreservation.FrontEndServiceImpl struct{searchService hotelreservation.SearchService, profileService hotelreservation.ProfileService, recommendationService hotelreservation.RecommendationService, userService hotelreservation.UserService, reservationService hotelreservation.ReservationService}}
	 [1] ctx context.Context ---> depends on: {}
	 [2] inDate string ---> depends on: {}
	 [3] outDate string ---> depends on: {}
	 [4] hotelId string ---> depends on: {}
	 [5] customerName string ---> depends on: {}
	 [6] username string ---> depends on: {}
	 [7] password string ---> depends on: {}
	 [8] roomNumber int64 ---> depends on: {}

[BLOCK, #2, IfDone] NODES = [*ast.BinaryExpr]; SUCCS = [Block #4, Block #5]
	 [0] f (*hotelreservation.FrontEndServiceImpl struct{searchService hotelreservation.SearchService, profileService hotelreservation.ProfileService, recommendationService hotelreservation.RecommendationService, userService hotelreservation.UserService, reservationService hotelreservation.ReservationService}) ---> depends on: {hotelreservation.FrontEndServiceImpl struct{searchService hotelreservation.SearchService, profileService hotelreservation.ProfileService, recommendationService hotelreservation.RecommendationService, userService hotelreservation.UserService, reservationService hotelreservation.ReservationService}}
	 [1] ctx context.Context ---> depends on: {}
	 [2] inDate string ---> depends on: {}
	 [3] outDate string ---> depends on: {}
	 [4] hotelId string ---> depends on: {}
	 [5] customerName string ---> depends on: {}
	 [6] username string ---> depends on: {}
	 [7] password string ---> depends on: {}
	 [8] roomNumber int64 ---> depends on: {}

[BLOCK, #4, IfThen] NODES = [*ast.ReturnStmt]; SUCCS = []
	 [0] f (*hotelreservation.FrontEndServiceImpl struct{searchService hotelreservation.SearchService, profileService hotelreservation.ProfileService, recommendationService hotelreservation.RecommendationService, userService hotelreservation.UserService, reservationService hotelreservation.ReservationService}) ---> depends on: {hotelreservation.FrontEndServiceImpl struct{searchService hotelreservation.SearchService, profileService hotelreservation.ProfileService, recommendationService hotelreservation.RecommendationService, userService hotelreservation.UserService, reservationService hotelreservation.ReservationService}}
	 [1] ctx context.Context ---> depends on: {}
	 [2] inDate string ---> depends on: {}
	 [3] outDate string ---> depends on: {}
	 [4] hotelId string ---> depends on: {}
	 [5] customerName string ---> depends on: {}
	 [6] username string ---> depends on: {}
	 [7] password string ---> depends on: {}
	 [8] roomNumber int64 ---> depends on: {}

[BLOCK, #5, IfDone] NODES = [*ast.BinaryExpr]; SUCCS = [Block #7, Block #8]
	 [0] f (*hotelreservation.FrontEndServiceImpl struct{searchService hotelreservation.SearchService, profileService hotelreservation.ProfileService, recommendationService hotelreservation.RecommendationService, userService hotelreservation.UserService, reservationService hotelreservation.ReservationService}) ---> depends on: {hotelreservation.FrontEndServiceImpl struct{searchService hotelreservation.SearchService, profileService hotelreservation.ProfileService, recommendationService hotelreservation.RecommendationService, userService hotelreservation.UserService, reservationService hotelreservation.ReservationService}}
	 [1] ctx context.Context ---> depends on: {}
	 [2] inDate string ---> depends on: {}
	 [3] outDate string ---> depends on: {}
	 [4] hotelId string ---> depends on: {}
	 [5] customerName string ---> depends on: {}
	 [6] username string ---> depends on: {}
	 [7] password string ---> depends on: {}
	 [8] roomNumber int64 ---> depends on: {}

[BLOCK, #7, IfThen] NODES = [*ast.ReturnStmt]; SUCCS = []
	 [0] f (*hotelreservation.FrontEndServiceImpl struct{searchService hotelreservation.SearchService, profileService hotelreservation.ProfileService, recommendationService hotelreservation.RecommendationService, userService hotelreservation.UserService, reservationService hotelreservation.ReservationService}) ---> depends on: {hotelreservation.FrontEndServiceImpl struct{searchService hotelreservation.SearchService, profileService hotelreservation.ProfileService, recommendationService hotelreservation.RecommendationService, userService hotelreservation.UserService, reservationService hotelreservation.ReservationService}}
	 [1] ctx context.Context ---> depends on: {}
	 [2] inDate string ---> depends on: {}
	 [3] outDate string ---> depends on: {}
	 [4] hotelId string ---> depends on: {}
	 [5] customerName string ---> depends on: {}
	 [6] username string ---> depends on: {}
	 [7] password string ---> depends on: {}
	 [8] roomNumber int64 ---> depends on: {}

[BLOCK, #8, IfDone] NODES = [*ast.BinaryExpr]; SUCCS = [Block #10, Block #11]
	 [0] f (*hotelreservation.FrontEndServiceImpl struct{searchService hotelreservation.SearchService, profileService hotelreservation.ProfileService, recommendationService hotelreservation.RecommendationService, userService hotelreservation.UserService, reservationService hotelreservation.ReservationService}) ---> depends on: {hotelreservation.FrontEndServiceImpl struct{searchService hotelreservation.SearchService, profileService hotelreservation.ProfileService, recommendationService hotelreservation.RecommendationService, userService hotelreservation.UserService, reservationService hotelreservation.ReservationService}}
	 [1] ctx context.Context ---> depends on: {}
	 [2] inDate string ---> depends on: {}
	 [3] outDate string ---> depends on: {}
	 [4] hotelId string ---> depends on: {}
	 [5] customerName string ---> depends on: {}
	 [6] username string ---> depends on: {}
	 [7] password string ---> depends on: {}
	 [8] roomNumber int64 ---> depends on: {}

[BLOCK, #10, IfThen] NODES = [*ast.ReturnStmt]; SUCCS = []
	 [0] f (*hotelreservation.FrontEndServiceImpl struct{searchService hotelreservation.SearchService, profileService hotelreservation.ProfileService, recommendationService hotelreservation.RecommendationService, userService hotelreservation.UserService, reservationService hotelreservation.ReservationService}) ---> depends on: {hotelreservation.FrontEndServiceImpl struct{searchService hotelreservation.SearchService, profileService hotelreservation.ProfileService, recommendationService hotelreservation.RecommendationService, userService hotelreservation.UserService, reservationService hotelreservation.ReservationService}}
	 [1] ctx context.Context ---> depends on: {}
	 [2] inDate string ---> depends on: {}
	 [3] outDate string ---> depends on: {}
	 [4] hotelId string ---> depends on: {}
	 [5] customerName string ---> depends on: {}
	 [6] username string ---> depends on: {}
	 [7] password string ---> depends on: {}
	 [8] roomNumber int64 ---> depends on: {}

[BLOCK, #11, IfDone] NODES = [*ast.BinaryExpr]; SUCCS = [Block #13, Block #14]
	 [0] f (*hotelreservation.FrontEndServiceImpl struct{searchService hotelreservation.SearchService, profileService hotelreservation.ProfileService, recommendationService hotelreservation.RecommendationService, userService hotelreservation.UserService, reservationService hotelreservation.ReservationService}) ---> depends on: {hotelreservation.FrontEndServiceImpl struct{searchService hotelreservation.SearchService, profileService hotelreservation.ProfileService, recommendationService hotelreservation.RecommendationService, userService hotelreservation.UserService, reservationService hotelreservation.ReservationService}}
	 [1] ctx context.Context ---> depends on: {}
	 [2] inDate string ---> depends on: {}
	 [3] outDate string ---> depends on: {}
	 [4] hotelId string ---> depends on: {}
	 [5] customerName string ---> depends on: {}
	 [6] username string ---> depends on: {}
	 [7] password string ---> depends on: {}
	 [8] roomNumber int64 ---> depends on: {}

[BLOCK, #13, IfThen] NODES = [*ast.ReturnStmt]; SUCCS = []
	 [0] f (*hotelreservation.FrontEndServiceImpl struct{searchService hotelreservation.SearchService, profileService hotelreservation.ProfileService, recommendationService hotelreservation.RecommendationService, userService hotelreservation.UserService, reservationService hotelreservation.ReservationService}) ---> depends on: {hotelreservation.FrontEndServiceImpl struct{searchService hotelreservation.SearchService, profileService hotelreservation.ProfileService, recommendationService hotelreservation.RecommendationService, userService hotelreservation.UserService, reservationService hotelreservation.ReservationService}}
	 [1] ctx context.Context ---> depends on: {}
	 [2] inDate string ---> depends on: {}
	 [3] outDate string ---> depends on: {}
	 [4] hotelId string ---> depends on: {}
	 [5] customerName string ---> depends on: {}
	 [6] username string ---> depends on: {}
	 [7] password string ---> depends on: {}
	 [8] roomNumber int64 ---> depends on: {}

[BLOCK, #14, IfDone] NODES = [*ast.AssignStmt, *ast.BinaryExpr]; SUCCS = [Block #16, Block #17]
	 [0] f (*hotelreservation.FrontEndServiceImpl struct{searchService hotelreservation.SearchService, profileService hotelreservation.ProfileService, recommendationService hotelreservation.RecommendationService, userService hotelreservation.UserService, reservationService hotelreservation.ReservationService}) ---> depends on: {hotelreservation.FrontEndServiceImpl struct{searchService hotelreservation.SearchService, profileService hotelreservation.ProfileService, recommendationService hotelreservation.RecommendationService, userService hotelreservation.UserService, reservationService hotelreservation.ReservationService}}
	 [1] ctx context.Context ---> depends on: {}
	 [2] inDate string ---> depends on: {}
	 [3] outDate string ---> depends on: {}
	 [4] hotelId string ---> depends on: {}
	 [5] customerName string ---> depends on: {}
	 [6] username string ---> depends on: {}
	 [7] password string ---> depends on: {}
	 [8] roomNumber int64 ---> depends on: {}
	 [9] exists bool ---> depends on: {}
	 [10] err .error ---> depends on: {}

[BLOCK, #16, IfThen] NODES = [*ast.ReturnStmt]; SUCCS = []
	 [0] f (*hotelreservation.FrontEndServiceImpl struct{searchService hotelreservation.SearchService, profileService hotelreservation.ProfileService, recommendationService hotelreservation.RecommendationService, userService hotelreservation.UserService, reservationService hotelreservation.ReservationService}) ---> depends on: {hotelreservation.FrontEndServiceImpl struct{searchService hotelreservation.SearchService, profileService hotelreservation.ProfileService, recommendationService hotelreservation.RecommendationService, userService hotelreservation.UserService, reservationService hotelreservation.ReservationService}}
	 [1] ctx context.Context ---> depends on: {}
	 [2] inDate string ---> depends on: {}
	 [3] outDate string ---> depends on: {}
	 [4] hotelId string ---> depends on: {}
	 [5] customerName string ---> depends on: {}
	 [6] username string ---> depends on: {}
	 [7] password string ---> depends on: {}
	 [8] roomNumber int64 ---> depends on: {}
	 [9] exists bool ---> depends on: {}
	 [10] err .error ---> depends on: {}

[BLOCK, #17, IfDone] NODES = [*ast.UnaryExpr]; SUCCS = [Block #19, Block #20]
	 [0] f (*hotelreservation.FrontEndServiceImpl struct{searchService hotelreservation.SearchService, profileService hotelreservation.ProfileService, recommendationService hotelreservation.RecommendationService, userService hotelreservation.UserService, reservationService hotelreservation.ReservationService}) ---> depends on: {hotelreservation.FrontEndServiceImpl struct{searchService hotelreservation.SearchService, profileService hotelreservation.ProfileService, recommendationService hotelreservation.RecommendationService, userService hotelreservation.UserService, reservationService hotelreservation.ReservationService}}
	 [1] ctx context.Context ---> depends on: {}
	 [2] inDate string ---> depends on: {}
	 [3] outDate string ---> depends on: {}
	 [4] hotelId string ---> depends on: {}
	 [5] customerName string ---> depends on: {}
	 [6] username string ---> depends on: {}
	 [7] password string ---> depends on: {}
	 [8] roomNumber int64 ---> depends on: {}
	 [9] exists bool ---> depends on: {}
	 [10] err .error ---> depends on: {}

[BLOCK, #19, IfThen] NODES = [*ast.ReturnStmt]; SUCCS = []
	 [0] f (*hotelreservation.FrontEndServiceImpl struct{searchService hotelreservation.SearchService, profileService hotelreservation.ProfileService, recommendationService hotelreservation.RecommendationService, userService hotelreservation.UserService, reservationService hotelreservation.ReservationService}) ---> depends on: {hotelreservation.FrontEndServiceImpl struct{searchService hotelreservation.SearchService, profileService hotelreservation.ProfileService, recommendationService hotelreservation.RecommendationService, userService hotelreservation.UserService, reservationService hotelreservation.ReservationService}}
	 [1] ctx context.Context ---> depends on: {}
	 [2] inDate string ---> depends on: {}
	 [3] outDate string ---> depends on: {}
	 [4] hotelId string ---> depends on: {}
	 [5] customerName string ---> depends on: {}
	 [6] username string ---> depends on: {}
	 [7] password string ---> depends on: {}
	 [8] roomNumber int64 ---> depends on: {}
	 [9] exists bool ---> depends on: {}
	 [10] err .error ---> depends on: {}

[BLOCK, #20, IfDone] NODES = [*ast.AssignStmt, *ast.BinaryExpr]; SUCCS = [Block #22, Block #23]
	 [0] f (*hotelreservation.FrontEndServiceImpl struct{searchService hotelreservation.SearchService, profileService hotelreservation.ProfileService, recommendationService hotelreservation.RecommendationService, userService hotelreservation.UserService, reservationService hotelreservation.ReservationService}) ---> depends on: {hotelreservation.FrontEndServiceImpl struct{searchService hotelreservation.SearchService, profileService hotelreservation.ProfileService, recommendationService hotelreservation.RecommendationService, userService hotelreservation.UserService, reservationService hotelreservation.ReservationService}}
	 [1] ctx context.Context ---> depends on: {}
	 [2] inDate string ---> depends on: {}
	 [3] outDate string ---> depends on: {}
	 [4] hotelId string ---> depends on: {}
	 [5] customerName string ---> depends on: {}
	 [6] username string ---> depends on: {}
	 [7] password string ---> depends on: {}
	 [8] roomNumber int64 ---> depends on: {}
	 [9] exists bool ---> depends on: {}
	 [10] err .error ---> depends on: {}
	 [11] resevered_hotels []string ---> depends on: {}
	 [12] err .error ---> depends on: {}

[BLOCK, #22, IfThen] NODES = [*ast.ReturnStmt]; SUCCS = []
	 [0] f (*hotelreservation.FrontEndServiceImpl struct{searchService hotelreservation.SearchService, profileService hotelreservation.ProfileService, recommendationService hotelreservation.RecommendationService, userService hotelreservation.UserService, reservationService hotelreservation.ReservationService}) ---> depends on: {hotelreservation.FrontEndServiceImpl struct{searchService hotelreservation.SearchService, profileService hotelreservation.ProfileService, recommendationService hotelreservation.RecommendationService, userService hotelreservation.UserService, reservationService hotelreservation.ReservationService}}
	 [1] ctx context.Context ---> depends on: {}
	 [2] inDate string ---> depends on: {}
	 [3] outDate string ---> depends on: {}
	 [4] hotelId string ---> depends on: {}
	 [5] customerName string ---> depends on: {}
	 [6] username string ---> depends on: {}
	 [7] password string ---> depends on: {}
	 [8] roomNumber int64 ---> depends on: {}
	 [9] exists bool ---> depends on: {}
	 [10] err .error ---> depends on: {}
	 [11] resevered_hotels []string ---> depends on: {}
	 [12] err .error ---> depends on: {}

[BLOCK, #23, IfDone] NODES = [*ast.BinaryExpr]; SUCCS = [Block #25, Block #26]
	 [0] f (*hotelreservation.FrontEndServiceImpl struct{searchService hotelreservation.SearchService, profileService hotelreservation.ProfileService, recommendationService hotelreservation.RecommendationService, userService hotelreservation.UserService, reservationService hotelreservation.ReservationService}) ---> depends on: {hotelreservation.FrontEndServiceImpl struct{searchService hotelreservation.SearchService, profileService hotelreservation.ProfileService, recommendationService hotelreservation.RecommendationService, userService hotelreservation.UserService, reservationService hotelreservation.ReservationService}}
	 [1] ctx context.Context ---> depends on: {}
	 [2] inDate string ---> depends on: {}
	 [3] outDate string ---> depends on: {}
	 [4] hotelId string ---> depends on: {}
	 [5] customerName string ---> depends on: {}
	 [6] username string ---> depends on: {}
	 [7] password string ---> depends on: {}
	 [8] roomNumber int64 ---> depends on: {}
	 [9] exists bool ---> depends on: {}
	 [10] err .error ---> depends on: {}
	 [11] resevered_hotels []string ---> depends on: {}
	 [12] err .error ---> depends on: {}

[BLOCK, #25, IfThen] NODES = [*ast.ReturnStmt]; SUCCS = []
	 [0] f (*hotelreservation.FrontEndServiceImpl struct{searchService hotelreservation.SearchService, profileService hotelreservation.ProfileService, recommendationService hotelreservation.RecommendationService, userService hotelreservation.UserService, reservationService hotelreservation.ReservationService}) ---> depends on: {hotelreservation.FrontEndServiceImpl struct{searchService hotelreservation.SearchService, profileService hotelreservation.ProfileService, recommendationService hotelreservation.RecommendationService, userService hotelreservation.UserService, reservationService hotelreservation.ReservationService}}
	 [1] ctx context.Context ---> depends on: {}
	 [2] inDate string ---> depends on: {}
	 [3] outDate string ---> depends on: {}
	 [4] hotelId string ---> depends on: {}
	 [5] customerName string ---> depends on: {}
	 [6] username string ---> depends on: {}
	 [7] password string ---> depends on: {}
	 [8] roomNumber int64 ---> depends on: {}
	 [9] exists bool ---> depends on: {}
	 [10] err .error ---> depends on: {}
	 [11] resevered_hotels []string ---> depends on: {}
	 [12] err .error ---> depends on: {}

[BLOCK, #26, IfDone] NODES = [*ast.ReturnStmt]; SUCCS = []
	 [0] f (*hotelreservation.FrontEndServiceImpl struct{searchService hotelreservation.SearchService, profileService hotelreservation.ProfileService, recommendationService hotelreservation.RecommendationService, userService hotelreservation.UserService, reservationService hotelreservation.ReservationService}) ---> depends on: {hotelreservation.FrontEndServiceImpl struct{searchService hotelreservation.SearchService, profileService hotelreservation.ProfileService, recommendationService hotelreservation.RecommendationService, userService hotelreservation.UserService, reservationService hotelreservation.ReservationService}}
	 [1] ctx context.Context ---> depends on: {}
	 [2] inDate string ---> depends on: {}
	 [3] outDate string ---> depends on: {}
	 [4] hotelId string ---> depends on: {}
	 [5] customerName string ---> depends on: {}
	 [6] username string ---> depends on: {}
	 [7] password string ---> depends on: {}
	 [8] roomNumber int64 ---> depends on: {}
	 [9] exists bool ---> depends on: {}
	 [10] err .error ---> depends on: {}
	 [11] resevered_hotels []string ---> depends on: {}
	 [12] err .error ---> depends on: {}

