[BLOCK, #0, Body] NODES = [*ast.ValueSpec, *ast.Ident, *ast.Ident, *ast.Ident]; SUCCS = [Block #1]
	 [0] r (*hotelreservation.RateServiceImpl struct{rateCache Cache, rateDB NoSQLDatabase}) ---> depends on: {hotelreservation.RateServiceImpl struct{rateCache Cache, rateDB NoSQLDatabase}}
	 [1] ctx context.Context ---> depends on: {}
	 [2] hotelIDs []string ---> depends on: {}
	 [3] inDate string ---> depends on: {}
	 [4] outDate string ---> depends on: {}
	 [5] rate_plans []hotelreservation.RatePlan struct{HotelID string, Code string, InDate string, OutDate string, RType hotelreservation.RoomType struct{BookableRate float64, Code string, RoomDescription string, TotalRate float64, TotalRateInclusive float64}} ---> depends on: {}
	 [6] hotel_id string ---> depends on: {hotelIDs []string}

[BLOCK, #1, RangeLoop] NODES = []; SUCCS = [Block #2, Block #3]
	 [0] r (*hotelreservation.RateServiceImpl struct{rateCache Cache, rateDB NoSQLDatabase}) ---> depends on: {hotelreservation.RateServiceImpl struct{rateCache Cache, rateDB NoSQLDatabase}}
	 [1] ctx context.Context ---> depends on: {}
	 [2] hotelIDs []string ---> depends on: {}
	 [3] inDate string ---> depends on: {}
	 [4] outDate string ---> depends on: {}
	 [5] rate_plans []hotelreservation.RatePlan struct{HotelID string, Code string, InDate string, OutDate string, RType hotelreservation.RoomType struct{BookableRate float64, Code string, RoomDescription string, TotalRate float64, TotalRateInclusive float64}} ---> depends on: {}
	 [6] hotel_id string ---> depends on: {hotelIDs []string}
	 [7] hotel_rate_plans []hotelreservation.RatePlan struct{HotelID string, Code string, InDate string, OutDate string, RType hotelreservation.RoomType struct{BookableRate float64, Code string, RoomDescription string, TotalRate float64, TotalRateInclusive float64}} ---> depends on: {}
	 [8] exists bool ---> depends on: {}
	 [9] err .error ---> depends on: {}
	 [10] collection NoSQLCollection {database = rate-db, collection = inventory} ---> depends on: {}
	 [11] err2 .error ---> depends on: {}
	 [12] query primitive.D ---> depends on: {struct{ string,  "hotelid" string,  string}}
	 [13] rs NoSQLCursor {database = rate-db, collection = inventory} ---> depends on: {hotel_rate_plans []hotelreservation.RatePlan struct{HotelID string, Code string, InDate string, OutDate string, RType hotelreservation.RoomType struct{BookableRate float64, Code string, RoomDescription string, TotalRate float64, TotalRateInclusive float64}}}
	 [14] err .error ---> depends on: {}
	 [15] err .error ---> depends on: {}
	 [16] rate_plans []hotelreservation.RatePlan struct{HotelID string, Code string, InDate string, OutDate string, RType hotelreservation.RoomType struct{BookableRate float64, Code string, RoomDescription string, TotalRate float64, TotalRateInclusive float64}} ---> depends on: {}
	 [17] r (*hotelreservation.RateServiceImpl struct{rateCache Cache, rateDB NoSQLDatabase}) ---> depends on: {hotelreservation.RateServiceImpl struct{rateCache Cache, rateDB NoSQLDatabase}}
	 [18] ctx context.Context ---> depends on: {}
	 [19] hotelIDs []string ---> depends on: {}
	 [20] inDate string ---> depends on: {}
	 [21] outDate string ---> depends on: {}
	 [22] rate_plans []hotelreservation.RatePlan struct{HotelID string, Code string, InDate string, OutDate string, RType hotelreservation.RoomType struct{BookableRate float64, Code string, RoomDescription string, TotalRate float64, TotalRateInclusive float64}} ---> depends on: {}
	 [23] hotel_id string ---> depends on: {hotelIDs []string}

[BLOCK, #2, RangeBody] NODES = [*ast.ValueSpec, *ast.AssignStmt, *ast.BinaryExpr]; SUCCS = [Block #4, Block #5]
	 [0] r (*hotelreservation.RateServiceImpl struct{rateCache Cache, rateDB NoSQLDatabase}) ---> depends on: {hotelreservation.RateServiceImpl struct{rateCache Cache, rateDB NoSQLDatabase}}
	 [1] ctx context.Context ---> depends on: {}
	 [2] hotelIDs []string ---> depends on: {}
	 [3] inDate string ---> depends on: {}
	 [4] outDate string ---> depends on: {}
	 [5] rate_plans []hotelreservation.RatePlan struct{HotelID string, Code string, InDate string, OutDate string, RType hotelreservation.RoomType struct{BookableRate float64, Code string, RoomDescription string, TotalRate float64, TotalRateInclusive float64}} ---> depends on: {}
	 [6] hotel_id string ---> depends on: {hotelIDs []string}
	 [7] hotel_rate_plans []hotelreservation.RatePlan struct{HotelID string, Code string, InDate string, OutDate string, RType hotelreservation.RoomType struct{BookableRate float64, Code string, RoomDescription string, TotalRate float64, TotalRateInclusive float64}} ---> depends on: {}
	 [8] exists bool ---> depends on: {}
	 [9] err .error ---> depends on: {}

[BLOCK, #4, IfThen] NODES = [*ast.ReturnStmt]; SUCCS = []
	 [0] r (*hotelreservation.RateServiceImpl struct{rateCache Cache, rateDB NoSQLDatabase}) ---> depends on: {hotelreservation.RateServiceImpl struct{rateCache Cache, rateDB NoSQLDatabase}}
	 [1] ctx context.Context ---> depends on: {}
	 [2] hotelIDs []string ---> depends on: {}
	 [3] inDate string ---> depends on: {}
	 [4] outDate string ---> depends on: {}
	 [5] rate_plans []hotelreservation.RatePlan struct{HotelID string, Code string, InDate string, OutDate string, RType hotelreservation.RoomType struct{BookableRate float64, Code string, RoomDescription string, TotalRate float64, TotalRateInclusive float64}} ---> depends on: {}
	 [6] hotel_id string ---> depends on: {hotelIDs []string}
	 [7] hotel_rate_plans []hotelreservation.RatePlan struct{HotelID string, Code string, InDate string, OutDate string, RType hotelreservation.RoomType struct{BookableRate float64, Code string, RoomDescription string, TotalRate float64, TotalRateInclusive float64}} ---> depends on: {}
	 [8] exists bool ---> depends on: {}
	 [9] err .error ---> depends on: {}

[BLOCK, #5, IfDone] NODES = [*ast.UnaryExpr]; SUCCS = [Block #7, Block #8]
	 [0] r (*hotelreservation.RateServiceImpl struct{rateCache Cache, rateDB NoSQLDatabase}) ---> depends on: {hotelreservation.RateServiceImpl struct{rateCache Cache, rateDB NoSQLDatabase}}
	 [1] ctx context.Context ---> depends on: {}
	 [2] hotelIDs []string ---> depends on: {}
	 [3] inDate string ---> depends on: {}
	 [4] outDate string ---> depends on: {}
	 [5] rate_plans []hotelreservation.RatePlan struct{HotelID string, Code string, InDate string, OutDate string, RType hotelreservation.RoomType struct{BookableRate float64, Code string, RoomDescription string, TotalRate float64, TotalRateInclusive float64}} ---> depends on: {}
	 [6] hotel_id string ---> depends on: {hotelIDs []string}
	 [7] hotel_rate_plans []hotelreservation.RatePlan struct{HotelID string, Code string, InDate string, OutDate string, RType hotelreservation.RoomType struct{BookableRate float64, Code string, RoomDescription string, TotalRate float64, TotalRateInclusive float64}} ---> depends on: {}
	 [8] exists bool ---> depends on: {}
	 [9] err .error ---> depends on: {}

[BLOCK, #7, IfThen] NODES = [*ast.AssignStmt, *ast.BinaryExpr]; SUCCS = [Block #9, Block #10]
	 [0] r (*hotelreservation.RateServiceImpl struct{rateCache Cache, rateDB NoSQLDatabase}) ---> depends on: {hotelreservation.RateServiceImpl struct{rateCache Cache, rateDB NoSQLDatabase}}
	 [1] ctx context.Context ---> depends on: {}
	 [2] hotelIDs []string ---> depends on: {}
	 [3] inDate string ---> depends on: {}
	 [4] outDate string ---> depends on: {}
	 [5] rate_plans []hotelreservation.RatePlan struct{HotelID string, Code string, InDate string, OutDate string, RType hotelreservation.RoomType struct{BookableRate float64, Code string, RoomDescription string, TotalRate float64, TotalRateInclusive float64}} ---> depends on: {}
	 [6] hotel_id string ---> depends on: {hotelIDs []string}
	 [7] hotel_rate_plans []hotelreservation.RatePlan struct{HotelID string, Code string, InDate string, OutDate string, RType hotelreservation.RoomType struct{BookableRate float64, Code string, RoomDescription string, TotalRate float64, TotalRateInclusive float64}} ---> depends on: {}
	 [8] exists bool ---> depends on: {}
	 [9] err .error ---> depends on: {}
	 [10] collection NoSQLCollection {database = rate-db, collection = inventory} ---> depends on: {}
	 [11] err2 .error ---> depends on: {}

[BLOCK, #9, IfThen] NODES = [*ast.ReturnStmt]; SUCCS = []
	 [0] r (*hotelreservation.RateServiceImpl struct{rateCache Cache, rateDB NoSQLDatabase}) ---> depends on: {hotelreservation.RateServiceImpl struct{rateCache Cache, rateDB NoSQLDatabase}}
	 [1] ctx context.Context ---> depends on: {}
	 [2] hotelIDs []string ---> depends on: {}
	 [3] inDate string ---> depends on: {}
	 [4] outDate string ---> depends on: {}
	 [5] rate_plans []hotelreservation.RatePlan struct{HotelID string, Code string, InDate string, OutDate string, RType hotelreservation.RoomType struct{BookableRate float64, Code string, RoomDescription string, TotalRate float64, TotalRateInclusive float64}} ---> depends on: {}
	 [6] hotel_id string ---> depends on: {hotelIDs []string}
	 [7] hotel_rate_plans []hotelreservation.RatePlan struct{HotelID string, Code string, InDate string, OutDate string, RType hotelreservation.RoomType struct{BookableRate float64, Code string, RoomDescription string, TotalRate float64, TotalRateInclusive float64}} ---> depends on: {}
	 [8] exists bool ---> depends on: {}
	 [9] err .error ---> depends on: {}
	 [10] collection NoSQLCollection {database = rate-db, collection = inventory} ---> depends on: {}
	 [11] err2 .error ---> depends on: {}

[BLOCK, #10, IfDone] NODES = [*ast.AssignStmt, *ast.AssignStmt, *ast.BinaryExpr]; SUCCS = [Block #12, Block #13]
	 [0] r (*hotelreservation.RateServiceImpl struct{rateCache Cache, rateDB NoSQLDatabase}) ---> depends on: {hotelreservation.RateServiceImpl struct{rateCache Cache, rateDB NoSQLDatabase}}
	 [1] ctx context.Context ---> depends on: {}
	 [2] hotelIDs []string ---> depends on: {}
	 [3] inDate string ---> depends on: {}
	 [4] outDate string ---> depends on: {}
	 [5] rate_plans []hotelreservation.RatePlan struct{HotelID string, Code string, InDate string, OutDate string, RType hotelreservation.RoomType struct{BookableRate float64, Code string, RoomDescription string, TotalRate float64, TotalRateInclusive float64}} ---> depends on: {}
	 [6] hotel_id string ---> depends on: {hotelIDs []string}
	 [7] hotel_rate_plans []hotelreservation.RatePlan struct{HotelID string, Code string, InDate string, OutDate string, RType hotelreservation.RoomType struct{BookableRate float64, Code string, RoomDescription string, TotalRate float64, TotalRateInclusive float64}} ---> depends on: {}
	 [8] exists bool ---> depends on: {}
	 [9] err .error ---> depends on: {}
	 [10] collection NoSQLCollection {database = rate-db, collection = inventory} ---> depends on: {}
	 [11] err2 .error ---> depends on: {}
	 [12] query primitive.D ---> depends on: {struct{ string,  "hotelid" string,  string}}
	 [13] rs NoSQLCursor {database = rate-db, collection = inventory} ---> depends on: {hotel_rate_plans []hotelreservation.RatePlan struct{HotelID string, Code string, InDate string, OutDate string, RType hotelreservation.RoomType struct{BookableRate float64, Code string, RoomDescription string, TotalRate float64, TotalRateInclusive float64}}}
	 [14] err .error ---> depends on: {}

[BLOCK, #12, IfThen] NODES = [*ast.ReturnStmt]; SUCCS = []
	 [0] r (*hotelreservation.RateServiceImpl struct{rateCache Cache, rateDB NoSQLDatabase}) ---> depends on: {hotelreservation.RateServiceImpl struct{rateCache Cache, rateDB NoSQLDatabase}}
	 [1] ctx context.Context ---> depends on: {}
	 [2] hotelIDs []string ---> depends on: {}
	 [3] inDate string ---> depends on: {}
	 [4] outDate string ---> depends on: {}
	 [5] rate_plans []hotelreservation.RatePlan struct{HotelID string, Code string, InDate string, OutDate string, RType hotelreservation.RoomType struct{BookableRate float64, Code string, RoomDescription string, TotalRate float64, TotalRateInclusive float64}} ---> depends on: {}
	 [6] hotel_id string ---> depends on: {hotelIDs []string}
	 [7] hotel_rate_plans []hotelreservation.RatePlan struct{HotelID string, Code string, InDate string, OutDate string, RType hotelreservation.RoomType struct{BookableRate float64, Code string, RoomDescription string, TotalRate float64, TotalRateInclusive float64}} ---> depends on: {}
	 [8] exists bool ---> depends on: {}
	 [9] err .error ---> depends on: {}
	 [10] collection NoSQLCollection {database = rate-db, collection = inventory} ---> depends on: {}
	 [11] err2 .error ---> depends on: {}
	 [12] query primitive.D ---> depends on: {struct{ string,  "hotelid" string,  string}}
	 [13] rs NoSQLCursor {database = rate-db, collection = inventory} ---> depends on: {hotel_rate_plans []hotelreservation.RatePlan struct{HotelID string, Code string, InDate string, OutDate string, RType hotelreservation.RoomType struct{BookableRate float64, Code string, RoomDescription string, TotalRate float64, TotalRateInclusive float64}}}
	 [14] err .error ---> depends on: {}

[BLOCK, #13, IfDone] NODES = [*ast.ExprStmt, *ast.AssignStmt]; SUCCS = [Block #8]
	 [0] r (*hotelreservation.RateServiceImpl struct{rateCache Cache, rateDB NoSQLDatabase}) ---> depends on: {hotelreservation.RateServiceImpl struct{rateCache Cache, rateDB NoSQLDatabase}}
	 [1] ctx context.Context ---> depends on: {}
	 [2] hotelIDs []string ---> depends on: {}
	 [3] inDate string ---> depends on: {}
	 [4] outDate string ---> depends on: {}
	 [5] rate_plans []hotelreservation.RatePlan struct{HotelID string, Code string, InDate string, OutDate string, RType hotelreservation.RoomType struct{BookableRate float64, Code string, RoomDescription string, TotalRate float64, TotalRateInclusive float64}} ---> depends on: {}
	 [6] hotel_id string ---> depends on: {hotelIDs []string}
	 [7] hotel_rate_plans []hotelreservation.RatePlan struct{HotelID string, Code string, InDate string, OutDate string, RType hotelreservation.RoomType struct{BookableRate float64, Code string, RoomDescription string, TotalRate float64, TotalRateInclusive float64}} ---> depends on: {}
	 [8] exists bool ---> depends on: {}
	 [9] err .error ---> depends on: {}
	 [10] collection NoSQLCollection {database = rate-db, collection = inventory} ---> depends on: {}
	 [11] err2 .error ---> depends on: {}
	 [12] query primitive.D ---> depends on: {struct{ string,  "hotelid" string,  string}}
	 [13] rs NoSQLCursor {database = rate-db, collection = inventory} ---> depends on: {hotel_rate_plans []hotelreservation.RatePlan struct{HotelID string, Code string, InDate string, OutDate string, RType hotelreservation.RoomType struct{BookableRate float64, Code string, RoomDescription string, TotalRate float64, TotalRateInclusive float64}}}
	 [14] err .error ---> depends on: {}
	 [15] err .error ---> depends on: {}

[BLOCK, #8, IfDone] NODES = [*ast.AssignStmt]; SUCCS = [Block #1]
	 [0] r (*hotelreservation.RateServiceImpl struct{rateCache Cache, rateDB NoSQLDatabase}) ---> depends on: {hotelreservation.RateServiceImpl struct{rateCache Cache, rateDB NoSQLDatabase}}
	 [1] ctx context.Context ---> depends on: {}
	 [2] hotelIDs []string ---> depends on: {}
	 [3] inDate string ---> depends on: {}
	 [4] outDate string ---> depends on: {}
	 [5] rate_plans []hotelreservation.RatePlan struct{HotelID string, Code string, InDate string, OutDate string, RType hotelreservation.RoomType struct{BookableRate float64, Code string, RoomDescription string, TotalRate float64, TotalRateInclusive float64}} ---> depends on: {}
	 [6] hotel_id string ---> depends on: {hotelIDs []string}
	 [7] hotel_rate_plans []hotelreservation.RatePlan struct{HotelID string, Code string, InDate string, OutDate string, RType hotelreservation.RoomType struct{BookableRate float64, Code string, RoomDescription string, TotalRate float64, TotalRateInclusive float64}} ---> depends on: {}
	 [8] exists bool ---> depends on: {}
	 [9] err .error ---> depends on: {}
	 [10] r (*hotelreservation.RateServiceImpl struct{rateCache Cache, rateDB NoSQLDatabase}) ---> depends on: {hotelreservation.RateServiceImpl struct{rateCache Cache, rateDB NoSQLDatabase}}
	 [11] ctx context.Context ---> depends on: {}
	 [12] hotelIDs []string ---> depends on: {}
	 [13] inDate string ---> depends on: {}
	 [14] outDate string ---> depends on: {}
	 [15] rate_plans []hotelreservation.RatePlan struct{HotelID string, Code string, InDate string, OutDate string, RType hotelreservation.RoomType struct{BookableRate float64, Code string, RoomDescription string, TotalRate float64, TotalRateInclusive float64}} ---> depends on: {}
	 [16] hotel_id string ---> depends on: {hotelIDs []string}
	 [17] hotel_rate_plans []hotelreservation.RatePlan struct{HotelID string, Code string, InDate string, OutDate string, RType hotelreservation.RoomType struct{BookableRate float64, Code string, RoomDescription string, TotalRate float64, TotalRateInclusive float64}} ---> depends on: {}
	 [18] exists bool ---> depends on: {}
	 [19] err .error ---> depends on: {}
	 [20] collection NoSQLCollection {database = rate-db, collection = inventory} ---> depends on: {}
	 [21] err2 .error ---> depends on: {}
	 [22] query primitive.D ---> depends on: {struct{ string,  "hotelid" string,  string}}
	 [23] rs NoSQLCursor {database = rate-db, collection = inventory} ---> depends on: {hotel_rate_plans []hotelreservation.RatePlan struct{HotelID string, Code string, InDate string, OutDate string, RType hotelreservation.RoomType struct{BookableRate float64, Code string, RoomDescription string, TotalRate float64, TotalRateInclusive float64}}}
	 [24] err .error ---> depends on: {}
	 [25] err .error ---> depends on: {}
	 [26] rate_plans []hotelreservation.RatePlan struct{HotelID string, Code string, InDate string, OutDate string, RType hotelreservation.RoomType struct{BookableRate float64, Code string, RoomDescription string, TotalRate float64, TotalRateInclusive float64}} ---> depends on: {}

[BLOCK, #3, RangeDone] NODES = [*ast.ReturnStmt]; SUCCS = []
	 [0] r (*hotelreservation.RateServiceImpl struct{rateCache Cache, rateDB NoSQLDatabase}) ---> depends on: {hotelreservation.RateServiceImpl struct{rateCache Cache, rateDB NoSQLDatabase}}
	 [1] ctx context.Context ---> depends on: {}
	 [2] hotelIDs []string ---> depends on: {}
	 [3] inDate string ---> depends on: {}
	 [4] outDate string ---> depends on: {}
	 [5] rate_plans []hotelreservation.RatePlan struct{HotelID string, Code string, InDate string, OutDate string, RType hotelreservation.RoomType struct{BookableRate float64, Code string, RoomDescription string, TotalRate float64, TotalRateInclusive float64}} ---> depends on: {}
	 [6] hotel_id string ---> depends on: {hotelIDs []string}
	 [7] hotel_rate_plans []hotelreservation.RatePlan struct{HotelID string, Code string, InDate string, OutDate string, RType hotelreservation.RoomType struct{BookableRate float64, Code string, RoomDescription string, TotalRate float64, TotalRateInclusive float64}} ---> depends on: {}
	 [8] exists bool ---> depends on: {}
	 [9] err .error ---> depends on: {}
	 [10] collection NoSQLCollection {database = rate-db, collection = inventory} ---> depends on: {}
	 [11] err2 .error ---> depends on: {}
	 [12] query primitive.D ---> depends on: {struct{ string,  "hotelid" string,  string}}
	 [13] rs NoSQLCursor {database = rate-db, collection = inventory} ---> depends on: {hotel_rate_plans []hotelreservation.RatePlan struct{HotelID string, Code string, InDate string, OutDate string, RType hotelreservation.RoomType struct{BookableRate float64, Code string, RoomDescription string, TotalRate float64, TotalRateInclusive float64}}}
	 [14] err .error ---> depends on: {}
	 [15] err .error ---> depends on: {}
	 [16] rate_plans []hotelreservation.RatePlan struct{HotelID string, Code string, InDate string, OutDate string, RType hotelreservation.RoomType struct{BookableRate float64, Code string, RoomDescription string, TotalRate float64, TotalRateInclusive float64}} ---> depends on: {}
	 [17] r (*hotelreservation.RateServiceImpl struct{rateCache Cache, rateDB NoSQLDatabase}) ---> depends on: {hotelreservation.RateServiceImpl struct{rateCache Cache, rateDB NoSQLDatabase}}
	 [18] ctx context.Context ---> depends on: {}
	 [19] hotelIDs []string ---> depends on: {}
	 [20] inDate string ---> depends on: {}
	 [21] outDate string ---> depends on: {}
	 [22] rate_plans []hotelreservation.RatePlan struct{HotelID string, Code string, InDate string, OutDate string, RType hotelreservation.RoomType struct{BookableRate float64, Code string, RoomDescription string, TotalRate float64, TotalRateInclusive float64}} ---> depends on: {}
	 [23] hotel_id string ---> depends on: {hotelIDs []string}

