[BLOCK, #0, Body] NODES = [*ast.ValueSpec, *ast.AssignStmt, *ast.BinaryExpr]; SUCCS = [Block #1, Block #2]
	 [0] s (*hotelreservation.SearchServiceImpl struct{geoService hotelreservation.GeoService, rateService hotelreservation.RateService}) ---> depends on: {hotelreservation.SearchServiceImpl struct{geoService hotelreservation.GeoService, rateService hotelreservation.RateService}}
	 [1] ctx context.Context ---> depends on: {}
	 [2] lat float64 ---> depends on: {}
	 [3] lon float64 ---> depends on: {}
	 [4] inDate string ---> depends on: {}
	 [5] outDate string ---> depends on: {}
	 [6] nearby_hotels []string ---> depends on: {HotelID string}
	 [7] nearby_hotel_ids []string ---> depends on: {}
	 [8] err .error ---> depends on: {}

[BLOCK, #1, IfThen] NODES = [*ast.ReturnStmt]; SUCCS = []
	 [0] s (*hotelreservation.SearchServiceImpl struct{geoService hotelreservation.GeoService, rateService hotelreservation.RateService}) ---> depends on: {hotelreservation.SearchServiceImpl struct{geoService hotelreservation.GeoService, rateService hotelreservation.RateService}}
	 [1] ctx context.Context ---> depends on: {}
	 [2] lat float64 ---> depends on: {}
	 [3] lon float64 ---> depends on: {}
	 [4] inDate string ---> depends on: {}
	 [5] outDate string ---> depends on: {}
	 [6] nearby_hotels []string ---> depends on: {HotelID string}
	 [7] nearby_hotel_ids []string ---> depends on: {}
	 [8] err .error ---> depends on: {}

[BLOCK, #2, IfDone] NODES = [*ast.AssignStmt, *ast.BinaryExpr]; SUCCS = [Block #4, Block #5]
	 [0] s (*hotelreservation.SearchServiceImpl struct{geoService hotelreservation.GeoService, rateService hotelreservation.RateService}) ---> depends on: {hotelreservation.SearchServiceImpl struct{geoService hotelreservation.GeoService, rateService hotelreservation.RateService}}
	 [1] ctx context.Context ---> depends on: {}
	 [2] lat float64 ---> depends on: {}
	 [3] lon float64 ---> depends on: {}
	 [4] inDate string ---> depends on: {}
	 [5] outDate string ---> depends on: {}
	 [6] nearby_hotels []string ---> depends on: {HotelID string}
	 [7] nearby_hotel_ids []string ---> depends on: {}
	 [8] err .error ---> depends on: {}
	 [9] rates []hotelreservation.RatePlan struct{HotelID string, Code string, InDate string, OutDate string, RType hotelreservation.RoomType struct{BookableRate float64, Code string, RoomDescription string, TotalRate float64, TotalRateInclusive float64}} ---> depends on: {}
	 [10] err .error ---> depends on: {}

[BLOCK, #4, IfThen] NODES = [*ast.ReturnStmt]; SUCCS = []
	 [0] s (*hotelreservation.SearchServiceImpl struct{geoService hotelreservation.GeoService, rateService hotelreservation.RateService}) ---> depends on: {hotelreservation.SearchServiceImpl struct{geoService hotelreservation.GeoService, rateService hotelreservation.RateService}}
	 [1] ctx context.Context ---> depends on: {}
	 [2] lat float64 ---> depends on: {}
	 [3] lon float64 ---> depends on: {}
	 [4] inDate string ---> depends on: {}
	 [5] outDate string ---> depends on: {}
	 [6] nearby_hotels []string ---> depends on: {HotelID string}
	 [7] nearby_hotel_ids []string ---> depends on: {}
	 [8] err .error ---> depends on: {}
	 [9] rates []hotelreservation.RatePlan struct{HotelID string, Code string, InDate string, OutDate string, RType hotelreservation.RoomType struct{BookableRate float64, Code string, RoomDescription string, TotalRate float64, TotalRateInclusive float64}} ---> depends on: {}
	 [10] err .error ---> depends on: {}

[BLOCK, #5, IfDone] NODES = [*ast.Ident, *ast.Ident, *ast.Ident]; SUCCS = [Block #7]
	 [0] s (*hotelreservation.SearchServiceImpl struct{geoService hotelreservation.GeoService, rateService hotelreservation.RateService}) ---> depends on: {hotelreservation.SearchServiceImpl struct{geoService hotelreservation.GeoService, rateService hotelreservation.RateService}}
	 [1] ctx context.Context ---> depends on: {}
	 [2] lat float64 ---> depends on: {}
	 [3] lon float64 ---> depends on: {}
	 [4] inDate string ---> depends on: {}
	 [5] outDate string ---> depends on: {}
	 [6] nearby_hotels []string ---> depends on: {HotelID string}
	 [7] nearby_hotel_ids []string ---> depends on: {}
	 [8] err .error ---> depends on: {}
	 [9] rates []hotelreservation.RatePlan struct{HotelID string, Code string, InDate string, OutDate string, RType hotelreservation.RoomType struct{BookableRate float64, Code string, RoomDescription string, TotalRate float64, TotalRateInclusive float64}} ---> depends on: {}
	 [10] err .error ---> depends on: {}
	 [11] rate hotelreservation.RatePlan struct{HotelID string, Code string, InDate string, OutDate string, RType hotelreservation.RoomType struct{BookableRate float64, Code string, RoomDescription string, TotalRate float64, TotalRateInclusive float64}} ---> depends on: {rates []hotelreservation.RatePlan struct{HotelID string, Code string, InDate string, OutDate string, RType hotelreservation.RoomType struct{BookableRate float64, Code string, RoomDescription string, TotalRate float64, TotalRateInclusive float64}}, HotelID string}

[BLOCK, #7, RangeLoop] NODES = []; SUCCS = [Block #8, Block #9]
	 [0] s (*hotelreservation.SearchServiceImpl struct{geoService hotelreservation.GeoService, rateService hotelreservation.RateService}) ---> depends on: {hotelreservation.SearchServiceImpl struct{geoService hotelreservation.GeoService, rateService hotelreservation.RateService}}
	 [1] ctx context.Context ---> depends on: {}
	 [2] lat float64 ---> depends on: {}
	 [3] lon float64 ---> depends on: {}
	 [4] inDate string ---> depends on: {}
	 [5] outDate string ---> depends on: {}
	 [6] nearby_hotels []string ---> depends on: {HotelID string}
	 [7] nearby_hotel_ids []string ---> depends on: {}
	 [8] err .error ---> depends on: {}
	 [9] rates []hotelreservation.RatePlan struct{HotelID string, Code string, InDate string, OutDate string, RType hotelreservation.RoomType struct{BookableRate float64, Code string, RoomDescription string, TotalRate float64, TotalRateInclusive float64}} ---> depends on: {}
	 [10] err .error ---> depends on: {}
	 [11] rate hotelreservation.RatePlan struct{HotelID string, Code string, InDate string, OutDate string, RType hotelreservation.RoomType struct{BookableRate float64, Code string, RoomDescription string, TotalRate float64, TotalRateInclusive float64}} ---> depends on: {rates []hotelreservation.RatePlan struct{HotelID string, Code string, InDate string, OutDate string, RType hotelreservation.RoomType struct{BookableRate float64, Code string, RoomDescription string, TotalRate float64, TotalRateInclusive float64}}, HotelID string}
	 [12] nearby_hotels []string ---> depends on: {HotelID string}
	 [13] s (*hotelreservation.SearchServiceImpl struct{geoService hotelreservation.GeoService, rateService hotelreservation.RateService}) ---> depends on: {hotelreservation.SearchServiceImpl struct{geoService hotelreservation.GeoService, rateService hotelreservation.RateService}}
	 [14] ctx context.Context ---> depends on: {}
	 [15] lat float64 ---> depends on: {}
	 [16] lon float64 ---> depends on: {}
	 [17] inDate string ---> depends on: {}
	 [18] outDate string ---> depends on: {}
	 [19] nearby_hotels []string ---> depends on: {HotelID string}
	 [20] nearby_hotel_ids []string ---> depends on: {}
	 [21] err .error ---> depends on: {}
	 [22] rates []hotelreservation.RatePlan struct{HotelID string, Code string, InDate string, OutDate string, RType hotelreservation.RoomType struct{BookableRate float64, Code string, RoomDescription string, TotalRate float64, TotalRateInclusive float64}} ---> depends on: {}
	 [23] err .error ---> depends on: {}
	 [24] rate hotelreservation.RatePlan struct{HotelID string, Code string, InDate string, OutDate string, RType hotelreservation.RoomType struct{BookableRate float64, Code string, RoomDescription string, TotalRate float64, TotalRateInclusive float64}} ---> depends on: {rates []hotelreservation.RatePlan struct{HotelID string, Code string, InDate string, OutDate string, RType hotelreservation.RoomType struct{BookableRate float64, Code string, RoomDescription string, TotalRate float64, TotalRateInclusive float64}}, HotelID string}

[BLOCK, #8, RangeBody] NODES = [*ast.AssignStmt]; SUCCS = [Block #7]
	 [0] s (*hotelreservation.SearchServiceImpl struct{geoService hotelreservation.GeoService, rateService hotelreservation.RateService}) ---> depends on: {hotelreservation.SearchServiceImpl struct{geoService hotelreservation.GeoService, rateService hotelreservation.RateService}}
	 [1] ctx context.Context ---> depends on: {}
	 [2] lat float64 ---> depends on: {}
	 [3] lon float64 ---> depends on: {}
	 [4] inDate string ---> depends on: {}
	 [5] outDate string ---> depends on: {}
	 [6] nearby_hotels []string ---> depends on: {HotelID string}
	 [7] nearby_hotel_ids []string ---> depends on: {}
	 [8] err .error ---> depends on: {}
	 [9] rates []hotelreservation.RatePlan struct{HotelID string, Code string, InDate string, OutDate string, RType hotelreservation.RoomType struct{BookableRate float64, Code string, RoomDescription string, TotalRate float64, TotalRateInclusive float64}} ---> depends on: {}
	 [10] err .error ---> depends on: {}
	 [11] rate hotelreservation.RatePlan struct{HotelID string, Code string, InDate string, OutDate string, RType hotelreservation.RoomType struct{BookableRate float64, Code string, RoomDescription string, TotalRate float64, TotalRateInclusive float64}} ---> depends on: {rates []hotelreservation.RatePlan struct{HotelID string, Code string, InDate string, OutDate string, RType hotelreservation.RoomType struct{BookableRate float64, Code string, RoomDescription string, TotalRate float64, TotalRateInclusive float64}}, HotelID string}
	 [12] nearby_hotels []string ---> depends on: {HotelID string}

[BLOCK, #9, RangeDone] NODES = [*ast.ReturnStmt]; SUCCS = []
	 [0] s (*hotelreservation.SearchServiceImpl struct{geoService hotelreservation.GeoService, rateService hotelreservation.RateService}) ---> depends on: {hotelreservation.SearchServiceImpl struct{geoService hotelreservation.GeoService, rateService hotelreservation.RateService}}
	 [1] ctx context.Context ---> depends on: {}
	 [2] lat float64 ---> depends on: {}
	 [3] lon float64 ---> depends on: {}
	 [4] inDate string ---> depends on: {}
	 [5] outDate string ---> depends on: {}
	 [6] nearby_hotels []string ---> depends on: {HotelID string}
	 [7] nearby_hotel_ids []string ---> depends on: {}
	 [8] err .error ---> depends on: {}
	 [9] rates []hotelreservation.RatePlan struct{HotelID string, Code string, InDate string, OutDate string, RType hotelreservation.RoomType struct{BookableRate float64, Code string, RoomDescription string, TotalRate float64, TotalRateInclusive float64}} ---> depends on: {}
	 [10] err .error ---> depends on: {}
	 [11] rate hotelreservation.RatePlan struct{HotelID string, Code string, InDate string, OutDate string, RType hotelreservation.RoomType struct{BookableRate float64, Code string, RoomDescription string, TotalRate float64, TotalRateInclusive float64}} ---> depends on: {rates []hotelreservation.RatePlan struct{HotelID string, Code string, InDate string, OutDate string, RType hotelreservation.RoomType struct{BookableRate float64, Code string, RoomDescription string, TotalRate float64, TotalRateInclusive float64}}, HotelID string}
	 [12] nearby_hotels []string ---> depends on: {HotelID string}
	 [13] s (*hotelreservation.SearchServiceImpl struct{geoService hotelreservation.GeoService, rateService hotelreservation.RateService}) ---> depends on: {hotelreservation.SearchServiceImpl struct{geoService hotelreservation.GeoService, rateService hotelreservation.RateService}}
	 [14] ctx context.Context ---> depends on: {}
	 [15] lat float64 ---> depends on: {}
	 [16] lon float64 ---> depends on: {}
	 [17] inDate string ---> depends on: {}
	 [18] outDate string ---> depends on: {}
	 [19] nearby_hotels []string ---> depends on: {HotelID string}
	 [20] nearby_hotel_ids []string ---> depends on: {}
	 [21] err .error ---> depends on: {}
	 [22] rates []hotelreservation.RatePlan struct{HotelID string, Code string, InDate string, OutDate string, RType hotelreservation.RoomType struct{BookableRate float64, Code string, RoomDescription string, TotalRate float64, TotalRateInclusive float64}} ---> depends on: {}
	 [23] err .error ---> depends on: {}
	 [24] rate hotelreservation.RatePlan struct{HotelID string, Code string, InDate string, OutDate string, RType hotelreservation.RoomType struct{BookableRate float64, Code string, RoomDescription string, TotalRate float64, TotalRateInclusive float64}} ---> depends on: {rates []hotelreservation.RatePlan struct{HotelID string, Code string, InDate string, OutDate string, RType hotelreservation.RoomType struct{BookableRate float64, Code string, RoomDescription string, TotalRate float64, TotalRateInclusive float64}}, HotelID string}

