[BLOCK, #0, Body] NODES = [*ast.AssignStmt, *ast.BinaryExpr]; SUCCS = [Block #1, Block #2]
	 [0] c (*contacts.ContactsServiceImpl struct{contactsDB NoSQLDatabase}) ---> depends on: {contacts.ContactsServiceImpl struct{contactsDB NoSQLDatabase}}
	 [1] ctx context.Context ---> depends on: {}
	 [2] contact contacts.Contact struct{ID string, AccountID string, Name string, DocumentType int, DocumentNumber string, PhoneNumber string} ---> depends on: {AccountID string, DocumentNumber string, DocumentType int}
	 [3] userID string ---> depends on: {}
	 [4] coll NoSQLCollection {database = contacts, collection = contacts} ---> depends on: {}
	 [5] err .error ---> depends on: {}

[BLOCK, #1, IfThen] NODES = [*ast.ReturnStmt]; SUCCS = []
	 [0] c (*contacts.ContactsServiceImpl struct{contactsDB NoSQLDatabase}) ---> depends on: {contacts.ContactsServiceImpl struct{contactsDB NoSQLDatabase}}
	 [1] ctx context.Context ---> depends on: {}
	 [2] contact contacts.Contact struct{ID string, AccountID string, Name string, DocumentType int, DocumentNumber string, PhoneNumber string} ---> depends on: {AccountID string, DocumentNumber string, DocumentType int}
	 [3] userID string ---> depends on: {}
	 [4] coll NoSQLCollection {database = contacts, collection = contacts} ---> depends on: {}
	 [5] err .error ---> depends on: {}

[BLOCK, #2, IfDone] NODES = [*ast.AssignStmt, *ast.AssignStmt, *ast.BinaryExpr]; SUCCS = [Block #4, Block #5]
	 [0] c (*contacts.ContactsServiceImpl struct{contactsDB NoSQLDatabase}) ---> depends on: {contacts.ContactsServiceImpl struct{contactsDB NoSQLDatabase}}
	 [1] ctx context.Context ---> depends on: {}
	 [2] contact contacts.Contact struct{ID string, AccountID string, Name string, DocumentType int, DocumentNumber string, PhoneNumber string} ---> depends on: {AccountID string, DocumentNumber string, DocumentType int}
	 [3] userID string ---> depends on: {}
	 [4] coll NoSQLCollection {database = contacts, collection = contacts} ---> depends on: {}
	 [5] err .error ---> depends on: {}
	 [6] query primitive.D ---> depends on: {struct{ string,  "accountid" string,  string}, struct{ string,  "documentnumber" string,  string}, struct{ int,  "documenttype" string,  int}}
	 [7] res NoSQLCursor {database = contacts, collection = contacts} ---> depends on: {}
	 [8] err .error ---> depends on: {}

[BLOCK, #4, IfThen] NODES = [*ast.ReturnStmt]; SUCCS = []
	 [0] c (*contacts.ContactsServiceImpl struct{contactsDB NoSQLDatabase}) ---> depends on: {contacts.ContactsServiceImpl struct{contactsDB NoSQLDatabase}}
	 [1] ctx context.Context ---> depends on: {}
	 [2] contact contacts.Contact struct{ID string, AccountID string, Name string, DocumentType int, DocumentNumber string, PhoneNumber string} ---> depends on: {AccountID string, DocumentNumber string, DocumentType int}
	 [3] userID string ---> depends on: {}
	 [4] coll NoSQLCollection {database = contacts, collection = contacts} ---> depends on: {}
	 [5] err .error ---> depends on: {}
	 [6] query primitive.D ---> depends on: {struct{ string,  "accountid" string,  string}, struct{ string,  "documentnumber" string,  string}, struct{ int,  "documenttype" string,  int}}
	 [7] res NoSQLCursor {database = contacts, collection = contacts} ---> depends on: {}
	 [8] err .error ---> depends on: {}

[BLOCK, #5, IfDone] NODES = [*ast.ValueSpec, *ast.AssignStmt, *ast.Ident]; SUCCS = [Block #7, Block #8]
	 [0] c (*contacts.ContactsServiceImpl struct{contactsDB NoSQLDatabase}) ---> depends on: {contacts.ContactsServiceImpl struct{contactsDB NoSQLDatabase}}
	 [1] ctx context.Context ---> depends on: {}
	 [2] contact contacts.Contact struct{ID string, AccountID string, Name string, DocumentType int, DocumentNumber string, PhoneNumber string} ---> depends on: {AccountID string, DocumentNumber string, DocumentType int}
	 [3] userID string ---> depends on: {}
	 [4] coll NoSQLCollection {database = contacts, collection = contacts} ---> depends on: {}
	 [5] err .error ---> depends on: {}
	 [6] query primitive.D ---> depends on: {struct{ string,  "accountid" string,  string}, struct{ string,  "documentnumber" string,  string}, struct{ int,  "documenttype" string,  int}}
	 [7] res NoSQLCursor {database = contacts, collection = contacts} ---> depends on: {}
	 [8] err .error ---> depends on: {}
	 [9] existing contacts.Contact struct{ID string, AccountID string, Name string, DocumentType int, DocumentNumber string, PhoneNumber string} ---> depends on: {}
	 [10] exists bool ---> depends on: {}
	 [11] err .error ---> depends on: {}

[BLOCK, #7, IfThen] NODES = [*ast.ReturnStmt]; SUCCS = []
	 [0] c (*contacts.ContactsServiceImpl struct{contactsDB NoSQLDatabase}) ---> depends on: {contacts.ContactsServiceImpl struct{contactsDB NoSQLDatabase}}
	 [1] ctx context.Context ---> depends on: {}
	 [2] contact contacts.Contact struct{ID string, AccountID string, Name string, DocumentType int, DocumentNumber string, PhoneNumber string} ---> depends on: {AccountID string, DocumentNumber string, DocumentType int}
	 [3] userID string ---> depends on: {}
	 [4] coll NoSQLCollection {database = contacts, collection = contacts} ---> depends on: {}
	 [5] err .error ---> depends on: {}
	 [6] query primitive.D ---> depends on: {struct{ string,  "accountid" string,  string}, struct{ string,  "documentnumber" string,  string}, struct{ int,  "documenttype" string,  int}}
	 [7] res NoSQLCursor {database = contacts, collection = contacts} ---> depends on: {}
	 [8] err .error ---> depends on: {}
	 [9] existing contacts.Contact struct{ID string, AccountID string, Name string, DocumentType int, DocumentNumber string, PhoneNumber string} ---> depends on: {}
	 [10] exists bool ---> depends on: {}
	 [11] err .error ---> depends on: {}

[BLOCK, #8, IfDone] NODES = [*ast.BinaryExpr]; SUCCS = [Block #10, Block #11]
	 [0] c (*contacts.ContactsServiceImpl struct{contactsDB NoSQLDatabase}) ---> depends on: {contacts.ContactsServiceImpl struct{contactsDB NoSQLDatabase}}
	 [1] ctx context.Context ---> depends on: {}
	 [2] contact contacts.Contact struct{ID string, AccountID string, Name string, DocumentType int, DocumentNumber string, PhoneNumber string} ---> depends on: {AccountID string, DocumentNumber string, DocumentType int}
	 [3] userID string ---> depends on: {}
	 [4] coll NoSQLCollection {database = contacts, collection = contacts} ---> depends on: {}
	 [5] err .error ---> depends on: {}
	 [6] query primitive.D ---> depends on: {struct{ string,  "accountid" string,  string}, struct{ string,  "documentnumber" string,  string}, struct{ int,  "documenttype" string,  int}}
	 [7] res NoSQLCursor {database = contacts, collection = contacts} ---> depends on: {}
	 [8] err .error ---> depends on: {}
	 [9] existing contacts.Contact struct{ID string, AccountID string, Name string, DocumentType int, DocumentNumber string, PhoneNumber string} ---> depends on: {}
	 [10] exists bool ---> depends on: {}
	 [11] err .error ---> depends on: {}

[BLOCK, #10, IfThen] NODES = [*ast.ReturnStmt]; SUCCS = []
	 [0] c (*contacts.ContactsServiceImpl struct{contactsDB NoSQLDatabase}) ---> depends on: {contacts.ContactsServiceImpl struct{contactsDB NoSQLDatabase}}
	 [1] ctx context.Context ---> depends on: {}
	 [2] contact contacts.Contact struct{ID string, AccountID string, Name string, DocumentType int, DocumentNumber string, PhoneNumber string} ---> depends on: {AccountID string, DocumentNumber string, DocumentType int}
	 [3] userID string ---> depends on: {}
	 [4] coll NoSQLCollection {database = contacts, collection = contacts} ---> depends on: {}
	 [5] err .error ---> depends on: {}
	 [6] query primitive.D ---> depends on: {struct{ string,  "accountid" string,  string}, struct{ string,  "documentnumber" string,  string}, struct{ int,  "documenttype" string,  int}}
	 [7] res NoSQLCursor {database = contacts, collection = contacts} ---> depends on: {}
	 [8] err .error ---> depends on: {}
	 [9] existing contacts.Contact struct{ID string, AccountID string, Name string, DocumentType int, DocumentNumber string, PhoneNumber string} ---> depends on: {}
	 [10] exists bool ---> depends on: {}
	 [11] err .error ---> depends on: {}

[BLOCK, #11, IfDone] NODES = [*ast.AssignStmt, *ast.ReturnStmt]; SUCCS = []
	 [0] c (*contacts.ContactsServiceImpl struct{contactsDB NoSQLDatabase}) ---> depends on: {contacts.ContactsServiceImpl struct{contactsDB NoSQLDatabase}}
	 [1] ctx context.Context ---> depends on: {}
	 [2] contact contacts.Contact struct{ID string, AccountID string, Name string, DocumentType int, DocumentNumber string, PhoneNumber string} ---> depends on: {AccountID string, DocumentNumber string, DocumentType int}
	 [3] userID string ---> depends on: {}
	 [4] coll NoSQLCollection {database = contacts, collection = contacts} ---> depends on: {}
	 [5] err .error ---> depends on: {}
	 [6] query primitive.D ---> depends on: {struct{ string,  "accountid" string,  string}, struct{ string,  "documentnumber" string,  string}, struct{ int,  "documenttype" string,  int}}
	 [7] res NoSQLCursor {database = contacts, collection = contacts} ---> depends on: {}
	 [8] err .error ---> depends on: {}
	 [9] existing contacts.Contact struct{ID string, AccountID string, Name string, DocumentType int, DocumentNumber string, PhoneNumber string} ---> depends on: {}
	 [10] exists bool ---> depends on: {}
	 [11] err .error ---> depends on: {}

