[BLOCK, #0, Body] NODES = [*ast.ValueSpec, *ast.ExprStmt, *ast.ValueSpec, *ast.ValueSpec, *ast.ValueSpec, *ast.GoStmt, *ast.GoStmt, *ast.GoStmt, *ast.GoStmt, *ast.ExprStmt, *ast.AssignStmt, *ast.ExprStmt, *ast.AssignStmt, *ast.AssignStmt, *ast.BinaryExpr]; SUCCS = [Block #1, Block #2]
	 [0] s (*order.orderImpl struct{users user.UserService, carts cart.CartService, payments payment.PaymentService, shipping shipping.ShippingService, db NoSQLDatabase}) ---> depends on: {order.orderImpl struct{users user.UserService, carts cart.CartService, payments payment.PaymentService, shipping shipping.ShippingService, db NoSQLDatabase}}
	 [1] ctx context.Context ---> depends on: {}
	 [2] customerID string ---> depends on: {}
	 [3] addressID string ---> depends on: {}
	 [4] cardID string ---> depends on: {}
	 [5] cartID string ---> depends on: {}
	 [6] wg sync.WaitGroup ---> depends on: {}
	 [7] items []cart.Item struct{ID string, Quantity int, UnitPrice float32} ---> depends on: {}
	 [8] addresses []user.Address struct{Street string, Number string, Country string, City string, PostCode string, ID string} ---> depends on: {}
	 [9] cards []user.Card struct{LongNum string, Expires string, CCV string, ID string} ---> depends on: {}
	 [10] amount 10 float32 ---> depends on: {}
	 [11] shipment shipping.Shipment struct{ID string, Name string, Status "awaiting shipment" string} ---> depends on: {ID string, Name string, Status "awaiting shipment" string}
	 [12] shipment shipping.Shipment struct{ID string, Name string, Status "awaiting shipment" string} ---> depends on: {ID string}
	 [13] err .error ---> depends on: {}

[BLOCK, #1, IfThen] NODES = [*ast.ReturnStmt]; SUCCS = []
	 [0] s (*order.orderImpl struct{users user.UserService, carts cart.CartService, payments payment.PaymentService, shipping shipping.ShippingService, db NoSQLDatabase}) ---> depends on: {order.orderImpl struct{users user.UserService, carts cart.CartService, payments payment.PaymentService, shipping shipping.ShippingService, db NoSQLDatabase}}
	 [1] ctx context.Context ---> depends on: {}
	 [2] customerID string ---> depends on: {}
	 [3] addressID string ---> depends on: {}
	 [4] cardID string ---> depends on: {}
	 [5] cartID string ---> depends on: {}
	 [6] wg sync.WaitGroup ---> depends on: {}
	 [7] items []cart.Item struct{ID string, Quantity int, UnitPrice float32} ---> depends on: {}
	 [8] addresses []user.Address struct{Street string, Number string, Country string, City string, PostCode string, ID string} ---> depends on: {}
	 [9] cards []user.Card struct{LongNum string, Expires string, CCV string, ID string} ---> depends on: {}
	 [10] amount 10 float32 ---> depends on: {}
	 [11] shipment shipping.Shipment struct{ID string, Name string, Status "awaiting shipment" string} ---> depends on: {ID string, Name string, Status "awaiting shipment" string}
	 [12] shipment shipping.Shipment struct{ID string, Name string, Status "awaiting shipment" string} ---> depends on: {ID string}
	 [13] err .error ---> depends on: {}

[BLOCK, #2, IfDone] NODES = [*ast.AssignStmt, *ast.AssignStmt, *ast.AssignStmt, *ast.BinaryExpr]; SUCCS = [Block #4, Block #5]
	 [0] s (*order.orderImpl struct{users user.UserService, carts cart.CartService, payments payment.PaymentService, shipping shipping.ShippingService, db NoSQLDatabase}) ---> depends on: {order.orderImpl struct{users user.UserService, carts cart.CartService, payments payment.PaymentService, shipping shipping.ShippingService, db NoSQLDatabase}}
	 [1] ctx context.Context ---> depends on: {}
	 [2] customerID string ---> depends on: {}
	 [3] addressID string ---> depends on: {}
	 [4] cardID string ---> depends on: {}
	 [5] cartID string ---> depends on: {}
	 [6] wg sync.WaitGroup ---> depends on: {}
	 [7] items []cart.Item struct{ID string, Quantity int, UnitPrice float32} ---> depends on: {}
	 [8] addresses []user.Address struct{Street string, Number string, Country string, City string, PostCode string, ID string} ---> depends on: {}
	 [9] cards []user.Card struct{LongNum string, Expires string, CCV string, ID string} ---> depends on: {}
	 [10] amount 10 float32 ---> depends on: {}
	 [11] shipment shipping.Shipment struct{ID string, Name string, Status "awaiting shipment" string} ---> depends on: {ID string, Name string, Status "awaiting shipment" string}
	 [12] shipment shipping.Shipment struct{ID string, Name string, Status "awaiting shipment" string} ---> depends on: {ID string}
	 [13] err .error ---> depends on: {}
	 [14] order order.Order struct{ID string, CustomerID string, Customer user.User struct{FirstName string, LastName string, Email string, Username string, Password string, Addresses user.Address struct{Street string, Number string, Country string, City string, PostCode string, ID string}, Cards user.Card struct{LongNum string, Expires string, CCV string, ID string}, UserID string, Salt string}, Address user.Address struct{Street string, Number string, Country string, City string, PostCode string, ID string}, Card user.Card struct{LongNum string, Expires string, CCV string, ID string}, Items []cart.Item struct{ID string, Quantity int, UnitPrice float32}, Shipment shipping.Shipment struct{ID string, Name string, Status "awaiting shipment" string}, Date string, Total 10 float32} ---> depends on: {Address user.Address struct{Street string, Number string, Country string, City string, PostCode string, ID string}, Card user.Card struct{LongNum string, Expires string, CCV string, ID string}, CustomerID string, Date string, ID string, Items []cart.Item struct{ID string, Quantity int, UnitPrice float32}, Shipment shipping.Shipment struct{ID string, Name string, Status "awaiting shipment" string}, Total 10 float32}
	 [15] collection NoSQLCollection {database = order_service, collection = orders} ---> depends on: {}
	 [16] _ .error ---> depends on: {}
	 [17] err .error ---> depends on: {}

[BLOCK, #4, IfThen] NODES = [*ast.ReturnStmt]; SUCCS = []
	 [0] s (*order.orderImpl struct{users user.UserService, carts cart.CartService, payments payment.PaymentService, shipping shipping.ShippingService, db NoSQLDatabase}) ---> depends on: {order.orderImpl struct{users user.UserService, carts cart.CartService, payments payment.PaymentService, shipping shipping.ShippingService, db NoSQLDatabase}}
	 [1] ctx context.Context ---> depends on: {}
	 [2] customerID string ---> depends on: {}
	 [3] addressID string ---> depends on: {}
	 [4] cardID string ---> depends on: {}
	 [5] cartID string ---> depends on: {}
	 [6] wg sync.WaitGroup ---> depends on: {}
	 [7] items []cart.Item struct{ID string, Quantity int, UnitPrice float32} ---> depends on: {}
	 [8] addresses []user.Address struct{Street string, Number string, Country string, City string, PostCode string, ID string} ---> depends on: {}
	 [9] cards []user.Card struct{LongNum string, Expires string, CCV string, ID string} ---> depends on: {}
	 [10] amount 10 float32 ---> depends on: {}
	 [11] shipment shipping.Shipment struct{ID string, Name string, Status "awaiting shipment" string} ---> depends on: {ID string, Name string, Status "awaiting shipment" string}
	 [12] shipment shipping.Shipment struct{ID string, Name string, Status "awaiting shipment" string} ---> depends on: {ID string}
	 [13] err .error ---> depends on: {}
	 [14] order order.Order struct{ID string, CustomerID string, Customer user.User struct{FirstName string, LastName string, Email string, Username string, Password string, Addresses user.Address struct{Street string, Number string, Country string, City string, PostCode string, ID string}, Cards user.Card struct{LongNum string, Expires string, CCV string, ID string}, UserID string, Salt string}, Address user.Address struct{Street string, Number string, Country string, City string, PostCode string, ID string}, Card user.Card struct{LongNum string, Expires string, CCV string, ID string}, Items []cart.Item struct{ID string, Quantity int, UnitPrice float32}, Shipment shipping.Shipment struct{ID string, Name string, Status "awaiting shipment" string}, Date string, Total 10 float32} ---> depends on: {Address user.Address struct{Street string, Number string, Country string, City string, PostCode string, ID string}, Card user.Card struct{LongNum string, Expires string, CCV string, ID string}, CustomerID string, Date string, ID string, Items []cart.Item struct{ID string, Quantity int, UnitPrice float32}, Shipment shipping.Shipment struct{ID string, Name string, Status "awaiting shipment" string}, Total 10 float32}
	 [15] collection NoSQLCollection {database = order_service, collection = orders} ---> depends on: {}
	 [16] _ .error ---> depends on: {}
	 [17] err .error ---> depends on: {}

[BLOCK, #5, IfDone] NODES = [*ast.ReturnStmt]; SUCCS = []
	 [0] s (*order.orderImpl struct{users user.UserService, carts cart.CartService, payments payment.PaymentService, shipping shipping.ShippingService, db NoSQLDatabase}) ---> depends on: {order.orderImpl struct{users user.UserService, carts cart.CartService, payments payment.PaymentService, shipping shipping.ShippingService, db NoSQLDatabase}}
	 [1] ctx context.Context ---> depends on: {}
	 [2] customerID string ---> depends on: {}
	 [3] addressID string ---> depends on: {}
	 [4] cardID string ---> depends on: {}
	 [5] cartID string ---> depends on: {}
	 [6] wg sync.WaitGroup ---> depends on: {}
	 [7] items []cart.Item struct{ID string, Quantity int, UnitPrice float32} ---> depends on: {}
	 [8] addresses []user.Address struct{Street string, Number string, Country string, City string, PostCode string, ID string} ---> depends on: {}
	 [9] cards []user.Card struct{LongNum string, Expires string, CCV string, ID string} ---> depends on: {}
	 [10] amount 10 float32 ---> depends on: {}
	 [11] shipment shipping.Shipment struct{ID string, Name string, Status "awaiting shipment" string} ---> depends on: {ID string, Name string, Status "awaiting shipment" string}
	 [12] shipment shipping.Shipment struct{ID string, Name string, Status "awaiting shipment" string} ---> depends on: {ID string}
	 [13] err .error ---> depends on: {}
	 [14] order order.Order struct{ID string, CustomerID string, Customer user.User struct{FirstName string, LastName string, Email string, Username string, Password string, Addresses user.Address struct{Street string, Number string, Country string, City string, PostCode string, ID string}, Cards user.Card struct{LongNum string, Expires string, CCV string, ID string}, UserID string, Salt string}, Address user.Address struct{Street string, Number string, Country string, City string, PostCode string, ID string}, Card user.Card struct{LongNum string, Expires string, CCV string, ID string}, Items []cart.Item struct{ID string, Quantity int, UnitPrice float32}, Shipment shipping.Shipment struct{ID string, Name string, Status "awaiting shipment" string}, Date string, Total 10 float32} ---> depends on: {Address user.Address struct{Street string, Number string, Country string, City string, PostCode string, ID string}, Card user.Card struct{LongNum string, Expires string, CCV string, ID string}, CustomerID string, Date string, ID string, Items []cart.Item struct{ID string, Quantity int, UnitPrice float32}, Shipment shipping.Shipment struct{ID string, Name string, Status "awaiting shipment" string}, Total 10 float32}
	 [15] collection NoSQLCollection {database = order_service, collection = orders} ---> depends on: {}
	 [16] _ .error ---> depends on: {}
	 [17] err .error ---> depends on: {}

