[BLOCK, #0, Body] NODES = [*ast.AssignStmt, *ast.AssignStmt, *ast.BinaryExpr]; SUCCS = [Block #1, Block #2]
	 [0] s (*shipping.shippingImpl struct{q Queue, db NoSQLDatabase}) ---> depends on: {shipping.shippingImpl struct{q Queue, db NoSQLDatabase}}
	 [1] ctx context.Context ---> depends on: {}
	 [2] id string ---> depends on: {}
	 [3] collection NoSQLCollection {database = shipping_service, collection = shipments} ---> depends on: {}
	 [4] _ .error ---> depends on: {}
	 [5] cursor NoSQLCursor {database = shipping_service, collection = shipments} ---> depends on: {shipment shipping.Shipment struct{ID string, Name string, Status string}}
	 [6] err .error ---> depends on: {}

[BLOCK, #1, IfThen] NODES = [*ast.ReturnStmt]; SUCCS = []
	 [0] s (*shipping.shippingImpl struct{q Queue, db NoSQLDatabase}) ---> depends on: {shipping.shippingImpl struct{q Queue, db NoSQLDatabase}}
	 [1] ctx context.Context ---> depends on: {}
	 [2] id string ---> depends on: {}
	 [3] collection NoSQLCollection {database = shipping_service, collection = shipments} ---> depends on: {}
	 [4] _ .error ---> depends on: {}
	 [5] cursor NoSQLCursor {database = shipping_service, collection = shipments} ---> depends on: {shipment shipping.Shipment struct{ID string, Name string, Status string}}
	 [6] err .error ---> depends on: {}

[BLOCK, #2, IfDone] NODES = [*ast.ValueSpec, *ast.ExprStmt, *ast.ReturnStmt]; SUCCS = []
	 [0] s (*shipping.shippingImpl struct{q Queue, db NoSQLDatabase}) ---> depends on: {shipping.shippingImpl struct{q Queue, db NoSQLDatabase}}
	 [1] ctx context.Context ---> depends on: {}
	 [2] id string ---> depends on: {}
	 [3] collection NoSQLCollection {database = shipping_service, collection = shipments} ---> depends on: {}
	 [4] _ .error ---> depends on: {}
	 [5] cursor NoSQLCursor {database = shipping_service, collection = shipments} ---> depends on: {shipment shipping.Shipment struct{ID string, Name string, Status string}}
	 [6] err .error ---> depends on: {}
	 [7] shipment shipping.Shipment struct{ID string, Name string, Status string} ---> depends on: {}

