[BLOCK, #0, Body] NODES = [*ast.AssignStmt, *ast.BinaryExpr]; SUCCS = [Block #1, Block #2]
	 [0] a (*postnotification.AnalyticsServiceImpl struct{analyticsQueue Queue, analyticsDb NoSQLDatabase, numWorkers int}) ---> depends on: {postnotification.AnalyticsServiceImpl struct{analyticsQueue Queue, analyticsDb NoSQLDatabase, numWorkers 4 int}}
	 [1] ctx context.Context ---> depends on: {}
	 [2] message postnotification.TriggerAnalyticsMessage struct{PostID string} ---> depends on: {PostID string}
	 [3] postID int64 ---> depends on: {PostID string, PostID string}
	 [4] err .error ---> depends on: {PostID string}

[BLOCK, #1, IfThen] NODES = [*ast.ReturnStmt]; SUCCS = []
	 [0] a (*postnotification.AnalyticsServiceImpl struct{analyticsQueue Queue, analyticsDb NoSQLDatabase, numWorkers int}) ---> depends on: {postnotification.AnalyticsServiceImpl struct{analyticsQueue Queue, analyticsDb NoSQLDatabase, numWorkers 4 int}}
	 [1] ctx context.Context ---> depends on: {}
	 [2] message postnotification.TriggerAnalyticsMessage struct{PostID string} ---> depends on: {PostID string}
	 [3] postID int64 ---> depends on: {PostID string, PostID string}
	 [4] err .error ---> depends on: {PostID string}

[BLOCK, #2, IfDone] NODES = [*ast.AssignStmt, *ast.BinaryExpr]; SUCCS = [Block #4, Block #5]
	 [0] a (*postnotification.AnalyticsServiceImpl struct{analyticsQueue Queue, analyticsDb NoSQLDatabase, numWorkers int}) ---> depends on: {postnotification.AnalyticsServiceImpl struct{analyticsQueue Queue, analyticsDb NoSQLDatabase, numWorkers 4 int}}
	 [1] ctx context.Context ---> depends on: {}
	 [2] message postnotification.TriggerAnalyticsMessage struct{PostID string} ---> depends on: {PostID string}
	 [3] postID int64 ---> depends on: {PostID string, PostID string}
	 [4] err .error ---> depends on: {PostID string}
	 [5] collection NoSQLCollection {database = analyticsDb, collection = analytics_collection} ---> depends on: {}
	 [6] err .error ---> depends on: {}

[BLOCK, #4, IfThen] NODES = [*ast.ReturnStmt]; SUCCS = []
	 [0] a (*postnotification.AnalyticsServiceImpl struct{analyticsQueue Queue, analyticsDb NoSQLDatabase, numWorkers int}) ---> depends on: {postnotification.AnalyticsServiceImpl struct{analyticsQueue Queue, analyticsDb NoSQLDatabase, numWorkers 4 int}}
	 [1] ctx context.Context ---> depends on: {}
	 [2] message postnotification.TriggerAnalyticsMessage struct{PostID string} ---> depends on: {PostID string}
	 [3] postID int64 ---> depends on: {PostID string, PostID string}
	 [4] err .error ---> depends on: {PostID string}
	 [5] collection NoSQLCollection {database = analyticsDb, collection = analytics_collection} ---> depends on: {}
	 [6] err .error ---> depends on: {}

[BLOCK, #5, IfDone] NODES = [*ast.AssignStmt, *ast.ReturnStmt]; SUCCS = []
	 [0] a (*postnotification.AnalyticsServiceImpl struct{analyticsQueue Queue, analyticsDb NoSQLDatabase, numWorkers int}) ---> depends on: {postnotification.AnalyticsServiceImpl struct{analyticsQueue Queue, analyticsDb NoSQLDatabase, numWorkers 4 int}}
	 [1] ctx context.Context ---> depends on: {}
	 [2] message postnotification.TriggerAnalyticsMessage struct{PostID string} ---> depends on: {PostID string}
	 [3] postID int64 ---> depends on: {PostID string, PostID string}
	 [4] err .error ---> depends on: {PostID string}
	 [5] collection NoSQLCollection {database = analyticsDb, collection = analytics_collection} ---> depends on: {}
	 [6] err .error ---> depends on: {}
	 [7] analytics postnotification.Analytics struct{PostID int64} ---> depends on: {PostID int64}

