[BLOCK, #0, Body] NODES = [*ast.ValueSpec, *ast.AssignStmt, *ast.BinaryExpr]; SUCCS = [Block #1, Block #2]
	 [0] s (*postnotification.MediaServiceImpl struct{mediaDb NoSQLDatabase}) ---> depends on: {postnotification.MediaServiceImpl struct{mediaDb NoSQLDatabase}}
	 [1] ctx context.Context ---> depends on: {}
	 [2] mediaID int64 ---> depends on: {}
	 [3] media postnotification.Media struct{MediaID int64, Content string} ---> depends on: {}
	 [4] collection NoSQLCollection {database = media, collection = media} ---> depends on: {}
	 [5] err .error ---> depends on: {}

[BLOCK, #1, IfThen] NODES = [*ast.ReturnStmt]; SUCCS = []
	 [0] s (*postnotification.MediaServiceImpl struct{mediaDb NoSQLDatabase}) ---> depends on: {postnotification.MediaServiceImpl struct{mediaDb NoSQLDatabase}}
	 [1] ctx context.Context ---> depends on: {}
	 [2] mediaID int64 ---> depends on: {}
	 [3] media postnotification.Media struct{MediaID int64, Content string} ---> depends on: {}
	 [4] collection NoSQLCollection {database = media, collection = media} ---> depends on: {}
	 [5] err .error ---> depends on: {}

[BLOCK, #2, IfDone] NODES = [*ast.AssignStmt, *ast.AssignStmt, *ast.BinaryExpr]; SUCCS = [Block #4, Block #5]
	 [0] s (*postnotification.MediaServiceImpl struct{mediaDb NoSQLDatabase}) ---> depends on: {postnotification.MediaServiceImpl struct{mediaDb NoSQLDatabase}}
	 [1] ctx context.Context ---> depends on: {}
	 [2] mediaID int64 ---> depends on: {}
	 [3] media postnotification.Media struct{MediaID int64, Content string} ---> depends on: {}
	 [4] collection NoSQLCollection {database = media, collection = media} ---> depends on: {}
	 [5] err .error ---> depends on: {}
	 [6] mediaQuery primitive.D ---> depends on: {struct{Key "mediaid" string, Key "mediaid" string, Value int64, Value int64}}
	 [7] result NoSQLCursor {database = media, collection = media} ---> depends on: {media postnotification.Media struct{MediaID int64, Content string}}
	 [8] err .error ---> depends on: {}

[BLOCK, #4, IfThen] NODES = [*ast.ReturnStmt]; SUCCS = []
	 [0] s (*postnotification.MediaServiceImpl struct{mediaDb NoSQLDatabase}) ---> depends on: {postnotification.MediaServiceImpl struct{mediaDb NoSQLDatabase}}
	 [1] ctx context.Context ---> depends on: {}
	 [2] mediaID int64 ---> depends on: {}
	 [3] media postnotification.Media struct{MediaID int64, Content string} ---> depends on: {}
	 [4] collection NoSQLCollection {database = media, collection = media} ---> depends on: {}
	 [5] err .error ---> depends on: {}
	 [6] mediaQuery primitive.D ---> depends on: {struct{Key "mediaid" string, Key "mediaid" string, Value int64, Value int64}}
	 [7] result NoSQLCursor {database = media, collection = media} ---> depends on: {media postnotification.Media struct{MediaID int64, Content string}}
	 [8] err .error ---> depends on: {}

[BLOCK, #5, IfDone] NODES = [*ast.AssignStmt, *ast.ReturnStmt]; SUCCS = []
	 [0] s (*postnotification.MediaServiceImpl struct{mediaDb NoSQLDatabase}) ---> depends on: {postnotification.MediaServiceImpl struct{mediaDb NoSQLDatabase}}
	 [1] ctx context.Context ---> depends on: {}
	 [2] mediaID int64 ---> depends on: {}
	 [3] media postnotification.Media struct{MediaID int64, Content string} ---> depends on: {}
	 [4] collection NoSQLCollection {database = media, collection = media} ---> depends on: {}
	 [5] err .error ---> depends on: {}
	 [6] mediaQuery primitive.D ---> depends on: {struct{Key "mediaid" string, Key "mediaid" string, Value int64, Value int64}}
	 [7] result NoSQLCursor {database = media, collection = media} ---> depends on: {media postnotification.Media struct{MediaID int64, Content string}}
	 [8] err .error ---> depends on: {}
	 [9] _ bool ---> depends on: {}
	 [10] err .error ---> depends on: {}

