[BLOCK, #0, Body] NODES = [*ast.AssignStmt, *ast.AssignStmt, *ast.BinaryExpr]; SUCCS = [Block #1, Block #3]
	 [0] s (*postnotification.StorageServiceImpl struct{analyticsService postnotification.AnalyticsService, mediaService postnotification.MediaService, posts_cache Cache, postsDb NoSQLDatabase, analyticsQueue Queue}) ---> depends on: {postnotification.StorageServiceImpl struct{analyticsService postnotification.AnalyticsService, mediaService postnotification.MediaService, posts_cache Cache, postsDb NoSQLDatabase, analyticsQueue Queue}}
	 [1] ctx context.Context ---> depends on: {}
	 [2] reqID int64 ---> depends on: {}
	 [3] post postnotification.Post struct{ReqID int64, PostID int64, MediaID int64, Text string, Mentions []string, Timestamp int64, Creator postnotification.Creator struct{Username string}} ---> depends on: {PostID int64}
	 [4] postID_STORAGE_SVC int64 ---> depends on: {}

[BLOCK, #1, IfThen] NODES = [*ast.AssignStmt]; SUCCS = [Block #2]
	 [0] s (*postnotification.StorageServiceImpl struct{analyticsService postnotification.AnalyticsService, mediaService postnotification.MediaService, posts_cache Cache, postsDb NoSQLDatabase, analyticsQueue Queue}) ---> depends on: {postnotification.StorageServiceImpl struct{analyticsService postnotification.AnalyticsService, mediaService postnotification.MediaService, posts_cache Cache, postsDb NoSQLDatabase, analyticsQueue Queue}}
	 [1] ctx context.Context ---> depends on: {}
	 [2] reqID int64 ---> depends on: {}
	 [3] post postnotification.Post struct{ReqID int64, PostID int64, MediaID int64, Text string, Mentions []string, Timestamp int64, Creator postnotification.Creator struct{Username string}} ---> depends on: {PostID int64}
	 [4] postID_STORAGE_SVC int64 ---> depends on: {}

[BLOCK, #2, IfDone] NODES = [*ast.AssignStmt, *ast.AssignStmt, *ast.AssignStmt, *ast.BinaryExpr]; SUCCS = [Block #4, Block #5]
	 [0] s (*postnotification.StorageServiceImpl struct{analyticsService postnotification.AnalyticsService, mediaService postnotification.MediaService, posts_cache Cache, postsDb NoSQLDatabase, analyticsQueue Queue}) ---> depends on: {postnotification.StorageServiceImpl struct{analyticsService postnotification.AnalyticsService, mediaService postnotification.MediaService, posts_cache Cache, postsDb NoSQLDatabase, analyticsQueue Queue}}
	 [1] ctx context.Context ---> depends on: {}
	 [2] reqID int64 ---> depends on: {}
	 [3] post postnotification.Post struct{ReqID int64, PostID int64, MediaID int64, Text string, Mentions []string, Timestamp int64, Creator postnotification.Creator struct{Username string}} ---> depends on: {PostID int64}
	 [4] postID_STORAGE_SVC int64 ---> depends on: {}
	 [5] s (*postnotification.StorageServiceImpl struct{analyticsService postnotification.AnalyticsService, mediaService postnotification.MediaService, posts_cache Cache, postsDb NoSQLDatabase, analyticsQueue Queue}) ---> depends on: {postnotification.StorageServiceImpl struct{analyticsService postnotification.AnalyticsService, mediaService postnotification.MediaService, posts_cache Cache, postsDb NoSQLDatabase, analyticsQueue Queue}}
	 [6] ctx context.Context ---> depends on: {}
	 [7] reqID int64 ---> depends on: {}
	 [8] post postnotification.Post struct{ReqID int64, PostID int64, MediaID int64, Text string, Mentions []string, Timestamp int64, Creator postnotification.Creator struct{Username string}} ---> depends on: {PostID int64}
	 [9] postID_STORAGE_SVC int64 ---> depends on: {}
	 [10] collection NoSQLCollection {database = post, collection = post} ---> depends on: {}
	 [11] err .error ---> depends on: {}

[BLOCK, #4, IfThen] NODES = [*ast.ReturnStmt]; SUCCS = []
	 [0] s (*postnotification.StorageServiceImpl struct{analyticsService postnotification.AnalyticsService, mediaService postnotification.MediaService, posts_cache Cache, postsDb NoSQLDatabase, analyticsQueue Queue}) ---> depends on: {postnotification.StorageServiceImpl struct{analyticsService postnotification.AnalyticsService, mediaService postnotification.MediaService, posts_cache Cache, postsDb NoSQLDatabase, analyticsQueue Queue}}
	 [1] ctx context.Context ---> depends on: {}
	 [2] reqID int64 ---> depends on: {}
	 [3] post postnotification.Post struct{ReqID int64, PostID int64, MediaID int64, Text string, Mentions []string, Timestamp int64, Creator postnotification.Creator struct{Username string}} ---> depends on: {PostID int64}
	 [4] postID_STORAGE_SVC int64 ---> depends on: {}
	 [5] collection NoSQLCollection {database = post, collection = post} ---> depends on: {}
	 [6] err .error ---> depends on: {}

[BLOCK, #5, IfDone] NODES = [*ast.AssignStmt, *ast.BinaryExpr]; SUCCS = [Block #7, Block #8]
	 [0] s (*postnotification.StorageServiceImpl struct{analyticsService postnotification.AnalyticsService, mediaService postnotification.MediaService, posts_cache Cache, postsDb NoSQLDatabase, analyticsQueue Queue}) ---> depends on: {postnotification.StorageServiceImpl struct{analyticsService postnotification.AnalyticsService, mediaService postnotification.MediaService, posts_cache Cache, postsDb NoSQLDatabase, analyticsQueue Queue}}
	 [1] ctx context.Context ---> depends on: {}
	 [2] reqID int64 ---> depends on: {}
	 [3] post postnotification.Post struct{ReqID int64, PostID int64, MediaID int64, Text string, Mentions []string, Timestamp int64, Creator postnotification.Creator struct{Username string}} ---> depends on: {PostID int64}
	 [4] postID_STORAGE_SVC int64 ---> depends on: {}
	 [5] collection NoSQLCollection {database = post, collection = post} ---> depends on: {}
	 [6] err .error ---> depends on: {}
	 [7] err .error ---> depends on: {}

[BLOCK, #7, IfThen] NODES = [*ast.ReturnStmt]; SUCCS = []
	 [0] s (*postnotification.StorageServiceImpl struct{analyticsService postnotification.AnalyticsService, mediaService postnotification.MediaService, posts_cache Cache, postsDb NoSQLDatabase, analyticsQueue Queue}) ---> depends on: {postnotification.StorageServiceImpl struct{analyticsService postnotification.AnalyticsService, mediaService postnotification.MediaService, posts_cache Cache, postsDb NoSQLDatabase, analyticsQueue Queue}}
	 [1] ctx context.Context ---> depends on: {}
	 [2] reqID int64 ---> depends on: {}
	 [3] post postnotification.Post struct{ReqID int64, PostID int64, MediaID int64, Text string, Mentions []string, Timestamp int64, Creator postnotification.Creator struct{Username string}} ---> depends on: {PostID int64}
	 [4] postID_STORAGE_SVC int64 ---> depends on: {}
	 [5] collection NoSQLCollection {database = post, collection = post} ---> depends on: {}
	 [6] err .error ---> depends on: {}
	 [7] err .error ---> depends on: {}

[BLOCK, #8, IfDone] NODES = [*ast.AssignStmt, *ast.AssignStmt, *ast.ReturnStmt]; SUCCS = []
	 [0] s (*postnotification.StorageServiceImpl struct{analyticsService postnotification.AnalyticsService, mediaService postnotification.MediaService, posts_cache Cache, postsDb NoSQLDatabase, analyticsQueue Queue}) ---> depends on: {postnotification.StorageServiceImpl struct{analyticsService postnotification.AnalyticsService, mediaService postnotification.MediaService, posts_cache Cache, postsDb NoSQLDatabase, analyticsQueue Queue}}
	 [1] ctx context.Context ---> depends on: {}
	 [2] reqID int64 ---> depends on: {}
	 [3] post postnotification.Post struct{ReqID int64, PostID int64, MediaID int64, Text string, Mentions []string, Timestamp int64, Creator postnotification.Creator struct{Username string}} ---> depends on: {PostID int64}
	 [4] postID_STORAGE_SVC int64 ---> depends on: {}
	 [5] collection NoSQLCollection {database = post, collection = post} ---> depends on: {}
	 [6] err .error ---> depends on: {}
	 [7] err .error ---> depends on: {}
	 [8] message postnotification.TriggerAnalyticsMessage struct{PostID string} ---> depends on: {PostID string}
	 [9] _ bool ---> depends on: {}
	 [10] err .error ---> depends on: {}

[BLOCK, #3, IfElse] NODES = [*ast.AssignStmt]; SUCCS = [Block #2]
	 [0] s (*postnotification.StorageServiceImpl struct{analyticsService postnotification.AnalyticsService, mediaService postnotification.MediaService, posts_cache Cache, postsDb NoSQLDatabase, analyticsQueue Queue}) ---> depends on: {postnotification.StorageServiceImpl struct{analyticsService postnotification.AnalyticsService, mediaService postnotification.MediaService, posts_cache Cache, postsDb NoSQLDatabase, analyticsQueue Queue}}
	 [1] ctx context.Context ---> depends on: {}
	 [2] reqID int64 ---> depends on: {}
	 [3] post postnotification.Post struct{ReqID int64, PostID int64, MediaID int64, Text string, Mentions []string, Timestamp int64, Creator postnotification.Creator struct{Username string}} ---> depends on: {PostID int64}
	 [4] postID_STORAGE_SVC int64 ---> depends on: {}

