[BLOCK, #0, Body] NODES = [*ast.AssignStmt, *ast.AssignStmt, *ast.ExprStmt, *ast.AssignStmt, *ast.AssignStmt, *ast.AssignStmt, *ast.AssignStmt, *ast.AssignStmt, *ast.AssignStmt, *ast.AssignStmt, *ast.BinaryExpr]; SUCCS = [Block #1, Block #2]
	 [0] u (*postnotification.UploadServiceImpl struct{storageService postnotification.StorageService, mediaService postnotification.MediaService, notificationsQueue Queue, timelineCache Cache}) ---> depends on: {postnotification.UploadServiceImpl struct{storageService postnotification.StorageService, mediaService postnotification.MediaService, notificationsQueue Queue, timelineCache Cache}}
	 [1] ctx context.Context ---> depends on: {}
	 [2] username string ---> depends on: {}
	 [3] text string ---> depends on: {}
	 [4] reqID int64 ---> depends on: {}
	 [5] media postnotification.Media struct{MediaID int64, Content "HELLO WORLD!" untyped string} ---> depends on: {Content "HELLO WORLD!" untyped string}
	 [6] timestamp int64 ---> depends on: {}
	 [7] mentions []string ---> depends on: {"alice" string, "bob" string}
	 [8] post (*postnotification.Post struct{ReqID int64, PostID int64, MediaID int64, Text string, Mentions []string, Timestamp int64, Creator postnotification.Creator struct{Username "some username" string}}) ---> depends on: {postnotification.Post struct{ReqID int64, PostID int64, MediaID int64, Text string, Mentions []string, Timestamp int64, Creator postnotification.Creator struct{Username "some username" string}}}
	 [9] postID_UPLOAD_SVC int64 ---> depends on: {}
	 [10] _ .error ---> depends on: {}
	 [11] message postnotification.Message struct{ReqID string, PostID string, Timestamp string} ---> depends on: {PostID string, ReqID string}
	 [12] _ bool ---> depends on: {}
	 [13] err .error ---> depends on: {}

[BLOCK, #1, IfThen] NODES = [*ast.ReturnStmt]; SUCCS = []
	 [0] u (*postnotification.UploadServiceImpl struct{storageService postnotification.StorageService, mediaService postnotification.MediaService, notificationsQueue Queue, timelineCache Cache}) ---> depends on: {postnotification.UploadServiceImpl struct{storageService postnotification.StorageService, mediaService postnotification.MediaService, notificationsQueue Queue, timelineCache Cache}}
	 [1] ctx context.Context ---> depends on: {}
	 [2] username string ---> depends on: {}
	 [3] text string ---> depends on: {}
	 [4] reqID int64 ---> depends on: {}
	 [5] media postnotification.Media struct{MediaID int64, Content "HELLO WORLD!" untyped string} ---> depends on: {Content "HELLO WORLD!" untyped string}
	 [6] timestamp int64 ---> depends on: {}
	 [7] mentions []string ---> depends on: {"alice" string, "bob" string}
	 [8] post (*postnotification.Post struct{ReqID int64, PostID int64, MediaID int64, Text string, Mentions []string, Timestamp int64, Creator postnotification.Creator struct{Username "some username" string}}) ---> depends on: {postnotification.Post struct{ReqID int64, PostID int64, MediaID int64, Text string, Mentions []string, Timestamp int64, Creator postnotification.Creator struct{Username "some username" string}}}
	 [9] postID_UPLOAD_SVC int64 ---> depends on: {}
	 [10] _ .error ---> depends on: {}
	 [11] message postnotification.Message struct{ReqID string, PostID string, Timestamp string} ---> depends on: {PostID string, ReqID string}
	 [12] _ bool ---> depends on: {}
	 [13] err .error ---> depends on: {}

[BLOCK, #2, IfDone] NODES = [*ast.AssignStmt, *ast.AssignStmt, *ast.ReturnStmt]; SUCCS = []
	 [0] u (*postnotification.UploadServiceImpl struct{storageService postnotification.StorageService, mediaService postnotification.MediaService, notificationsQueue Queue, timelineCache Cache}) ---> depends on: {postnotification.UploadServiceImpl struct{storageService postnotification.StorageService, mediaService postnotification.MediaService, notificationsQueue Queue, timelineCache Cache}}
	 [1] ctx context.Context ---> depends on: {}
	 [2] username string ---> depends on: {}
	 [3] text string ---> depends on: {}
	 [4] reqID int64 ---> depends on: {}
	 [5] media postnotification.Media struct{MediaID int64, Content "HELLO WORLD!" untyped string} ---> depends on: {Content "HELLO WORLD!" untyped string}
	 [6] timestamp int64 ---> depends on: {}
	 [7] mentions []string ---> depends on: {"alice" string, "bob" string}
	 [8] post (*postnotification.Post struct{ReqID int64, PostID int64, MediaID int64, Text string, Mentions []string, Timestamp int64, Creator postnotification.Creator struct{Username "some username" string}}) ---> depends on: {postnotification.Post struct{ReqID int64, PostID int64, MediaID int64, Text string, Mentions []string, Timestamp int64, Creator postnotification.Creator struct{Username "some username" string}}}
	 [9] postID_UPLOAD_SVC int64 ---> depends on: {}
	 [10] _ .error ---> depends on: {}
	 [11] message postnotification.Message struct{ReqID string, PostID string, Timestamp string} ---> depends on: {PostID string, ReqID string}
	 [12] _ bool ---> depends on: {}
	 [13] err .error ---> depends on: {}
	 [14] reqIDStr string ---> depends on: {reqID int64, 10 int, reqID int64, 10 int}
	 [15] timeline postnotification.Timeline struct{ReqID int64, PostID int64} ---> depends on: {PostID int64, ReqID int64}

