[BLOCK, #0, Body] NODES = [*ast.AssignStmt, *ast.BinaryExpr]; SUCCS = [Block #1, Block #2]
	 [0] p (*price.PriceServiceImpl struct{priceDB NoSQLDatabase}) ---> depends on: {price.PriceServiceImpl struct{priceDB NoSQLDatabase}}
	 [1] ctx context.Context ---> depends on: {}
	 [2] routeID string ---> depends on: {}
	 [3] trainType string ---> depends on: {}
	 [4] coll NoSQLCollection {database = priceConfig, collection = priceConfig} ---> depends on: {}
	 [5] err .error ---> depends on: {}

[BLOCK, #1, IfThen] NODES = [*ast.ReturnStmt]; SUCCS = []
	 [0] p (*price.PriceServiceImpl struct{priceDB NoSQLDatabase}) ---> depends on: {price.PriceServiceImpl struct{priceDB NoSQLDatabase}}
	 [1] ctx context.Context ---> depends on: {}
	 [2] routeID string ---> depends on: {}
	 [3] trainType string ---> depends on: {}
	 [4] coll NoSQLCollection {database = priceConfig, collection = priceConfig} ---> depends on: {}
	 [5] err .error ---> depends on: {}

[BLOCK, #2, IfDone] NODES = [*ast.AssignStmt, *ast.AssignStmt, *ast.BinaryExpr]; SUCCS = [Block #4, Block #5]
	 [0] p (*price.PriceServiceImpl struct{priceDB NoSQLDatabase}) ---> depends on: {price.PriceServiceImpl struct{priceDB NoSQLDatabase}}
	 [1] ctx context.Context ---> depends on: {}
	 [2] routeID string ---> depends on: {}
	 [3] trainType string ---> depends on: {}
	 [4] coll NoSQLCollection {database = priceConfig, collection = priceConfig} ---> depends on: {}
	 [5] err .error ---> depends on: {}
	 [6] query primitive.D ---> depends on: {struct{ primitive.A,  "$and" string,  primitive.A}}
	 [7] res NoSQLCursor {database = priceConfig, collection = priceConfig} ---> depends on: {pc price.PriceConfig struct{ID string, TrainType string, RouteID string, BasicPriceRate float64, FirstClassPriceRate float64}}
	 [8] err .error ---> depends on: {}

[BLOCK, #4, IfThen] NODES = [*ast.ReturnStmt]; SUCCS = []
	 [0] p (*price.PriceServiceImpl struct{priceDB NoSQLDatabase}) ---> depends on: {price.PriceServiceImpl struct{priceDB NoSQLDatabase}}
	 [1] ctx context.Context ---> depends on: {}
	 [2] routeID string ---> depends on: {}
	 [3] trainType string ---> depends on: {}
	 [4] coll NoSQLCollection {database = priceConfig, collection = priceConfig} ---> depends on: {}
	 [5] err .error ---> depends on: {}
	 [6] query primitive.D ---> depends on: {struct{ primitive.A,  "$and" string,  primitive.A}}
	 [7] res NoSQLCursor {database = priceConfig, collection = priceConfig} ---> depends on: {pc price.PriceConfig struct{ID string, TrainType string, RouteID string, BasicPriceRate float64, FirstClassPriceRate float64}}
	 [8] err .error ---> depends on: {}

[BLOCK, #5, IfDone] NODES = [*ast.ValueSpec, *ast.AssignStmt, *ast.BinaryExpr]; SUCCS = [Block #7, Block #8]
	 [0] p (*price.PriceServiceImpl struct{priceDB NoSQLDatabase}) ---> depends on: {price.PriceServiceImpl struct{priceDB NoSQLDatabase}}
	 [1] ctx context.Context ---> depends on: {}
	 [2] routeID string ---> depends on: {}
	 [3] trainType string ---> depends on: {}
	 [4] coll NoSQLCollection {database = priceConfig, collection = priceConfig} ---> depends on: {}
	 [5] err .error ---> depends on: {}
	 [6] query primitive.D ---> depends on: {struct{ primitive.A,  "$and" string,  primitive.A}}
	 [7] res NoSQLCursor {database = priceConfig, collection = priceConfig} ---> depends on: {pc price.PriceConfig struct{ID string, TrainType string, RouteID string, BasicPriceRate float64, FirstClassPriceRate float64}}
	 [8] err .error ---> depends on: {}
	 [9] pc price.PriceConfig struct{ID string, TrainType string, RouteID string, BasicPriceRate float64, FirstClassPriceRate float64} ---> depends on: {}
	 [10] exists bool ---> depends on: {}
	 [11] err .error ---> depends on: {}

[BLOCK, #7, IfThen] NODES = [*ast.ReturnStmt]; SUCCS = []
	 [0] p (*price.PriceServiceImpl struct{priceDB NoSQLDatabase}) ---> depends on: {price.PriceServiceImpl struct{priceDB NoSQLDatabase}}
	 [1] ctx context.Context ---> depends on: {}
	 [2] routeID string ---> depends on: {}
	 [3] trainType string ---> depends on: {}
	 [4] coll NoSQLCollection {database = priceConfig, collection = priceConfig} ---> depends on: {}
	 [5] err .error ---> depends on: {}
	 [6] query primitive.D ---> depends on: {struct{ primitive.A,  "$and" string,  primitive.A}}
	 [7] res NoSQLCursor {database = priceConfig, collection = priceConfig} ---> depends on: {pc price.PriceConfig struct{ID string, TrainType string, RouteID string, BasicPriceRate float64, FirstClassPriceRate float64}}
	 [8] err .error ---> depends on: {}
	 [9] pc price.PriceConfig struct{ID string, TrainType string, RouteID string, BasicPriceRate float64, FirstClassPriceRate float64} ---> depends on: {}
	 [10] exists bool ---> depends on: {}
	 [11] err .error ---> depends on: {}

[BLOCK, #8, IfDone] NODES = [*ast.UnaryExpr]; SUCCS = [Block #10, Block #11]
	 [0] p (*price.PriceServiceImpl struct{priceDB NoSQLDatabase}) ---> depends on: {price.PriceServiceImpl struct{priceDB NoSQLDatabase}}
	 [1] ctx context.Context ---> depends on: {}
	 [2] routeID string ---> depends on: {}
	 [3] trainType string ---> depends on: {}
	 [4] coll NoSQLCollection {database = priceConfig, collection = priceConfig} ---> depends on: {}
	 [5] err .error ---> depends on: {}
	 [6] query primitive.D ---> depends on: {struct{ primitive.A,  "$and" string,  primitive.A}}
	 [7] res NoSQLCursor {database = priceConfig, collection = priceConfig} ---> depends on: {pc price.PriceConfig struct{ID string, TrainType string, RouteID string, BasicPriceRate float64, FirstClassPriceRate float64}}
	 [8] err .error ---> depends on: {}
	 [9] pc price.PriceConfig struct{ID string, TrainType string, RouteID string, BasicPriceRate float64, FirstClassPriceRate float64} ---> depends on: {}
	 [10] exists bool ---> depends on: {}
	 [11] err .error ---> depends on: {}

[BLOCK, #10, IfThen] NODES = [*ast.ReturnStmt]; SUCCS = []
	 [0] p (*price.PriceServiceImpl struct{priceDB NoSQLDatabase}) ---> depends on: {price.PriceServiceImpl struct{priceDB NoSQLDatabase}}
	 [1] ctx context.Context ---> depends on: {}
	 [2] routeID string ---> depends on: {}
	 [3] trainType string ---> depends on: {}
	 [4] coll NoSQLCollection {database = priceConfig, collection = priceConfig} ---> depends on: {}
	 [5] err .error ---> depends on: {}
	 [6] query primitive.D ---> depends on: {struct{ primitive.A,  "$and" string,  primitive.A}}
	 [7] res NoSQLCursor {database = priceConfig, collection = priceConfig} ---> depends on: {pc price.PriceConfig struct{ID string, TrainType string, RouteID string, BasicPriceRate float64, FirstClassPriceRate float64}}
	 [8] err .error ---> depends on: {}
	 [9] pc price.PriceConfig struct{ID string, TrainType string, RouteID string, BasicPriceRate float64, FirstClassPriceRate float64} ---> depends on: {}
	 [10] exists bool ---> depends on: {}
	 [11] err .error ---> depends on: {}

[BLOCK, #11, IfDone] NODES = [*ast.ReturnStmt]; SUCCS = []
	 [0] p (*price.PriceServiceImpl struct{priceDB NoSQLDatabase}) ---> depends on: {price.PriceServiceImpl struct{priceDB NoSQLDatabase}}
	 [1] ctx context.Context ---> depends on: {}
	 [2] routeID string ---> depends on: {}
	 [3] trainType string ---> depends on: {}
	 [4] coll NoSQLCollection {database = priceConfig, collection = priceConfig} ---> depends on: {}
	 [5] err .error ---> depends on: {}
	 [6] query primitive.D ---> depends on: {struct{ primitive.A,  "$and" string,  primitive.A}}
	 [7] res NoSQLCursor {database = priceConfig, collection = priceConfig} ---> depends on: {pc price.PriceConfig struct{ID string, TrainType string, RouteID string, BasicPriceRate float64, FirstClassPriceRate float64}}
	 [8] err .error ---> depends on: {}
	 [9] pc price.PriceConfig struct{ID string, TrainType string, RouteID string, BasicPriceRate float64, FirstClassPriceRate float64} ---> depends on: {}
	 [10] exists bool ---> depends on: {}
	 [11] err .error ---> depends on: {}

