[BLOCK, #0, Body] NODES = [*ast.AssignStmt, *ast.BinaryExpr]; SUCCS = [Block #1, Block #2]
	 [0] u (*user.UserServiceImpl struct{userDB NoSQLDatabase}) ---> depends on: {user.UserServiceImpl struct{userDB NoSQLDatabase}}
	 [1] ctx context.Context ---> depends on: {}
	 [2] userID string ---> depends on: {}
	 [3] coll NoSQLCollection {database = user, collection = user} ---> depends on: {}
	 [4] err .error ---> depends on: {}

[BLOCK, #1, IfThen] NODES = [*ast.ReturnStmt]; SUCCS = []
	 [0] u (*user.UserServiceImpl struct{userDB NoSQLDatabase}) ---> depends on: {user.UserServiceImpl struct{userDB NoSQLDatabase}}
	 [1] ctx context.Context ---> depends on: {}
	 [2] userID string ---> depends on: {}
	 [3] coll NoSQLCollection {database = user, collection = user} ---> depends on: {}
	 [4] err .error ---> depends on: {}

[BLOCK, #2, IfDone] NODES = [*ast.AssignStmt, *ast.AssignStmt, *ast.BinaryExpr]; SUCCS = [Block #4, Block #5]
	 [0] u (*user.UserServiceImpl struct{userDB NoSQLDatabase}) ---> depends on: {user.UserServiceImpl struct{userDB NoSQLDatabase}}
	 [1] ctx context.Context ---> depends on: {}
	 [2] userID string ---> depends on: {}
	 [3] coll NoSQLCollection {database = user, collection = user} ---> depends on: {}
	 [4] err .error ---> depends on: {}
	 [5] query primitive.D ---> depends on: {struct{ string,  "userid" string,  string}}
	 [6] err .error ---> depends on: {}

[BLOCK, #4, IfThen] NODES = [*ast.ReturnStmt]; SUCCS = []
	 [0] u (*user.UserServiceImpl struct{userDB NoSQLDatabase}) ---> depends on: {user.UserServiceImpl struct{userDB NoSQLDatabase}}
	 [1] ctx context.Context ---> depends on: {}
	 [2] userID string ---> depends on: {}
	 [3] coll NoSQLCollection {database = user, collection = user} ---> depends on: {}
	 [4] err .error ---> depends on: {}
	 [5] query primitive.D ---> depends on: {struct{ string,  "userid" string,  string}}
	 [6] err .error ---> depends on: {}

[BLOCK, #5, IfDone] NODES = [*ast.ReturnStmt]; SUCCS = []
	 [0] u (*user.UserServiceImpl struct{userDB NoSQLDatabase}) ---> depends on: {user.UserServiceImpl struct{userDB NoSQLDatabase}}
	 [1] ctx context.Context ---> depends on: {}
	 [2] userID string ---> depends on: {}
	 [3] coll NoSQLCollection {database = user, collection = user} ---> depends on: {}
	 [4] err .error ---> depends on: {}
	 [5] query primitive.D ---> depends on: {struct{ string,  "userid" string,  string}}
	 [6] err .error ---> depends on: {}

