[BLOCK, #0, Body] NODES = [*ast.AssignStmt, *ast.BinaryExpr]; SUCCS = [Block #1, Block #2]
	 [0] p (*socialnetwork.PostStorageServiceImpl struct{postStorageCache Cache, postStorageDB NoSQLDatabase, CacheHits int64, NumReqs int64, CacheMiss int64}) ---> depends on: {socialnetwork.PostStorageServiceImpl struct{postStorageCache Cache, postStorageDB NoSQLDatabase, CacheHits int64, NumReqs int64, CacheMiss int64}}
	 [1] ctx context.Context ---> depends on: {}
	 [2] reqID int64 ---> depends on: {}
	 [3] post socialnetwork.Post struct{PostID int64, Creator socialnetwork.Creator struct{UserID int64, Username string}, ReqID int64, Text string, UserMentions []socialnetwork.UserMention struct{UserID int64, Username string}, Medias []socialnetwork.Media struct{MediaID int64, MediaType string}, Urls []socialnetwork.URL struct{ShortenedUrl string, ExpandedUrl string}, Timestamp int64, PostType int64} ---> depends on: {}
	 [4] collection NoSQLCollection {database = post, collection = post} ---> depends on: {}
	 [5] err .error ---> depends on: {}

[BLOCK, #1, IfThen] NODES = [*ast.ReturnStmt]; SUCCS = []
	 [0] p (*socialnetwork.PostStorageServiceImpl struct{postStorageCache Cache, postStorageDB NoSQLDatabase, CacheHits int64, NumReqs int64, CacheMiss int64}) ---> depends on: {socialnetwork.PostStorageServiceImpl struct{postStorageCache Cache, postStorageDB NoSQLDatabase, CacheHits int64, NumReqs int64, CacheMiss int64}}
	 [1] ctx context.Context ---> depends on: {}
	 [2] reqID int64 ---> depends on: {}
	 [3] post socialnetwork.Post struct{PostID int64, Creator socialnetwork.Creator struct{UserID int64, Username string}, ReqID int64, Text string, UserMentions []socialnetwork.UserMention struct{UserID int64, Username string}, Medias []socialnetwork.Media struct{MediaID int64, MediaType string}, Urls []socialnetwork.URL struct{ShortenedUrl string, ExpandedUrl string}, Timestamp int64, PostType int64} ---> depends on: {}
	 [4] collection NoSQLCollection {database = post, collection = post} ---> depends on: {}
	 [5] err .error ---> depends on: {}

[BLOCK, #2, IfDone] NODES = [*ast.ReturnStmt]; SUCCS = []
	 [0] p (*socialnetwork.PostStorageServiceImpl struct{postStorageCache Cache, postStorageDB NoSQLDatabase, CacheHits int64, NumReqs int64, CacheMiss int64}) ---> depends on: {socialnetwork.PostStorageServiceImpl struct{postStorageCache Cache, postStorageDB NoSQLDatabase, CacheHits int64, NumReqs int64, CacheMiss int64}}
	 [1] ctx context.Context ---> depends on: {}
	 [2] reqID int64 ---> depends on: {}
	 [3] post socialnetwork.Post struct{PostID int64, Creator socialnetwork.Creator struct{UserID int64, Username string}, ReqID int64, Text string, UserMentions []socialnetwork.UserMention struct{UserID int64, Username string}, Medias []socialnetwork.Media struct{MediaID int64, MediaType string}, Urls []socialnetwork.URL struct{ShortenedUrl string, ExpandedUrl string}, Timestamp int64, PostType int64} ---> depends on: {}
	 [4] collection NoSQLCollection {database = post, collection = post} ---> depends on: {}
	 [5] err .error ---> depends on: {}

