[BLOCK, #0, Body] NODES = [*ast.AssignStmt, *ast.BinaryExpr]; SUCCS = [Block #1, Block #2]
	 [0] s (*socialnetwork.SocialGraphServiceImpl struct{socialGraphCache Cache, socialGraphDB NoSQLDatabase, userIDService socialnetwork.UserIDService}) ---> depends on: {socialnetwork.SocialGraphServiceImpl struct{socialGraphCache Cache, socialGraphDB NoSQLDatabase, userIDService socialnetwork.UserIDService}}
	 [1] ctx context.Context ---> depends on: {}
	 [2] reqID int64 ---> depends on: {}
	 [3] userID int64 ---> depends on: {}
	 [4] collection NoSQLCollection {database = social-graph, collection = social-graph} ---> depends on: {}
	 [5] err .error ---> depends on: {}

[BLOCK, #1, IfThen] NODES = [*ast.ReturnStmt]; SUCCS = []
	 [0] s (*socialnetwork.SocialGraphServiceImpl struct{socialGraphCache Cache, socialGraphDB NoSQLDatabase, userIDService socialnetwork.UserIDService}) ---> depends on: {socialnetwork.SocialGraphServiceImpl struct{socialGraphCache Cache, socialGraphDB NoSQLDatabase, userIDService socialnetwork.UserIDService}}
	 [1] ctx context.Context ---> depends on: {}
	 [2] reqID int64 ---> depends on: {}
	 [3] userID int64 ---> depends on: {}
	 [4] collection NoSQLCollection {database = social-graph, collection = social-graph} ---> depends on: {}
	 [5] err .error ---> depends on: {}

[BLOCK, #2, IfDone] NODES = [*ast.AssignStmt, *ast.ReturnStmt]; SUCCS = []
	 [0] s (*socialnetwork.SocialGraphServiceImpl struct{socialGraphCache Cache, socialGraphDB NoSQLDatabase, userIDService socialnetwork.UserIDService}) ---> depends on: {socialnetwork.SocialGraphServiceImpl struct{socialGraphCache Cache, socialGraphDB NoSQLDatabase, userIDService socialnetwork.UserIDService}}
	 [1] ctx context.Context ---> depends on: {}
	 [2] reqID int64 ---> depends on: {}
	 [3] userID int64 ---> depends on: {}
	 [4] collection NoSQLCollection {database = social-graph, collection = social-graph} ---> depends on: {}
	 [5] err .error ---> depends on: {}
	 [6] user socialnetwork.UserInfo struct{UserID int64, Followers []socialnetwork.FollowerInfo struct{FollowerID int64, Timestamp int64}, Followees []socialnetwork.FolloweeInfo struct{FolloweeID int64, Timestamp int64}} ---> depends on: {Followees []socialnetwork.FolloweeInfo struct{FolloweeID int64, Timestamp int64}, Followers []socialnetwork.FollowerInfo struct{FollowerID int64, Timestamp int64}, UserID int64}

