[BLOCK, #0, Body] NODES = [*ast.AssignStmt, *ast.AssignStmt, *ast.ValueSpec, *ast.ValueSpec, *ast.ExprStmt, *ast.GoStmt, *ast.GoStmt, *ast.GoStmt, *ast.ExprStmt, *ast.BinaryExpr]; SUCCS = [Block #1, Block #2]
	 [0] s (*socialnetwork.SocialGraphServiceImpl struct{socialGraphCache Cache, socialGraphDB NoSQLDatabase, userIDService socialnetwork.UserIDService}) ---> depends on: {socialnetwork.SocialGraphServiceImpl struct{socialGraphCache Cache, socialGraphDB NoSQLDatabase, userIDService socialnetwork.UserIDService}}
	 [1] ctx context.Context ---> depends on: {}
	 [2] reqID int64 ---> depends on: {}
	 [3] userID int64 ---> depends on: {}
	 [4] followeeID int64 ---> depends on: {}
	 [5] userIDstr string ---> depends on: {userID int64, 10 int, userID int64, 10 int}
	 [6] followeeIDstr string ---> depends on: {followeeID int64, 10 int, followeeID int64, 10 int}
	 [7] err1 error ---> depends on: {}
	 [8] err2 error ---> depends on: {}
	 [9] err3 error ---> depends on: {}
	 [10] wg sync.WaitGroup ---> depends on: {}

[BLOCK, #1, IfThen] NODES = [*ast.ReturnStmt]; SUCCS = []
	 [0] s (*socialnetwork.SocialGraphServiceImpl struct{socialGraphCache Cache, socialGraphDB NoSQLDatabase, userIDService socialnetwork.UserIDService}) ---> depends on: {socialnetwork.SocialGraphServiceImpl struct{socialGraphCache Cache, socialGraphDB NoSQLDatabase, userIDService socialnetwork.UserIDService}}
	 [1] ctx context.Context ---> depends on: {}
	 [2] reqID int64 ---> depends on: {}
	 [3] userID int64 ---> depends on: {}
	 [4] followeeID int64 ---> depends on: {}
	 [5] userIDstr string ---> depends on: {userID int64, 10 int, userID int64, 10 int}
	 [6] followeeIDstr string ---> depends on: {followeeID int64, 10 int, followeeID int64, 10 int}
	 [7] err1 error ---> depends on: {}
	 [8] err2 error ---> depends on: {}
	 [9] err3 error ---> depends on: {}
	 [10] wg sync.WaitGroup ---> depends on: {}
	 [11] s (*socialnetwork.SocialGraphServiceImpl struct{socialGraphCache Cache, socialGraphDB NoSQLDatabase, userIDService socialnetwork.UserIDService}) ---> depends on: {socialnetwork.SocialGraphServiceImpl struct{socialGraphCache Cache, socialGraphDB NoSQLDatabase, userIDService socialnetwork.UserIDService}}
	 [12] ctx context.Context ---> depends on: {}
	 [13] reqID int64 ---> depends on: {}
	 [14] userID int64 ---> depends on: {}
	 [15] followeeID int64 ---> depends on: {}
	 [16] userIDstr string ---> depends on: {userID int64, 10 int, userID int64, 10 int}
	 [17] followeeIDstr string ---> depends on: {followeeID int64, 10 int, followeeID int64, 10 int}
	 [18] err1 error ---> depends on: {}
	 [19] err2 error ---> depends on: {}
	 [20] err3 error ---> depends on: {}
	 [21] wg sync.WaitGroup ---> depends on: {}
	 [22] followees []socialnetwork.FolloweeInfo struct{FolloweeID int64, Timestamp int64} ---> depends on: {}
	 [23] followers []socialnetwork.FollowerInfo struct{FollowerID int64, Timestamp int64} ---> depends on: {}
	 [24] new_followers []socialnetwork.FollowerInfo struct{FollowerID int64, Timestamp int64} ---> depends on: {}
	 [25] new_followees []socialnetwork.FolloweeInfo struct{FolloweeID int64, Timestamp int64} ---> depends on: {}
	 [26] followee socialnetwork.FolloweeInfo struct{FolloweeID int64, Timestamp int64} ---> depends on: {followees []socialnetwork.FolloweeInfo struct{FolloweeID int64, Timestamp int64}}
	 [27] s (*socialnetwork.SocialGraphServiceImpl struct{socialGraphCache Cache, socialGraphDB NoSQLDatabase, userIDService socialnetwork.UserIDService}) ---> depends on: {socialnetwork.SocialGraphServiceImpl struct{socialGraphCache Cache, socialGraphDB NoSQLDatabase, userIDService socialnetwork.UserIDService}}
	 [28] ctx context.Context ---> depends on: {}
	 [29] reqID int64 ---> depends on: {}
	 [30] userID int64 ---> depends on: {}
	 [31] followeeID int64 ---> depends on: {}
	 [32] userIDstr string ---> depends on: {userID int64, 10 int, userID int64, 10 int}
	 [33] followeeIDstr string ---> depends on: {followeeID int64, 10 int, followeeID int64, 10 int}
	 [34] err1 error ---> depends on: {}
	 [35] err2 error ---> depends on: {}
	 [36] err3 error ---> depends on: {}
	 [37] wg sync.WaitGroup ---> depends on: {}
	 [38] collection NoSQLCollection {database = social-graph, collection = social-graph} ---> depends on: {}
	 [39] err_internal .error ---> depends on: {}
	 [40] s (*socialnetwork.SocialGraphServiceImpl struct{socialGraphCache Cache, socialGraphDB NoSQLDatabase, userIDService socialnetwork.UserIDService}) ---> depends on: {socialnetwork.SocialGraphServiceImpl struct{socialGraphCache Cache, socialGraphDB NoSQLDatabase, userIDService socialnetwork.UserIDService}}
	 [41] ctx context.Context ---> depends on: {}
	 [42] reqID int64 ---> depends on: {}
	 [43] userID int64 ---> depends on: {}
	 [44] followeeID int64 ---> depends on: {}
	 [45] userIDstr string ---> depends on: {userID int64, 10 int, userID int64, 10 int}
	 [46] followeeIDstr string ---> depends on: {followeeID int64, 10 int, followeeID int64, 10 int}
	 [47] err1 error ---> depends on: {}
	 [48] err2 error ---> depends on: {}
	 [49] err3 error ---> depends on: {}
	 [50] wg sync.WaitGroup ---> depends on: {}
	 [51] collection NoSQLCollection {database = social-graph, collection = social-graph} ---> depends on: {}
	 [52] err_internal .error ---> depends on: {}

[BLOCK, #2, IfDone] NODES = [*ast.BinaryExpr]; SUCCS = [Block #4, Block #5]
	 [0] s (*socialnetwork.SocialGraphServiceImpl struct{socialGraphCache Cache, socialGraphDB NoSQLDatabase, userIDService socialnetwork.UserIDService}) ---> depends on: {socialnetwork.SocialGraphServiceImpl struct{socialGraphCache Cache, socialGraphDB NoSQLDatabase, userIDService socialnetwork.UserIDService}}
	 [1] ctx context.Context ---> depends on: {}
	 [2] reqID int64 ---> depends on: {}
	 [3] userID int64 ---> depends on: {}
	 [4] followeeID int64 ---> depends on: {}
	 [5] userIDstr string ---> depends on: {userID int64, 10 int, userID int64, 10 int}
	 [6] followeeIDstr string ---> depends on: {followeeID int64, 10 int, followeeID int64, 10 int}
	 [7] err1 error ---> depends on: {}
	 [8] err2 error ---> depends on: {}
	 [9] err3 error ---> depends on: {}
	 [10] wg sync.WaitGroup ---> depends on: {}
	 [11] s (*socialnetwork.SocialGraphServiceImpl struct{socialGraphCache Cache, socialGraphDB NoSQLDatabase, userIDService socialnetwork.UserIDService}) ---> depends on: {socialnetwork.SocialGraphServiceImpl struct{socialGraphCache Cache, socialGraphDB NoSQLDatabase, userIDService socialnetwork.UserIDService}}
	 [12] ctx context.Context ---> depends on: {}
	 [13] reqID int64 ---> depends on: {}
	 [14] userID int64 ---> depends on: {}
	 [15] followeeID int64 ---> depends on: {}
	 [16] userIDstr string ---> depends on: {userID int64, 10 int, userID int64, 10 int}
	 [17] followeeIDstr string ---> depends on: {followeeID int64, 10 int, followeeID int64, 10 int}
	 [18] err1 error ---> depends on: {}
	 [19] err2 error ---> depends on: {}
	 [20] err3 error ---> depends on: {}
	 [21] wg sync.WaitGroup ---> depends on: {}
	 [22] collection NoSQLCollection {database = social-graph, collection = social-graph} ---> depends on: {}
	 [23] err_internal .error ---> depends on: {}
	 [24] s (*socialnetwork.SocialGraphServiceImpl struct{socialGraphCache Cache, socialGraphDB NoSQLDatabase, userIDService socialnetwork.UserIDService}) ---> depends on: {socialnetwork.SocialGraphServiceImpl struct{socialGraphCache Cache, socialGraphDB NoSQLDatabase, userIDService socialnetwork.UserIDService}}
	 [25] ctx context.Context ---> depends on: {}
	 [26] reqID int64 ---> depends on: {}
	 [27] userID int64 ---> depends on: {}
	 [28] followeeID int64 ---> depends on: {}
	 [29] userIDstr string ---> depends on: {userID int64, 10 int, userID int64, 10 int}
	 [30] followeeIDstr string ---> depends on: {followeeID int64, 10 int, followeeID int64, 10 int}
	 [31] err1 error ---> depends on: {}
	 [32] err2 error ---> depends on: {}
	 [33] err3 error ---> depends on: {}
	 [34] wg sync.WaitGroup ---> depends on: {}
	 [35] collection NoSQLCollection {database = social-graph, collection = social-graph} ---> depends on: {}
	 [36] err_internal .error ---> depends on: {}

[BLOCK, #4, IfThen] NODES = [*ast.ReturnStmt]; SUCCS = []
	 [0] s (*socialnetwork.SocialGraphServiceImpl struct{socialGraphCache Cache, socialGraphDB NoSQLDatabase, userIDService socialnetwork.UserIDService}) ---> depends on: {socialnetwork.SocialGraphServiceImpl struct{socialGraphCache Cache, socialGraphDB NoSQLDatabase, userIDService socialnetwork.UserIDService}}
	 [1] ctx context.Context ---> depends on: {}
	 [2] reqID int64 ---> depends on: {}
	 [3] userID int64 ---> depends on: {}
	 [4] followeeID int64 ---> depends on: {}
	 [5] userIDstr string ---> depends on: {userID int64, 10 int, userID int64, 10 int}
	 [6] followeeIDstr string ---> depends on: {followeeID int64, 10 int, followeeID int64, 10 int}
	 [7] err1 error ---> depends on: {}
	 [8] err2 error ---> depends on: {}
	 [9] err3 error ---> depends on: {}
	 [10] wg sync.WaitGroup ---> depends on: {}
	 [11] followees []socialnetwork.FolloweeInfo struct{FolloweeID int64, Timestamp int64} ---> depends on: {}
	 [12] followers []socialnetwork.FollowerInfo struct{FollowerID int64, Timestamp int64} ---> depends on: {}

[BLOCK, #5, IfDone] NODES = [*ast.ReturnStmt]; SUCCS = []
	 [0] s (*socialnetwork.SocialGraphServiceImpl struct{socialGraphCache Cache, socialGraphDB NoSQLDatabase, userIDService socialnetwork.UserIDService}) ---> depends on: {socialnetwork.SocialGraphServiceImpl struct{socialGraphCache Cache, socialGraphDB NoSQLDatabase, userIDService socialnetwork.UserIDService}}
	 [1] ctx context.Context ---> depends on: {}
	 [2] reqID int64 ---> depends on: {}
	 [3] userID int64 ---> depends on: {}
	 [4] followeeID int64 ---> depends on: {}
	 [5] userIDstr string ---> depends on: {userID int64, 10 int, userID int64, 10 int}
	 [6] followeeIDstr string ---> depends on: {followeeID int64, 10 int, followeeID int64, 10 int}
	 [7] err1 error ---> depends on: {}
	 [8] err2 error ---> depends on: {}
	 [9] err3 error ---> depends on: {}
	 [10] wg sync.WaitGroup ---> depends on: {}
	 [11] followees []socialnetwork.FolloweeInfo struct{FolloweeID int64, Timestamp int64} ---> depends on: {}
	 [12] followers []socialnetwork.FollowerInfo struct{FollowerID int64, Timestamp int64} ---> depends on: {}

