[BLOCK, #0, Body] NODES = [*ast.AssignStmt, *ast.ExprStmt, *ast.BinaryExpr]; SUCCS = [Block #1, Block #2]
	 [0] u (*socialnetwork.UserServiceImpl struct{machine_id string, counter int64, current_timestamp int64, secret string, userCache Cache, userDB NoSQLDatabase, socialGraphService socialnetwork.SocialGraphService}) ---> depends on: {socialnetwork.UserServiceImpl struct{machine_id string, counter 0 int, current_timestamp int64, secret string, userCache Cache, userDB NoSQLDatabase, socialGraphService socialnetwork.SocialGraphService}}
	 [1] ctx context.Context ---> depends on: {}
	 [2] reqID int64 ---> depends on: {}
	 [3] username string ---> depends on: {}
	 [4] user_id int64 ---> depends on: {int64}

[BLOCK, #1, IfThen] NODES = [*ast.ValueSpec, *ast.AssignStmt, *ast.BinaryExpr]; SUCCS = [Block #3, Block #4]
	 [0] u (*socialnetwork.UserServiceImpl struct{machine_id string, counter int64, current_timestamp int64, secret string, userCache Cache, userDB NoSQLDatabase, socialGraphService socialnetwork.SocialGraphService}) ---> depends on: {socialnetwork.UserServiceImpl struct{machine_id string, counter 0 int, current_timestamp int64, secret string, userCache Cache, userDB NoSQLDatabase, socialGraphService socialnetwork.SocialGraphService}}
	 [1] ctx context.Context ---> depends on: {}
	 [2] reqID int64 ---> depends on: {}
	 [3] username string ---> depends on: {}
	 [4] user_id int64 ---> depends on: {int64}
	 [5] user socialnetwork.User struct{UserID int64, FirstName string, LastName string, Username string, PwdHashed string, Salt string} ---> depends on: {UserID int64}
	 [6] collection NoSQLCollection {database = user, collection = user} ---> depends on: {}
	 [7] err .error ---> depends on: {}

[BLOCK, #3, IfThen] NODES = [*ast.ReturnStmt]; SUCCS = []
	 [0] u (*socialnetwork.UserServiceImpl struct{machine_id string, counter int64, current_timestamp int64, secret string, userCache Cache, userDB NoSQLDatabase, socialGraphService socialnetwork.SocialGraphService}) ---> depends on: {socialnetwork.UserServiceImpl struct{machine_id string, counter 0 int, current_timestamp int64, secret string, userCache Cache, userDB NoSQLDatabase, socialGraphService socialnetwork.SocialGraphService}}
	 [1] ctx context.Context ---> depends on: {}
	 [2] reqID int64 ---> depends on: {}
	 [3] username string ---> depends on: {}
	 [4] user_id int64 ---> depends on: {int64}
	 [5] user socialnetwork.User struct{UserID int64, FirstName string, LastName string, Username string, PwdHashed string, Salt string} ---> depends on: {UserID int64}
	 [6] collection NoSQLCollection {database = user, collection = user} ---> depends on: {}
	 [7] err .error ---> depends on: {}

[BLOCK, #4, IfDone] NODES = [*ast.AssignStmt, *ast.AssignStmt, *ast.BinaryExpr]; SUCCS = [Block #6, Block #7]
	 [0] u (*socialnetwork.UserServiceImpl struct{machine_id string, counter int64, current_timestamp int64, secret string, userCache Cache, userDB NoSQLDatabase, socialGraphService socialnetwork.SocialGraphService}) ---> depends on: {socialnetwork.UserServiceImpl struct{machine_id string, counter 0 int, current_timestamp int64, secret string, userCache Cache, userDB NoSQLDatabase, socialGraphService socialnetwork.SocialGraphService}}
	 [1] ctx context.Context ---> depends on: {}
	 [2] reqID int64 ---> depends on: {}
	 [3] username string ---> depends on: {}
	 [4] user_id int64 ---> depends on: {int64}
	 [5] user socialnetwork.User struct{UserID int64, FirstName string, LastName string, Username string, PwdHashed string, Salt string} ---> depends on: {UserID int64}
	 [6] collection NoSQLCollection {database = user, collection = user} ---> depends on: {}
	 [7] err .error ---> depends on: {}
	 [8] query primitive.D ---> depends on: {struct{ string,  "username" string,  string}}
	 [9] res NoSQLCursor {database = user, collection = user} ---> depends on: {user socialnetwork.User struct{UserID int64, FirstName string, LastName string, Username string, PwdHashed string, Salt string}}
	 [10] err .error ---> depends on: {}

[BLOCK, #6, IfThen] NODES = [*ast.ReturnStmt]; SUCCS = []
	 [0] u (*socialnetwork.UserServiceImpl struct{machine_id string, counter int64, current_timestamp int64, secret string, userCache Cache, userDB NoSQLDatabase, socialGraphService socialnetwork.SocialGraphService}) ---> depends on: {socialnetwork.UserServiceImpl struct{machine_id string, counter 0 int, current_timestamp int64, secret string, userCache Cache, userDB NoSQLDatabase, socialGraphService socialnetwork.SocialGraphService}}
	 [1] ctx context.Context ---> depends on: {}
	 [2] reqID int64 ---> depends on: {}
	 [3] username string ---> depends on: {}
	 [4] user_id int64 ---> depends on: {int64}
	 [5] user socialnetwork.User struct{UserID int64, FirstName string, LastName string, Username string, PwdHashed string, Salt string} ---> depends on: {UserID int64}
	 [6] collection NoSQLCollection {database = user, collection = user} ---> depends on: {}
	 [7] err .error ---> depends on: {}
	 [8] query primitive.D ---> depends on: {struct{ string,  "username" string,  string}}
	 [9] res NoSQLCursor {database = user, collection = user} ---> depends on: {user socialnetwork.User struct{UserID int64, FirstName string, LastName string, Username string, PwdHashed string, Salt string}}
	 [10] err .error ---> depends on: {}

[BLOCK, #7, IfDone] NODES = [*ast.AssignStmt, *ast.BinaryExpr]; SUCCS = [Block #9, Block #10]
	 [0] u (*socialnetwork.UserServiceImpl struct{machine_id string, counter int64, current_timestamp int64, secret string, userCache Cache, userDB NoSQLDatabase, socialGraphService socialnetwork.SocialGraphService}) ---> depends on: {socialnetwork.UserServiceImpl struct{machine_id string, counter 0 int, current_timestamp int64, secret string, userCache Cache, userDB NoSQLDatabase, socialGraphService socialnetwork.SocialGraphService}}
	 [1] ctx context.Context ---> depends on: {}
	 [2] reqID int64 ---> depends on: {}
	 [3] username string ---> depends on: {}
	 [4] user_id int64 ---> depends on: {int64}
	 [5] user socialnetwork.User struct{UserID int64, FirstName string, LastName string, Username string, PwdHashed string, Salt string} ---> depends on: {UserID int64}
	 [6] collection NoSQLCollection {database = user, collection = user} ---> depends on: {}
	 [7] err .error ---> depends on: {}
	 [8] query primitive.D ---> depends on: {struct{ string,  "username" string,  string}}
	 [9] res NoSQLCursor {database = user, collection = user} ---> depends on: {user socialnetwork.User struct{UserID int64, FirstName string, LastName string, Username string, PwdHashed string, Salt string}}
	 [10] err .error ---> depends on: {}
	 [11] exists bool ---> depends on: {}
	 [12] err .error ---> depends on: {}

[BLOCK, #9, IfThen] NODES = [*ast.ReturnStmt]; SUCCS = []
	 [0] u (*socialnetwork.UserServiceImpl struct{machine_id string, counter int64, current_timestamp int64, secret string, userCache Cache, userDB NoSQLDatabase, socialGraphService socialnetwork.SocialGraphService}) ---> depends on: {socialnetwork.UserServiceImpl struct{machine_id string, counter 0 int, current_timestamp int64, secret string, userCache Cache, userDB NoSQLDatabase, socialGraphService socialnetwork.SocialGraphService}}
	 [1] ctx context.Context ---> depends on: {}
	 [2] reqID int64 ---> depends on: {}
	 [3] username string ---> depends on: {}
	 [4] user_id int64 ---> depends on: {int64}
	 [5] user socialnetwork.User struct{UserID int64, FirstName string, LastName string, Username string, PwdHashed string, Salt string} ---> depends on: {UserID int64}
	 [6] collection NoSQLCollection {database = user, collection = user} ---> depends on: {}
	 [7] err .error ---> depends on: {}
	 [8] query primitive.D ---> depends on: {struct{ string,  "username" string,  string}}
	 [9] res NoSQLCursor {database = user, collection = user} ---> depends on: {user socialnetwork.User struct{UserID int64, FirstName string, LastName string, Username string, PwdHashed string, Salt string}}
	 [10] err .error ---> depends on: {}
	 [11] exists bool ---> depends on: {}
	 [12] err .error ---> depends on: {}

[BLOCK, #10, IfDone] NODES = [*ast.UnaryExpr]; SUCCS = [Block #12, Block #13]
	 [0] u (*socialnetwork.UserServiceImpl struct{machine_id string, counter int64, current_timestamp int64, secret string, userCache Cache, userDB NoSQLDatabase, socialGraphService socialnetwork.SocialGraphService}) ---> depends on: {socialnetwork.UserServiceImpl struct{machine_id string, counter 0 int, current_timestamp int64, secret string, userCache Cache, userDB NoSQLDatabase, socialGraphService socialnetwork.SocialGraphService}}
	 [1] ctx context.Context ---> depends on: {}
	 [2] reqID int64 ---> depends on: {}
	 [3] username string ---> depends on: {}
	 [4] user_id int64 ---> depends on: {int64}
	 [5] user socialnetwork.User struct{UserID int64, FirstName string, LastName string, Username string, PwdHashed string, Salt string} ---> depends on: {UserID int64}
	 [6] collection NoSQLCollection {database = user, collection = user} ---> depends on: {}
	 [7] err .error ---> depends on: {}
	 [8] query primitive.D ---> depends on: {struct{ string,  "username" string,  string}}
	 [9] res NoSQLCursor {database = user, collection = user} ---> depends on: {user socialnetwork.User struct{UserID int64, FirstName string, LastName string, Username string, PwdHashed string, Salt string}}
	 [10] err .error ---> depends on: {}
	 [11] exists bool ---> depends on: {}
	 [12] err .error ---> depends on: {}

[BLOCK, #12, IfThen] NODES = [*ast.ReturnStmt]; SUCCS = []
	 [0] u (*socialnetwork.UserServiceImpl struct{machine_id string, counter int64, current_timestamp int64, secret string, userCache Cache, userDB NoSQLDatabase, socialGraphService socialnetwork.SocialGraphService}) ---> depends on: {socialnetwork.UserServiceImpl struct{machine_id string, counter 0 int, current_timestamp int64, secret string, userCache Cache, userDB NoSQLDatabase, socialGraphService socialnetwork.SocialGraphService}}
	 [1] ctx context.Context ---> depends on: {}
	 [2] reqID int64 ---> depends on: {}
	 [3] username string ---> depends on: {}
	 [4] user_id int64 ---> depends on: {int64}
	 [5] user socialnetwork.User struct{UserID int64, FirstName string, LastName string, Username string, PwdHashed string, Salt string} ---> depends on: {UserID int64}
	 [6] collection NoSQLCollection {database = user, collection = user} ---> depends on: {}
	 [7] err .error ---> depends on: {}
	 [8] query primitive.D ---> depends on: {struct{ string,  "username" string,  string}}
	 [9] res NoSQLCursor {database = user, collection = user} ---> depends on: {user socialnetwork.User struct{UserID int64, FirstName string, LastName string, Username string, PwdHashed string, Salt string}}
	 [10] err .error ---> depends on: {}
	 [11] exists bool ---> depends on: {}
	 [12] err .error ---> depends on: {}

[BLOCK, #13, IfDone] NODES = [*ast.AssignStmt, *ast.AssignStmt, *ast.BinaryExpr]; SUCCS = [Block #15, Block #16]
	 [0] u (*socialnetwork.UserServiceImpl struct{machine_id string, counter int64, current_timestamp int64, secret string, userCache Cache, userDB NoSQLDatabase, socialGraphService socialnetwork.SocialGraphService}) ---> depends on: {socialnetwork.UserServiceImpl struct{machine_id string, counter 0 int, current_timestamp int64, secret string, userCache Cache, userDB NoSQLDatabase, socialGraphService socialnetwork.SocialGraphService}}
	 [1] ctx context.Context ---> depends on: {}
	 [2] reqID int64 ---> depends on: {}
	 [3] username string ---> depends on: {}
	 [4] user_id int64 ---> depends on: {int64}
	 [5] user socialnetwork.User struct{UserID int64, FirstName string, LastName string, Username string, PwdHashed string, Salt string} ---> depends on: {UserID int64}
	 [6] collection NoSQLCollection {database = user, collection = user} ---> depends on: {}
	 [7] err .error ---> depends on: {}
	 [8] query primitive.D ---> depends on: {struct{ string,  "username" string,  string}}
	 [9] res NoSQLCursor {database = user, collection = user} ---> depends on: {user socialnetwork.User struct{UserID int64, FirstName string, LastName string, Username string, PwdHashed string, Salt string}}
	 [10] err .error ---> depends on: {}
	 [11] exists bool ---> depends on: {}
	 [12] err .error ---> depends on: {}
	 [13] user_id int64 ---> depends on: {UserID int64, int64}
	 [14] err .error ---> depends on: {}

[BLOCK, #15, IfThen] NODES = [*ast.ReturnStmt]; SUCCS = []
	 [0] u (*socialnetwork.UserServiceImpl struct{machine_id string, counter int64, current_timestamp int64, secret string, userCache Cache, userDB NoSQLDatabase, socialGraphService socialnetwork.SocialGraphService}) ---> depends on: {socialnetwork.UserServiceImpl struct{machine_id string, counter 0 int, current_timestamp int64, secret string, userCache Cache, userDB NoSQLDatabase, socialGraphService socialnetwork.SocialGraphService}}
	 [1] ctx context.Context ---> depends on: {}
	 [2] reqID int64 ---> depends on: {}
	 [3] username string ---> depends on: {}
	 [4] user_id int64 ---> depends on: {int64}
	 [5] user socialnetwork.User struct{UserID int64, FirstName string, LastName string, Username string, PwdHashed string, Salt string} ---> depends on: {UserID int64}
	 [6] collection NoSQLCollection {database = user, collection = user} ---> depends on: {}
	 [7] err .error ---> depends on: {}
	 [8] query primitive.D ---> depends on: {struct{ string,  "username" string,  string}}
	 [9] res NoSQLCursor {database = user, collection = user} ---> depends on: {user socialnetwork.User struct{UserID int64, FirstName string, LastName string, Username string, PwdHashed string, Salt string}}
	 [10] err .error ---> depends on: {}
	 [11] exists bool ---> depends on: {}
	 [12] err .error ---> depends on: {}
	 [13] user_id int64 ---> depends on: {UserID int64, int64}
	 [14] err .error ---> depends on: {}

[BLOCK, #16, IfDone] NODES = []; SUCCS = [Block #2]
	 [0] u (*socialnetwork.UserServiceImpl struct{machine_id string, counter int64, current_timestamp int64, secret string, userCache Cache, userDB NoSQLDatabase, socialGraphService socialnetwork.SocialGraphService}) ---> depends on: {socialnetwork.UserServiceImpl struct{machine_id string, counter 0 int, current_timestamp int64, secret string, userCache Cache, userDB NoSQLDatabase, socialGraphService socialnetwork.SocialGraphService}}
	 [1] ctx context.Context ---> depends on: {}
	 [2] reqID int64 ---> depends on: {}
	 [3] username string ---> depends on: {}
	 [4] user_id int64 ---> depends on: {int64}
	 [5] user socialnetwork.User struct{UserID int64, FirstName string, LastName string, Username string, PwdHashed string, Salt string} ---> depends on: {UserID int64}
	 [6] collection NoSQLCollection {database = user, collection = user} ---> depends on: {}
	 [7] err .error ---> depends on: {}
	 [8] query primitive.D ---> depends on: {struct{ string,  "username" string,  string}}
	 [9] res NoSQLCursor {database = user, collection = user} ---> depends on: {user socialnetwork.User struct{UserID int64, FirstName string, LastName string, Username string, PwdHashed string, Salt string}}
	 [10] err .error ---> depends on: {}
	 [11] exists bool ---> depends on: {}
	 [12] err .error ---> depends on: {}
	 [13] user_id int64 ---> depends on: {UserID int64, int64}
	 [14] err .error ---> depends on: {}

[BLOCK, #2, IfDone] NODES = [*ast.ReturnStmt]; SUCCS = []
	 [0] u (*socialnetwork.UserServiceImpl struct{machine_id string, counter int64, current_timestamp int64, secret string, userCache Cache, userDB NoSQLDatabase, socialGraphService socialnetwork.SocialGraphService}) ---> depends on: {socialnetwork.UserServiceImpl struct{machine_id string, counter 0 int, current_timestamp int64, secret string, userCache Cache, userDB NoSQLDatabase, socialGraphService socialnetwork.SocialGraphService}}
	 [1] ctx context.Context ---> depends on: {}
	 [2] reqID int64 ---> depends on: {}
	 [3] username string ---> depends on: {}
	 [4] user_id int64 ---> depends on: {int64}
	 [5] u (*socialnetwork.UserServiceImpl struct{machine_id string, counter int64, current_timestamp int64, secret string, userCache Cache, userDB NoSQLDatabase, socialGraphService socialnetwork.SocialGraphService}) ---> depends on: {socialnetwork.UserServiceImpl struct{machine_id string, counter 0 int, current_timestamp int64, secret string, userCache Cache, userDB NoSQLDatabase, socialGraphService socialnetwork.SocialGraphService}}
	 [6] ctx context.Context ---> depends on: {}
	 [7] reqID int64 ---> depends on: {}
	 [8] username string ---> depends on: {}
	 [9] user_id int64 ---> depends on: {int64}
	 [10] user socialnetwork.User struct{UserID int64, FirstName string, LastName string, Username string, PwdHashed string, Salt string} ---> depends on: {UserID int64}
	 [11] collection NoSQLCollection {database = user, collection = user} ---> depends on: {}
	 [12] err .error ---> depends on: {}
	 [13] query primitive.D ---> depends on: {struct{ string,  "username" string,  string}}
	 [14] res NoSQLCursor {database = user, collection = user} ---> depends on: {user socialnetwork.User struct{UserID int64, FirstName string, LastName string, Username string, PwdHashed string, Salt string}}
	 [15] err .error ---> depends on: {}
	 [16] exists bool ---> depends on: {}
	 [17] err .error ---> depends on: {}
	 [18] user_id int64 ---> depends on: {UserID int64, int64}
	 [19] err .error ---> depends on: {}

