[BLOCK, #0, Body] NODES = [*ast.AssignStmt, *ast.AssignStmt, *ast.AssignStmt, *ast.BinaryExpr]; SUCCS = [Block #1, Block #3]
	 [0] u (*socialnetwork.UserServiceImpl struct{machine_id string, counter int64, current_timestamp int64, secret string, userCache Cache, userDB NoSQLDatabase, socialGraphService socialnetwork.SocialGraphService}) ---> depends on: {socialnetwork.UserServiceImpl struct{machine_id string, counter 0 int, current_timestamp int64, secret string, userCache Cache, userDB NoSQLDatabase, socialGraphService socialnetwork.SocialGraphService}}
	 [1] ctx context.Context ---> depends on: {}
	 [2] reqID int64 ---> depends on: {}
	 [3] firstName string ---> depends on: {}
	 [4] lastName string ---> depends on: {}
	 [5] username string ---> depends on: {}
	 [6] password string ---> depends on: {}
	 [7] timestamp int64 ---> depends on: {}
	 [8] idx int64 ---> depends on: {}
	 [9] timestamp_hex string ---> depends on: {timestamp int64, 16 int, timestamp int64, 16 int}

[BLOCK, #1, IfThen] NODES = [*ast.AssignStmt]; SUCCS = [Block #2]
	 [0] u (*socialnetwork.UserServiceImpl struct{machine_id string, counter int64, current_timestamp int64, secret string, userCache Cache, userDB NoSQLDatabase, socialGraphService socialnetwork.SocialGraphService}) ---> depends on: {socialnetwork.UserServiceImpl struct{machine_id string, counter 0 int, current_timestamp int64, secret string, userCache Cache, userDB NoSQLDatabase, socialGraphService socialnetwork.SocialGraphService}}
	 [1] ctx context.Context ---> depends on: {}
	 [2] reqID int64 ---> depends on: {}
	 [3] firstName string ---> depends on: {}
	 [4] lastName string ---> depends on: {}
	 [5] username string ---> depends on: {}
	 [6] password string ---> depends on: {}
	 [7] timestamp int64 ---> depends on: {}
	 [8] idx int64 ---> depends on: {}
	 [9] timestamp_hex string ---> depends on: {timestamp int64, 16 int, timestamp int64, 16 int}
	 [10] timestamp_hex string ---> depends on: {}

[BLOCK, #2, IfDone] NODES = [*ast.AssignStmt, *ast.BinaryExpr]; SUCCS = [Block #6, Block #8]
	 [0] u (*socialnetwork.UserServiceImpl struct{machine_id string, counter int64, current_timestamp int64, secret string, userCache Cache, userDB NoSQLDatabase, socialGraphService socialnetwork.SocialGraphService}) ---> depends on: {socialnetwork.UserServiceImpl struct{machine_id string, counter 0 int, current_timestamp int64, secret string, userCache Cache, userDB NoSQLDatabase, socialGraphService socialnetwork.SocialGraphService}}
	 [1] ctx context.Context ---> depends on: {}
	 [2] reqID int64 ---> depends on: {}
	 [3] firstName string ---> depends on: {}
	 [4] lastName string ---> depends on: {}
	 [5] username string ---> depends on: {}
	 [6] password string ---> depends on: {}
	 [7] timestamp int64 ---> depends on: {}
	 [8] idx int64 ---> depends on: {}
	 [9] timestamp_hex string ---> depends on: {timestamp int64, 16 int, timestamp int64, 16 int}
	 [10] timestamp_hex string ---> depends on: {}
	 [11] u (*socialnetwork.UserServiceImpl struct{machine_id string, counter int64, current_timestamp int64, secret string, userCache Cache, userDB NoSQLDatabase, socialGraphService socialnetwork.SocialGraphService}) ---> depends on: {socialnetwork.UserServiceImpl struct{machine_id string, counter 0 int, current_timestamp int64, secret string, userCache Cache, userDB NoSQLDatabase, socialGraphService socialnetwork.SocialGraphService}}
	 [12] ctx context.Context ---> depends on: {}
	 [13] reqID int64 ---> depends on: {}
	 [14] firstName string ---> depends on: {}
	 [15] lastName string ---> depends on: {}
	 [16] username string ---> depends on: {}
	 [17] password string ---> depends on: {}
	 [18] timestamp int64 ---> depends on: {}
	 [19] idx int64 ---> depends on: {}
	 [20] timestamp_hex string ---> depends on: {timestamp int64, 16 int, timestamp int64, 16 int}
	 [21] timestamp_hex string ---> depends on: {}
	 [22] counter_hex string ---> depends on: {idx int64, 16 int, idx int64, 16 int}

[BLOCK, #6, IfThen] NODES = [*ast.AssignStmt]; SUCCS = [Block #7]
	 [0] u (*socialnetwork.UserServiceImpl struct{machine_id string, counter int64, current_timestamp int64, secret string, userCache Cache, userDB NoSQLDatabase, socialGraphService socialnetwork.SocialGraphService}) ---> depends on: {socialnetwork.UserServiceImpl struct{machine_id string, counter 0 int, current_timestamp int64, secret string, userCache Cache, userDB NoSQLDatabase, socialGraphService socialnetwork.SocialGraphService}}
	 [1] ctx context.Context ---> depends on: {}
	 [2] reqID int64 ---> depends on: {}
	 [3] firstName string ---> depends on: {}
	 [4] lastName string ---> depends on: {}
	 [5] username string ---> depends on: {}
	 [6] password string ---> depends on: {}
	 [7] timestamp int64 ---> depends on: {}
	 [8] idx int64 ---> depends on: {}
	 [9] timestamp_hex string ---> depends on: {timestamp int64, 16 int, timestamp int64, 16 int}
	 [10] timestamp_hex string ---> depends on: {}
	 [11] counter_hex string ---> depends on: {idx int64, 16 int, idx int64, 16 int}
	 [12] counter_hex string ---> depends on: {}

[BLOCK, #7, IfDone] NODES = [*ast.AssignStmt, *ast.AssignStmt, *ast.BinaryExpr]; SUCCS = [Block #11, Block #12]
	 [0] u (*socialnetwork.UserServiceImpl struct{machine_id string, counter int64, current_timestamp int64, secret string, userCache Cache, userDB NoSQLDatabase, socialGraphService socialnetwork.SocialGraphService}) ---> depends on: {socialnetwork.UserServiceImpl struct{machine_id string, counter 0 int, current_timestamp int64, secret string, userCache Cache, userDB NoSQLDatabase, socialGraphService socialnetwork.SocialGraphService}}
	 [1] ctx context.Context ---> depends on: {}
	 [2] reqID int64 ---> depends on: {}
	 [3] firstName string ---> depends on: {}
	 [4] lastName string ---> depends on: {}
	 [5] username string ---> depends on: {}
	 [6] password string ---> depends on: {}
	 [7] timestamp int64 ---> depends on: {}
	 [8] idx int64 ---> depends on: {}
	 [9] timestamp_hex string ---> depends on: {timestamp int64, 16 int, timestamp int64, 16 int}
	 [10] timestamp_hex string ---> depends on: {timestamp_hex string}
	 [11] counter_hex string ---> depends on: {idx int64, 16 int, idx int64, 16 int}
	 [12] counter_hex string ---> depends on: {}
	 [13] u (*socialnetwork.UserServiceImpl struct{machine_id string, counter int64, current_timestamp int64, secret string, userCache Cache, userDB NoSQLDatabase, socialGraphService socialnetwork.SocialGraphService}) ---> depends on: {socialnetwork.UserServiceImpl struct{machine_id string, counter 0 int, current_timestamp int64, secret string, userCache Cache, userDB NoSQLDatabase, socialGraphService socialnetwork.SocialGraphService}}
	 [14] ctx context.Context ---> depends on: {}
	 [15] reqID int64 ---> depends on: {}
	 [16] firstName string ---> depends on: {}
	 [17] lastName string ---> depends on: {}
	 [18] username string ---> depends on: {}
	 [19] password string ---> depends on: {}
	 [20] timestamp int64 ---> depends on: {}
	 [21] idx int64 ---> depends on: {}
	 [22] timestamp_hex string ---> depends on: {timestamp int64, 16 int, timestamp int64, 16 int}
	 [23] timestamp_hex string ---> depends on: {timestamp_hex string}
	 [24] counter_hex string ---> depends on: {idx int64, 16 int, idx int64, 16 int}
	 [25] counter_hex string ---> depends on: {}
	 [26] user_id_str string ---> depends on: {}
	 [27] user_id int64 ---> depends on: {user_id_str string, 16 int, 64 int, user_id_str string, 16 int, 64 int}
	 [28] err .error ---> depends on: {user_id_str string, 16 int, 64 int}

[BLOCK, #11, IfThen] NODES = [*ast.ReturnStmt]; SUCCS = []
	 [0] u (*socialnetwork.UserServiceImpl struct{machine_id string, counter int64, current_timestamp int64, secret string, userCache Cache, userDB NoSQLDatabase, socialGraphService socialnetwork.SocialGraphService}) ---> depends on: {socialnetwork.UserServiceImpl struct{machine_id string, counter 0 int, current_timestamp int64, secret string, userCache Cache, userDB NoSQLDatabase, socialGraphService socialnetwork.SocialGraphService}}
	 [1] ctx context.Context ---> depends on: {}
	 [2] reqID int64 ---> depends on: {}
	 [3] firstName string ---> depends on: {}
	 [4] lastName string ---> depends on: {}
	 [5] username string ---> depends on: {}
	 [6] password string ---> depends on: {}
	 [7] timestamp int64 ---> depends on: {}
	 [8] idx int64 ---> depends on: {}
	 [9] timestamp_hex string ---> depends on: {timestamp int64, 16 int, timestamp int64, 16 int}
	 [10] timestamp_hex string ---> depends on: {}
	 [11] counter_hex string ---> depends on: {idx int64, 16 int, idx int64, 16 int}
	 [12] counter_hex string ---> depends on: {}
	 [13] user_id_str string ---> depends on: {}
	 [14] user_id int64 ---> depends on: {user_id_str string, 16 int, 64 int, user_id_str string, 16 int, 64 int}
	 [15] err .error ---> depends on: {user_id_str string, 16 int, 64 int}

[BLOCK, #12, IfDone] NODES = [*ast.AssignStmt, *ast.ReturnStmt]; SUCCS = []
	 [0] u (*socialnetwork.UserServiceImpl struct{machine_id string, counter int64, current_timestamp int64, secret string, userCache Cache, userDB NoSQLDatabase, socialGraphService socialnetwork.SocialGraphService}) ---> depends on: {socialnetwork.UserServiceImpl struct{machine_id string, counter 0 int, current_timestamp int64, secret string, userCache Cache, userDB NoSQLDatabase, socialGraphService socialnetwork.SocialGraphService}}
	 [1] ctx context.Context ---> depends on: {}
	 [2] reqID int64 ---> depends on: {}
	 [3] firstName string ---> depends on: {}
	 [4] lastName string ---> depends on: {}
	 [5] username string ---> depends on: {}
	 [6] password string ---> depends on: {}
	 [7] timestamp int64 ---> depends on: {}
	 [8] idx int64 ---> depends on: {}
	 [9] timestamp_hex string ---> depends on: {timestamp int64, 16 int, timestamp int64, 16 int}
	 [10] timestamp_hex string ---> depends on: {timestamp_hex string}
	 [11] counter_hex string ---> depends on: {idx int64, 16 int, idx int64, 16 int}
	 [12] counter_hex string ---> depends on: {counter_hex string}
	 [13] user_id_str string ---> depends on: {}
	 [14] user_id int64 ---> depends on: {user_id_str string, 16 int, 64 int, user_id_str string, 16 int, 64 int}
	 [15] err .error ---> depends on: {user_id_str string, 16 int, 64 int}
	 [16] user_id 0x7FFFFFFFFFFFFFFF  ---> depends on: {user_id int64, 0x7FFFFFFFFFFFFFFF int}

[BLOCK, #8, IfElse] NODES = [*ast.BinaryExpr]; SUCCS = [Block #9, Block #10]
	 [0] u (*socialnetwork.UserServiceImpl struct{machine_id string, counter int64, current_timestamp int64, secret string, userCache Cache, userDB NoSQLDatabase, socialGraphService socialnetwork.SocialGraphService}) ---> depends on: {socialnetwork.UserServiceImpl struct{machine_id string, counter 0 int, current_timestamp int64, secret string, userCache Cache, userDB NoSQLDatabase, socialGraphService socialnetwork.SocialGraphService}}
	 [1] ctx context.Context ---> depends on: {}
	 [2] reqID int64 ---> depends on: {}
	 [3] firstName string ---> depends on: {}
	 [4] lastName string ---> depends on: {}
	 [5] username string ---> depends on: {}
	 [6] password string ---> depends on: {}
	 [7] timestamp int64 ---> depends on: {}
	 [8] idx int64 ---> depends on: {}
	 [9] timestamp_hex string ---> depends on: {timestamp int64, 16 int, timestamp int64, 16 int}
	 [10] timestamp_hex string ---> depends on: {}
	 [11] counter_hex string ---> depends on: {idx int64, 16 int, idx int64, 16 int}

[BLOCK, #9, IfThen] NODES = [*ast.AssignStmt]; SUCCS = [Block #10]
	 [0] u (*socialnetwork.UserServiceImpl struct{machine_id string, counter int64, current_timestamp int64, secret string, userCache Cache, userDB NoSQLDatabase, socialGraphService socialnetwork.SocialGraphService}) ---> depends on: {socialnetwork.UserServiceImpl struct{machine_id string, counter 0 int, current_timestamp int64, secret string, userCache Cache, userDB NoSQLDatabase, socialGraphService socialnetwork.SocialGraphService}}
	 [1] ctx context.Context ---> depends on: {}
	 [2] reqID int64 ---> depends on: {}
	 [3] firstName string ---> depends on: {}
	 [4] lastName string ---> depends on: {}
	 [5] username string ---> depends on: {}
	 [6] password string ---> depends on: {}
	 [7] timestamp int64 ---> depends on: {}
	 [8] idx int64 ---> depends on: {}
	 [9] timestamp_hex string ---> depends on: {timestamp int64, 16 int, timestamp int64, 16 int}
	 [10] timestamp_hex string ---> depends on: {}
	 [11] counter_hex string ---> depends on: {idx int64, 16 int, idx int64, 16 int}
	 [12] counter_hex string ---> depends on: {}

[BLOCK, #10, IfDone] NODES = []; SUCCS = [Block #7]
	 [0] u (*socialnetwork.UserServiceImpl struct{machine_id string, counter int64, current_timestamp int64, secret string, userCache Cache, userDB NoSQLDatabase, socialGraphService socialnetwork.SocialGraphService}) ---> depends on: {socialnetwork.UserServiceImpl struct{machine_id string, counter 0 int, current_timestamp int64, secret string, userCache Cache, userDB NoSQLDatabase, socialGraphService socialnetwork.SocialGraphService}}
	 [1] ctx context.Context ---> depends on: {}
	 [2] reqID int64 ---> depends on: {}
	 [3] firstName string ---> depends on: {}
	 [4] lastName string ---> depends on: {}
	 [5] username string ---> depends on: {}
	 [6] password string ---> depends on: {}
	 [7] timestamp int64 ---> depends on: {}
	 [8] idx int64 ---> depends on: {}
	 [9] timestamp_hex string ---> depends on: {timestamp int64, 16 int, timestamp int64, 16 int}
	 [10] timestamp_hex string ---> depends on: {timestamp_hex string}
	 [11] counter_hex string ---> depends on: {idx int64, 16 int, idx int64, 16 int}
	 [12] u (*socialnetwork.UserServiceImpl struct{machine_id string, counter int64, current_timestamp int64, secret string, userCache Cache, userDB NoSQLDatabase, socialGraphService socialnetwork.SocialGraphService}) ---> depends on: {socialnetwork.UserServiceImpl struct{machine_id string, counter 0 int, current_timestamp int64, secret string, userCache Cache, userDB NoSQLDatabase, socialGraphService socialnetwork.SocialGraphService}}
	 [13] ctx context.Context ---> depends on: {}
	 [14] reqID int64 ---> depends on: {}
	 [15] firstName string ---> depends on: {}
	 [16] lastName string ---> depends on: {}
	 [17] username string ---> depends on: {}
	 [18] password string ---> depends on: {}
	 [19] timestamp int64 ---> depends on: {}
	 [20] idx int64 ---> depends on: {}
	 [21] timestamp_hex string ---> depends on: {timestamp int64, 16 int, timestamp int64, 16 int}
	 [22] timestamp_hex string ---> depends on: {timestamp_hex string}
	 [23] counter_hex string ---> depends on: {idx int64, 16 int, idx int64, 16 int}
	 [24] counter_hex string ---> depends on: {}

[BLOCK, #3, IfElse] NODES = [*ast.BinaryExpr]; SUCCS = [Block #4, Block #5]
	 [0] u (*socialnetwork.UserServiceImpl struct{machine_id string, counter int64, current_timestamp int64, secret string, userCache Cache, userDB NoSQLDatabase, socialGraphService socialnetwork.SocialGraphService}) ---> depends on: {socialnetwork.UserServiceImpl struct{machine_id string, counter 0 int, current_timestamp int64, secret string, userCache Cache, userDB NoSQLDatabase, socialGraphService socialnetwork.SocialGraphService}}
	 [1] ctx context.Context ---> depends on: {}
	 [2] reqID int64 ---> depends on: {}
	 [3] firstName string ---> depends on: {}
	 [4] lastName string ---> depends on: {}
	 [5] username string ---> depends on: {}
	 [6] password string ---> depends on: {}
	 [7] timestamp int64 ---> depends on: {}
	 [8] idx int64 ---> depends on: {}
	 [9] timestamp_hex string ---> depends on: {timestamp int64, 16 int, timestamp int64, 16 int}

[BLOCK, #4, IfThen] NODES = [*ast.AssignStmt]; SUCCS = [Block #5]
	 [0] u (*socialnetwork.UserServiceImpl struct{machine_id string, counter int64, current_timestamp int64, secret string, userCache Cache, userDB NoSQLDatabase, socialGraphService socialnetwork.SocialGraphService}) ---> depends on: {socialnetwork.UserServiceImpl struct{machine_id string, counter 0 int, current_timestamp int64, secret string, userCache Cache, userDB NoSQLDatabase, socialGraphService socialnetwork.SocialGraphService}}
	 [1] ctx context.Context ---> depends on: {}
	 [2] reqID int64 ---> depends on: {}
	 [3] firstName string ---> depends on: {}
	 [4] lastName string ---> depends on: {}
	 [5] username string ---> depends on: {}
	 [6] password string ---> depends on: {}
	 [7] timestamp int64 ---> depends on: {}
	 [8] idx int64 ---> depends on: {}
	 [9] timestamp_hex string ---> depends on: {timestamp int64, 16 int, timestamp int64, 16 int}
	 [10] timestamp_hex string ---> depends on: {}

[BLOCK, #5, IfDone] NODES = []; SUCCS = [Block #2]
	 [0] u (*socialnetwork.UserServiceImpl struct{machine_id string, counter int64, current_timestamp int64, secret string, userCache Cache, userDB NoSQLDatabase, socialGraphService socialnetwork.SocialGraphService}) ---> depends on: {socialnetwork.UserServiceImpl struct{machine_id string, counter 0 int, current_timestamp int64, secret string, userCache Cache, userDB NoSQLDatabase, socialGraphService socialnetwork.SocialGraphService}}
	 [1] ctx context.Context ---> depends on: {}
	 [2] reqID int64 ---> depends on: {}
	 [3] firstName string ---> depends on: {}
	 [4] lastName string ---> depends on: {}
	 [5] username string ---> depends on: {}
	 [6] password string ---> depends on: {}
	 [7] timestamp int64 ---> depends on: {}
	 [8] idx int64 ---> depends on: {}
	 [9] timestamp_hex string ---> depends on: {timestamp int64, 16 int, timestamp int64, 16 int}
	 [10] u (*socialnetwork.UserServiceImpl struct{machine_id string, counter int64, current_timestamp int64, secret string, userCache Cache, userDB NoSQLDatabase, socialGraphService socialnetwork.SocialGraphService}) ---> depends on: {socialnetwork.UserServiceImpl struct{machine_id string, counter 0 int, current_timestamp int64, secret string, userCache Cache, userDB NoSQLDatabase, socialGraphService socialnetwork.SocialGraphService}}
	 [11] ctx context.Context ---> depends on: {}
	 [12] reqID int64 ---> depends on: {}
	 [13] firstName string ---> depends on: {}
	 [14] lastName string ---> depends on: {}
	 [15] username string ---> depends on: {}
	 [16] password string ---> depends on: {}
	 [17] timestamp int64 ---> depends on: {}
	 [18] idx int64 ---> depends on: {}
	 [19] timestamp_hex string ---> depends on: {timestamp int64, 16 int, timestamp int64, 16 int}
	 [20] timestamp_hex string ---> depends on: {}

