[BLOCK, #0, Body] NODES = [*ast.BinaryExpr]; SUCCS = [Block #1, Block #2]
	 [0] w (*socialnetwork.Wrk2APIServiceImpl struct{userService socialnetwork.UserService, composePostService socialnetwork.ComposePostService, userTimelineService socialnetwork.UserTimelineService, homeTimelineService socialnetwork.HomeTimelineService, socialGraphService socialnetwork.SocialGraphService}) ---> depends on: {socialnetwork.Wrk2APIServiceImpl struct{userService socialnetwork.UserService, composePostService socialnetwork.ComposePostService, userTimelineService socialnetwork.UserTimelineService, homeTimelineService socialnetwork.HomeTimelineService, socialGraphService socialnetwork.SocialGraphService}}
	 [1] ctx context.Context ---> depends on: {}
	 [2] firstName string ---> depends on: {}
	 [3] lastName string ---> depends on: {}
	 [4] username string ---> depends on: {}
	 [5] password string ---> depends on: {}
	 [6] userId int64 ---> depends on: {}

[BLOCK, #1, IfThen] NODES = [*ast.ReturnStmt]; SUCCS = []
	 [0] w (*socialnetwork.Wrk2APIServiceImpl struct{userService socialnetwork.UserService, composePostService socialnetwork.ComposePostService, userTimelineService socialnetwork.UserTimelineService, homeTimelineService socialnetwork.HomeTimelineService, socialGraphService socialnetwork.SocialGraphService}) ---> depends on: {socialnetwork.Wrk2APIServiceImpl struct{userService socialnetwork.UserService, composePostService socialnetwork.ComposePostService, userTimelineService socialnetwork.UserTimelineService, homeTimelineService socialnetwork.HomeTimelineService, socialGraphService socialnetwork.SocialGraphService}}
	 [1] ctx context.Context ---> depends on: {}
	 [2] firstName string ---> depends on: {}
	 [3] lastName string ---> depends on: {}
	 [4] username string ---> depends on: {}
	 [5] password string ---> depends on: {}
	 [6] userId int64 ---> depends on: {}

[BLOCK, #2, IfDone] NODES = [*ast.AssignStmt, *ast.ReturnStmt]; SUCCS = []
	 [0] w (*socialnetwork.Wrk2APIServiceImpl struct{userService socialnetwork.UserService, composePostService socialnetwork.ComposePostService, userTimelineService socialnetwork.UserTimelineService, homeTimelineService socialnetwork.HomeTimelineService, socialGraphService socialnetwork.SocialGraphService}) ---> depends on: {socialnetwork.Wrk2APIServiceImpl struct{userService socialnetwork.UserService, composePostService socialnetwork.ComposePostService, userTimelineService socialnetwork.UserTimelineService, homeTimelineService socialnetwork.HomeTimelineService, socialGraphService socialnetwork.SocialGraphService}}
	 [1] ctx context.Context ---> depends on: {}
	 [2] firstName string ---> depends on: {}
	 [3] lastName string ---> depends on: {}
	 [4] username string ---> depends on: {}
	 [5] password string ---> depends on: {}
	 [6] userId int64 ---> depends on: {}
	 [7] reqID int64 ---> depends on: {}

