[BLOCK, #0, Body] NODES = [*ast.AssignStmt, *ast.AssignStmt, *ast.AssignStmt, *ast.BinaryExpr]; SUCCS = [Block #1, Block #2]
	 [0] s (*bar.BarServiceImpl struct{barDb NoSQLDatabase}) ---> depends on: {bar.BarServiceImpl struct{barDb NoSQLDatabase}}
	 [1] ctx context.Context ---> depends on: {}
	 [2] text string ---> depends on: {}
	 [3] newText string ---> depends on: {text string}
	 [4] bar bar.Bar struct{ID "id" string, Text string, Flag bool} ---> depends on: {ID "id" string, Text string}
	 [5] collection NoSQLCollection {database = bar, collection = bar} ---> depends on: {}
	 [6] err .error ---> depends on: {}

[BLOCK, #1, IfThen] NODES = [*ast.ReturnStmt]; SUCCS = []
	 [0] s (*bar.BarServiceImpl struct{barDb NoSQLDatabase}) ---> depends on: {bar.BarServiceImpl struct{barDb NoSQLDatabase}}
	 [1] ctx context.Context ---> depends on: {}
	 [2] text string ---> depends on: {}
	 [3] newText string ---> depends on: {text string}
	 [4] bar bar.Bar struct{ID "id" string, Text string, Flag bool} ---> depends on: {ID "id" string, Text string}
	 [5] collection NoSQLCollection {database = bar, collection = bar} ---> depends on: {}
	 [6] err .error ---> depends on: {}

[BLOCK, #2, IfDone] NODES = [*ast.AssignStmt, *ast.BinaryExpr]; SUCCS = [Block #4, Block #5]
	 [0] s (*bar.BarServiceImpl struct{barDb NoSQLDatabase}) ---> depends on: {bar.BarServiceImpl struct{barDb NoSQLDatabase}}
	 [1] ctx context.Context ---> depends on: {}
	 [2] text string ---> depends on: {}
	 [3] newText string ---> depends on: {text string}
	 [4] bar bar.Bar struct{ID "id" string, Text string, Flag bool} ---> depends on: {ID "id" string, Text string}
	 [5] collection NoSQLCollection {database = bar, collection = bar} ---> depends on: {}
	 [6] err .error ---> depends on: {}
	 [7] err .error ---> depends on: {}

[BLOCK, #4, IfThen] NODES = [*ast.ReturnStmt]; SUCCS = []
	 [0] s (*bar.BarServiceImpl struct{barDb NoSQLDatabase}) ---> depends on: {bar.BarServiceImpl struct{barDb NoSQLDatabase}}
	 [1] ctx context.Context ---> depends on: {}
	 [2] text string ---> depends on: {}
	 [3] newText string ---> depends on: {text string}
	 [4] bar bar.Bar struct{ID "id" string, Text string, Flag bool} ---> depends on: {ID "id" string, Text string}
	 [5] collection NoSQLCollection {database = bar, collection = bar} ---> depends on: {}
	 [6] err .error ---> depends on: {}
	 [7] err .error ---> depends on: {}

[BLOCK, #5, IfDone] NODES = [*ast.ReturnStmt]; SUCCS = []
	 [0] s (*bar.BarServiceImpl struct{barDb NoSQLDatabase}) ---> depends on: {bar.BarServiceImpl struct{barDb NoSQLDatabase}}
	 [1] ctx context.Context ---> depends on: {}
	 [2] text string ---> depends on: {}
	 [3] newText string ---> depends on: {text string}
	 [4] bar bar.Bar struct{ID "id" string, Text string, Flag bool} ---> depends on: {ID "id" string, Text string}
	 [5] collection NoSQLCollection {database = bar, collection = bar} ---> depends on: {}
	 [6] err .error ---> depends on: {}
	 [7] err .error ---> depends on: {}

