	Type: analyzer/ssa/pointer-to-analysis/examples-go-simple.Inventory
	Type: analyzer/ssa/pointer-to-analysis/examples-go-simple.Product
	Type: analyzer/ssa/pointer-to-analysis/examples-go-simple.MongoInserter
	Method: &{{%!t(*types.Scope=<nil>) %!t(token.Pos=4346819) %!t(*types.Package=&{analyzer/ssa/pointer-to-analysis/examples-go-simple main 0x1400741ca20 [0x140020e00c0 0x14005f93e00] true false false go1.23.0}) %!t(string=Insert) %!t(*types.Signature=&{<nil> <nil> 0x1400741d080 0x1400741d200 0x14007341b60 0x14007341b78 false}) %!t(uint32=0) %!t(types.color=1) %!t(token.Pos=0)} false %!t(*types.Func=<nil>)} // func(ctx context.Context, document interface{}) error
	Type: analyzer/ssa/pointer-to-analysis/examples-go-simple.MongoDB
	Function: Test
		Block #0: Test.entry
			00: t0 = new Product (complit)
			01: t1 = &t0.ID [#0]
			02: *t1 = 1:int
			03: t2 = new Product (complit)
			04: t3 = &t2.ID [#0]
			05: *t3 = 2:int
			06: t4 = new [2]*Product (slicelit)
			07: t5 = &t4[0:int]
			08: *t5 = t0
			09: t6 = &t4[1:int]
			10: *t6 = t2
			11: t7 = slice t4[:]
			12: t8 = new MongoDB (complit)
			13: t9 = make interface{} <- []*Product (t7)
			14: t10 = (*MongoDB).Insert(t8, ctx, t9)
			15: t11 = i < 10:int
			16: if t11 goto 1 else 3
		Block #1: Test.if.then
			00: t12 = &t0.ID [#0]
			01: *t12 = 50:int
			02: jump 2
		Block #2: Test.if.done
			00: t13 = new Inventory (complit)
			01: t14 = &t13.amount [#0]
			02: *t14 = 10:int
			03: t15 = &t2.InventoryPtr [#2]
			04: *t15 = t13
			05: t16 = local Inventory (complit)
			06: t17 = &t16.amount [#0]
			07: *t17 = 20:int
			08: t18 = *t16
			09: t19 = &t2.InventoryVal [#3]
			10: *t19 = t18
			11: t20 = make interface{} <- *Product (t2)
			12: t21 = (*MongoDB).Insert(t8, ctx, t20)
			13: return
		Block #3: Test.if.else
			00: t22 = &t2.ID [#0]
			01: *t22 = 100:int
			02: jump 2
	Function: main
		Block #0: main.entry
			00: t0 = context.Background()
			01: t1 = Test(t0, 1:int)
			02: return
	Global: init$guard, Type: *bool
	Function: init
		Block #0: init.entry
			00: t0 = *init$guard
			01: if t0 goto 2 else 1
		Block #1: init.init.start
			00: *init$guard = true:bool
			01: t1 = context.init()
			02: t2 = fmt.init()
			03: jump 2
		Block #2: init.init.done
			00: return
