	Function: StoreCart4
		Block #0: StoreCart4.entry
			00: t0 = new MongoDB (complit)
			01: t1 = local Product (prod1)
			02: t2 = &t1.ID [#0]
			03: *t2 = 1:int
			04: t3 = local Product (prod2)
			05: t4 = *t1
			06: *t3 = t4
			07: t5 = &t3.ID [#0]
			08: *t5 = 99:int
			09: t6 = *t3
			10: t7 = (*MongoDB).Insert2(t0, ctx, t6)
			11: return
	Function: StoreCart3
		Block #0: StoreCart3.entry
			00: t0 = new Product (complit)
			01: t1 = &t0.ID [#0]
			02: *t1 = 1:int
			03: t2 = new MongoDB (complit)
			04: t3 = (*MongoDB).Insert3(t2, ctx, t0)
			05: return
	Function: StoreCart2
		Block #0: StoreCart2.entry
			00: t0 = new MongoDB (complit)
			01: t1 = local Product (prod1)
			02: t2 = &t1.ID [#0]
			03: *t2 = 1:int
			04: t3 = *t1
			05: t4 = new [1]Product (varargs)
			06: t5 = &t4[0:int]
			07: *t5 = t3
			08: t6 = slice t4[:]
			09: t7 = append(cart, t6...)
			10: jump 1
		Block #1: StoreCart2.for.loop
			00: t8 = phi [0: 0:int, 5: t22] #i
			01: t9 = len(t7)
			02: t10 = t8 < t9
			03: if t10 goto 2 else 3
		Block #2: StoreCart2.for.body
			00: t11 = &t7[t8]
			01: t12 = &t11.ID [#0]
			02: t13 = *t12
			03: t14 = t13 > 0:int
			04: if t14 goto 4 else 5
		Block #3: StoreCart2.for.done
			00: return
		Block #4: StoreCart2.if.then
			00: t15 = &t7[t8]
			01: t16 = &t15.ID [#0]
			02: *t16 = -1:int
			03: jump 5
		Block #5: StoreCart2.if.done
			00: t17 = *t1
			01: t18 = (*MongoDB).Insert2(t0, ctx, t17)
			02: t19 = &t7[0:int]
			03: t20 = *t19
			04: t21 = (*MongoDB).Insert2(t0, ctx, t20)
			05: t22 = t8 + 1:int
			06: jump 1
	Function: main
		Block #0: main.entry
			00: t0 = context.Background()
			01: t1 = StoreCart(t0, 1:int)
			02: return
	Global: init$guard, Type: *bool
	Function: init
		Block #0: init.entry
			00: t0 = *init$guard
			01: if t0 goto 2 else 1
		Block #1: init.init.start
			00: *init$guard = true:bool
			01: t1 = context.init()
			02: t2 = fmt.init()
			03: jump 2
		Block #2: init.init.done
			00: return
	Type: analyzer/pointer-to-analysis/examples-go.Notification
	Type: analyzer/pointer-to-analysis/examples-go.MongoInserter
	Method: &{{%!t(*types.Scope=<nil>) %!t(token.Pos=4346794) %!t(*types.Package=&{analyzer/pointer-to-analysis/examples-go main 0x140074cd200 [0x14005cfc120 0x1400627be60] true false false go1.23.0}) %!t(string=Insert) %!t(*types.Signature=&{<nil> <nil> 0x140074cdb00 0x140074cdc80 0x14007286480 0x14007286498 false}) %!t(uint32=0) %!t(types.color=1) %!t(token.Pos=0)} false %!t(*types.Func=<nil>)} // func(ctx context.Context, document interface{}) error
	Method: &{{%!t(*types.Scope=<nil>) %!t(token.Pos=4346851) %!t(*types.Package=&{analyzer/pointer-to-analysis/examples-go main 0x140074cd200 [0x14005cfc120 0x1400627be60] true false false go1.23.0}) %!t(string=Insert2) %!t(*types.Signature=&{<nil> <nil> 0x140074cdd40 0x140074cdec0 0x140072864b0 0x140072864c8 false}) %!t(uint32=0) %!t(types.color=1) %!t(token.Pos=0)} false %!t(*types.Func=<nil>)} // func(ctx context.Context, product analyzer/pointer-to-analysis/examples-go.Product) error
	Method: &{{%!t(*types.Scope=<nil>) %!t(token.Pos=4346904) %!t(*types.Package=&{analyzer/pointer-to-analysis/examples-go main 0x140074cd200 [0x14005cfc120 0x1400627be60] true false false go1.23.0}) %!t(string=Insert3) %!t(*types.Signature=&{<nil> <nil> 0x1400752e000 0x1400752e180 0x140072864e0 0x140072864f8 false}) %!t(uint32=0) %!t(types.color=1) %!t(token.Pos=0)} false %!t(*types.Func=<nil>)} // func(ctx context.Context, product *analyzer/pointer-to-analysis/examples-go.Product) error
	Type: analyzer/pointer-to-analysis/examples-go.MongoDB
	Function: StoreCart
		Block #0: StoreCart.entry
			00: t0 = new Product (prod1)
			01: t1 = &t0.ID [#0]
			02: *t1 = 1:int
			03: t2 = new Product (prod2)
			04: t3 = &t2.ID [#0]
			05: *t3 = 2:int
			06: t4 = new [2]*Product (slicelit)
			07: t5 = &t4[0:int]
			08: *t5 = t0
			09: t6 = &t4[1:int]
			10: *t6 = t2
			11: t7 = slice t4[:]
			12: t8 = &t0.ID [#0]
			13: *t8 = 99:int
			14: t9 = i < 10:int
			15: if t9 goto 1 else 2
		Block #1: StoreCart.if.then
			00: t10 = new Product (prod)
			01: t11 = &t10.ID [#0]
			02: *t11 = 5:int
			03: t12 = &t7[1:int]
			04: *t12 = t10
			05: jump 2
		Block #2: StoreCart.if.done
			00: t13 = *t2
			01: t14 = new *Product (prod4ptr)
			02: t15 = new Product (complit)
			03: t16 = &t15.ID [#0]
			04: *t16 = 4:int
			05: *t14 = t15
			06: t17 = *t14
			07: t18 = &t17.ID [#0]
			08: *t18 = -4:int
			09: t19 = local Notification (notif)
			10: t20 = &t19.ProductVal [#1]
			11: t21 = *t0
			12: t22 = &t19.ProductPtr [#2]
			13: *t20 = t21
			14: *t22 = t0
			15: t23 = &t19.ProductVal [#1]
			16: t24 = &t23.Name [#1]
			17: *t24 = "hello_world_1":string
			18: t25 = &t19.ProductPtr [#2]
			19: t26 = *t25
			20: t27 = &t26.Name [#1]
			21: *t27 = "hello_world_2":string
			22: t28 = &t19.ProductPtr [#2]
			23: t29 = *t28
			24: t30 = &t29.Name [#1]
			25: *t30 = "hello_world_22":string
			26: t31 = &t19.ProductVal [#1]
			27: t32 = &t31.Name [#1]
			28: *t32 = "hello_world_11":string
			29: t33 = len(t7)
			30: jump 3
		Block #3: StoreCart.rangeindex.loop
			00: t34 = phi [2: -1:int, 4: t35] #rangeindex
			01: t35 = t34 + 1:int
			02: t36 = t35 < t33
			03: if t36 goto 4 else 5
		Block #4: StoreCart.rangeindex.body
			00: t37 = &t7[t35]
			01: t38 = *t37
			02: t39 = &t38.ID [#0]
			03: *t39 = 100:int
			04: jump 3
		Block #5: StoreCart.rangeindex.done
			00: t40 = new MongoDB (complit)
			01: t41 = make interface{} <- []*Product (t7)
			02: t42 = (*MongoDB).Insert(t40, ctx, t41)
			03: t43 = &t7[0:int]
			04: t44 = *t43
			05: t45 = make interface{} <- *Product (t44)
			06: t46 = (*MongoDB).Insert(t40, ctx, t45)
			07: t47 = make interface{} <- Product (t13)
			08: t48 = (*MongoDB).Insert(t40, ctx, t47)
			09: t49 = make interface{} <- *Product (t17)
			10: t50 = (*MongoDB).Insert(t40, ctx, t49)
			11: t51 = make interface{} <- **Product (t14)
			12: t52 = (*MongoDB).Insert(t40, ctx, t51)
			13: t53 = *t19
			14: t54 = make interface{} <- Notification (t53)
			15: t55 = (*MongoDB).Insert(t40, ctx, t54)
			16: return
	Type: analyzer/pointer-to-analysis/examples-go.Product
