[BLOCK, #0, Body] NODES = [*ast.AssignStmt, *ast.BinaryExpr]; SUCCS = [Block #1, Block #2]
	 [0] c (*consignprice.ConsignPriceServiceImpl struct{db NoSQLDatabase}) ---> depends on: {consignprice.ConsignPriceServiceImpl struct{db NoSQLDatabase}}
	 [1] ctx context.Context ---> depends on: {}
	 [2] coll NoSQLCollection {database = consign, collection = consign} ---> depends on: {}
	 [3] err .error ---> depends on: {}

[BLOCK, #1, IfThen] NODES = [*ast.ReturnStmt]; SUCCS = []
	 [0] c (*consignprice.ConsignPriceServiceImpl struct{db NoSQLDatabase}) ---> depends on: {consignprice.ConsignPriceServiceImpl struct{db NoSQLDatabase}}
	 [1] ctx context.Context ---> depends on: {}
	 [2] coll NoSQLCollection {database = consign, collection = consign} ---> depends on: {}
	 [3] err .error ---> depends on: {}

[BLOCK, #2, IfDone] NODES = [*ast.AssignStmt, *ast.AssignStmt, *ast.BinaryExpr]; SUCCS = [Block #4, Block #5]
	 [0] c (*consignprice.ConsignPriceServiceImpl struct{db NoSQLDatabase}) ---> depends on: {consignprice.ConsignPriceServiceImpl struct{db NoSQLDatabase}}
	 [1] ctx context.Context ---> depends on: {}
	 [2] coll NoSQLCollection {database = consign, collection = consign} ---> depends on: {}
	 [3] err .error ---> depends on: {}
	 [4] query primitive.D ---> depends on: {struct{ 0 int,  "index" string,  0 int}}
	 [5] res NoSQLCursor {database = consign, collection = consign} ---> depends on: {cp consignprice.ConsignPrice struct{ID string, Index int64, InitialWeight float64, InitialPrice float64, WithinPrice float64, BeyondPrice float64}}
	 [6] err .error ---> depends on: {}

[BLOCK, #4, IfThen] NODES = [*ast.ReturnStmt]; SUCCS = []
	 [0] c (*consignprice.ConsignPriceServiceImpl struct{db NoSQLDatabase}) ---> depends on: {consignprice.ConsignPriceServiceImpl struct{db NoSQLDatabase}}
	 [1] ctx context.Context ---> depends on: {}
	 [2] coll NoSQLCollection {database = consign, collection = consign} ---> depends on: {}
	 [3] err .error ---> depends on: {}
	 [4] query primitive.D ---> depends on: {struct{ 0 int,  "index" string,  0 int}}
	 [5] res NoSQLCursor {database = consign, collection = consign} ---> depends on: {cp consignprice.ConsignPrice struct{ID string, Index int64, InitialWeight float64, InitialPrice float64, WithinPrice float64, BeyondPrice float64}}
	 [6] err .error ---> depends on: {}

[BLOCK, #5, IfDone] NODES = [*ast.ValueSpec, *ast.AssignStmt, *ast.BinaryExpr]; SUCCS = [Block #7, Block #8]
	 [0] c (*consignprice.ConsignPriceServiceImpl struct{db NoSQLDatabase}) ---> depends on: {consignprice.ConsignPriceServiceImpl struct{db NoSQLDatabase}}
	 [1] ctx context.Context ---> depends on: {}
	 [2] coll NoSQLCollection {database = consign, collection = consign} ---> depends on: {}
	 [3] err .error ---> depends on: {}
	 [4] query primitive.D ---> depends on: {struct{ 0 int,  "index" string,  0 int}}
	 [5] res NoSQLCursor {database = consign, collection = consign} ---> depends on: {cp consignprice.ConsignPrice struct{ID string, Index int64, InitialWeight float64, InitialPrice float64, WithinPrice float64, BeyondPrice float64}}
	 [6] err .error ---> depends on: {}
	 [7] cp consignprice.ConsignPrice struct{ID string, Index int64, InitialWeight float64, InitialPrice float64, WithinPrice float64, BeyondPrice float64} ---> depends on: {}
	 [8] exists bool ---> depends on: {}
	 [9] err .error ---> depends on: {}

[BLOCK, #7, IfThen] NODES = [*ast.ReturnStmt]; SUCCS = []
	 [0] c (*consignprice.ConsignPriceServiceImpl struct{db NoSQLDatabase}) ---> depends on: {consignprice.ConsignPriceServiceImpl struct{db NoSQLDatabase}}
	 [1] ctx context.Context ---> depends on: {}
	 [2] coll NoSQLCollection {database = consign, collection = consign} ---> depends on: {}
	 [3] err .error ---> depends on: {}
	 [4] query primitive.D ---> depends on: {struct{ 0 int,  "index" string,  0 int}}
	 [5] res NoSQLCursor {database = consign, collection = consign} ---> depends on: {cp consignprice.ConsignPrice struct{ID string, Index int64, InitialWeight float64, InitialPrice float64, WithinPrice float64, BeyondPrice float64}}
	 [6] err .error ---> depends on: {}
	 [7] cp consignprice.ConsignPrice struct{ID string, Index int64, InitialWeight float64, InitialPrice float64, WithinPrice float64, BeyondPrice float64} ---> depends on: {}
	 [8] exists bool ---> depends on: {}
	 [9] err .error ---> depends on: {}

[BLOCK, #8, IfDone] NODES = [*ast.UnaryExpr]; SUCCS = [Block #10, Block #11]
	 [0] c (*consignprice.ConsignPriceServiceImpl struct{db NoSQLDatabase}) ---> depends on: {consignprice.ConsignPriceServiceImpl struct{db NoSQLDatabase}}
	 [1] ctx context.Context ---> depends on: {}
	 [2] coll NoSQLCollection {database = consign, collection = consign} ---> depends on: {}
	 [3] err .error ---> depends on: {}
	 [4] query primitive.D ---> depends on: {struct{ 0 int,  "index" string,  0 int}}
	 [5] res NoSQLCursor {database = consign, collection = consign} ---> depends on: {cp consignprice.ConsignPrice struct{ID string, Index int64, InitialWeight float64, InitialPrice float64, WithinPrice float64, BeyondPrice float64}}
	 [6] err .error ---> depends on: {}
	 [7] cp consignprice.ConsignPrice struct{ID string, Index int64, InitialWeight float64, InitialPrice float64, WithinPrice float64, BeyondPrice float64} ---> depends on: {}
	 [8] exists bool ---> depends on: {}
	 [9] err .error ---> depends on: {}

[BLOCK, #10, IfThen] NODES = [*ast.ReturnStmt]; SUCCS = []
	 [0] c (*consignprice.ConsignPriceServiceImpl struct{db NoSQLDatabase}) ---> depends on: {consignprice.ConsignPriceServiceImpl struct{db NoSQLDatabase}}
	 [1] ctx context.Context ---> depends on: {}
	 [2] coll NoSQLCollection {database = consign, collection = consign} ---> depends on: {}
	 [3] err .error ---> depends on: {}
	 [4] query primitive.D ---> depends on: {struct{ 0 int,  "index" string,  0 int}}
	 [5] res NoSQLCursor {database = consign, collection = consign} ---> depends on: {cp consignprice.ConsignPrice struct{ID string, Index int64, InitialWeight float64, InitialPrice float64, WithinPrice float64, BeyondPrice float64}}
	 [6] err .error ---> depends on: {}
	 [7] cp consignprice.ConsignPrice struct{ID string, Index int64, InitialWeight float64, InitialPrice float64, WithinPrice float64, BeyondPrice float64} ---> depends on: {}
	 [8] exists bool ---> depends on: {}
	 [9] err .error ---> depends on: {}

[BLOCK, #11, IfDone] NODES = [*ast.ReturnStmt]; SUCCS = []
	 [0] c (*consignprice.ConsignPriceServiceImpl struct{db NoSQLDatabase}) ---> depends on: {consignprice.ConsignPriceServiceImpl struct{db NoSQLDatabase}}
	 [1] ctx context.Context ---> depends on: {}
	 [2] coll NoSQLCollection {database = consign, collection = consign} ---> depends on: {}
	 [3] err .error ---> depends on: {}
	 [4] query primitive.D ---> depends on: {struct{ 0 int,  "index" string,  0 int}}
	 [5] res NoSQLCursor {database = consign, collection = consign} ---> depends on: {cp consignprice.ConsignPrice struct{ID string, Index int64, InitialWeight float64, InitialPrice float64, WithinPrice float64, BeyondPrice float64}}
	 [6] err .error ---> depends on: {}
	 [7] cp consignprice.ConsignPrice struct{ID string, Index int64, InitialWeight float64, InitialPrice float64, WithinPrice float64, BeyondPrice float64} ---> depends on: {}
	 [8] exists bool ---> depends on: {}
	 [9] err .error ---> depends on: {}

