[BLOCK, #0, Body] NODES = [*ast.AssignStmt, *ast.BinaryExpr]; SUCCS = [Block #1, Block #2]
	 [0] c (*consignprice.ConsignPriceServiceImpl struct{db NoSQLDatabase}) ---> depends on: {consignprice.ConsignPriceServiceImpl struct{db NoSQLDatabase}}
	 [1] ctx context.Context ---> depends on: {}
	 [2] priceConfig consignprice.ConsignPrice struct{ID string, Index int64, InitialWeight float64, InitialPrice float64, WithinPrice float64, BeyondPrice float64} ---> depends on: {Index int64}
	 [3] coll NoSQLCollection {database = consign, collection = consign} ---> depends on: {}
	 [4] err .error ---> depends on: {}

[BLOCK, #1, IfThen] NODES = [*ast.ReturnStmt]; SUCCS = []
	 [0] c (*consignprice.ConsignPriceServiceImpl struct{db NoSQLDatabase}) ---> depends on: {consignprice.ConsignPriceServiceImpl struct{db NoSQLDatabase}}
	 [1] ctx context.Context ---> depends on: {}
	 [2] priceConfig consignprice.ConsignPrice struct{ID string, Index int64, InitialWeight float64, InitialPrice float64, WithinPrice float64, BeyondPrice float64} ---> depends on: {Index int64}
	 [3] coll NoSQLCollection {database = consign, collection = consign} ---> depends on: {}
	 [4] err .error ---> depends on: {}

[BLOCK, #2, IfDone] NODES = [*ast.AssignStmt, *ast.AssignStmt, *ast.BinaryExpr]; SUCCS = [Block #4, Block #5]
	 [0] c (*consignprice.ConsignPriceServiceImpl struct{db NoSQLDatabase}) ---> depends on: {consignprice.ConsignPriceServiceImpl struct{db NoSQLDatabase}}
	 [1] ctx context.Context ---> depends on: {}
	 [2] priceConfig consignprice.ConsignPrice struct{ID string, Index int64, InitialWeight float64, InitialPrice float64, WithinPrice float64, BeyondPrice float64} ---> depends on: {Index int64}
	 [3] coll NoSQLCollection {database = consign, collection = consign} ---> depends on: {}
	 [4] err .error ---> depends on: {}
	 [5] query primitive.D ---> depends on: {struct{ 0 int,  "index" string,  0 int}}
	 [6] res NoSQLCursor {database = consign, collection = consign} ---> depends on: {cp consignprice.ConsignPrice struct{ID string, Index int64, InitialWeight float64, InitialPrice float64, WithinPrice float64, BeyondPrice float64}}
	 [7] err .error ---> depends on: {}

[BLOCK, #4, IfThen] NODES = [*ast.ReturnStmt]; SUCCS = []
	 [0] c (*consignprice.ConsignPriceServiceImpl struct{db NoSQLDatabase}) ---> depends on: {consignprice.ConsignPriceServiceImpl struct{db NoSQLDatabase}}
	 [1] ctx context.Context ---> depends on: {}
	 [2] priceConfig consignprice.ConsignPrice struct{ID string, Index int64, InitialWeight float64, InitialPrice float64, WithinPrice float64, BeyondPrice float64} ---> depends on: {Index int64}
	 [3] coll NoSQLCollection {database = consign, collection = consign} ---> depends on: {}
	 [4] err .error ---> depends on: {}
	 [5] query primitive.D ---> depends on: {struct{ 0 int,  "index" string,  0 int}}
	 [6] res NoSQLCursor {database = consign, collection = consign} ---> depends on: {cp consignprice.ConsignPrice struct{ID string, Index int64, InitialWeight float64, InitialPrice float64, WithinPrice float64, BeyondPrice float64}}
	 [7] err .error ---> depends on: {}

[BLOCK, #5, IfDone] NODES = [*ast.ValueSpec, *ast.AssignStmt, *ast.BinaryExpr]; SUCCS = [Block #7, Block #8]
	 [0] c (*consignprice.ConsignPriceServiceImpl struct{db NoSQLDatabase}) ---> depends on: {consignprice.ConsignPriceServiceImpl struct{db NoSQLDatabase}}
	 [1] ctx context.Context ---> depends on: {}
	 [2] priceConfig consignprice.ConsignPrice struct{ID string, Index int64, InitialWeight float64, InitialPrice float64, WithinPrice float64, BeyondPrice float64} ---> depends on: {Index int64}
	 [3] coll NoSQLCollection {database = consign, collection = consign} ---> depends on: {}
	 [4] err .error ---> depends on: {}
	 [5] query primitive.D ---> depends on: {struct{ 0 int,  "index" string,  0 int}}
	 [6] res NoSQLCursor {database = consign, collection = consign} ---> depends on: {cp consignprice.ConsignPrice struct{ID string, Index int64, InitialWeight float64, InitialPrice float64, WithinPrice float64, BeyondPrice float64}}
	 [7] err .error ---> depends on: {}
	 [8] cp consignprice.ConsignPrice struct{ID string, Index int64, InitialWeight float64, InitialPrice float64, WithinPrice float64, BeyondPrice float64} ---> depends on: {}
	 [9] exists bool ---> depends on: {}
	 [10] err .error ---> depends on: {}

[BLOCK, #7, IfThen] NODES = [*ast.ReturnStmt]; SUCCS = []
	 [0] c (*consignprice.ConsignPriceServiceImpl struct{db NoSQLDatabase}) ---> depends on: {consignprice.ConsignPriceServiceImpl struct{db NoSQLDatabase}}
	 [1] ctx context.Context ---> depends on: {}
	 [2] priceConfig consignprice.ConsignPrice struct{ID string, Index int64, InitialWeight float64, InitialPrice float64, WithinPrice float64, BeyondPrice float64} ---> depends on: {Index int64}
	 [3] coll NoSQLCollection {database = consign, collection = consign} ---> depends on: {}
	 [4] err .error ---> depends on: {}
	 [5] query primitive.D ---> depends on: {struct{ 0 int,  "index" string,  0 int}}
	 [6] res NoSQLCursor {database = consign, collection = consign} ---> depends on: {cp consignprice.ConsignPrice struct{ID string, Index int64, InitialWeight float64, InitialPrice float64, WithinPrice float64, BeyondPrice float64}}
	 [7] err .error ---> depends on: {}
	 [8] cp consignprice.ConsignPrice struct{ID string, Index int64, InitialWeight float64, InitialPrice float64, WithinPrice float64, BeyondPrice float64} ---> depends on: {}
	 [9] exists bool ---> depends on: {}
	 [10] err .error ---> depends on: {}

[BLOCK, #8, IfDone] NODES = [*ast.AssignStmt, *ast.Ident]; SUCCS = [Block #10, Block #11]
	 [0] c (*consignprice.ConsignPriceServiceImpl struct{db NoSQLDatabase}) ---> depends on: {consignprice.ConsignPriceServiceImpl struct{db NoSQLDatabase}}
	 [1] ctx context.Context ---> depends on: {}
	 [2] priceConfig consignprice.ConsignPrice struct{ID string, Index int64, InitialWeight float64, InitialPrice float64, WithinPrice float64, BeyondPrice float64} ---> depends on: {Index int64}
	 [3] coll NoSQLCollection {database = consign, collection = consign} ---> depends on: {}
	 [4] err .error ---> depends on: {}
	 [5] query primitive.D ---> depends on: {struct{ 0 int,  "index" string,  0 int}}
	 [6] res NoSQLCursor {database = consign, collection = consign} ---> depends on: {cp consignprice.ConsignPrice struct{ID string, Index int64, InitialWeight float64, InitialPrice float64, WithinPrice float64, BeyondPrice float64}}
	 [7] err .error ---> depends on: {}
	 [8] cp consignprice.ConsignPrice struct{ID string, Index int64, InitialWeight float64, InitialPrice float64, WithinPrice float64, BeyondPrice float64} ---> depends on: {}
	 [9] exists bool ---> depends on: {}
	 [10] err .error ---> depends on: {}

[BLOCK, #10, IfThen] NODES = [*ast.AssignStmt, *ast.BinaryExpr]; SUCCS = [Block #12, Block #13]
	 [0] c (*consignprice.ConsignPriceServiceImpl struct{db NoSQLDatabase}) ---> depends on: {consignprice.ConsignPriceServiceImpl struct{db NoSQLDatabase}}
	 [1] ctx context.Context ---> depends on: {}
	 [2] priceConfig consignprice.ConsignPrice struct{ID string, Index int64, InitialWeight float64, InitialPrice float64, WithinPrice float64, BeyondPrice float64} ---> depends on: {Index int64}
	 [3] coll NoSQLCollection {database = consign, collection = consign} ---> depends on: {}
	 [4] err .error ---> depends on: {}
	 [5] query primitive.D ---> depends on: {struct{ 0 int,  "index" string,  0 int}}
	 [6] res NoSQLCursor {database = consign, collection = consign} ---> depends on: {cp consignprice.ConsignPrice struct{ID string, Index int64, InitialWeight float64, InitialPrice float64, WithinPrice float64, BeyondPrice float64}}
	 [7] err .error ---> depends on: {}
	 [8] cp consignprice.ConsignPrice struct{ID string, Index int64, InitialWeight float64, InitialPrice float64, WithinPrice float64, BeyondPrice float64} ---> depends on: {}
	 [9] exists bool ---> depends on: {}
	 [10] err .error ---> depends on: {}
	 [11] ok bool ---> depends on: {}
	 [12] err .error ---> depends on: {}

[BLOCK, #12, IfThen] NODES = [*ast.ReturnStmt]; SUCCS = []
	 [0] c (*consignprice.ConsignPriceServiceImpl struct{db NoSQLDatabase}) ---> depends on: {consignprice.ConsignPriceServiceImpl struct{db NoSQLDatabase}}
	 [1] ctx context.Context ---> depends on: {}
	 [2] priceConfig consignprice.ConsignPrice struct{ID string, Index int64, InitialWeight float64, InitialPrice float64, WithinPrice float64, BeyondPrice float64} ---> depends on: {Index int64}
	 [3] coll NoSQLCollection {database = consign, collection = consign} ---> depends on: {}
	 [4] err .error ---> depends on: {}
	 [5] query primitive.D ---> depends on: {struct{ 0 int,  "index" string,  0 int}}
	 [6] res NoSQLCursor {database = consign, collection = consign} ---> depends on: {cp consignprice.ConsignPrice struct{ID string, Index int64, InitialWeight float64, InitialPrice float64, WithinPrice float64, BeyondPrice float64}}
	 [7] err .error ---> depends on: {}
	 [8] cp consignprice.ConsignPrice struct{ID string, Index int64, InitialWeight float64, InitialPrice float64, WithinPrice float64, BeyondPrice float64} ---> depends on: {}
	 [9] exists bool ---> depends on: {}
	 [10] err .error ---> depends on: {}
	 [11] ok bool ---> depends on: {}
	 [12] err .error ---> depends on: {}

[BLOCK, #13, IfDone] NODES = [*ast.UnaryExpr]; SUCCS = [Block #15, Block #16]
	 [0] c (*consignprice.ConsignPriceServiceImpl struct{db NoSQLDatabase}) ---> depends on: {consignprice.ConsignPriceServiceImpl struct{db NoSQLDatabase}}
	 [1] ctx context.Context ---> depends on: {}
	 [2] priceConfig consignprice.ConsignPrice struct{ID string, Index int64, InitialWeight float64, InitialPrice float64, WithinPrice float64, BeyondPrice float64} ---> depends on: {Index int64}
	 [3] coll NoSQLCollection {database = consign, collection = consign} ---> depends on: {}
	 [4] err .error ---> depends on: {}
	 [5] query primitive.D ---> depends on: {struct{ 0 int,  "index" string,  0 int}}
	 [6] res NoSQLCursor {database = consign, collection = consign} ---> depends on: {cp consignprice.ConsignPrice struct{ID string, Index int64, InitialWeight float64, InitialPrice float64, WithinPrice float64, BeyondPrice float64}}
	 [7] err .error ---> depends on: {}
	 [8] cp consignprice.ConsignPrice struct{ID string, Index int64, InitialWeight float64, InitialPrice float64, WithinPrice float64, BeyondPrice float64} ---> depends on: {}
	 [9] exists bool ---> depends on: {}
	 [10] err .error ---> depends on: {}
	 [11] ok bool ---> depends on: {}
	 [12] err .error ---> depends on: {}

[BLOCK, #15, IfThen] NODES = [*ast.ReturnStmt]; SUCCS = []
	 [0] c (*consignprice.ConsignPriceServiceImpl struct{db NoSQLDatabase}) ---> depends on: {consignprice.ConsignPriceServiceImpl struct{db NoSQLDatabase}}
	 [1] ctx context.Context ---> depends on: {}
	 [2] priceConfig consignprice.ConsignPrice struct{ID string, Index int64, InitialWeight float64, InitialPrice float64, WithinPrice float64, BeyondPrice float64} ---> depends on: {Index int64}
	 [3] coll NoSQLCollection {database = consign, collection = consign} ---> depends on: {}
	 [4] err .error ---> depends on: {}
	 [5] query primitive.D ---> depends on: {struct{ 0 int,  "index" string,  0 int}}
	 [6] res NoSQLCursor {database = consign, collection = consign} ---> depends on: {cp consignprice.ConsignPrice struct{ID string, Index int64, InitialWeight float64, InitialPrice float64, WithinPrice float64, BeyondPrice float64}}
	 [7] err .error ---> depends on: {}
	 [8] cp consignprice.ConsignPrice struct{ID string, Index int64, InitialWeight float64, InitialPrice float64, WithinPrice float64, BeyondPrice float64} ---> depends on: {}
	 [9] exists bool ---> depends on: {}
	 [10] err .error ---> depends on: {}
	 [11] ok bool ---> depends on: {}
	 [12] err .error ---> depends on: {}

[BLOCK, #16, IfDone] NODES = []; SUCCS = [Block #11]
	 [0] c (*consignprice.ConsignPriceServiceImpl struct{db NoSQLDatabase}) ---> depends on: {consignprice.ConsignPriceServiceImpl struct{db NoSQLDatabase}}
	 [1] ctx context.Context ---> depends on: {}
	 [2] priceConfig consignprice.ConsignPrice struct{ID string, Index int64, InitialWeight float64, InitialPrice float64, WithinPrice float64, BeyondPrice float64} ---> depends on: {Index int64}
	 [3] coll NoSQLCollection {database = consign, collection = consign} ---> depends on: {}
	 [4] err .error ---> depends on: {}
	 [5] query primitive.D ---> depends on: {struct{ 0 int,  "index" string,  0 int}}
	 [6] res NoSQLCursor {database = consign, collection = consign} ---> depends on: {cp consignprice.ConsignPrice struct{ID string, Index int64, InitialWeight float64, InitialPrice float64, WithinPrice float64, BeyondPrice float64}}
	 [7] err .error ---> depends on: {}
	 [8] cp consignprice.ConsignPrice struct{ID string, Index int64, InitialWeight float64, InitialPrice float64, WithinPrice float64, BeyondPrice float64} ---> depends on: {}
	 [9] exists bool ---> depends on: {}
	 [10] err .error ---> depends on: {}
	 [11] ok bool ---> depends on: {}
	 [12] err .error ---> depends on: {}

[BLOCK, #11, IfDone] NODES = [*ast.ReturnStmt]; SUCCS = []
	 [0] c (*consignprice.ConsignPriceServiceImpl struct{db NoSQLDatabase}) ---> depends on: {consignprice.ConsignPriceServiceImpl struct{db NoSQLDatabase}}
	 [1] ctx context.Context ---> depends on: {}
	 [2] priceConfig consignprice.ConsignPrice struct{ID string, Index int64, InitialWeight float64, InitialPrice float64, WithinPrice float64, BeyondPrice float64} ---> depends on: {Index int64}
	 [3] coll NoSQLCollection {database = consign, collection = consign} ---> depends on: {}
	 [4] err .error ---> depends on: {}
	 [5] query primitive.D ---> depends on: {struct{ 0 int,  "index" string,  0 int}}
	 [6] res NoSQLCursor {database = consign, collection = consign} ---> depends on: {cp consignprice.ConsignPrice struct{ID string, Index int64, InitialWeight float64, InitialPrice float64, WithinPrice float64, BeyondPrice float64}}
	 [7] err .error ---> depends on: {}
	 [8] cp consignprice.ConsignPrice struct{ID string, Index int64, InitialWeight float64, InitialPrice float64, WithinPrice float64, BeyondPrice float64} ---> depends on: {}
	 [9] exists bool ---> depends on: {}
	 [10] err .error ---> depends on: {}
	 [11] c (*consignprice.ConsignPriceServiceImpl struct{db NoSQLDatabase}) ---> depends on: {consignprice.ConsignPriceServiceImpl struct{db NoSQLDatabase}}
	 [12] ctx context.Context ---> depends on: {}
	 [13] priceConfig consignprice.ConsignPrice struct{ID string, Index int64, InitialWeight float64, InitialPrice float64, WithinPrice float64, BeyondPrice float64} ---> depends on: {Index int64}
	 [14] coll NoSQLCollection {database = consign, collection = consign} ---> depends on: {}
	 [15] err .error ---> depends on: {}
	 [16] query primitive.D ---> depends on: {struct{ 0 int,  "index" string,  0 int}}
	 [17] res NoSQLCursor {database = consign, collection = consign} ---> depends on: {cp consignprice.ConsignPrice struct{ID string, Index int64, InitialWeight float64, InitialPrice float64, WithinPrice float64, BeyondPrice float64}}
	 [18] err .error ---> depends on: {}
	 [19] cp consignprice.ConsignPrice struct{ID string, Index int64, InitialWeight float64, InitialPrice float64, WithinPrice float64, BeyondPrice float64} ---> depends on: {}
	 [20] exists bool ---> depends on: {}
	 [21] err .error ---> depends on: {}
	 [22] ok bool ---> depends on: {}
	 [23] err .error ---> depends on: {}

