[BLOCK, #0, Body] NODES = [*ast.ExprStmt, *ast.ValueSpec, *ast.ExprStmt, *ast.AssignStmt, *ast.AssignStmt]; SUCCS = [Block #3]
	 [0] n (*postnotification_simple.NotifyServiceImpl struct{storageService postnotification_simple.StorageService, notificationsQueue Queue, num_workers int}) ---> depends on: {postnotification_simple.NotifyServiceImpl struct{storageService postnotification_simple.StorageService, notificationsQueue Queue, num_workers 4 int}}
	 [1] ctx context.Context ---> depends on: {}
	 [2] wg sync.WaitGroup ---> depends on: {}
	 [3] fn fn ---> depends on: {}
	 [4] i 3 int ---> depends on: {}

[BLOCK, #3, ForLoop] NODES = [*ast.BinaryExpr]; SUCCS = [Block #1, Block #2]
	 [0] n (*postnotification_simple.NotifyServiceImpl struct{storageService postnotification_simple.StorageService, notificationsQueue Queue, num_workers int}) ---> depends on: {postnotification_simple.NotifyServiceImpl struct{storageService postnotification_simple.StorageService, notificationsQueue Queue, num_workers 4 int}}
	 [1] ctx context.Context ---> depends on: {}
	 [2] wg sync.WaitGroup ---> depends on: {}
	 [3] fn fn ---> depends on: {}
	 [4] i 3 int ---> depends on: {}

[BLOCK, #1, ForBody] NODES = [*ast.GoStmt]; SUCCS = [Block #4]
	 [0] n (*postnotification_simple.NotifyServiceImpl struct{storageService postnotification_simple.StorageService, notificationsQueue Queue, num_workers int}) ---> depends on: {postnotification_simple.NotifyServiceImpl struct{storageService postnotification_simple.StorageService, notificationsQueue Queue, num_workers 4 int}}
	 [1] ctx context.Context ---> depends on: {}
	 [2] wg sync.WaitGroup ---> depends on: {}
	 [3] fn fn ---> depends on: {}
	 [4] i 3 int ---> depends on: {}
	 [5] i 3 int ---> depends on: {}
	 [6] err .error ---> depends on: {}
	 [7] n (*postnotification_simple.NotifyServiceImpl struct{storageService postnotification_simple.StorageService, notificationsQueue Queue, num_workers int}) ---> depends on: {postnotification_simple.NotifyServiceImpl struct{storageService postnotification_simple.StorageService, notificationsQueue Queue, num_workers 4 int}}
	 [8] ctx context.Context ---> depends on: {}
	 [9] wg sync.WaitGroup ---> depends on: {}
	 [10] fn fn ---> depends on: {}
	 [11] i 3 int ---> depends on: {}

[BLOCK, #4, ForPost] NODES = [*ast.IncDecStmt]; SUCCS = [Block #3]
	 [0] n (*postnotification_simple.NotifyServiceImpl struct{storageService postnotification_simple.StorageService, notificationsQueue Queue, num_workers int}) ---> depends on: {postnotification_simple.NotifyServiceImpl struct{storageService postnotification_simple.StorageService, notificationsQueue Queue, num_workers 4 int}}
	 [1] ctx context.Context ---> depends on: {}
	 [2] wg sync.WaitGroup ---> depends on: {}
	 [3] fn fn ---> depends on: {}
	 [4] i 3 int ---> depends on: {}
	 [5] i 3 int ---> depends on: {}
	 [6] err .error ---> depends on: {}
	 [7] n (*postnotification_simple.NotifyServiceImpl struct{storageService postnotification_simple.StorageService, notificationsQueue Queue, num_workers int}) ---> depends on: {postnotification_simple.NotifyServiceImpl struct{storageService postnotification_simple.StorageService, notificationsQueue Queue, num_workers 4 int}}
	 [8] ctx context.Context ---> depends on: {}
	 [9] wg sync.WaitGroup ---> depends on: {}
	 [10] fn fn ---> depends on: {}
	 [11] i 3 int ---> depends on: {}

[BLOCK, #2, ForDone] NODES = [*ast.ExprStmt, *ast.ExprStmt, *ast.ReturnStmt]; SUCCS = []
	 [0] n (*postnotification_simple.NotifyServiceImpl struct{storageService postnotification_simple.StorageService, notificationsQueue Queue, num_workers int}) ---> depends on: {postnotification_simple.NotifyServiceImpl struct{storageService postnotification_simple.StorageService, notificationsQueue Queue, num_workers 4 int}}
	 [1] ctx context.Context ---> depends on: {}
	 [2] wg sync.WaitGroup ---> depends on: {}
	 [3] fn fn ---> depends on: {}
	 [4] i 3 int ---> depends on: {}
	 [5] n (*postnotification_simple.NotifyServiceImpl struct{storageService postnotification_simple.StorageService, notificationsQueue Queue, num_workers int}) ---> depends on: {postnotification_simple.NotifyServiceImpl struct{storageService postnotification_simple.StorageService, notificationsQueue Queue, num_workers 4 int}}
	 [6] ctx context.Context ---> depends on: {}
	 [7] wg sync.WaitGroup ---> depends on: {}
	 [8] fn fn ---> depends on: {}
	 [9] i 3 int ---> depends on: {}
	 [10] i 3 int ---> depends on: {}
	 [11] err .error ---> depends on: {}

