[BLOCK, #0, Body] NODES = [*ast.AssignStmt, *ast.AssignStmt, *ast.AssignStmt, *ast.AssignStmt, *ast.AssignStmt, *ast.BinaryExpr]; SUCCS = [Block #1, Block #2]
	 [0] s (*postnotification_simple.StorageServiceImpl struct{postsDb NoSQLDatabase}) ---> depends on: {postnotification_simple.StorageServiceImpl struct{postsDb NoSQLDatabase}}
	 [1] ctx context.Context ---> depends on: {}
	 [2] reqID int64 ---> depends on: {}
	 [3] text string ---> depends on: {}
	 [4] postID_STORAGE_SVC int64 ---> depends on: {}
	 [5] timestamp int64 ---> depends on: {}
	 [6] mentions []string ---> depends on: {"alice" string, "bob" string}
	 [7] post postnotification_simple.Post struct{ReqID int64, PostID int64, MediaID int64, Text string, Mentions []string, Timestamp int64, Creator postnotification_simple.Creator struct{Username "some username" string}} ---> depends on: {Creator postnotification_simple.Creator struct{Username "some username" string}, Mentions []string, PostID int64, ReqID int64, Text string, Timestamp int64}
	 [8] collection NoSQLCollection {database = post, collection = post} ---> depends on: {}
	 [9] err .error ---> depends on: {}

[BLOCK, #1, IfThen] NODES = [*ast.ReturnStmt]; SUCCS = []
	 [0] s (*postnotification_simple.StorageServiceImpl struct{postsDb NoSQLDatabase}) ---> depends on: {postnotification_simple.StorageServiceImpl struct{postsDb NoSQLDatabase}}
	 [1] ctx context.Context ---> depends on: {}
	 [2] reqID int64 ---> depends on: {}
	 [3] text string ---> depends on: {}
	 [4] postID_STORAGE_SVC int64 ---> depends on: {}
	 [5] timestamp int64 ---> depends on: {}
	 [6] mentions []string ---> depends on: {"alice" string, "bob" string}
	 [7] post postnotification_simple.Post struct{ReqID int64, PostID int64, MediaID int64, Text string, Mentions []string, Timestamp int64, Creator postnotification_simple.Creator struct{Username "some username" string}} ---> depends on: {Creator postnotification_simple.Creator struct{Username "some username" string}, Mentions []string, PostID int64, ReqID int64, Text string, Timestamp int64}
	 [8] collection NoSQLCollection {database = post, collection = post} ---> depends on: {}
	 [9] err .error ---> depends on: {}

[BLOCK, #2, IfDone] NODES = [*ast.AssignStmt, *ast.ReturnStmt]; SUCCS = []
	 [0] s (*postnotification_simple.StorageServiceImpl struct{postsDb NoSQLDatabase}) ---> depends on: {postnotification_simple.StorageServiceImpl struct{postsDb NoSQLDatabase}}
	 [1] ctx context.Context ---> depends on: {}
	 [2] reqID int64 ---> depends on: {}
	 [3] text string ---> depends on: {}
	 [4] postID_STORAGE_SVC int64 ---> depends on: {}
	 [5] timestamp int64 ---> depends on: {}
	 [6] mentions []string ---> depends on: {"alice" string, "bob" string}
	 [7] post postnotification_simple.Post struct{ReqID int64, PostID int64, MediaID int64, Text string, Mentions []string, Timestamp int64, Creator postnotification_simple.Creator struct{Username "some username" string}} ---> depends on: {Creator postnotification_simple.Creator struct{Username "some username" string}, Mentions []string, PostID int64, ReqID int64, Text string, Timestamp int64}
	 [8] collection NoSQLCollection {database = post, collection = post} ---> depends on: {}
	 [9] err .error ---> depends on: {}
	 [10] err .error ---> depends on: {}

