[BLOCK, #0, Body] NODES = [*ast.AssignStmt, *ast.BinaryExpr]; SUCCS = [Block #1, Block #2]
	 [0] s (*postnotification_simple.StorageServiceImpl struct{postsDb NoSQLDatabase}) ---> depends on: {postnotification_simple.StorageServiceImpl struct{postsDb NoSQLDatabase}}
	 [1] ctx context.Context ---> depends on: {}
	 [2] postID int64 ---> depends on: {}
	 [3] collection NoSQLCollection {database = post, collection = post} ---> depends on: {}
	 [4] err .error ---> depends on: {}

[BLOCK, #1, IfThen] NODES = [*ast.ReturnStmt]; SUCCS = []
	 [0] s (*postnotification_simple.StorageServiceImpl struct{postsDb NoSQLDatabase}) ---> depends on: {postnotification_simple.StorageServiceImpl struct{postsDb NoSQLDatabase}}
	 [1] ctx context.Context ---> depends on: {}
	 [2] postID int64 ---> depends on: {}
	 [3] collection NoSQLCollection {database = post, collection = post} ---> depends on: {}
	 [4] err .error ---> depends on: {}

[BLOCK, #2, IfDone] NODES = [*ast.AssignStmt, *ast.AssignStmt, *ast.ReturnStmt]; SUCCS = []
	 [0] s (*postnotification_simple.StorageServiceImpl struct{postsDb NoSQLDatabase}) ---> depends on: {postnotification_simple.StorageServiceImpl struct{postsDb NoSQLDatabase}}
	 [1] ctx context.Context ---> depends on: {}
	 [2] postID int64 ---> depends on: {}
	 [3] collection NoSQLCollection {database = post, collection = post} ---> depends on: {}
	 [4] err .error ---> depends on: {}
	 [5] filter primitive.D ---> depends on: {struct{Key "postid" string, Key "postid" string, Value int64, Value int64}}
	 [6] err .error ---> depends on: {}

