[BLOCK, #0, Body] NODES = [*ast.ValueSpec, *ast.AssignStmt, *ast.BinaryExpr]; SUCCS = [Block #1, Block #2]
	 [0] s (*postnotification_simple.StorageServiceImpl struct{postsDb NoSQLDatabase, analyticsQueue Queue}) ---> depends on: {postnotification_simple.StorageServiceImpl struct{postsDb NoSQLDatabase, analyticsQueue Queue}}
	 [1] ctx context.Context ---> depends on: {}
	 [2] reqID int64 ---> depends on: {}
	 [3] postID int64 ---> depends on: {}
	 [4] post postnotification_simple.Post struct{ReqID int64, PostID int64, MediaID int64, Text string, Mentions []string, Timestamp int64, Creator postnotification_simple.Creator struct{Username string}} ---> depends on: {}
	 [5] collection NoSQLCollection {database = post, collection = post} ---> depends on: {}
	 [6] err .error ---> depends on: {}

[BLOCK, #1, IfThen] NODES = [*ast.ReturnStmt]; SUCCS = []
	 [0] s (*postnotification_simple.StorageServiceImpl struct{postsDb NoSQLDatabase, analyticsQueue Queue}) ---> depends on: {postnotification_simple.StorageServiceImpl struct{postsDb NoSQLDatabase, analyticsQueue Queue}}
	 [1] ctx context.Context ---> depends on: {}
	 [2] reqID int64 ---> depends on: {}
	 [3] postID int64 ---> depends on: {}
	 [4] post postnotification_simple.Post struct{ReqID int64, PostID int64, MediaID int64, Text string, Mentions []string, Timestamp int64, Creator postnotification_simple.Creator struct{Username string}} ---> depends on: {}
	 [5] collection NoSQLCollection {database = post, collection = post} ---> depends on: {}
	 [6] err .error ---> depends on: {}

[BLOCK, #2, IfDone] NODES = [*ast.AssignStmt, *ast.AssignStmt, *ast.BinaryExpr]; SUCCS = [Block #4, Block #5]
	 [0] s (*postnotification_simple.StorageServiceImpl struct{postsDb NoSQLDatabase, analyticsQueue Queue}) ---> depends on: {postnotification_simple.StorageServiceImpl struct{postsDb NoSQLDatabase, analyticsQueue Queue}}
	 [1] ctx context.Context ---> depends on: {}
	 [2] reqID int64 ---> depends on: {}
	 [3] postID int64 ---> depends on: {}
	 [4] post postnotification_simple.Post struct{ReqID int64, PostID int64, MediaID int64, Text string, Mentions []string, Timestamp int64, Creator postnotification_simple.Creator struct{Username string}} ---> depends on: {}
	 [5] collection NoSQLCollection {database = post, collection = post} ---> depends on: {}
	 [6] err .error ---> depends on: {}
	 [7] query primitive.D ---> depends on: {struct{Key "postid" string, Key "postid" string, Value int64, Value int64}}
	 [8] result NoSQLCursor {database = post, collection = post} ---> depends on: {post postnotification_simple.Post struct{ReqID int64, PostID int64, MediaID int64, Text string, Mentions []string, Timestamp int64, Creator postnotification_simple.Creator struct{Username string}}}
	 [9] err .error ---> depends on: {}

[BLOCK, #4, IfThen] NODES = [*ast.ReturnStmt]; SUCCS = []
	 [0] s (*postnotification_simple.StorageServiceImpl struct{postsDb NoSQLDatabase, analyticsQueue Queue}) ---> depends on: {postnotification_simple.StorageServiceImpl struct{postsDb NoSQLDatabase, analyticsQueue Queue}}
	 [1] ctx context.Context ---> depends on: {}
	 [2] reqID int64 ---> depends on: {}
	 [3] postID int64 ---> depends on: {}
	 [4] post postnotification_simple.Post struct{ReqID int64, PostID int64, MediaID int64, Text string, Mentions []string, Timestamp int64, Creator postnotification_simple.Creator struct{Username string}} ---> depends on: {}
	 [5] collection NoSQLCollection {database = post, collection = post} ---> depends on: {}
	 [6] err .error ---> depends on: {}
	 [7] query primitive.D ---> depends on: {struct{Key "postid" string, Key "postid" string, Value int64, Value int64}}
	 [8] result NoSQLCursor {database = post, collection = post} ---> depends on: {post postnotification_simple.Post struct{ReqID int64, PostID int64, MediaID int64, Text string, Mentions []string, Timestamp int64, Creator postnotification_simple.Creator struct{Username string}}}
	 [9] err .error ---> depends on: {}

[BLOCK, #5, IfDone] NODES = [*ast.AssignStmt, *ast.BinaryExpr]; SUCCS = [Block #7, Block #8]
	 [0] s (*postnotification_simple.StorageServiceImpl struct{postsDb NoSQLDatabase, analyticsQueue Queue}) ---> depends on: {postnotification_simple.StorageServiceImpl struct{postsDb NoSQLDatabase, analyticsQueue Queue}}
	 [1] ctx context.Context ---> depends on: {}
	 [2] reqID int64 ---> depends on: {}
	 [3] postID int64 ---> depends on: {}
	 [4] post postnotification_simple.Post struct{ReqID int64, PostID int64, MediaID int64, Text string, Mentions []string, Timestamp int64, Creator postnotification_simple.Creator struct{Username string}} ---> depends on: {}
	 [5] collection NoSQLCollection {database = post, collection = post} ---> depends on: {}
	 [6] err .error ---> depends on: {}
	 [7] query primitive.D ---> depends on: {struct{Key "postid" string, Key "postid" string, Value int64, Value int64}}
	 [8] result NoSQLCursor {database = post, collection = post} ---> depends on: {post postnotification_simple.Post struct{ReqID int64, PostID int64, MediaID int64, Text string, Mentions []string, Timestamp int64, Creator postnotification_simple.Creator struct{Username string}}}
	 [9] err .error ---> depends on: {}
	 [10] res bool ---> depends on: {}
	 [11] err .error ---> depends on: {}

[BLOCK, #7, IfThen] NODES = [*ast.ReturnStmt]; SUCCS = []
	 [0] s (*postnotification_simple.StorageServiceImpl struct{postsDb NoSQLDatabase, analyticsQueue Queue}) ---> depends on: {postnotification_simple.StorageServiceImpl struct{postsDb NoSQLDatabase, analyticsQueue Queue}}
	 [1] ctx context.Context ---> depends on: {}
	 [2] reqID int64 ---> depends on: {}
	 [3] postID int64 ---> depends on: {}
	 [4] post postnotification_simple.Post struct{ReqID int64, PostID int64, MediaID int64, Text string, Mentions []string, Timestamp int64, Creator postnotification_simple.Creator struct{Username string}} ---> depends on: {}
	 [5] collection NoSQLCollection {database = post, collection = post} ---> depends on: {}
	 [6] err .error ---> depends on: {}
	 [7] query primitive.D ---> depends on: {struct{Key "postid" string, Key "postid" string, Value int64, Value int64}}
	 [8] result NoSQLCursor {database = post, collection = post} ---> depends on: {post postnotification_simple.Post struct{ReqID int64, PostID int64, MediaID int64, Text string, Mentions []string, Timestamp int64, Creator postnotification_simple.Creator struct{Username string}}}
	 [9] err .error ---> depends on: {}
	 [10] res bool ---> depends on: {}
	 [11] err .error ---> depends on: {}

[BLOCK, #8, IfDone] NODES = [*ast.ReturnStmt]; SUCCS = []
	 [0] s (*postnotification_simple.StorageServiceImpl struct{postsDb NoSQLDatabase, analyticsQueue Queue}) ---> depends on: {postnotification_simple.StorageServiceImpl struct{postsDb NoSQLDatabase, analyticsQueue Queue}}
	 [1] ctx context.Context ---> depends on: {}
	 [2] reqID int64 ---> depends on: {}
	 [3] postID int64 ---> depends on: {}
	 [4] post postnotification_simple.Post struct{ReqID int64, PostID int64, MediaID int64, Text string, Mentions []string, Timestamp int64, Creator postnotification_simple.Creator struct{Username string}} ---> depends on: {}
	 [5] collection NoSQLCollection {database = post, collection = post} ---> depends on: {}
	 [6] err .error ---> depends on: {}
	 [7] query primitive.D ---> depends on: {struct{Key "postid" string, Key "postid" string, Value int64, Value int64}}
	 [8] result NoSQLCursor {database = post, collection = post} ---> depends on: {post postnotification_simple.Post struct{ReqID int64, PostID int64, MediaID int64, Text string, Mentions []string, Timestamp int64, Creator postnotification_simple.Creator struct{Username string}}}
	 [9] err .error ---> depends on: {}
	 [10] res bool ---> depends on: {}
	 [11] err .error ---> depends on: {}

