[BLOCK, #0, Body] NODES = [*ast.AssignStmt, *ast.BinaryExpr]; SUCCS = [Block #1, Block #2]
	 [0] u (*postnotification_simple.UploadServiceImpl struct{storageService postnotification_simple.StorageService, analyticsService postnotification_simple.AnalyticsService, notificationsQueue Queue}) ---> depends on: {postnotification_simple.UploadServiceImpl struct{storageService postnotification_simple.StorageService, analyticsService postnotification_simple.AnalyticsService, notificationsQueue Queue}}
	 [1] ctx context.Context ---> depends on: {}
	 [2] reqID int64 ---> depends on: {}
	 [3] postID int64 ---> depends on: {}
	 [4] post postnotification_simple.Post struct{ReqID int64, PostID int64, MediaID int64, Text string, Mentions []string, Timestamp int64, Creator postnotification_simple.Creator struct{Username string}} ---> depends on: {}
	 [5] err .error ---> depends on: {}

[BLOCK, #1, IfThen] NODES = [*ast.ReturnStmt]; SUCCS = []
	 [0] u (*postnotification_simple.UploadServiceImpl struct{storageService postnotification_simple.StorageService, analyticsService postnotification_simple.AnalyticsService, notificationsQueue Queue}) ---> depends on: {postnotification_simple.UploadServiceImpl struct{storageService postnotification_simple.StorageService, analyticsService postnotification_simple.AnalyticsService, notificationsQueue Queue}}
	 [1] ctx context.Context ---> depends on: {}
	 [2] reqID int64 ---> depends on: {}
	 [3] postID int64 ---> depends on: {}
	 [4] post postnotification_simple.Post struct{ReqID int64, PostID int64, MediaID int64, Text string, Mentions []string, Timestamp int64, Creator postnotification_simple.Creator struct{Username string}} ---> depends on: {}
	 [5] err .error ---> depends on: {}

[BLOCK, #2, IfDone] NODES = [*ast.AssignStmt, *ast.BinaryExpr]; SUCCS = [Block #4, Block #5]
	 [0] u (*postnotification_simple.UploadServiceImpl struct{storageService postnotification_simple.StorageService, analyticsService postnotification_simple.AnalyticsService, notificationsQueue Queue}) ---> depends on: {postnotification_simple.UploadServiceImpl struct{storageService postnotification_simple.StorageService, analyticsService postnotification_simple.AnalyticsService, notificationsQueue Queue}}
	 [1] ctx context.Context ---> depends on: {}
	 [2] reqID int64 ---> depends on: {}
	 [3] postID int64 ---> depends on: {}
	 [4] post postnotification_simple.Post struct{ReqID int64, PostID int64, MediaID int64, Text string, Mentions []string, Timestamp int64, Creator postnotification_simple.Creator struct{Username string}} ---> depends on: {}
	 [5] err .error ---> depends on: {}
	 [6] analytics postnotification_simple.Analytics struct{PostID int64} ---> depends on: {}
	 [7] err .error ---> depends on: {}

[BLOCK, #4, IfThen] NODES = [*ast.ReturnStmt]; SUCCS = []
	 [0] u (*postnotification_simple.UploadServiceImpl struct{storageService postnotification_simple.StorageService, analyticsService postnotification_simple.AnalyticsService, notificationsQueue Queue}) ---> depends on: {postnotification_simple.UploadServiceImpl struct{storageService postnotification_simple.StorageService, analyticsService postnotification_simple.AnalyticsService, notificationsQueue Queue}}
	 [1] ctx context.Context ---> depends on: {}
	 [2] reqID int64 ---> depends on: {}
	 [3] postID int64 ---> depends on: {}
	 [4] post postnotification_simple.Post struct{ReqID int64, PostID int64, MediaID int64, Text string, Mentions []string, Timestamp int64, Creator postnotification_simple.Creator struct{Username string}} ---> depends on: {}
	 [5] err .error ---> depends on: {}
	 [6] analytics postnotification_simple.Analytics struct{PostID int64} ---> depends on: {}
	 [7] err .error ---> depends on: {}

[BLOCK, #5, IfDone] NODES = [*ast.ReturnStmt]; SUCCS = []
	 [0] u (*postnotification_simple.UploadServiceImpl struct{storageService postnotification_simple.StorageService, analyticsService postnotification_simple.AnalyticsService, notificationsQueue Queue}) ---> depends on: {postnotification_simple.UploadServiceImpl struct{storageService postnotification_simple.StorageService, analyticsService postnotification_simple.AnalyticsService, notificationsQueue Queue}}
	 [1] ctx context.Context ---> depends on: {}
	 [2] reqID int64 ---> depends on: {}
	 [3] postID int64 ---> depends on: {}
	 [4] post postnotification_simple.Post struct{ReqID int64, PostID int64, MediaID int64, Text string, Mentions []string, Timestamp int64, Creator postnotification_simple.Creator struct{Username string}} ---> depends on: {}
	 [5] err .error ---> depends on: {}
	 [6] analytics postnotification_simple.Analytics struct{PostID int64} ---> depends on: {}
	 [7] err .error ---> depends on: {}

