[BLOCK, #0, Body] NODES = [*ast.AssignStmt, *ast.ExprStmt, *ast.AssignStmt, *ast.AssignStmt, *ast.AssignStmt, *ast.BinaryExpr]; SUCCS = [Block #1, Block #2]
	 [0] u (*postnotification_simple.UploadServiceImpl struct{storageService postnotification_simple.StorageService, notificationsQueue Queue}) ---> depends on: {postnotification_simple.UploadServiceImpl struct{storageService postnotification_simple.StorageService, notificationsQueue Queue}}
	 [1] ctx context.Context ---> depends on: {}
	 [2] username string ---> depends on: {}
	 [3] text string ---> depends on: {}
	 [4] reqID int64 ---> depends on: {}
	 [5] postID_UploadSVC int64 ---> depends on: {}
	 [6] _ .error ---> depends on: {}
	 [7] message postnotification_simple.Message struct{ReqID int64, PostID_MESSAGE int64, Timestamp int64} ---> depends on: {PostID_MESSAGE int64, ReqID int64}
	 [8] _ bool ---> depends on: {}
	 [9] err .error ---> depends on: {}

[BLOCK, #1, IfThen] NODES = [*ast.ReturnStmt]; SUCCS = []
	 [0] u (*postnotification_simple.UploadServiceImpl struct{storageService postnotification_simple.StorageService, notificationsQueue Queue}) ---> depends on: {postnotification_simple.UploadServiceImpl struct{storageService postnotification_simple.StorageService, notificationsQueue Queue}}
	 [1] ctx context.Context ---> depends on: {}
	 [2] username string ---> depends on: {}
	 [3] text string ---> depends on: {}
	 [4] reqID int64 ---> depends on: {}
	 [5] postID_UploadSVC int64 ---> depends on: {}
	 [6] _ .error ---> depends on: {}
	 [7] message postnotification_simple.Message struct{ReqID int64, PostID_MESSAGE int64, Timestamp int64} ---> depends on: {PostID_MESSAGE int64, ReqID int64}
	 [8] _ bool ---> depends on: {}
	 [9] err .error ---> depends on: {}

[BLOCK, #2, IfDone] NODES = [*ast.ReturnStmt]; SUCCS = []
	 [0] u (*postnotification_simple.UploadServiceImpl struct{storageService postnotification_simple.StorageService, notificationsQueue Queue}) ---> depends on: {postnotification_simple.UploadServiceImpl struct{storageService postnotification_simple.StorageService, notificationsQueue Queue}}
	 [1] ctx context.Context ---> depends on: {}
	 [2] username string ---> depends on: {}
	 [3] text string ---> depends on: {}
	 [4] reqID int64 ---> depends on: {}
	 [5] postID_UploadSVC int64 ---> depends on: {}
	 [6] _ .error ---> depends on: {}
	 [7] message postnotification_simple.Message struct{ReqID int64, PostID_MESSAGE int64, Timestamp int64} ---> depends on: {PostID_MESSAGE int64, ReqID int64}
	 [8] _ bool ---> depends on: {}
	 [9] err .error ---> depends on: {}

