[BLOCK, #0, Body] NODES = [*ast.AssignStmt, *ast.BinaryExpr]; SUCCS = [Block #1, Block #2]
	 [0] m (*mediamicroservices.MovieIdServiceImpl struct{movieIdDB NoSQLDatabase}) ---> depends on: {mediamicroservices.MovieIdServiceImpl struct{movieIdDB NoSQLDatabase}}
	 [1] ctx context.Context ---> depends on: {}
	 [2] reqID int64 ---> depends on: {}
	 [3] movieID string ---> depends on: {}
	 [4] title string ---> depends on: {}
	 [5] collection NoSQLCollection {database = movie-id, collection = movie-id} ---> depends on: {}
	 [6] err .error ---> depends on: {}

[BLOCK, #1, IfThen] NODES = [*ast.ReturnStmt]; SUCCS = []
	 [0] m (*mediamicroservices.MovieIdServiceImpl struct{movieIdDB NoSQLDatabase}) ---> depends on: {mediamicroservices.MovieIdServiceImpl struct{movieIdDB NoSQLDatabase}}
	 [1] ctx context.Context ---> depends on: {}
	 [2] reqID int64 ---> depends on: {}
	 [3] movieID string ---> depends on: {}
	 [4] title string ---> depends on: {}
	 [5] collection NoSQLCollection {database = movie-id, collection = movie-id} ---> depends on: {}
	 [6] err .error ---> depends on: {}

[BLOCK, #2, IfDone] NODES = [*ast.AssignStmt, *ast.ReturnStmt]; SUCCS = []
	 [0] m (*mediamicroservices.MovieIdServiceImpl struct{movieIdDB NoSQLDatabase}) ---> depends on: {mediamicroservices.MovieIdServiceImpl struct{movieIdDB NoSQLDatabase}}
	 [1] ctx context.Context ---> depends on: {}
	 [2] reqID int64 ---> depends on: {}
	 [3] movieID string ---> depends on: {}
	 [4] title string ---> depends on: {}
	 [5] collection NoSQLCollection {database = movie-id, collection = movie-id} ---> depends on: {}
	 [6] err .error ---> depends on: {}
	 [7] movieId mediamicroservices.MovieId struct{MovieID string, Title string} ---> depends on: {MovieID string, Title string}

