[BLOCK, #0, Body] NODES = [*ast.ValueSpec, *ast.AssignStmt, *ast.BinaryExpr]; SUCCS = [Block #1, Block #2]
	 [0] m (*mediamicroservices.MovieIdServiceImpl struct{movieIdDB NoSQLDatabase}) ---> depends on: {mediamicroservices.MovieIdServiceImpl struct{movieIdDB NoSQLDatabase}}
	 [1] ctx context.Context ---> depends on: {}
	 [2] reqID int64 ---> depends on: {}
	 [3] movieID string ---> depends on: {}
	 [4] movieId mediamicroservices.MovieId struct{MovieID string, Title string} ---> depends on: {}
	 [5] collection NoSQLCollection {database = movie-id, collection = movie-id} ---> depends on: {}
	 [6] err .error ---> depends on: {}

[BLOCK, #1, IfThen] NODES = [*ast.ReturnStmt]; SUCCS = []
	 [0] m (*mediamicroservices.MovieIdServiceImpl struct{movieIdDB NoSQLDatabase}) ---> depends on: {mediamicroservices.MovieIdServiceImpl struct{movieIdDB NoSQLDatabase}}
	 [1] ctx context.Context ---> depends on: {}
	 [2] reqID int64 ---> depends on: {}
	 [3] movieID string ---> depends on: {}
	 [4] movieId mediamicroservices.MovieId struct{MovieID string, Title string} ---> depends on: {}
	 [5] collection NoSQLCollection {database = movie-id, collection = movie-id} ---> depends on: {}
	 [6] err .error ---> depends on: {}

[BLOCK, #2, IfDone] NODES = [*ast.AssignStmt, *ast.AssignStmt, *ast.BinaryExpr]; SUCCS = [Block #4, Block #5]
	 [0] m (*mediamicroservices.MovieIdServiceImpl struct{movieIdDB NoSQLDatabase}) ---> depends on: {mediamicroservices.MovieIdServiceImpl struct{movieIdDB NoSQLDatabase}}
	 [1] ctx context.Context ---> depends on: {}
	 [2] reqID int64 ---> depends on: {}
	 [3] movieID string ---> depends on: {}
	 [4] movieId mediamicroservices.MovieId struct{MovieID string, Title string} ---> depends on: {}
	 [5] collection NoSQLCollection {database = movie-id, collection = movie-id} ---> depends on: {}
	 [6] err .error ---> depends on: {}
	 [7] query primitive.D ---> depends on: {struct{Key "movieid" string, Key "movieid" string, Value string, Value string}}
	 [8] result NoSQLCursor {database = movie-id, collection = movie-id} ---> depends on: {movieId mediamicroservices.MovieId struct{MovieID string, Title string}}
	 [9] err .error ---> depends on: {}

[BLOCK, #4, IfThen] NODES = [*ast.ReturnStmt]; SUCCS = []
	 [0] m (*mediamicroservices.MovieIdServiceImpl struct{movieIdDB NoSQLDatabase}) ---> depends on: {mediamicroservices.MovieIdServiceImpl struct{movieIdDB NoSQLDatabase}}
	 [1] ctx context.Context ---> depends on: {}
	 [2] reqID int64 ---> depends on: {}
	 [3] movieID string ---> depends on: {}
	 [4] movieId mediamicroservices.MovieId struct{MovieID string, Title string} ---> depends on: {}
	 [5] collection NoSQLCollection {database = movie-id, collection = movie-id} ---> depends on: {}
	 [6] err .error ---> depends on: {}
	 [7] query primitive.D ---> depends on: {struct{Key "movieid" string, Key "movieid" string, Value string, Value string}}
	 [8] result NoSQLCursor {database = movie-id, collection = movie-id} ---> depends on: {movieId mediamicroservices.MovieId struct{MovieID string, Title string}}
	 [9] err .error ---> depends on: {}

[BLOCK, #5, IfDone] NODES = [*ast.AssignStmt, *ast.BinaryExpr]; SUCCS = [Block #7, Block #8]
	 [0] m (*mediamicroservices.MovieIdServiceImpl struct{movieIdDB NoSQLDatabase}) ---> depends on: {mediamicroservices.MovieIdServiceImpl struct{movieIdDB NoSQLDatabase}}
	 [1] ctx context.Context ---> depends on: {}
	 [2] reqID int64 ---> depends on: {}
	 [3] movieID string ---> depends on: {}
	 [4] movieId mediamicroservices.MovieId struct{MovieID string, Title string} ---> depends on: {}
	 [5] collection NoSQLCollection {database = movie-id, collection = movie-id} ---> depends on: {}
	 [6] err .error ---> depends on: {}
	 [7] query primitive.D ---> depends on: {struct{Key "movieid" string, Key "movieid" string, Value string, Value string}}
	 [8] result NoSQLCursor {database = movie-id, collection = movie-id} ---> depends on: {movieId mediamicroservices.MovieId struct{MovieID string, Title string}}
	 [9] err .error ---> depends on: {}
	 [10] res bool ---> depends on: {}
	 [11] err .error ---> depends on: {}

[BLOCK, #7, IfThen] NODES = [*ast.ReturnStmt]; SUCCS = []
	 [0] m (*mediamicroservices.MovieIdServiceImpl struct{movieIdDB NoSQLDatabase}) ---> depends on: {mediamicroservices.MovieIdServiceImpl struct{movieIdDB NoSQLDatabase}}
	 [1] ctx context.Context ---> depends on: {}
	 [2] reqID int64 ---> depends on: {}
	 [3] movieID string ---> depends on: {}
	 [4] movieId mediamicroservices.MovieId struct{MovieID string, Title string} ---> depends on: {}
	 [5] collection NoSQLCollection {database = movie-id, collection = movie-id} ---> depends on: {}
	 [6] err .error ---> depends on: {}
	 [7] query primitive.D ---> depends on: {struct{Key "movieid" string, Key "movieid" string, Value string, Value string}}
	 [8] result NoSQLCursor {database = movie-id, collection = movie-id} ---> depends on: {movieId mediamicroservices.MovieId struct{MovieID string, Title string}}
	 [9] err .error ---> depends on: {}
	 [10] res bool ---> depends on: {}
	 [11] err .error ---> depends on: {}

[BLOCK, #8, IfDone] NODES = [*ast.ReturnStmt]; SUCCS = []
	 [0] m (*mediamicroservices.MovieIdServiceImpl struct{movieIdDB NoSQLDatabase}) ---> depends on: {mediamicroservices.MovieIdServiceImpl struct{movieIdDB NoSQLDatabase}}
	 [1] ctx context.Context ---> depends on: {}
	 [2] reqID int64 ---> depends on: {}
	 [3] movieID string ---> depends on: {}
	 [4] movieId mediamicroservices.MovieId struct{MovieID string, Title string} ---> depends on: {}
	 [5] collection NoSQLCollection {database = movie-id, collection = movie-id} ---> depends on: {}
	 [6] err .error ---> depends on: {}
	 [7] query primitive.D ---> depends on: {struct{Key "movieid" string, Key "movieid" string, Value string, Value string}}
	 [8] result NoSQLCursor {database = movie-id, collection = movie-id} ---> depends on: {movieId mediamicroservices.MovieId struct{MovieID string, Title string}}
	 [9] err .error ---> depends on: {}
	 [10] res bool ---> depends on: {}
	 [11] err .error ---> depends on: {}

