[BLOCK, #0, Body] NODES = [*ast.AssignStmt, *ast.AssignStmt, *ast.BinaryExpr]; SUCCS = [Block #1, Block #2]
	 [0] api (*mediamicroservices_sql.APIServiceImpl struct{movieIdService mediamicroservices_sql.MovieIdService, movieInfoService mediamicroservices_sql.MovieInfoService}) ---> depends on: {mediamicroservices_sql.APIServiceImpl struct{movieIdService mediamicroservices_sql.MovieIdService, movieInfoService mediamicroservices_sql.MovieInfoService}}
	 [1] ctx context.Context ---> depends on: {}
	 [2] reqID int64 ---> depends on: {}
	 [3] movieId string ---> depends on: {}
	 [4] movie1 mediamicroservices_sql.MovieId struct{MovieID string, Title string} ---> depends on: {}
	 [5] err1 .error ---> depends on: {}
	 [6] movie2 mediamicroservices_sql.MovieInfo struct{MovieID string, Title string, Casts string} ---> depends on: {}
	 [7] err2 .error ---> depends on: {}

[BLOCK, #1, IfThen] NODES = [*ast.ReturnStmt]; SUCCS = []
	 [0] api (*mediamicroservices_sql.APIServiceImpl struct{movieIdService mediamicroservices_sql.MovieIdService, movieInfoService mediamicroservices_sql.MovieInfoService}) ---> depends on: {mediamicroservices_sql.APIServiceImpl struct{movieIdService mediamicroservices_sql.MovieIdService, movieInfoService mediamicroservices_sql.MovieInfoService}}
	 [1] ctx context.Context ---> depends on: {}
	 [2] reqID int64 ---> depends on: {}
	 [3] movieId string ---> depends on: {}
	 [4] movie1 mediamicroservices_sql.MovieId struct{MovieID string, Title string} ---> depends on: {}
	 [5] err1 .error ---> depends on: {}
	 [6] movie2 mediamicroservices_sql.MovieInfo struct{MovieID string, Title string, Casts string} ---> depends on: {}
	 [7] err2 .error ---> depends on: {}

[BLOCK, #2, IfDone] NODES = [*ast.BinaryExpr]; SUCCS = [Block #4, Block #5]
	 [0] api (*mediamicroservices_sql.APIServiceImpl struct{movieIdService mediamicroservices_sql.MovieIdService, movieInfoService mediamicroservices_sql.MovieInfoService}) ---> depends on: {mediamicroservices_sql.APIServiceImpl struct{movieIdService mediamicroservices_sql.MovieIdService, movieInfoService mediamicroservices_sql.MovieInfoService}}
	 [1] ctx context.Context ---> depends on: {}
	 [2] reqID int64 ---> depends on: {}
	 [3] movieId string ---> depends on: {}
	 [4] movie1 mediamicroservices_sql.MovieId struct{MovieID string, Title string} ---> depends on: {}
	 [5] err1 .error ---> depends on: {}
	 [6] movie2 mediamicroservices_sql.MovieInfo struct{MovieID string, Title string, Casts string} ---> depends on: {}
	 [7] err2 .error ---> depends on: {}

[BLOCK, #4, IfThen] NODES = [*ast.ReturnStmt]; SUCCS = []
	 [0] api (*mediamicroservices_sql.APIServiceImpl struct{movieIdService mediamicroservices_sql.MovieIdService, movieInfoService mediamicroservices_sql.MovieInfoService}) ---> depends on: {mediamicroservices_sql.APIServiceImpl struct{movieIdService mediamicroservices_sql.MovieIdService, movieInfoService mediamicroservices_sql.MovieInfoService}}
	 [1] ctx context.Context ---> depends on: {}
	 [2] reqID int64 ---> depends on: {}
	 [3] movieId string ---> depends on: {}
	 [4] movie1 mediamicroservices_sql.MovieId struct{MovieID string, Title string} ---> depends on: {}
	 [5] err1 .error ---> depends on: {}
	 [6] movie2 mediamicroservices_sql.MovieInfo struct{MovieID string, Title string, Casts string} ---> depends on: {}
	 [7] err2 .error ---> depends on: {}

[BLOCK, #5, IfDone] NODES = [*ast.ReturnStmt]; SUCCS = []
	 [0] api (*mediamicroservices_sql.APIServiceImpl struct{movieIdService mediamicroservices_sql.MovieIdService, movieInfoService mediamicroservices_sql.MovieInfoService}) ---> depends on: {mediamicroservices_sql.APIServiceImpl struct{movieIdService mediamicroservices_sql.MovieIdService, movieInfoService mediamicroservices_sql.MovieInfoService}}
	 [1] ctx context.Context ---> depends on: {}
	 [2] reqID int64 ---> depends on: {}
	 [3] movieId string ---> depends on: {}
	 [4] movie1 mediamicroservices_sql.MovieId struct{MovieID string, Title string} ---> depends on: {}
	 [5] err1 .error ---> depends on: {}
	 [6] movie2 mediamicroservices_sql.MovieInfo struct{MovieID string, Title string, Casts string} ---> depends on: {}
	 [7] err2 .error ---> depends on: {}

