[BLOCK, #0, Body] NODES = [*ast.AssignStmt, *ast.BinaryExpr]; SUCCS = [Block #1, Block #2]
	 [0] m (*mediamicroservices_sql.MovieInfoServiceImpl struct{movieIdDB RelationalDB}) ---> depends on: {mediamicroservices_sql.MovieInfoServiceImpl struct{movieIdDB RelationalDB}}
	 [1] ctx context.Context ---> depends on: {}
	 [2] sqlBytes []byte ---> depends on: {"database/movieinfo.sql" string, "database/movieinfo.sql" string}
	 [3] err .error ---> depends on: {"database/movieinfo.sql" string}

[BLOCK, #1, IfThen] NODES = [*ast.ReturnStmt]; SUCCS = []
	 [0] m (*mediamicroservices_sql.MovieInfoServiceImpl struct{movieIdDB RelationalDB}) ---> depends on: {mediamicroservices_sql.MovieInfoServiceImpl struct{movieIdDB RelationalDB}}
	 [1] ctx context.Context ---> depends on: {}
	 [2] sqlBytes []byte ---> depends on: {"database/movieinfo.sql" string, "database/movieinfo.sql" string}
	 [3] err .error ---> depends on: {"database/movieinfo.sql" string}

[BLOCK, #2, IfDone] NODES = [*ast.AssignStmt, *ast.Ident, *ast.Ident, *ast.Ident]; SUCCS = [Block #4]
	 [0] m (*mediamicroservices_sql.MovieInfoServiceImpl struct{movieIdDB RelationalDB}) ---> depends on: {mediamicroservices_sql.MovieInfoServiceImpl struct{movieIdDB RelationalDB}}
	 [1] ctx context.Context ---> depends on: {}
	 [2] sqlBytes []byte ---> depends on: {"database/movieinfo.sql" string, "database/movieinfo.sql" string}
	 [3] err .error ---> depends on: {"database/movieinfo.sql" string}
	 [4] sqlStatements []string ---> depends on: {string, ";" string, string, ";" string}
	 [5] stmt string ---> depends on: {sqlStatements []string}

[BLOCK, #4, RangeLoop] NODES = []; SUCCS = [Block #5, Block #6]
	 [0] m (*mediamicroservices_sql.MovieInfoServiceImpl struct{movieIdDB RelationalDB}) ---> depends on: {mediamicroservices_sql.MovieInfoServiceImpl struct{movieIdDB RelationalDB}}
	 [1] ctx context.Context ---> depends on: {}
	 [2] sqlBytes []byte ---> depends on: {"database/movieinfo.sql" string, "database/movieinfo.sql" string}
	 [3] err .error ---> depends on: {"database/movieinfo.sql" string}
	 [4] sqlStatements []string ---> depends on: {string, ";" string, string, ";" string}
	 [5] stmt string ---> depends on: {sqlStatements []string}
	 [6] _ sql.Result interface{ interface{LastInsertId() (int64, error); RowsAffected() (int64, error)} } ---> depends on: {}
	 [7] err .error ---> depends on: {}
	 [8] m (*mediamicroservices_sql.MovieInfoServiceImpl struct{movieIdDB RelationalDB}) ---> depends on: {mediamicroservices_sql.MovieInfoServiceImpl struct{movieIdDB RelationalDB}}
	 [9] ctx context.Context ---> depends on: {}
	 [10] sqlBytes []byte ---> depends on: {"database/movieinfo.sql" string, "database/movieinfo.sql" string}
	 [11] err .error ---> depends on: {"database/movieinfo.sql" string}
	 [12] sqlStatements []string ---> depends on: {string, ";" string, string, ";" string}
	 [13] stmt string ---> depends on: {sqlStatements []string}

[BLOCK, #5, RangeBody] NODES = [*ast.AssignStmt, *ast.BinaryExpr]; SUCCS = [Block #7, Block #8]
	 [0] m (*mediamicroservices_sql.MovieInfoServiceImpl struct{movieIdDB RelationalDB}) ---> depends on: {mediamicroservices_sql.MovieInfoServiceImpl struct{movieIdDB RelationalDB}}
	 [1] ctx context.Context ---> depends on: {}
	 [2] sqlBytes []byte ---> depends on: {"database/movieinfo.sql" string, "database/movieinfo.sql" string}
	 [3] err .error ---> depends on: {"database/movieinfo.sql" string}
	 [4] sqlStatements []string ---> depends on: {string, ";" string, string, ";" string}
	 [5] stmt string ---> depends on: {sqlStatements []string}
	 [6] _ sql.Result interface{ interface{LastInsertId() (int64, error); RowsAffected() (int64, error)} } ---> depends on: {}
	 [7] err .error ---> depends on: {}

[BLOCK, #7, IfThen] NODES = [*ast.ReturnStmt]; SUCCS = []
	 [0] m (*mediamicroservices_sql.MovieInfoServiceImpl struct{movieIdDB RelationalDB}) ---> depends on: {mediamicroservices_sql.MovieInfoServiceImpl struct{movieIdDB RelationalDB}}
	 [1] ctx context.Context ---> depends on: {}
	 [2] sqlBytes []byte ---> depends on: {"database/movieinfo.sql" string, "database/movieinfo.sql" string}
	 [3] err .error ---> depends on: {"database/movieinfo.sql" string}
	 [4] sqlStatements []string ---> depends on: {string, ";" string, string, ";" string}
	 [5] stmt string ---> depends on: {sqlStatements []string}
	 [6] _ sql.Result interface{ interface{LastInsertId() (int64, error); RowsAffected() (int64, error)} } ---> depends on: {}
	 [7] err .error ---> depends on: {}

[BLOCK, #8, IfDone] NODES = []; SUCCS = [Block #4]
	 [0] m (*mediamicroservices_sql.MovieInfoServiceImpl struct{movieIdDB RelationalDB}) ---> depends on: {mediamicroservices_sql.MovieInfoServiceImpl struct{movieIdDB RelationalDB}}
	 [1] ctx context.Context ---> depends on: {}
	 [2] sqlBytes []byte ---> depends on: {"database/movieinfo.sql" string, "database/movieinfo.sql" string}
	 [3] err .error ---> depends on: {"database/movieinfo.sql" string}
	 [4] sqlStatements []string ---> depends on: {string, ";" string, string, ";" string}
	 [5] stmt string ---> depends on: {sqlStatements []string}
	 [6] _ sql.Result interface{ interface{LastInsertId() (int64, error); RowsAffected() (int64, error)} } ---> depends on: {}
	 [7] err .error ---> depends on: {}

[BLOCK, #6, RangeDone] NODES = [*ast.ReturnStmt]; SUCCS = []
	 [0] m (*mediamicroservices_sql.MovieInfoServiceImpl struct{movieIdDB RelationalDB}) ---> depends on: {mediamicroservices_sql.MovieInfoServiceImpl struct{movieIdDB RelationalDB}}
	 [1] ctx context.Context ---> depends on: {}
	 [2] sqlBytes []byte ---> depends on: {"database/movieinfo.sql" string, "database/movieinfo.sql" string}
	 [3] err .error ---> depends on: {"database/movieinfo.sql" string}
	 [4] sqlStatements []string ---> depends on: {string, ";" string, string, ";" string}
	 [5] stmt string ---> depends on: {sqlStatements []string}
	 [6] _ sql.Result interface{ interface{LastInsertId() (int64, error); RowsAffected() (int64, error)} } ---> depends on: {}
	 [7] err .error ---> depends on: {}
	 [8] m (*mediamicroservices_sql.MovieInfoServiceImpl struct{movieIdDB RelationalDB}) ---> depends on: {mediamicroservices_sql.MovieInfoServiceImpl struct{movieIdDB RelationalDB}}
	 [9] ctx context.Context ---> depends on: {}
	 [10] sqlBytes []byte ---> depends on: {"database/movieinfo.sql" string, "database/movieinfo.sql" string}
	 [11] err .error ---> depends on: {"database/movieinfo.sql" string}
	 [12] sqlStatements []string ---> depends on: {string, ";" string, string, ";" string}
	 [13] stmt string ---> depends on: {sqlStatements []string}

