[BLOCK, #0, Body] NODES = [*ast.AssignStmt, *ast.BinaryExpr]; SUCCS = [Block #1, Block #2]
	 [0] ts (*train.TrainServiceImpl struct{db NoSQLDatabase}) ---> depends on: {train.TrainServiceImpl struct{db NoSQLDatabase}}
	 [1] ctx context.Context ---> depends on: {}
	 [2] tt train.TrainType struct{ID string, Name string, EconomyClass int64, ComfortClass int64, AvgSpeed int64} ---> depends on: {Name string}
	 [3] coll NoSQLCollection {database = train, collection = train} ---> depends on: {}
	 [4] err .error ---> depends on: {}

[BLOCK, #1, IfThen] NODES = [*ast.ReturnStmt]; SUCCS = []
	 [0] ts (*train.TrainServiceImpl struct{db NoSQLDatabase}) ---> depends on: {train.TrainServiceImpl struct{db NoSQLDatabase}}
	 [1] ctx context.Context ---> depends on: {}
	 [2] tt train.TrainType struct{ID string, Name string, EconomyClass int64, ComfortClass int64, AvgSpeed int64} ---> depends on: {Name string}
	 [3] coll NoSQLCollection {database = train, collection = train} ---> depends on: {}
	 [4] err .error ---> depends on: {}

[BLOCK, #2, IfDone] NODES = [*ast.AssignStmt, *ast.AssignStmt, *ast.BinaryExpr]; SUCCS = [Block #4, Block #5]
	 [0] ts (*train.TrainServiceImpl struct{db NoSQLDatabase}) ---> depends on: {train.TrainServiceImpl struct{db NoSQLDatabase}}
	 [1] ctx context.Context ---> depends on: {}
	 [2] tt train.TrainType struct{ID string, Name string, EconomyClass int64, ComfortClass int64, AvgSpeed int64} ---> depends on: {Name string}
	 [3] coll NoSQLCollection {database = train, collection = train} ---> depends on: {}
	 [4] err .error ---> depends on: {}
	 [5] query primitive.D ---> depends on: {struct{ string,  "name" string,  string}}
	 [6] res NoSQLCursor {database = train, collection = train} ---> depends on: {saved_tt train.TrainType struct{ID string, Name string, EconomyClass int64, ComfortClass int64, AvgSpeed int64}}
	 [7] err .error ---> depends on: {}

[BLOCK, #4, IfThen] NODES = [*ast.ReturnStmt]; SUCCS = []
	 [0] ts (*train.TrainServiceImpl struct{db NoSQLDatabase}) ---> depends on: {train.TrainServiceImpl struct{db NoSQLDatabase}}
	 [1] ctx context.Context ---> depends on: {}
	 [2] tt train.TrainType struct{ID string, Name string, EconomyClass int64, ComfortClass int64, AvgSpeed int64} ---> depends on: {Name string}
	 [3] coll NoSQLCollection {database = train, collection = train} ---> depends on: {}
	 [4] err .error ---> depends on: {}
	 [5] query primitive.D ---> depends on: {struct{ string,  "name" string,  string}}
	 [6] res NoSQLCursor {database = train, collection = train} ---> depends on: {saved_tt train.TrainType struct{ID string, Name string, EconomyClass int64, ComfortClass int64, AvgSpeed int64}}
	 [7] err .error ---> depends on: {}

[BLOCK, #5, IfDone] NODES = [*ast.ValueSpec, *ast.AssignStmt, *ast.BinaryExpr]; SUCCS = [Block #7, Block #8]
	 [0] ts (*train.TrainServiceImpl struct{db NoSQLDatabase}) ---> depends on: {train.TrainServiceImpl struct{db NoSQLDatabase}}
	 [1] ctx context.Context ---> depends on: {}
	 [2] tt train.TrainType struct{ID string, Name string, EconomyClass int64, ComfortClass int64, AvgSpeed int64} ---> depends on: {Name string}
	 [3] coll NoSQLCollection {database = train, collection = train} ---> depends on: {}
	 [4] err .error ---> depends on: {}
	 [5] query primitive.D ---> depends on: {struct{ string,  "name" string,  string}}
	 [6] res NoSQLCursor {database = train, collection = train} ---> depends on: {saved_tt train.TrainType struct{ID string, Name string, EconomyClass int64, ComfortClass int64, AvgSpeed int64}}
	 [7] err .error ---> depends on: {}
	 [8] saved_tt train.TrainType struct{ID string, Name string, EconomyClass int64, ComfortClass int64, AvgSpeed int64} ---> depends on: {}
	 [9] exists bool ---> depends on: {}
	 [10] err .error ---> depends on: {}

[BLOCK, #7, IfThen] NODES = [*ast.ReturnStmt]; SUCCS = []
	 [0] ts (*train.TrainServiceImpl struct{db NoSQLDatabase}) ---> depends on: {train.TrainServiceImpl struct{db NoSQLDatabase}}
	 [1] ctx context.Context ---> depends on: {}
	 [2] tt train.TrainType struct{ID string, Name string, EconomyClass int64, ComfortClass int64, AvgSpeed int64} ---> depends on: {Name string}
	 [3] coll NoSQLCollection {database = train, collection = train} ---> depends on: {}
	 [4] err .error ---> depends on: {}
	 [5] query primitive.D ---> depends on: {struct{ string,  "name" string,  string}}
	 [6] res NoSQLCursor {database = train, collection = train} ---> depends on: {saved_tt train.TrainType struct{ID string, Name string, EconomyClass int64, ComfortClass int64, AvgSpeed int64}}
	 [7] err .error ---> depends on: {}
	 [8] saved_tt train.TrainType struct{ID string, Name string, EconomyClass int64, ComfortClass int64, AvgSpeed int64} ---> depends on: {}
	 [9] exists bool ---> depends on: {}
	 [10] err .error ---> depends on: {}

[BLOCK, #8, IfDone] NODES = [*ast.Ident]; SUCCS = [Block #10, Block #11]
	 [0] ts (*train.TrainServiceImpl struct{db NoSQLDatabase}) ---> depends on: {train.TrainServiceImpl struct{db NoSQLDatabase}}
	 [1] ctx context.Context ---> depends on: {}
	 [2] tt train.TrainType struct{ID string, Name string, EconomyClass int64, ComfortClass int64, AvgSpeed int64} ---> depends on: {Name string}
	 [3] coll NoSQLCollection {database = train, collection = train} ---> depends on: {}
	 [4] err .error ---> depends on: {}
	 [5] query primitive.D ---> depends on: {struct{ string,  "name" string,  string}}
	 [6] res NoSQLCursor {database = train, collection = train} ---> depends on: {saved_tt train.TrainType struct{ID string, Name string, EconomyClass int64, ComfortClass int64, AvgSpeed int64}}
	 [7] err .error ---> depends on: {}
	 [8] saved_tt train.TrainType struct{ID string, Name string, EconomyClass int64, ComfortClass int64, AvgSpeed int64} ---> depends on: {}
	 [9] exists bool ---> depends on: {}
	 [10] err .error ---> depends on: {}

[BLOCK, #10, IfThen] NODES = [*ast.ReturnStmt]; SUCCS = []
	 [0] ts (*train.TrainServiceImpl struct{db NoSQLDatabase}) ---> depends on: {train.TrainServiceImpl struct{db NoSQLDatabase}}
	 [1] ctx context.Context ---> depends on: {}
	 [2] tt train.TrainType struct{ID string, Name string, EconomyClass int64, ComfortClass int64, AvgSpeed int64} ---> depends on: {Name string}
	 [3] coll NoSQLCollection {database = train, collection = train} ---> depends on: {}
	 [4] err .error ---> depends on: {}
	 [5] query primitive.D ---> depends on: {struct{ string,  "name" string,  string}}
	 [6] res NoSQLCursor {database = train, collection = train} ---> depends on: {saved_tt train.TrainType struct{ID string, Name string, EconomyClass int64, ComfortClass int64, AvgSpeed int64}}
	 [7] err .error ---> depends on: {}
	 [8] saved_tt train.TrainType struct{ID string, Name string, EconomyClass int64, ComfortClass int64, AvgSpeed int64} ---> depends on: {}
	 [9] exists bool ---> depends on: {}
	 [10] err .error ---> depends on: {}

[BLOCK, #11, IfDone] NODES = [*ast.AssignStmt, *ast.BinaryExpr]; SUCCS = [Block #13, Block #14]
	 [0] ts (*train.TrainServiceImpl struct{db NoSQLDatabase}) ---> depends on: {train.TrainServiceImpl struct{db NoSQLDatabase}}
	 [1] ctx context.Context ---> depends on: {}
	 [2] tt train.TrainType struct{ID string, Name string, EconomyClass int64, ComfortClass int64, AvgSpeed int64} ---> depends on: {Name string}
	 [3] coll NoSQLCollection {database = train, collection = train} ---> depends on: {}
	 [4] err .error ---> depends on: {}
	 [5] query primitive.D ---> depends on: {struct{ string,  "name" string,  string}}
	 [6] res NoSQLCursor {database = train, collection = train} ---> depends on: {saved_tt train.TrainType struct{ID string, Name string, EconomyClass int64, ComfortClass int64, AvgSpeed int64}}
	 [7] err .error ---> depends on: {}
	 [8] saved_tt train.TrainType struct{ID string, Name string, EconomyClass int64, ComfortClass int64, AvgSpeed int64} ---> depends on: {}
	 [9] exists bool ---> depends on: {}
	 [10] err .error ---> depends on: {}
	 [11] err .error ---> depends on: {}

[BLOCK, #13, IfThen] NODES = [*ast.ReturnStmt]; SUCCS = []
	 [0] ts (*train.TrainServiceImpl struct{db NoSQLDatabase}) ---> depends on: {train.TrainServiceImpl struct{db NoSQLDatabase}}
	 [1] ctx context.Context ---> depends on: {}
	 [2] tt train.TrainType struct{ID string, Name string, EconomyClass int64, ComfortClass int64, AvgSpeed int64} ---> depends on: {Name string}
	 [3] coll NoSQLCollection {database = train, collection = train} ---> depends on: {}
	 [4] err .error ---> depends on: {}
	 [5] query primitive.D ---> depends on: {struct{ string,  "name" string,  string}}
	 [6] res NoSQLCursor {database = train, collection = train} ---> depends on: {saved_tt train.TrainType struct{ID string, Name string, EconomyClass int64, ComfortClass int64, AvgSpeed int64}}
	 [7] err .error ---> depends on: {}
	 [8] saved_tt train.TrainType struct{ID string, Name string, EconomyClass int64, ComfortClass int64, AvgSpeed int64} ---> depends on: {}
	 [9] exists bool ---> depends on: {}
	 [10] err .error ---> depends on: {}
	 [11] err .error ---> depends on: {}

[BLOCK, #14, IfDone] NODES = [*ast.ReturnStmt]; SUCCS = []
	 [0] ts (*train.TrainServiceImpl struct{db NoSQLDatabase}) ---> depends on: {train.TrainServiceImpl struct{db NoSQLDatabase}}
	 [1] ctx context.Context ---> depends on: {}
	 [2] tt train.TrainType struct{ID string, Name string, EconomyClass int64, ComfortClass int64, AvgSpeed int64} ---> depends on: {Name string}
	 [3] coll NoSQLCollection {database = train, collection = train} ---> depends on: {}
	 [4] err .error ---> depends on: {}
	 [5] query primitive.D ---> depends on: {struct{ string,  "name" string,  string}}
	 [6] res NoSQLCursor {database = train, collection = train} ---> depends on: {saved_tt train.TrainType struct{ID string, Name string, EconomyClass int64, ComfortClass int64, AvgSpeed int64}}
	 [7] err .error ---> depends on: {}
	 [8] saved_tt train.TrainType struct{ID string, Name string, EconomyClass int64, ComfortClass int64, AvgSpeed int64} ---> depends on: {}
	 [9] exists bool ---> depends on: {}
	 [10] err .error ---> depends on: {}
	 [11] err .error ---> depends on: {}

