[BLOCK, #0, Body] NODES = [*ast.AssignStmt, *ast.AssignStmt, *ast.BinaryExpr]; SUCCS = [Block #1, Block #2]
	 [0] s (*employee_app.EmployeeServiceImpl struct{freelancerService employee_app.FreelancerService, fulltimeService employee_app.FulltimeService, internService employee_app.InternService, employeesDB NoSQLDatabase}) ---> depends on: {employee_app.EmployeeServiceImpl struct{freelancerService employee_app.FreelancerService, fulltimeService employee_app.FulltimeService, internService employee_app.InternService, employeesDB NoSQLDatabase}}
	 [1] ctx context.Context ---> depends on: {}
	 [2] employeeID string ---> depends on: {}
	 [3] name string ---> depends on: {}
	 [4] IBAN string ---> depends on: {}
	 [5] freelancerID string ---> depends on: {}
	 [6] rate string ---> depends on: {}
	 [7] terms string ---> depends on: {}
	 [8] employee employee_app.Employee struct{EmployeeID string, Name string, IBAN string, SpecFlag "freelancer" string} ---> depends on: {EmployeeID string, IBAN string, Name string, SpecFlag "freelancer" string}
	 [9] collection NoSQLCollection {database = employees, collection = employees} ---> depends on: {}
	 [10] err .error ---> depends on: {}

[BLOCK, #1, IfThen] NODES = [*ast.ReturnStmt]; SUCCS = []
	 [0] s (*employee_app.EmployeeServiceImpl struct{freelancerService employee_app.FreelancerService, fulltimeService employee_app.FulltimeService, internService employee_app.InternService, employeesDB NoSQLDatabase}) ---> depends on: {employee_app.EmployeeServiceImpl struct{freelancerService employee_app.FreelancerService, fulltimeService employee_app.FulltimeService, internService employee_app.InternService, employeesDB NoSQLDatabase}}
	 [1] ctx context.Context ---> depends on: {}
	 [2] employeeID string ---> depends on: {}
	 [3] name string ---> depends on: {}
	 [4] IBAN string ---> depends on: {}
	 [5] freelancerID string ---> depends on: {}
	 [6] rate string ---> depends on: {}
	 [7] terms string ---> depends on: {}
	 [8] employee employee_app.Employee struct{EmployeeID string, Name string, IBAN string, SpecFlag "freelancer" string} ---> depends on: {EmployeeID string, IBAN string, Name string, SpecFlag "freelancer" string}
	 [9] collection NoSQLCollection {database = employees, collection = employees} ---> depends on: {}
	 [10] err .error ---> depends on: {}

[BLOCK, #2, IfDone] NODES = [*ast.AssignStmt, *ast.BinaryExpr]; SUCCS = [Block #4, Block #5]
	 [0] s (*employee_app.EmployeeServiceImpl struct{freelancerService employee_app.FreelancerService, fulltimeService employee_app.FulltimeService, internService employee_app.InternService, employeesDB NoSQLDatabase}) ---> depends on: {employee_app.EmployeeServiceImpl struct{freelancerService employee_app.FreelancerService, fulltimeService employee_app.FulltimeService, internService employee_app.InternService, employeesDB NoSQLDatabase}}
	 [1] ctx context.Context ---> depends on: {}
	 [2] employeeID string ---> depends on: {}
	 [3] name string ---> depends on: {}
	 [4] IBAN string ---> depends on: {}
	 [5] freelancerID string ---> depends on: {}
	 [6] rate string ---> depends on: {}
	 [7] terms string ---> depends on: {}
	 [8] employee employee_app.Employee struct{EmployeeID string, Name string, IBAN string, SpecFlag "freelancer" string} ---> depends on: {EmployeeID string, IBAN string, Name string, SpecFlag "freelancer" string}
	 [9] collection NoSQLCollection {database = employees, collection = employees} ---> depends on: {}
	 [10] err .error ---> depends on: {}
	 [11] err .error ---> depends on: {}

[BLOCK, #4, IfThen] NODES = [*ast.ReturnStmt]; SUCCS = []
	 [0] s (*employee_app.EmployeeServiceImpl struct{freelancerService employee_app.FreelancerService, fulltimeService employee_app.FulltimeService, internService employee_app.InternService, employeesDB NoSQLDatabase}) ---> depends on: {employee_app.EmployeeServiceImpl struct{freelancerService employee_app.FreelancerService, fulltimeService employee_app.FulltimeService, internService employee_app.InternService, employeesDB NoSQLDatabase}}
	 [1] ctx context.Context ---> depends on: {}
	 [2] employeeID string ---> depends on: {}
	 [3] name string ---> depends on: {}
	 [4] IBAN string ---> depends on: {}
	 [5] freelancerID string ---> depends on: {}
	 [6] rate string ---> depends on: {}
	 [7] terms string ---> depends on: {}
	 [8] employee employee_app.Employee struct{EmployeeID string, Name string, IBAN string, SpecFlag "freelancer" string} ---> depends on: {EmployeeID string, IBAN string, Name string, SpecFlag "freelancer" string}
	 [9] collection NoSQLCollection {database = employees, collection = employees} ---> depends on: {}
	 [10] err .error ---> depends on: {}
	 [11] err .error ---> depends on: {}

[BLOCK, #5, IfDone] NODES = [*ast.AssignStmt, *ast.BinaryExpr]; SUCCS = [Block #7, Block #8]
	 [0] s (*employee_app.EmployeeServiceImpl struct{freelancerService employee_app.FreelancerService, fulltimeService employee_app.FulltimeService, internService employee_app.InternService, employeesDB NoSQLDatabase}) ---> depends on: {employee_app.EmployeeServiceImpl struct{freelancerService employee_app.FreelancerService, fulltimeService employee_app.FulltimeService, internService employee_app.InternService, employeesDB NoSQLDatabase}}
	 [1] ctx context.Context ---> depends on: {}
	 [2] employeeID string ---> depends on: {}
	 [3] name string ---> depends on: {}
	 [4] IBAN string ---> depends on: {}
	 [5] freelancerID string ---> depends on: {}
	 [6] rate string ---> depends on: {}
	 [7] terms string ---> depends on: {}
	 [8] employee employee_app.Employee struct{EmployeeID string, Name string, IBAN string, SpecFlag "freelancer" string} ---> depends on: {EmployeeID string, IBAN string, Name string, SpecFlag "freelancer" string}
	 [9] collection NoSQLCollection {database = employees, collection = employees} ---> depends on: {}
	 [10] err .error ---> depends on: {}
	 [11] err .error ---> depends on: {}
	 [12] freelancer employee_app.Freelancer struct{EmployeeID string, FreelancerID string, Rate string, Terms string} ---> depends on: {}
	 [13] err .error ---> depends on: {}

[BLOCK, #7, IfThen] NODES = [*ast.ReturnStmt]; SUCCS = []
	 [0] s (*employee_app.EmployeeServiceImpl struct{freelancerService employee_app.FreelancerService, fulltimeService employee_app.FulltimeService, internService employee_app.InternService, employeesDB NoSQLDatabase}) ---> depends on: {employee_app.EmployeeServiceImpl struct{freelancerService employee_app.FreelancerService, fulltimeService employee_app.FulltimeService, internService employee_app.InternService, employeesDB NoSQLDatabase}}
	 [1] ctx context.Context ---> depends on: {}
	 [2] employeeID string ---> depends on: {}
	 [3] name string ---> depends on: {}
	 [4] IBAN string ---> depends on: {}
	 [5] freelancerID string ---> depends on: {}
	 [6] rate string ---> depends on: {}
	 [7] terms string ---> depends on: {}
	 [8] employee employee_app.Employee struct{EmployeeID string, Name string, IBAN string, SpecFlag "freelancer" string} ---> depends on: {EmployeeID string, IBAN string, Name string, SpecFlag "freelancer" string}
	 [9] collection NoSQLCollection {database = employees, collection = employees} ---> depends on: {}
	 [10] err .error ---> depends on: {}
	 [11] err .error ---> depends on: {}
	 [12] freelancer employee_app.Freelancer struct{EmployeeID string, FreelancerID string, Rate string, Terms string} ---> depends on: {}
	 [13] err .error ---> depends on: {}

[BLOCK, #8, IfDone] NODES = [*ast.ReturnStmt]; SUCCS = []
	 [0] s (*employee_app.EmployeeServiceImpl struct{freelancerService employee_app.FreelancerService, fulltimeService employee_app.FulltimeService, internService employee_app.InternService, employeesDB NoSQLDatabase}) ---> depends on: {employee_app.EmployeeServiceImpl struct{freelancerService employee_app.FreelancerService, fulltimeService employee_app.FulltimeService, internService employee_app.InternService, employeesDB NoSQLDatabase}}
	 [1] ctx context.Context ---> depends on: {}
	 [2] employeeID string ---> depends on: {}
	 [3] name string ---> depends on: {}
	 [4] IBAN string ---> depends on: {}
	 [5] freelancerID string ---> depends on: {}
	 [6] rate string ---> depends on: {}
	 [7] terms string ---> depends on: {}
	 [8] employee employee_app.Employee struct{EmployeeID string, Name string, IBAN string, SpecFlag "freelancer" string} ---> depends on: {EmployeeID string, IBAN string, Name string, SpecFlag "freelancer" string}
	 [9] collection NoSQLCollection {database = employees, collection = employees} ---> depends on: {}
	 [10] err .error ---> depends on: {}
	 [11] err .error ---> depends on: {}
	 [12] freelancer employee_app.Freelancer struct{EmployeeID string, FreelancerID string, Rate string, Terms string} ---> depends on: {}
	 [13] err .error ---> depends on: {}

