[BLOCK, #0, Body] NODES = [*ast.AssignStmt, *ast.AssignStmt, *ast.BinaryExpr]; SUCCS = [Block #1, Block #2]
	 [0] s (*employee_app.EmployeeServiceImpl struct{freelancerService employee_app.FreelancerService, fulltimeService employee_app.FulltimeService, internService employee_app.InternService, employeesDB NoSQLDatabase}) ---> depends on: {employee_app.EmployeeServiceImpl struct{freelancerService employee_app.FreelancerService, fulltimeService employee_app.FulltimeService, internService employee_app.InternService, employeesDB NoSQLDatabase}}
	 [1] ctx context.Context ---> depends on: {}
	 [2] employeeID string ---> depends on: {}
	 [3] name string ---> depends on: {}
	 [4] IBAN string ---> depends on: {}
	 [5] internID string ---> depends on: {}
	 [6] mentorID string ---> depends on: {}
	 [7] stipend string ---> depends on: {}
	 [8] duration string ---> depends on: {}
	 [9] employee employee_app.Employee struct{EmployeeID string, Name string, IBAN string, SpecFlag "intern" string} ---> depends on: {EmployeeID string, IBAN string, Name string, SpecFlag "intern" string}
	 [10] collection NoSQLCollection {database = employees, collection = employees} ---> depends on: {}
	 [11] err .error ---> depends on: {}

[BLOCK, #1, IfThen] NODES = [*ast.ReturnStmt]; SUCCS = []
	 [0] s (*employee_app.EmployeeServiceImpl struct{freelancerService employee_app.FreelancerService, fulltimeService employee_app.FulltimeService, internService employee_app.InternService, employeesDB NoSQLDatabase}) ---> depends on: {employee_app.EmployeeServiceImpl struct{freelancerService employee_app.FreelancerService, fulltimeService employee_app.FulltimeService, internService employee_app.InternService, employeesDB NoSQLDatabase}}
	 [1] ctx context.Context ---> depends on: {}
	 [2] employeeID string ---> depends on: {}
	 [3] name string ---> depends on: {}
	 [4] IBAN string ---> depends on: {}
	 [5] internID string ---> depends on: {}
	 [6] mentorID string ---> depends on: {}
	 [7] stipend string ---> depends on: {}
	 [8] duration string ---> depends on: {}
	 [9] employee employee_app.Employee struct{EmployeeID string, Name string, IBAN string, SpecFlag "intern" string} ---> depends on: {EmployeeID string, IBAN string, Name string, SpecFlag "intern" string}
	 [10] collection NoSQLCollection {database = employees, collection = employees} ---> depends on: {}
	 [11] err .error ---> depends on: {}

[BLOCK, #2, IfDone] NODES = [*ast.AssignStmt, *ast.BinaryExpr]; SUCCS = [Block #4, Block #5]
	 [0] s (*employee_app.EmployeeServiceImpl struct{freelancerService employee_app.FreelancerService, fulltimeService employee_app.FulltimeService, internService employee_app.InternService, employeesDB NoSQLDatabase}) ---> depends on: {employee_app.EmployeeServiceImpl struct{freelancerService employee_app.FreelancerService, fulltimeService employee_app.FulltimeService, internService employee_app.InternService, employeesDB NoSQLDatabase}}
	 [1] ctx context.Context ---> depends on: {}
	 [2] employeeID string ---> depends on: {}
	 [3] name string ---> depends on: {}
	 [4] IBAN string ---> depends on: {}
	 [5] internID string ---> depends on: {}
	 [6] mentorID string ---> depends on: {}
	 [7] stipend string ---> depends on: {}
	 [8] duration string ---> depends on: {}
	 [9] employee employee_app.Employee struct{EmployeeID string, Name string, IBAN string, SpecFlag "intern" string} ---> depends on: {EmployeeID string, IBAN string, Name string, SpecFlag "intern" string}
	 [10] collection NoSQLCollection {database = employees, collection = employees} ---> depends on: {}
	 [11] err .error ---> depends on: {}
	 [12] err .error ---> depends on: {}

[BLOCK, #4, IfThen] NODES = [*ast.ReturnStmt]; SUCCS = []
	 [0] s (*employee_app.EmployeeServiceImpl struct{freelancerService employee_app.FreelancerService, fulltimeService employee_app.FulltimeService, internService employee_app.InternService, employeesDB NoSQLDatabase}) ---> depends on: {employee_app.EmployeeServiceImpl struct{freelancerService employee_app.FreelancerService, fulltimeService employee_app.FulltimeService, internService employee_app.InternService, employeesDB NoSQLDatabase}}
	 [1] ctx context.Context ---> depends on: {}
	 [2] employeeID string ---> depends on: {}
	 [3] name string ---> depends on: {}
	 [4] IBAN string ---> depends on: {}
	 [5] internID string ---> depends on: {}
	 [6] mentorID string ---> depends on: {}
	 [7] stipend string ---> depends on: {}
	 [8] duration string ---> depends on: {}
	 [9] employee employee_app.Employee struct{EmployeeID string, Name string, IBAN string, SpecFlag "intern" string} ---> depends on: {EmployeeID string, IBAN string, Name string, SpecFlag "intern" string}
	 [10] collection NoSQLCollection {database = employees, collection = employees} ---> depends on: {}
	 [11] err .error ---> depends on: {}
	 [12] err .error ---> depends on: {}

[BLOCK, #5, IfDone] NODES = [*ast.AssignStmt, *ast.BinaryExpr]; SUCCS = [Block #7, Block #8]
	 [0] s (*employee_app.EmployeeServiceImpl struct{freelancerService employee_app.FreelancerService, fulltimeService employee_app.FulltimeService, internService employee_app.InternService, employeesDB NoSQLDatabase}) ---> depends on: {employee_app.EmployeeServiceImpl struct{freelancerService employee_app.FreelancerService, fulltimeService employee_app.FulltimeService, internService employee_app.InternService, employeesDB NoSQLDatabase}}
	 [1] ctx context.Context ---> depends on: {}
	 [2] employeeID string ---> depends on: {}
	 [3] name string ---> depends on: {}
	 [4] IBAN string ---> depends on: {}
	 [5] internID string ---> depends on: {}
	 [6] mentorID string ---> depends on: {}
	 [7] stipend string ---> depends on: {}
	 [8] duration string ---> depends on: {}
	 [9] employee employee_app.Employee struct{EmployeeID string, Name string, IBAN string, SpecFlag "intern" string} ---> depends on: {EmployeeID string, IBAN string, Name string, SpecFlag "intern" string}
	 [10] collection NoSQLCollection {database = employees, collection = employees} ---> depends on: {}
	 [11] err .error ---> depends on: {}
	 [12] err .error ---> depends on: {}
	 [13] intern employee_app.Intern struct{EmployeeID string, InternID string, Stipend string, Duration string, Mentor string} ---> depends on: {}
	 [14] err .error ---> depends on: {}

[BLOCK, #7, IfThen] NODES = [*ast.ReturnStmt]; SUCCS = []
	 [0] s (*employee_app.EmployeeServiceImpl struct{freelancerService employee_app.FreelancerService, fulltimeService employee_app.FulltimeService, internService employee_app.InternService, employeesDB NoSQLDatabase}) ---> depends on: {employee_app.EmployeeServiceImpl struct{freelancerService employee_app.FreelancerService, fulltimeService employee_app.FulltimeService, internService employee_app.InternService, employeesDB NoSQLDatabase}}
	 [1] ctx context.Context ---> depends on: {}
	 [2] employeeID string ---> depends on: {}
	 [3] name string ---> depends on: {}
	 [4] IBAN string ---> depends on: {}
	 [5] internID string ---> depends on: {}
	 [6] mentorID string ---> depends on: {}
	 [7] stipend string ---> depends on: {}
	 [8] duration string ---> depends on: {}
	 [9] employee employee_app.Employee struct{EmployeeID string, Name string, IBAN string, SpecFlag "intern" string} ---> depends on: {EmployeeID string, IBAN string, Name string, SpecFlag "intern" string}
	 [10] collection NoSQLCollection {database = employees, collection = employees} ---> depends on: {}
	 [11] err .error ---> depends on: {}
	 [12] err .error ---> depends on: {}
	 [13] intern employee_app.Intern struct{EmployeeID string, InternID string, Stipend string, Duration string, Mentor string} ---> depends on: {}
	 [14] err .error ---> depends on: {}

[BLOCK, #8, IfDone] NODES = [*ast.ReturnStmt]; SUCCS = []
	 [0] s (*employee_app.EmployeeServiceImpl struct{freelancerService employee_app.FreelancerService, fulltimeService employee_app.FulltimeService, internService employee_app.InternService, employeesDB NoSQLDatabase}) ---> depends on: {employee_app.EmployeeServiceImpl struct{freelancerService employee_app.FreelancerService, fulltimeService employee_app.FulltimeService, internService employee_app.InternService, employeesDB NoSQLDatabase}}
	 [1] ctx context.Context ---> depends on: {}
	 [2] employeeID string ---> depends on: {}
	 [3] name string ---> depends on: {}
	 [4] IBAN string ---> depends on: {}
	 [5] internID string ---> depends on: {}
	 [6] mentorID string ---> depends on: {}
	 [7] stipend string ---> depends on: {}
	 [8] duration string ---> depends on: {}
	 [9] employee employee_app.Employee struct{EmployeeID string, Name string, IBAN string, SpecFlag "intern" string} ---> depends on: {EmployeeID string, IBAN string, Name string, SpecFlag "intern" string}
	 [10] collection NoSQLCollection {database = employees, collection = employees} ---> depends on: {}
	 [11] err .error ---> depends on: {}
	 [12] err .error ---> depends on: {}
	 [13] intern employee_app.Intern struct{EmployeeID string, InternID string, Stipend string, Duration string, Mentor string} ---> depends on: {}
	 [14] err .error ---> depends on: {}

