[BLOCK, #0, Body] NODES = [*ast.AssignStmt, *ast.BinaryExpr]; SUCCS = [Block #1, Block #2]
	 [0] s (*employee_app.EmployeeServiceImpl struct{freelancerService employee_app.FreelancerService, fulltimeService employee_app.FulltimeService, internService employee_app.InternService, employeesDB NoSQLDatabase}) ---> depends on: {employee_app.EmployeeServiceImpl struct{freelancerService employee_app.FreelancerService, fulltimeService employee_app.FulltimeService, internService employee_app.InternService, employeesDB NoSQLDatabase}}
	 [1] ctx context.Context ---> depends on: {}
	 [2] employeeID string ---> depends on: {}
	 [3] name string ---> depends on: {}
	 [4] IBAN string ---> depends on: {}
	 [5] fulltimeID string ---> depends on: {}
	 [6] salary string ---> depends on: {}
	 [7] position string ---> depends on: {}
	 [8] collection NoSQLCollection {database = employees, collection = employees} ---> depends on: {}
	 [9] err .error ---> depends on: {}

[BLOCK, #1, IfThen] NODES = [*ast.ReturnStmt]; SUCCS = []
	 [0] s (*employee_app.EmployeeServiceImpl struct{freelancerService employee_app.FreelancerService, fulltimeService employee_app.FulltimeService, internService employee_app.InternService, employeesDB NoSQLDatabase}) ---> depends on: {employee_app.EmployeeServiceImpl struct{freelancerService employee_app.FreelancerService, fulltimeService employee_app.FulltimeService, internService employee_app.InternService, employeesDB NoSQLDatabase}}
	 [1] ctx context.Context ---> depends on: {}
	 [2] employeeID string ---> depends on: {}
	 [3] name string ---> depends on: {}
	 [4] IBAN string ---> depends on: {}
	 [5] fulltimeID string ---> depends on: {}
	 [6] salary string ---> depends on: {}
	 [7] position string ---> depends on: {}
	 [8] collection NoSQLCollection {database = employees, collection = employees} ---> depends on: {}
	 [9] err .error ---> depends on: {}

[BLOCK, #2, IfDone] NODES = [*ast.ValueSpec, *ast.ValueSpec, *ast.ValueSpec, *ast.ExprStmt, *ast.GoStmt, *ast.GoStmt, *ast.GoStmt, *ast.ExprStmt, *ast.BinaryExpr]; SUCCS = [Block #4, Block #5]
	 [0] s (*employee_app.EmployeeServiceImpl struct{freelancerService employee_app.FreelancerService, fulltimeService employee_app.FulltimeService, internService employee_app.InternService, employeesDB NoSQLDatabase}) ---> depends on: {employee_app.EmployeeServiceImpl struct{freelancerService employee_app.FreelancerService, fulltimeService employee_app.FulltimeService, internService employee_app.InternService, employeesDB NoSQLDatabase}}
	 [1] ctx context.Context ---> depends on: {}
	 [2] employeeID string ---> depends on: {}
	 [3] name string ---> depends on: {}
	 [4] IBAN string ---> depends on: {}
	 [5] fulltimeID string ---> depends on: {}
	 [6] salary string ---> depends on: {}
	 [7] position string ---> depends on: {}
	 [8] collection NoSQLCollection {database = employees, collection = employees} ---> depends on: {}
	 [9] err .error ---> depends on: {}
	 [10] fulltime employee_app.Fulltime struct{EmployeeID string, FulltimeID string, Salary string, Position string} ---> depends on: {}
	 [11] err1 error ---> depends on: {}
	 [12] err2 error ---> depends on: {}
	 [13] err3 error ---> depends on: {}
	 [14] wg sync.WaitGroup ---> depends on: {}

[BLOCK, #4, IfThen] NODES = [*ast.ReturnStmt]; SUCCS = []
	 [0] s (*employee_app.EmployeeServiceImpl struct{freelancerService employee_app.FreelancerService, fulltimeService employee_app.FulltimeService, internService employee_app.InternService, employeesDB NoSQLDatabase}) ---> depends on: {employee_app.EmployeeServiceImpl struct{freelancerService employee_app.FreelancerService, fulltimeService employee_app.FulltimeService, internService employee_app.InternService, employeesDB NoSQLDatabase}}
	 [1] ctx context.Context ---> depends on: {}
	 [2] employeeID string ---> depends on: {}
	 [3] name string ---> depends on: {}
	 [4] IBAN string ---> depends on: {}
	 [5] fulltimeID string ---> depends on: {}
	 [6] salary string ---> depends on: {}
	 [7] position string ---> depends on: {}
	 [8] collection NoSQLCollection {database = employees, collection = employees} ---> depends on: {}
	 [9] err .error ---> depends on: {}
	 [10] fulltime employee_app.Fulltime struct{EmployeeID string, FulltimeID string, Salary string, Position string} ---> depends on: {}
	 [11] err1 error ---> depends on: {}
	 [12] err2 error ---> depends on: {}
	 [13] err3 error ---> depends on: {}
	 [14] wg sync.WaitGroup ---> depends on: {}

[BLOCK, #5, IfDone] NODES = [*ast.ReturnStmt]; SUCCS = []
	 [0] s (*employee_app.EmployeeServiceImpl struct{freelancerService employee_app.FreelancerService, fulltimeService employee_app.FulltimeService, internService employee_app.InternService, employeesDB NoSQLDatabase}) ---> depends on: {employee_app.EmployeeServiceImpl struct{freelancerService employee_app.FreelancerService, fulltimeService employee_app.FulltimeService, internService employee_app.InternService, employeesDB NoSQLDatabase}}
	 [1] ctx context.Context ---> depends on: {}
	 [2] employeeID string ---> depends on: {}
	 [3] name string ---> depends on: {}
	 [4] IBAN string ---> depends on: {}
	 [5] fulltimeID string ---> depends on: {}
	 [6] salary string ---> depends on: {}
	 [7] position string ---> depends on: {}
	 [8] collection NoSQLCollection {database = employees, collection = employees} ---> depends on: {}
	 [9] err .error ---> depends on: {}
	 [10] fulltime employee_app.Fulltime struct{EmployeeID string, FulltimeID string, Salary string, Position string} ---> depends on: {}
	 [11] err1 error ---> depends on: {}
	 [12] err2 error ---> depends on: {}
	 [13] err3 error ---> depends on: {}
	 [14] wg sync.WaitGroup ---> depends on: {}

