[BLOCK, #0, Body] NODES = [*ast.AssignStmt, *ast.AssignStmt, *ast.BinaryExpr]; SUCCS = [Block #1, Block #2]
	 [0] s (*employee_app.FulltimeServiceImpl struct{fulltimesDB NoSQLDatabase}) ---> depends on: {employee_app.FulltimeServiceImpl struct{fulltimesDB NoSQLDatabase}}
	 [1] ctx context.Context ---> depends on: {}
	 [2] employeeID string ---> depends on: {}
	 [3] fulltimeID string ---> depends on: {}
	 [4] salary string ---> depends on: {}
	 [5] position string ---> depends on: {}
	 [6] employee employee_app.Fulltime struct{EmployeeID string, FulltimeID string, Salary string, Position string} ---> depends on: {EmployeeID string, FulltimeID string, Position string, Salary string}
	 [7] collection NoSQLCollection {database = fulltimes, collection = fulltimes} ---> depends on: {}
	 [8] err .error ---> depends on: {}

[BLOCK, #1, IfThen] NODES = [*ast.ReturnStmt]; SUCCS = []
	 [0] s (*employee_app.FulltimeServiceImpl struct{fulltimesDB NoSQLDatabase}) ---> depends on: {employee_app.FulltimeServiceImpl struct{fulltimesDB NoSQLDatabase}}
	 [1] ctx context.Context ---> depends on: {}
	 [2] employeeID string ---> depends on: {}
	 [3] fulltimeID string ---> depends on: {}
	 [4] salary string ---> depends on: {}
	 [5] position string ---> depends on: {}
	 [6] employee employee_app.Fulltime struct{EmployeeID string, FulltimeID string, Salary string, Position string} ---> depends on: {EmployeeID string, FulltimeID string, Position string, Salary string}
	 [7] collection NoSQLCollection {database = fulltimes, collection = fulltimes} ---> depends on: {}
	 [8] err .error ---> depends on: {}

[BLOCK, #2, IfDone] NODES = [*ast.AssignStmt, *ast.ReturnStmt]; SUCCS = []
	 [0] s (*employee_app.FulltimeServiceImpl struct{fulltimesDB NoSQLDatabase}) ---> depends on: {employee_app.FulltimeServiceImpl struct{fulltimesDB NoSQLDatabase}}
	 [1] ctx context.Context ---> depends on: {}
	 [2] employeeID string ---> depends on: {}
	 [3] fulltimeID string ---> depends on: {}
	 [4] salary string ---> depends on: {}
	 [5] position string ---> depends on: {}
	 [6] employee employee_app.Fulltime struct{EmployeeID string, FulltimeID string, Salary string, Position string} ---> depends on: {EmployeeID string, FulltimeID string, Position string, Salary string}
	 [7] collection NoSQLCollection {database = fulltimes, collection = fulltimes} ---> depends on: {}
	 [8] err .error ---> depends on: {}
	 [9] err .error ---> depends on: {}

