[BLOCK, #0, Body] NODES = [*ast.AssignStmt, *ast.ValueSpec, *ast.SelectorExpr, *ast.Ident, *ast.Ident]; SUCCS = [Block #1]
	 [0] s (*digota.OrderServiceImpl struct{skuService digota.SkuService, db NoSQLDatabase}) ---> depends on: {digota.OrderServiceImpl struct{skuService digota.SkuService, db NoSQLDatabase}}
	 [1] ctx context.Context ---> depends on: {}
	 [2] currency int32 ---> depends on: {}
	 [3] items [](*digota.OrderItem struct{Type int32, Quantity int64, Amount int64, Currency int32, Parent string, Description string}) ---> depends on: {}
	 [4] metadata map[string]string ---> depends on: {}
	 [5] email string ---> depends on: {}
	 [6] shipping (*digota.Shipping struct{Name string, Phone string, Address (*digota.Shipping_Address struct{Line1 string, City string, Country string, Line2 string, PostalCode string, State string}), Carrier string, TrackingNumber string}) ---> depends on: {digota.Shipping struct{Name string, Phone string, Address (*digota.Shipping_Address struct{Line1 string, City string, Country string, Line2 string, PostalCode string, State string}), Carrier string, TrackingNumber string}}
	 [7] order (*digota.Order struct{Id string, Amount int64, Currency int32, Items [](*digota.OrderItem struct{Type int32, Quantity int64, Amount int64, Currency int32, Parent string, Description string}), Metadata map[string]string, Email string, ChargeId string, Status int32, Shipping (*digota.Shipping struct{Name string, Phone string, Address (*digota.Shipping_Address struct{Line1 string, City string, Country string, Line2 string, PostalCode string, State string}), Carrier string, TrackingNumber string}), Created int64, Updated int64}) ---> depends on: {digota.Order struct{Id string, Amount int64, Currency int32, Items [](*digota.OrderItem struct{Type int32, Quantity int64, Amount int64, Currency int32, Parent string, Description string}), Metadata map[string]string, Email string, ChargeId string, Status int32, Shipping (*digota.Shipping struct{Name string, Phone string, Address (*digota.Shipping_Address struct{Line1 string, City string, Country string, Line2 string, PostalCode string, State string}), Carrier string, TrackingNumber string}), Created int64, Updated int64}}
	 [8] orderItems [](*digota.OrderItem struct{Type int32, Quantity int64, Amount int64, Currency int32, Parent string, Description string}) ---> depends on: {}
	 [9] myitem1 (*digota.OrderItem struct{Type int32, Quantity int64, Amount int64, Currency int32, Parent string, Description string}) ---> depends on: {items [](*digota.OrderItem struct{Type int32, Quantity int64, Amount int64, Currency int32, Parent string, Description string}), digota.OrderItem struct{Type int32, Quantity int64, Amount int64, Currency int32, Parent string, Description string}}

[BLOCK, #1, RangeLoop] NODES = []; SUCCS = [Block #2, Block #3]
	 [0] s (*digota.OrderServiceImpl struct{skuService digota.SkuService, db NoSQLDatabase}) ---> depends on: {digota.OrderServiceImpl struct{skuService digota.SkuService, db NoSQLDatabase}}
	 [1] ctx context.Context ---> depends on: {}
	 [2] currency int32 ---> depends on: {}
	 [3] items [](*digota.OrderItem struct{Type int32, Quantity int64, Amount int64, Currency int32, Parent string, Description string}) ---> depends on: {}
	 [4] metadata map[string]string ---> depends on: {}
	 [5] email string ---> depends on: {}
	 [6] shipping (*digota.Shipping struct{Name string, Phone string, Address (*digota.Shipping_Address struct{Line1 string, City string, Country string, Line2 string, PostalCode string, State string}), Carrier string, TrackingNumber string}) ---> depends on: {digota.Shipping struct{Name string, Phone string, Address (*digota.Shipping_Address struct{Line1 string, City string, Country string, Line2 string, PostalCode string, State string}), Carrier string, TrackingNumber string}}
	 [7] order (*digota.Order struct{Id string, Amount int64, Currency int32, Items [](*digota.OrderItem struct{Type int32, Quantity int64, Amount int64, Currency int32, Parent string, Description string}), Metadata map[string]string, Email string, ChargeId string, Status int32, Shipping (*digota.Shipping struct{Name string, Phone string, Address (*digota.Shipping_Address struct{Line1 string, City string, Country string, Line2 string, PostalCode string, State string}), Carrier string, TrackingNumber string}), Created int64, Updated int64}) ---> depends on: {digota.Order struct{Id string, Amount int64, Currency int32, Items [](*digota.OrderItem struct{Type int32, Quantity int64, Amount int64, Currency int32, Parent string, Description string}), Metadata map[string]string, Email string, ChargeId string, Status int32, Shipping (*digota.Shipping struct{Name string, Phone string, Address (*digota.Shipping_Address struct{Line1 string, City string, Country string, Line2 string, PostalCode string, State string}), Carrier string, TrackingNumber string}), Created int64, Updated int64}}
	 [8] orderItems [](*digota.OrderItem struct{Type int32, Quantity int64, Amount int64, Currency int32, Parent string, Description string}) ---> depends on: {}
	 [9] myitem1 (*digota.OrderItem struct{Type int32, Quantity int64, Amount int64, Currency int32, Parent string, Description string}) ---> depends on: {items [](*digota.OrderItem struct{Type int32, Quantity int64, Amount int64, Currency int32, Parent string, Description string}), digota.OrderItem struct{Type int32, Quantity int64, Amount int64, Currency int32, Parent string, Description string}}
	 [10] itemFromSku (*digota.Sku struct{Id string, Name string, Price uint64, Currency int32, Active bool, Parent string, Metadata map[string]string, Attributes map[string]string, Image string, PackageDimensions (*digota.PackageDimensions struct{Height float64, Length float64, Weight float64, Width float64}), Inventory (*digota.Inventory struct{Quantity int64, Type int32}), Created int64, Updated int64}) ---> depends on: {digota.Sku struct{Id string, Name string, Price uint64, Currency int32, Active bool, Parent string, Metadata map[string]string, Attributes map[string]string, Image string, PackageDimensions (*digota.PackageDimensions struct{Height float64, Length float64, Weight float64, Width float64}), Inventory (*digota.Inventory struct{Quantity int64, Type int32}), Created int64, Updated int64}}
	 [11] err .error ---> depends on: {}
	 [12] s (*digota.OrderServiceImpl struct{skuService digota.SkuService, db NoSQLDatabase}) ---> depends on: {digota.OrderServiceImpl struct{skuService digota.SkuService, db NoSQLDatabase}}
	 [13] ctx context.Context ---> depends on: {}
	 [14] currency int32 ---> depends on: {}
	 [15] items [](*digota.OrderItem struct{Type int32, Quantity int64, Amount int64, Currency int32, Parent string, Description string}) ---> depends on: {}
	 [16] metadata map[string]string ---> depends on: {}
	 [17] email string ---> depends on: {}
	 [18] shipping (*digota.Shipping struct{Name string, Phone string, Address (*digota.Shipping_Address struct{Line1 string, City string, Country string, Line2 string, PostalCode string, State string}), Carrier string, TrackingNumber string}) ---> depends on: {digota.Shipping struct{Name string, Phone string, Address (*digota.Shipping_Address struct{Line1 string, City string, Country string, Line2 string, PostalCode string, State string}), Carrier string, TrackingNumber string}}
	 [19] order (*digota.Order struct{Id string, Amount int64, Currency int32, Items [](*digota.OrderItem struct{Type int32, Quantity int64, Amount int64, Currency int32, Parent string, Description string}), Metadata map[string]string, Email string, ChargeId string, Status int32, Shipping (*digota.Shipping struct{Name string, Phone string, Address (*digota.Shipping_Address struct{Line1 string, City string, Country string, Line2 string, PostalCode string, State string}), Carrier string, TrackingNumber string}), Created int64, Updated int64}) ---> depends on: {digota.Order struct{Id string, Amount int64, Currency int32, Items [](*digota.OrderItem struct{Type int32, Quantity int64, Amount int64, Currency int32, Parent string, Description string}), Metadata map[string]string, Email string, ChargeId string, Status int32, Shipping (*digota.Shipping struct{Name string, Phone string, Address (*digota.Shipping_Address struct{Line1 string, City string, Country string, Line2 string, PostalCode string, State string}), Carrier string, TrackingNumber string}), Created int64, Updated int64}}
	 [20] orderItems [](*digota.OrderItem struct{Type int32, Quantity int64, Amount int64, Currency int32, Parent string, Description string}) ---> depends on: {}
	 [21] myitem1 (*digota.OrderItem struct{Type int32, Quantity int64, Amount int64, Currency int32, Parent string, Description string}) ---> depends on: {items [](*digota.OrderItem struct{Type int32, Quantity int64, Amount int64, Currency int32, Parent string, Description string}), digota.OrderItem struct{Type int32, Quantity int64, Amount int64, Currency int32, Parent string, Description string}}

[BLOCK, #2, RangeBody] NODES = [*ast.AssignStmt, *ast.BinaryExpr]; SUCCS = [Block #4, Block #5]
	 [0] s (*digota.OrderServiceImpl struct{skuService digota.SkuService, db NoSQLDatabase}) ---> depends on: {digota.OrderServiceImpl struct{skuService digota.SkuService, db NoSQLDatabase}}
	 [1] ctx context.Context ---> depends on: {}
	 [2] currency int32 ---> depends on: {}
	 [3] items [](*digota.OrderItem struct{Type int32, Quantity int64, Amount int64, Currency int32, Parent string, Description string}) ---> depends on: {}
	 [4] metadata map[string]string ---> depends on: {}
	 [5] email string ---> depends on: {}
	 [6] shipping (*digota.Shipping struct{Name string, Phone string, Address (*digota.Shipping_Address struct{Line1 string, City string, Country string, Line2 string, PostalCode string, State string}), Carrier string, TrackingNumber string}) ---> depends on: {digota.Shipping struct{Name string, Phone string, Address (*digota.Shipping_Address struct{Line1 string, City string, Country string, Line2 string, PostalCode string, State string}), Carrier string, TrackingNumber string}}
	 [7] order (*digota.Order struct{Id string, Amount int64, Currency int32, Items [](*digota.OrderItem struct{Type int32, Quantity int64, Amount int64, Currency int32, Parent string, Description string}), Metadata map[string]string, Email string, ChargeId string, Status int32, Shipping (*digota.Shipping struct{Name string, Phone string, Address (*digota.Shipping_Address struct{Line1 string, City string, Country string, Line2 string, PostalCode string, State string}), Carrier string, TrackingNumber string}), Created int64, Updated int64}) ---> depends on: {digota.Order struct{Id string, Amount int64, Currency int32, Items [](*digota.OrderItem struct{Type int32, Quantity int64, Amount int64, Currency int32, Parent string, Description string}), Metadata map[string]string, Email string, ChargeId string, Status int32, Shipping (*digota.Shipping struct{Name string, Phone string, Address (*digota.Shipping_Address struct{Line1 string, City string, Country string, Line2 string, PostalCode string, State string}), Carrier string, TrackingNumber string}), Created int64, Updated int64}}
	 [8] orderItems [](*digota.OrderItem struct{Type int32, Quantity int64, Amount int64, Currency int32, Parent string, Description string}) ---> depends on: {}
	 [9] myitem1 (*digota.OrderItem struct{Type int32, Quantity int64, Amount int64, Currency int32, Parent string, Description string}) ---> depends on: {items [](*digota.OrderItem struct{Type int32, Quantity int64, Amount int64, Currency int32, Parent string, Description string}), digota.OrderItem struct{Type int32, Quantity int64, Amount int64, Currency int32, Parent string, Description string}}
	 [10] itemFromSku (*digota.Sku struct{Id string, Name string, Price uint64, Currency int32, Active bool, Parent string, Metadata map[string]string, Attributes map[string]string, Image string, PackageDimensions (*digota.PackageDimensions struct{Height float64, Length float64, Weight float64, Width float64}), Inventory (*digota.Inventory struct{Quantity int64, Type int32}), Created int64, Updated int64}) ---> depends on: {digota.Sku struct{Id string, Name string, Price uint64, Currency int32, Active bool, Parent string, Metadata map[string]string, Attributes map[string]string, Image string, PackageDimensions (*digota.PackageDimensions struct{Height float64, Length float64, Weight float64, Width float64}), Inventory (*digota.Inventory struct{Quantity int64, Type int32}), Created int64, Updated int64}}
	 [11] err .error ---> depends on: {}

[BLOCK, #4, IfThen] NODES = [*ast.ReturnStmt]; SUCCS = []
	 [0] s (*digota.OrderServiceImpl struct{skuService digota.SkuService, db NoSQLDatabase}) ---> depends on: {digota.OrderServiceImpl struct{skuService digota.SkuService, db NoSQLDatabase}}
	 [1] ctx context.Context ---> depends on: {}
	 [2] currency int32 ---> depends on: {}
	 [3] items [](*digota.OrderItem struct{Type int32, Quantity int64, Amount int64, Currency int32, Parent string, Description string}) ---> depends on: {}
	 [4] metadata map[string]string ---> depends on: {}
	 [5] email string ---> depends on: {}
	 [6] shipping (*digota.Shipping struct{Name string, Phone string, Address (*digota.Shipping_Address struct{Line1 string, City string, Country string, Line2 string, PostalCode string, State string}), Carrier string, TrackingNumber string}) ---> depends on: {digota.Shipping struct{Name string, Phone string, Address (*digota.Shipping_Address struct{Line1 string, City string, Country string, Line2 string, PostalCode string, State string}), Carrier string, TrackingNumber string}}
	 [7] order (*digota.Order struct{Id string, Amount int64, Currency int32, Items [](*digota.OrderItem struct{Type int32, Quantity int64, Amount int64, Currency int32, Parent string, Description string}), Metadata map[string]string, Email string, ChargeId string, Status int32, Shipping (*digota.Shipping struct{Name string, Phone string, Address (*digota.Shipping_Address struct{Line1 string, City string, Country string, Line2 string, PostalCode string, State string}), Carrier string, TrackingNumber string}), Created int64, Updated int64}) ---> depends on: {digota.Order struct{Id string, Amount int64, Currency int32, Items [](*digota.OrderItem struct{Type int32, Quantity int64, Amount int64, Currency int32, Parent string, Description string}), Metadata map[string]string, Email string, ChargeId string, Status int32, Shipping (*digota.Shipping struct{Name string, Phone string, Address (*digota.Shipping_Address struct{Line1 string, City string, Country string, Line2 string, PostalCode string, State string}), Carrier string, TrackingNumber string}), Created int64, Updated int64}}
	 [8] orderItems [](*digota.OrderItem struct{Type int32, Quantity int64, Amount int64, Currency int32, Parent string, Description string}) ---> depends on: {}
	 [9] myitem1 (*digota.OrderItem struct{Type int32, Quantity int64, Amount int64, Currency int32, Parent string, Description string}) ---> depends on: {items [](*digota.OrderItem struct{Type int32, Quantity int64, Amount int64, Currency int32, Parent string, Description string}), digota.OrderItem struct{Type int32, Quantity int64, Amount int64, Currency int32, Parent string, Description string}}
	 [10] itemFromSku (*digota.Sku struct{Id string, Name string, Price uint64, Currency int32, Active bool, Parent string, Metadata map[string]string, Attributes map[string]string, Image string, PackageDimensions (*digota.PackageDimensions struct{Height float64, Length float64, Weight float64, Width float64}), Inventory (*digota.Inventory struct{Quantity int64, Type int32}), Created int64, Updated int64}) ---> depends on: {digota.Sku struct{Id string, Name string, Price uint64, Currency int32, Active bool, Parent string, Metadata map[string]string, Attributes map[string]string, Image string, PackageDimensions (*digota.PackageDimensions struct{Height float64, Length float64, Weight float64, Width float64}), Inventory (*digota.Inventory struct{Quantity int64, Type int32}), Created int64, Updated int64}}
	 [11] err .error ---> depends on: {}

[BLOCK, #5, IfDone] NODES = [*ast.AssignStmt, *ast.AssignStmt, *ast.AssignStmt]; SUCCS = [Block #1]
	 [0] s (*digota.OrderServiceImpl struct{skuService digota.SkuService, db NoSQLDatabase}) ---> depends on: {digota.OrderServiceImpl struct{skuService digota.SkuService, db NoSQLDatabase}}
	 [1] ctx context.Context ---> depends on: {}
	 [2] currency int32 ---> depends on: {}
	 [3] items [](*digota.OrderItem struct{Type int32, Quantity int64, Amount int64, Currency int32, Parent string, Description string}) ---> depends on: {}
	 [4] metadata map[string]string ---> depends on: {}
	 [5] email string ---> depends on: {}
	 [6] shipping (*digota.Shipping struct{Name string, Phone string, Address (*digota.Shipping_Address struct{Line1 string, City string, Country string, Line2 string, PostalCode string, State string}), Carrier string, TrackingNumber string}) ---> depends on: {digota.Shipping struct{Name string, Phone string, Address (*digota.Shipping_Address struct{Line1 string, City string, Country string, Line2 string, PostalCode string, State string}), Carrier string, TrackingNumber string}}
	 [7] order (*digota.Order struct{Id string, Amount int64, Currency int32, Items [](*digota.OrderItem struct{Type int32, Quantity int64, Amount int64, Currency int32, Parent string, Description string}), Metadata map[string]string, Email string, ChargeId string, Status int32, Shipping (*digota.Shipping struct{Name string, Phone string, Address (*digota.Shipping_Address struct{Line1 string, City string, Country string, Line2 string, PostalCode string, State string}), Carrier string, TrackingNumber string}), Created int64, Updated int64}) ---> depends on: {digota.Order struct{Id string, Amount int64, Currency int32, Items [](*digota.OrderItem struct{Type int32, Quantity int64, Amount int64, Currency int32, Parent string, Description string}), Metadata map[string]string, Email string, ChargeId string, Status int32, Shipping (*digota.Shipping struct{Name string, Phone string, Address (*digota.Shipping_Address struct{Line1 string, City string, Country string, Line2 string, PostalCode string, State string}), Carrier string, TrackingNumber string}), Created int64, Updated int64}}
	 [8] orderItems [](*digota.OrderItem struct{Type int32, Quantity int64, Amount int64, Currency int32, Parent string, Description string}) ---> depends on: {}
	 [9] myitem1 (*digota.OrderItem struct{Type int32, Quantity int64, Amount int64, Currency int32, Parent string, Description string}) ---> depends on: {items [](*digota.OrderItem struct{Type int32, Quantity int64, Amount int64, Currency int32, Parent string, Description string}), digota.OrderItem struct{Type int32, Quantity int64, Amount int64, Currency int32, Parent string, Description string}}
	 [10] itemFromSku (*digota.Sku struct{Id string, Name string, Price uint64, Currency int32, Active bool, Parent string, Metadata map[string]string, Attributes map[string]string, Image string, PackageDimensions (*digota.PackageDimensions struct{Height float64, Length float64, Weight float64, Width float64}), Inventory (*digota.Inventory struct{Quantity int64, Type int32}), Created int64, Updated int64}) ---> depends on: {digota.Sku struct{Id string, Name string, Price uint64, Currency int32, Active bool, Parent string, Metadata map[string]string, Attributes map[string]string, Image string, PackageDimensions (*digota.PackageDimensions struct{Height float64, Length float64, Weight float64, Width float64}), Inventory (*digota.Inventory struct{Quantity int64, Type int32}), Created int64, Updated int64}}
	 [11] err .error ---> depends on: {}

[BLOCK, #3, RangeDone] NODES = [*ast.AssignStmt, *ast.BinaryExpr]; SUCCS = [Block #7, Block #8]
	 [0] s (*digota.OrderServiceImpl struct{skuService digota.SkuService, db NoSQLDatabase}) ---> depends on: {digota.OrderServiceImpl struct{skuService digota.SkuService, db NoSQLDatabase}}
	 [1] ctx context.Context ---> depends on: {}
	 [2] currency int32 ---> depends on: {}
	 [3] items [](*digota.OrderItem struct{Type int32, Quantity int64, Amount int64, Currency int32, Parent string, Description string}) ---> depends on: {}
	 [4] metadata map[string]string ---> depends on: {}
	 [5] email string ---> depends on: {}
	 [6] shipping (*digota.Shipping struct{Name string, Phone string, Address (*digota.Shipping_Address struct{Line1 string, City string, Country string, Line2 string, PostalCode string, State string}), Carrier string, TrackingNumber string}) ---> depends on: {digota.Shipping struct{Name string, Phone string, Address (*digota.Shipping_Address struct{Line1 string, City string, Country string, Line2 string, PostalCode string, State string}), Carrier string, TrackingNumber string}}
	 [7] order (*digota.Order struct{Id string, Amount int64, Currency int32, Items [](*digota.OrderItem struct{Type int32, Quantity int64, Amount int64, Currency int32, Parent string, Description string}), Metadata map[string]string, Email string, ChargeId string, Status int32, Shipping (*digota.Shipping struct{Name string, Phone string, Address (*digota.Shipping_Address struct{Line1 string, City string, Country string, Line2 string, PostalCode string, State string}), Carrier string, TrackingNumber string}), Created int64, Updated int64}) ---> depends on: {digota.Order struct{Id string, Amount int64, Currency int32, Items [](*digota.OrderItem struct{Type int32, Quantity int64, Amount int64, Currency int32, Parent string, Description string}), Metadata map[string]string, Email string, ChargeId string, Status int32, Shipping (*digota.Shipping struct{Name string, Phone string, Address (*digota.Shipping_Address struct{Line1 string, City string, Country string, Line2 string, PostalCode string, State string}), Carrier string, TrackingNumber string}), Created int64, Updated int64}}
	 [8] orderItems [](*digota.OrderItem struct{Type int32, Quantity int64, Amount int64, Currency int32, Parent string, Description string}) ---> depends on: {}
	 [9] myitem1 (*digota.OrderItem struct{Type int32, Quantity int64, Amount int64, Currency int32, Parent string, Description string}) ---> depends on: {items [](*digota.OrderItem struct{Type int32, Quantity int64, Amount int64, Currency int32, Parent string, Description string}), digota.OrderItem struct{Type int32, Quantity int64, Amount int64, Currency int32, Parent string, Description string}}
	 [10] itemFromSku (*digota.Sku struct{Id string, Name string, Price uint64, Currency int32, Active bool, Parent string, Metadata map[string]string, Attributes map[string]string, Image string, PackageDimensions (*digota.PackageDimensions struct{Height float64, Length float64, Weight float64, Width float64}), Inventory (*digota.Inventory struct{Quantity int64, Type int32}), Created int64, Updated int64}) ---> depends on: {digota.Sku struct{Id string, Name string, Price uint64, Currency int32, Active bool, Parent string, Metadata map[string]string, Attributes map[string]string, Image string, PackageDimensions (*digota.PackageDimensions struct{Height float64, Length float64, Weight float64, Width float64}), Inventory (*digota.Inventory struct{Quantity int64, Type int32}), Created int64, Updated int64}}
	 [11] err .error ---> depends on: {}
	 [12] s (*digota.OrderServiceImpl struct{skuService digota.SkuService, db NoSQLDatabase}) ---> depends on: {digota.OrderServiceImpl struct{skuService digota.SkuService, db NoSQLDatabase}}
	 [13] ctx context.Context ---> depends on: {}
	 [14] currency int32 ---> depends on: {}
	 [15] items [](*digota.OrderItem struct{Type int32, Quantity int64, Amount int64, Currency int32, Parent string, Description string}) ---> depends on: {}
	 [16] metadata map[string]string ---> depends on: {}
	 [17] email string ---> depends on: {}
	 [18] shipping (*digota.Shipping struct{Name string, Phone string, Address (*digota.Shipping_Address struct{Line1 string, City string, Country string, Line2 string, PostalCode string, State string}), Carrier string, TrackingNumber string}) ---> depends on: {digota.Shipping struct{Name string, Phone string, Address (*digota.Shipping_Address struct{Line1 string, City string, Country string, Line2 string, PostalCode string, State string}), Carrier string, TrackingNumber string}}
	 [19] order (*digota.Order struct{Id string, Amount int64, Currency int32, Items [](*digota.OrderItem struct{Type int32, Quantity int64, Amount int64, Currency int32, Parent string, Description string}), Metadata map[string]string, Email string, ChargeId string, Status int32, Shipping (*digota.Shipping struct{Name string, Phone string, Address (*digota.Shipping_Address struct{Line1 string, City string, Country string, Line2 string, PostalCode string, State string}), Carrier string, TrackingNumber string}), Created int64, Updated int64}) ---> depends on: {digota.Order struct{Id string, Amount int64, Currency int32, Items [](*digota.OrderItem struct{Type int32, Quantity int64, Amount int64, Currency int32, Parent string, Description string}), Metadata map[string]string, Email string, ChargeId string, Status int32, Shipping (*digota.Shipping struct{Name string, Phone string, Address (*digota.Shipping_Address struct{Line1 string, City string, Country string, Line2 string, PostalCode string, State string}), Carrier string, TrackingNumber string}), Created int64, Updated int64}}
	 [20] orderItems [](*digota.OrderItem struct{Type int32, Quantity int64, Amount int64, Currency int32, Parent string, Description string}) ---> depends on: {}
	 [21] myitem1 (*digota.OrderItem struct{Type int32, Quantity int64, Amount int64, Currency int32, Parent string, Description string}) ---> depends on: {items [](*digota.OrderItem struct{Type int32, Quantity int64, Amount int64, Currency int32, Parent string, Description string}), digota.OrderItem struct{Type int32, Quantity int64, Amount int64, Currency int32, Parent string, Description string}}
	 [22] amount int64 ---> depends on: {}
	 [23] err .error ---> depends on: {}

[BLOCK, #7, IfThen] NODES = [*ast.ReturnStmt]; SUCCS = []
	 [0] s (*digota.OrderServiceImpl struct{skuService digota.SkuService, db NoSQLDatabase}) ---> depends on: {digota.OrderServiceImpl struct{skuService digota.SkuService, db NoSQLDatabase}}
	 [1] ctx context.Context ---> depends on: {}
	 [2] currency int32 ---> depends on: {}
	 [3] items [](*digota.OrderItem struct{Type int32, Quantity int64, Amount int64, Currency int32, Parent string, Description string}) ---> depends on: {}
	 [4] metadata map[string]string ---> depends on: {}
	 [5] email string ---> depends on: {}
	 [6] shipping (*digota.Shipping struct{Name string, Phone string, Address (*digota.Shipping_Address struct{Line1 string, City string, Country string, Line2 string, PostalCode string, State string}), Carrier string, TrackingNumber string}) ---> depends on: {digota.Shipping struct{Name string, Phone string, Address (*digota.Shipping_Address struct{Line1 string, City string, Country string, Line2 string, PostalCode string, State string}), Carrier string, TrackingNumber string}}
	 [7] order (*digota.Order struct{Id string, Amount int64, Currency int32, Items [](*digota.OrderItem struct{Type int32, Quantity int64, Amount int64, Currency int32, Parent string, Description string}), Metadata map[string]string, Email string, ChargeId string, Status int32, Shipping (*digota.Shipping struct{Name string, Phone string, Address (*digota.Shipping_Address struct{Line1 string, City string, Country string, Line2 string, PostalCode string, State string}), Carrier string, TrackingNumber string}), Created int64, Updated int64}) ---> depends on: {digota.Order struct{Id string, Amount int64, Currency int32, Items [](*digota.OrderItem struct{Type int32, Quantity int64, Amount int64, Currency int32, Parent string, Description string}), Metadata map[string]string, Email string, ChargeId string, Status int32, Shipping (*digota.Shipping struct{Name string, Phone string, Address (*digota.Shipping_Address struct{Line1 string, City string, Country string, Line2 string, PostalCode string, State string}), Carrier string, TrackingNumber string}), Created int64, Updated int64}}
	 [8] orderItems [](*digota.OrderItem struct{Type int32, Quantity int64, Amount int64, Currency int32, Parent string, Description string}) ---> depends on: {}
	 [9] myitem1 (*digota.OrderItem struct{Type int32, Quantity int64, Amount int64, Currency int32, Parent string, Description string}) ---> depends on: {items [](*digota.OrderItem struct{Type int32, Quantity int64, Amount int64, Currency int32, Parent string, Description string}), digota.OrderItem struct{Type int32, Quantity int64, Amount int64, Currency int32, Parent string, Description string}}
	 [10] itemFromSku (*digota.Sku struct{Id string, Name string, Price uint64, Currency int32, Active bool, Parent string, Metadata map[string]string, Attributes map[string]string, Image string, PackageDimensions (*digota.PackageDimensions struct{Height float64, Length float64, Weight float64, Width float64}), Inventory (*digota.Inventory struct{Quantity int64, Type int32}), Created int64, Updated int64}) ---> depends on: {digota.Sku struct{Id string, Name string, Price uint64, Currency int32, Active bool, Parent string, Metadata map[string]string, Attributes map[string]string, Image string, PackageDimensions (*digota.PackageDimensions struct{Height float64, Length float64, Weight float64, Width float64}), Inventory (*digota.Inventory struct{Quantity int64, Type int32}), Created int64, Updated int64}}
	 [11] err .error ---> depends on: {}
	 [12] s (*digota.OrderServiceImpl struct{skuService digota.SkuService, db NoSQLDatabase}) ---> depends on: {digota.OrderServiceImpl struct{skuService digota.SkuService, db NoSQLDatabase}}
	 [13] ctx context.Context ---> depends on: {}
	 [14] currency int32 ---> depends on: {}
	 [15] items [](*digota.OrderItem struct{Type int32, Quantity int64, Amount int64, Currency int32, Parent string, Description string}) ---> depends on: {}
	 [16] metadata map[string]string ---> depends on: {}
	 [17] email string ---> depends on: {}
	 [18] shipping (*digota.Shipping struct{Name string, Phone string, Address (*digota.Shipping_Address struct{Line1 string, City string, Country string, Line2 string, PostalCode string, State string}), Carrier string, TrackingNumber string}) ---> depends on: {digota.Shipping struct{Name string, Phone string, Address (*digota.Shipping_Address struct{Line1 string, City string, Country string, Line2 string, PostalCode string, State string}), Carrier string, TrackingNumber string}}
	 [19] order (*digota.Order struct{Id string, Amount int64, Currency int32, Items [](*digota.OrderItem struct{Type int32, Quantity int64, Amount int64, Currency int32, Parent string, Description string}), Metadata map[string]string, Email string, ChargeId string, Status int32, Shipping (*digota.Shipping struct{Name string, Phone string, Address (*digota.Shipping_Address struct{Line1 string, City string, Country string, Line2 string, PostalCode string, State string}), Carrier string, TrackingNumber string}), Created int64, Updated int64}) ---> depends on: {digota.Order struct{Id string, Amount int64, Currency int32, Items [](*digota.OrderItem struct{Type int32, Quantity int64, Amount int64, Currency int32, Parent string, Description string}), Metadata map[string]string, Email string, ChargeId string, Status int32, Shipping (*digota.Shipping struct{Name string, Phone string, Address (*digota.Shipping_Address struct{Line1 string, City string, Country string, Line2 string, PostalCode string, State string}), Carrier string, TrackingNumber string}), Created int64, Updated int64}}
	 [20] orderItems [](*digota.OrderItem struct{Type int32, Quantity int64, Amount int64, Currency int32, Parent string, Description string}) ---> depends on: {}
	 [21] myitem1 (*digota.OrderItem struct{Type int32, Quantity int64, Amount int64, Currency int32, Parent string, Description string}) ---> depends on: {items [](*digota.OrderItem struct{Type int32, Quantity int64, Amount int64, Currency int32, Parent string, Description string}), digota.OrderItem struct{Type int32, Quantity int64, Amount int64, Currency int32, Parent string, Description string}}
	 [22] amount int64 ---> depends on: {}
	 [23] err .error ---> depends on: {}

[BLOCK, #8, IfDone] NODES = [*ast.AssignStmt, *ast.AssignStmt, *ast.BinaryExpr]; SUCCS = [Block #10, Block #11]
	 [0] s (*digota.OrderServiceImpl struct{skuService digota.SkuService, db NoSQLDatabase}) ---> depends on: {digota.OrderServiceImpl struct{skuService digota.SkuService, db NoSQLDatabase}}
	 [1] ctx context.Context ---> depends on: {}
	 [2] currency int32 ---> depends on: {}
	 [3] items [](*digota.OrderItem struct{Type int32, Quantity int64, Amount int64, Currency int32, Parent string, Description string}) ---> depends on: {}
	 [4] metadata map[string]string ---> depends on: {}
	 [5] email string ---> depends on: {}
	 [6] shipping (*digota.Shipping struct{Name string, Phone string, Address (*digota.Shipping_Address struct{Line1 string, City string, Country string, Line2 string, PostalCode string, State string}), Carrier string, TrackingNumber string}) ---> depends on: {digota.Shipping struct{Name string, Phone string, Address (*digota.Shipping_Address struct{Line1 string, City string, Country string, Line2 string, PostalCode string, State string}), Carrier string, TrackingNumber string}}
	 [7] order (*digota.Order struct{Id string, Amount int64, Currency int32, Items [](*digota.OrderItem struct{Type int32, Quantity int64, Amount int64, Currency int32, Parent string, Description string}), Metadata map[string]string, Email string, ChargeId string, Status int32, Shipping (*digota.Shipping struct{Name string, Phone string, Address (*digota.Shipping_Address struct{Line1 string, City string, Country string, Line2 string, PostalCode string, State string}), Carrier string, TrackingNumber string}), Created int64, Updated int64}) ---> depends on: {digota.Order struct{Id string, Amount int64, Currency int32, Items [](*digota.OrderItem struct{Type int32, Quantity int64, Amount int64, Currency int32, Parent string, Description string}), Metadata map[string]string, Email string, ChargeId string, Status int32, Shipping (*digota.Shipping struct{Name string, Phone string, Address (*digota.Shipping_Address struct{Line1 string, City string, Country string, Line2 string, PostalCode string, State string}), Carrier string, TrackingNumber string}), Created int64, Updated int64}}
	 [8] orderItems [](*digota.OrderItem struct{Type int32, Quantity int64, Amount int64, Currency int32, Parent string, Description string}) ---> depends on: {}
	 [9] myitem1 (*digota.OrderItem struct{Type int32, Quantity int64, Amount int64, Currency int32, Parent string, Description string}) ---> depends on: {items [](*digota.OrderItem struct{Type int32, Quantity int64, Amount int64, Currency int32, Parent string, Description string}), digota.OrderItem struct{Type int32, Quantity int64, Amount int64, Currency int32, Parent string, Description string}}
	 [10] itemFromSku (*digota.Sku struct{Id string, Name string, Price uint64, Currency int32, Active bool, Parent string, Metadata map[string]string, Attributes map[string]string, Image string, PackageDimensions (*digota.PackageDimensions struct{Height float64, Length float64, Weight float64, Width float64}), Inventory (*digota.Inventory struct{Quantity int64, Type int32}), Created int64, Updated int64}) ---> depends on: {digota.Sku struct{Id string, Name string, Price uint64, Currency int32, Active bool, Parent string, Metadata map[string]string, Attributes map[string]string, Image string, PackageDimensions (*digota.PackageDimensions struct{Height float64, Length float64, Weight float64, Width float64}), Inventory (*digota.Inventory struct{Quantity int64, Type int32}), Created int64, Updated int64}}
	 [11] err .error ---> depends on: {}
	 [12] s (*digota.OrderServiceImpl struct{skuService digota.SkuService, db NoSQLDatabase}) ---> depends on: {digota.OrderServiceImpl struct{skuService digota.SkuService, db NoSQLDatabase}}
	 [13] ctx context.Context ---> depends on: {}
	 [14] currency int32 ---> depends on: {}
	 [15] items [](*digota.OrderItem struct{Type int32, Quantity int64, Amount int64, Currency int32, Parent string, Description string}) ---> depends on: {}
	 [16] metadata map[string]string ---> depends on: {}
	 [17] email string ---> depends on: {}
	 [18] shipping (*digota.Shipping struct{Name string, Phone string, Address (*digota.Shipping_Address struct{Line1 string, City string, Country string, Line2 string, PostalCode string, State string}), Carrier string, TrackingNumber string}) ---> depends on: {digota.Shipping struct{Name string, Phone string, Address (*digota.Shipping_Address struct{Line1 string, City string, Country string, Line2 string, PostalCode string, State string}), Carrier string, TrackingNumber string}}
	 [19] order (*digota.Order struct{Id string, Amount int64, Currency int32, Items [](*digota.OrderItem struct{Type int32, Quantity int64, Amount int64, Currency int32, Parent string, Description string}), Metadata map[string]string, Email string, ChargeId string, Status int32, Shipping (*digota.Shipping struct{Name string, Phone string, Address (*digota.Shipping_Address struct{Line1 string, City string, Country string, Line2 string, PostalCode string, State string}), Carrier string, TrackingNumber string}), Created int64, Updated int64}) ---> depends on: {digota.Order struct{Id string, Amount int64, Currency int32, Items [](*digota.OrderItem struct{Type int32, Quantity int64, Amount int64, Currency int32, Parent string, Description string}), Metadata map[string]string, Email string, ChargeId string, Status int32, Shipping (*digota.Shipping struct{Name string, Phone string, Address (*digota.Shipping_Address struct{Line1 string, City string, Country string, Line2 string, PostalCode string, State string}), Carrier string, TrackingNumber string}), Created int64, Updated int64}}
	 [20] orderItems [](*digota.OrderItem struct{Type int32, Quantity int64, Amount int64, Currency int32, Parent string, Description string}) ---> depends on: {}
	 [21] myitem1 (*digota.OrderItem struct{Type int32, Quantity int64, Amount int64, Currency int32, Parent string, Description string}) ---> depends on: {items [](*digota.OrderItem struct{Type int32, Quantity int64, Amount int64, Currency int32, Parent string, Description string}), digota.OrderItem struct{Type int32, Quantity int64, Amount int64, Currency int32, Parent string, Description string}}
	 [22] amount int64 ---> depends on: {}
	 [23] err .error ---> depends on: {}
	 [24] collection NoSQLCollection {database = orders, collection = orders} ---> depends on: {}
	 [25] err .error ---> depends on: {}

[BLOCK, #10, IfThen] NODES = [*ast.ReturnStmt]; SUCCS = []
	 [0] s (*digota.OrderServiceImpl struct{skuService digota.SkuService, db NoSQLDatabase}) ---> depends on: {digota.OrderServiceImpl struct{skuService digota.SkuService, db NoSQLDatabase}}
	 [1] ctx context.Context ---> depends on: {}
	 [2] currency int32 ---> depends on: {}
	 [3] items [](*digota.OrderItem struct{Type int32, Quantity int64, Amount int64, Currency int32, Parent string, Description string}) ---> depends on: {}
	 [4] metadata map[string]string ---> depends on: {}
	 [5] email string ---> depends on: {}
	 [6] shipping (*digota.Shipping struct{Name string, Phone string, Address (*digota.Shipping_Address struct{Line1 string, City string, Country string, Line2 string, PostalCode string, State string}), Carrier string, TrackingNumber string}) ---> depends on: {digota.Shipping struct{Name string, Phone string, Address (*digota.Shipping_Address struct{Line1 string, City string, Country string, Line2 string, PostalCode string, State string}), Carrier string, TrackingNumber string}}
	 [7] order (*digota.Order struct{Id string, Amount int64, Currency int32, Items [](*digota.OrderItem struct{Type int32, Quantity int64, Amount int64, Currency int32, Parent string, Description string}), Metadata map[string]string, Email string, ChargeId string, Status int32, Shipping (*digota.Shipping struct{Name string, Phone string, Address (*digota.Shipping_Address struct{Line1 string, City string, Country string, Line2 string, PostalCode string, State string}), Carrier string, TrackingNumber string}), Created int64, Updated int64}) ---> depends on: {digota.Order struct{Id string, Amount int64, Currency int32, Items [](*digota.OrderItem struct{Type int32, Quantity int64, Amount int64, Currency int32, Parent string, Description string}), Metadata map[string]string, Email string, ChargeId string, Status int32, Shipping (*digota.Shipping struct{Name string, Phone string, Address (*digota.Shipping_Address struct{Line1 string, City string, Country string, Line2 string, PostalCode string, State string}), Carrier string, TrackingNumber string}), Created int64, Updated int64}}
	 [8] orderItems [](*digota.OrderItem struct{Type int32, Quantity int64, Amount int64, Currency int32, Parent string, Description string}) ---> depends on: {}
	 [9] myitem1 (*digota.OrderItem struct{Type int32, Quantity int64, Amount int64, Currency int32, Parent string, Description string}) ---> depends on: {items [](*digota.OrderItem struct{Type int32, Quantity int64, Amount int64, Currency int32, Parent string, Description string}), digota.OrderItem struct{Type int32, Quantity int64, Amount int64, Currency int32, Parent string, Description string}}
	 [10] itemFromSku (*digota.Sku struct{Id string, Name string, Price uint64, Currency int32, Active bool, Parent string, Metadata map[string]string, Attributes map[string]string, Image string, PackageDimensions (*digota.PackageDimensions struct{Height float64, Length float64, Weight float64, Width float64}), Inventory (*digota.Inventory struct{Quantity int64, Type int32}), Created int64, Updated int64}) ---> depends on: {digota.Sku struct{Id string, Name string, Price uint64, Currency int32, Active bool, Parent string, Metadata map[string]string, Attributes map[string]string, Image string, PackageDimensions (*digota.PackageDimensions struct{Height float64, Length float64, Weight float64, Width float64}), Inventory (*digota.Inventory struct{Quantity int64, Type int32}), Created int64, Updated int64}}
	 [11] err .error ---> depends on: {}
	 [12] s (*digota.OrderServiceImpl struct{skuService digota.SkuService, db NoSQLDatabase}) ---> depends on: {digota.OrderServiceImpl struct{skuService digota.SkuService, db NoSQLDatabase}}
	 [13] ctx context.Context ---> depends on: {}
	 [14] currency int32 ---> depends on: {}
	 [15] items [](*digota.OrderItem struct{Type int32, Quantity int64, Amount int64, Currency int32, Parent string, Description string}) ---> depends on: {}
	 [16] metadata map[string]string ---> depends on: {}
	 [17] email string ---> depends on: {}
	 [18] shipping (*digota.Shipping struct{Name string, Phone string, Address (*digota.Shipping_Address struct{Line1 string, City string, Country string, Line2 string, PostalCode string, State string}), Carrier string, TrackingNumber string}) ---> depends on: {digota.Shipping struct{Name string, Phone string, Address (*digota.Shipping_Address struct{Line1 string, City string, Country string, Line2 string, PostalCode string, State string}), Carrier string, TrackingNumber string}}
	 [19] order (*digota.Order struct{Id string, Amount int64, Currency int32, Items [](*digota.OrderItem struct{Type int32, Quantity int64, Amount int64, Currency int32, Parent string, Description string}), Metadata map[string]string, Email string, ChargeId string, Status int32, Shipping (*digota.Shipping struct{Name string, Phone string, Address (*digota.Shipping_Address struct{Line1 string, City string, Country string, Line2 string, PostalCode string, State string}), Carrier string, TrackingNumber string}), Created int64, Updated int64}) ---> depends on: {digota.Order struct{Id string, Amount int64, Currency int32, Items [](*digota.OrderItem struct{Type int32, Quantity int64, Amount int64, Currency int32, Parent string, Description string}), Metadata map[string]string, Email string, ChargeId string, Status int32, Shipping (*digota.Shipping struct{Name string, Phone string, Address (*digota.Shipping_Address struct{Line1 string, City string, Country string, Line2 string, PostalCode string, State string}), Carrier string, TrackingNumber string}), Created int64, Updated int64}}
	 [20] orderItems [](*digota.OrderItem struct{Type int32, Quantity int64, Amount int64, Currency int32, Parent string, Description string}) ---> depends on: {}
	 [21] myitem1 (*digota.OrderItem struct{Type int32, Quantity int64, Amount int64, Currency int32, Parent string, Description string}) ---> depends on: {items [](*digota.OrderItem struct{Type int32, Quantity int64, Amount int64, Currency int32, Parent string, Description string}), digota.OrderItem struct{Type int32, Quantity int64, Amount int64, Currency int32, Parent string, Description string}}
	 [22] amount int64 ---> depends on: {}
	 [23] err .error ---> depends on: {}
	 [24] collection NoSQLCollection {database = orders, collection = orders} ---> depends on: {}
	 [25] err .error ---> depends on: {}

[BLOCK, #11, IfDone] NODES = [*ast.AssignStmt, *ast.ReturnStmt]; SUCCS = []
	 [0] s (*digota.OrderServiceImpl struct{skuService digota.SkuService, db NoSQLDatabase}) ---> depends on: {digota.OrderServiceImpl struct{skuService digota.SkuService, db NoSQLDatabase}}
	 [1] ctx context.Context ---> depends on: {}
	 [2] currency int32 ---> depends on: {}
	 [3] items [](*digota.OrderItem struct{Type int32, Quantity int64, Amount int64, Currency int32, Parent string, Description string}) ---> depends on: {}
	 [4] metadata map[string]string ---> depends on: {}
	 [5] email string ---> depends on: {}
	 [6] shipping (*digota.Shipping struct{Name string, Phone string, Address (*digota.Shipping_Address struct{Line1 string, City string, Country string, Line2 string, PostalCode string, State string}), Carrier string, TrackingNumber string}) ---> depends on: {digota.Shipping struct{Name string, Phone string, Address (*digota.Shipping_Address struct{Line1 string, City string, Country string, Line2 string, PostalCode string, State string}), Carrier string, TrackingNumber string}}
	 [7] order (*digota.Order struct{Id string, Amount int64, Currency int32, Items [](*digota.OrderItem struct{Type int32, Quantity int64, Amount int64, Currency int32, Parent string, Description string}), Metadata map[string]string, Email string, ChargeId string, Status int32, Shipping (*digota.Shipping struct{Name string, Phone string, Address (*digota.Shipping_Address struct{Line1 string, City string, Country string, Line2 string, PostalCode string, State string}), Carrier string, TrackingNumber string}), Created int64, Updated int64}) ---> depends on: {digota.Order struct{Id string, Amount int64, Currency int32, Items [](*digota.OrderItem struct{Type int32, Quantity int64, Amount int64, Currency int32, Parent string, Description string}), Metadata map[string]string, Email string, ChargeId string, Status int32, Shipping (*digota.Shipping struct{Name string, Phone string, Address (*digota.Shipping_Address struct{Line1 string, City string, Country string, Line2 string, PostalCode string, State string}), Carrier string, TrackingNumber string}), Created int64, Updated int64}}
	 [8] orderItems [](*digota.OrderItem struct{Type int32, Quantity int64, Amount int64, Currency int32, Parent string, Description string}) ---> depends on: {}
	 [9] myitem1 (*digota.OrderItem struct{Type int32, Quantity int64, Amount int64, Currency int32, Parent string, Description string}) ---> depends on: {items [](*digota.OrderItem struct{Type int32, Quantity int64, Amount int64, Currency int32, Parent string, Description string}), digota.OrderItem struct{Type int32, Quantity int64, Amount int64, Currency int32, Parent string, Description string}}
	 [10] itemFromSku (*digota.Sku struct{Id string, Name string, Price uint64, Currency int32, Active bool, Parent string, Metadata map[string]string, Attributes map[string]string, Image string, PackageDimensions (*digota.PackageDimensions struct{Height float64, Length float64, Weight float64, Width float64}), Inventory (*digota.Inventory struct{Quantity int64, Type int32}), Created int64, Updated int64}) ---> depends on: {digota.Sku struct{Id string, Name string, Price uint64, Currency int32, Active bool, Parent string, Metadata map[string]string, Attributes map[string]string, Image string, PackageDimensions (*digota.PackageDimensions struct{Height float64, Length float64, Weight float64, Width float64}), Inventory (*digota.Inventory struct{Quantity int64, Type int32}), Created int64, Updated int64}}
	 [11] err .error ---> depends on: {}
	 [12] s (*digota.OrderServiceImpl struct{skuService digota.SkuService, db NoSQLDatabase}) ---> depends on: {digota.OrderServiceImpl struct{skuService digota.SkuService, db NoSQLDatabase}}
	 [13] ctx context.Context ---> depends on: {}
	 [14] currency int32 ---> depends on: {}
	 [15] items [](*digota.OrderItem struct{Type int32, Quantity int64, Amount int64, Currency int32, Parent string, Description string}) ---> depends on: {}
	 [16] metadata map[string]string ---> depends on: {}
	 [17] email string ---> depends on: {}
	 [18] shipping (*digota.Shipping struct{Name string, Phone string, Address (*digota.Shipping_Address struct{Line1 string, City string, Country string, Line2 string, PostalCode string, State string}), Carrier string, TrackingNumber string}) ---> depends on: {digota.Shipping struct{Name string, Phone string, Address (*digota.Shipping_Address struct{Line1 string, City string, Country string, Line2 string, PostalCode string, State string}), Carrier string, TrackingNumber string}}
	 [19] order (*digota.Order struct{Id string, Amount int64, Currency int32, Items [](*digota.OrderItem struct{Type int32, Quantity int64, Amount int64, Currency int32, Parent string, Description string}), Metadata map[string]string, Email string, ChargeId string, Status int32, Shipping (*digota.Shipping struct{Name string, Phone string, Address (*digota.Shipping_Address struct{Line1 string, City string, Country string, Line2 string, PostalCode string, State string}), Carrier string, TrackingNumber string}), Created int64, Updated int64}) ---> depends on: {digota.Order struct{Id string, Amount int64, Currency int32, Items [](*digota.OrderItem struct{Type int32, Quantity int64, Amount int64, Currency int32, Parent string, Description string}), Metadata map[string]string, Email string, ChargeId string, Status int32, Shipping (*digota.Shipping struct{Name string, Phone string, Address (*digota.Shipping_Address struct{Line1 string, City string, Country string, Line2 string, PostalCode string, State string}), Carrier string, TrackingNumber string}), Created int64, Updated int64}}
	 [20] orderItems [](*digota.OrderItem struct{Type int32, Quantity int64, Amount int64, Currency int32, Parent string, Description string}) ---> depends on: {}
	 [21] myitem1 (*digota.OrderItem struct{Type int32, Quantity int64, Amount int64, Currency int32, Parent string, Description string}) ---> depends on: {items [](*digota.OrderItem struct{Type int32, Quantity int64, Amount int64, Currency int32, Parent string, Description string}), digota.OrderItem struct{Type int32, Quantity int64, Amount int64, Currency int32, Parent string, Description string}}
	 [22] amount int64 ---> depends on: {}
	 [23] err .error ---> depends on: {}
	 [24] collection NoSQLCollection {database = orders, collection = orders} ---> depends on: {}
	 [25] err .error ---> depends on: {}
	 [26] err .error ---> depends on: {}

