[BLOCK, #0, Body] NODES = [*ast.AssignStmt, *ast.BinaryExpr]; SUCCS = [Block #1, Block #2]
	 [0] s (*digota.PaymentServiceImpl struct{db NoSQLDatabase}) ---> depends on: {digota.PaymentServiceImpl struct{db NoSQLDatabase}}
	 [1] ctx context.Context ---> depends on: {}
	 [2] id string ---> depends on: {}
	 [3] amount uint64 ---> depends on: {}
	 [4] reason int32 ---> depends on: {}
	 [5] collection NoSQLCollection {database = payments, collection = payments} ---> depends on: {}
	 [6] err .error ---> depends on: {}

[BLOCK, #1, IfThen] NODES = [*ast.ReturnStmt]; SUCCS = []
	 [0] s (*digota.PaymentServiceImpl struct{db NoSQLDatabase}) ---> depends on: {digota.PaymentServiceImpl struct{db NoSQLDatabase}}
	 [1] ctx context.Context ---> depends on: {}
	 [2] id string ---> depends on: {}
	 [3] amount uint64 ---> depends on: {}
	 [4] reason int32 ---> depends on: {}
	 [5] collection NoSQLCollection {database = payments, collection = payments} ---> depends on: {}
	 [6] err .error ---> depends on: {}

[BLOCK, #2, IfDone] NODES = [*ast.AssignStmt, *ast.AssignStmt, *ast.BinaryExpr]; SUCCS = [Block #4, Block #5]
	 [0] s (*digota.PaymentServiceImpl struct{db NoSQLDatabase}) ---> depends on: {digota.PaymentServiceImpl struct{db NoSQLDatabase}}
	 [1] ctx context.Context ---> depends on: {}
	 [2] id string ---> depends on: {}
	 [3] amount uint64 ---> depends on: {}
	 [4] reason int32 ---> depends on: {}
	 [5] collection NoSQLCollection {database = payments, collection = payments} ---> depends on: {}
	 [6] err .error ---> depends on: {}
	 [7] query primitive.D ---> depends on: {struct{Key "id" string, Key "id" string, Value string, Value string}}
	 [8] result NoSQLCursor {database = payments, collection = payments} ---> depends on: {digota.Charge struct{Id string, Statement string, ChargeAmount uint64, RefundAmount uint64, Refunds [](*digota.Refund struct{RefundAmount uint64, ProviderRefundId string, Reason int32, Created int64}), Currency int32, Email string, Paid bool, Refunded bool, ProviderId int32, ProviderChargeId string, Created int64, Updated int64}}
	 [9] err .error ---> depends on: {}

[BLOCK, #4, IfThen] NODES = [*ast.ReturnStmt]; SUCCS = []
	 [0] s (*digota.PaymentServiceImpl struct{db NoSQLDatabase}) ---> depends on: {digota.PaymentServiceImpl struct{db NoSQLDatabase}}
	 [1] ctx context.Context ---> depends on: {}
	 [2] id string ---> depends on: {}
	 [3] amount uint64 ---> depends on: {}
	 [4] reason int32 ---> depends on: {}
	 [5] collection NoSQLCollection {database = payments, collection = payments} ---> depends on: {}
	 [6] err .error ---> depends on: {}
	 [7] query primitive.D ---> depends on: {struct{Key "id" string, Key "id" string, Value string, Value string}}
	 [8] result NoSQLCursor {database = payments, collection = payments} ---> depends on: {digota.Charge struct{Id string, Statement string, ChargeAmount uint64, RefundAmount uint64, Refunds [](*digota.Refund struct{RefundAmount uint64, ProviderRefundId string, Reason int32, Created int64}), Currency int32, Email string, Paid bool, Refunded bool, ProviderId int32, ProviderChargeId string, Created int64, Updated int64}}
	 [9] err .error ---> depends on: {}

[BLOCK, #5, IfDone] NODES = [*ast.ValueSpec, *ast.AssignStmt, *ast.BinaryExpr]; SUCCS = [Block #7, Block #8]
	 [0] s (*digota.PaymentServiceImpl struct{db NoSQLDatabase}) ---> depends on: {digota.PaymentServiceImpl struct{db NoSQLDatabase}}
	 [1] ctx context.Context ---> depends on: {}
	 [2] id string ---> depends on: {}
	 [3] amount uint64 ---> depends on: {}
	 [4] reason int32 ---> depends on: {}
	 [5] collection NoSQLCollection {database = payments, collection = payments} ---> depends on: {}
	 [6] err .error ---> depends on: {}
	 [7] query primitive.D ---> depends on: {struct{Key "id" string, Key "id" string, Value string, Value string}}
	 [8] result NoSQLCursor {database = payments, collection = payments} ---> depends on: {digota.Charge struct{Id string, Statement string, ChargeAmount uint64, RefundAmount uint64, Refunds [](*digota.Refund struct{RefundAmount uint64, ProviderRefundId string, Reason int32, Created int64}), Currency int32, Email string, Paid bool, Refunded bool, ProviderId int32, ProviderChargeId string, Created int64, Updated int64}}
	 [9] err .error ---> depends on: {}
	 [10] charge (*digota.Charge struct{Id string, Statement string, ChargeAmount uint64, RefundAmount uint64, Refunds [](*digota.Refund struct{RefundAmount uint64, ProviderRefundId string, Reason int32, Created int64}), Currency int32, Email string, Paid bool, Refunded bool, ProviderId int32, ProviderChargeId string, Created int64, Updated int64}) ---> depends on: {digota.Charge struct{Id string, Statement string, ChargeAmount uint64, RefundAmount uint64, Refunds [](*digota.Refund struct{RefundAmount uint64, ProviderRefundId string, Reason int32, Created int64}), Currency int32, Email string, Paid bool, Refunded bool, ProviderId int32, ProviderChargeId string, Created int64, Updated int64}}
	 [11] found bool ---> depends on: {}
	 [12] err .error ---> depends on: {}

[BLOCK, #7, IfThen] NODES = [*ast.ReturnStmt]; SUCCS = []
	 [0] s (*digota.PaymentServiceImpl struct{db NoSQLDatabase}) ---> depends on: {digota.PaymentServiceImpl struct{db NoSQLDatabase}}
	 [1] ctx context.Context ---> depends on: {}
	 [2] id string ---> depends on: {}
	 [3] amount uint64 ---> depends on: {}
	 [4] reason int32 ---> depends on: {}
	 [5] collection NoSQLCollection {database = payments, collection = payments} ---> depends on: {}
	 [6] err .error ---> depends on: {}
	 [7] query primitive.D ---> depends on: {struct{Key "id" string, Key "id" string, Value string, Value string}}
	 [8] result NoSQLCursor {database = payments, collection = payments} ---> depends on: {digota.Charge struct{Id string, Statement string, ChargeAmount uint64, RefundAmount uint64, Refunds [](*digota.Refund struct{RefundAmount uint64, ProviderRefundId string, Reason int32, Created int64}), Currency int32, Email string, Paid bool, Refunded bool, ProviderId int32, ProviderChargeId string, Created int64, Updated int64}}
	 [9] err .error ---> depends on: {}
	 [10] charge (*digota.Charge struct{Id string, Statement string, ChargeAmount uint64, RefundAmount uint64, Refunds [](*digota.Refund struct{RefundAmount uint64, ProviderRefundId string, Reason int32, Created int64}), Currency int32, Email string, Paid bool, Refunded bool, ProviderId int32, ProviderChargeId string, Created int64, Updated int64}) ---> depends on: {digota.Charge struct{Id string, Statement string, ChargeAmount uint64, RefundAmount uint64, Refunds [](*digota.Refund struct{RefundAmount uint64, ProviderRefundId string, Reason int32, Created int64}), Currency int32, Email string, Paid bool, Refunded bool, ProviderId int32, ProviderChargeId string, Created int64, Updated int64}}
	 [11] found bool ---> depends on: {}
	 [12] err .error ---> depends on: {}

[BLOCK, #8, IfDone] NODES = [*ast.UnaryExpr]; SUCCS = [Block #10, Block #11]
	 [0] s (*digota.PaymentServiceImpl struct{db NoSQLDatabase}) ---> depends on: {digota.PaymentServiceImpl struct{db NoSQLDatabase}}
	 [1] ctx context.Context ---> depends on: {}
	 [2] id string ---> depends on: {}
	 [3] amount uint64 ---> depends on: {}
	 [4] reason int32 ---> depends on: {}
	 [5] collection NoSQLCollection {database = payments, collection = payments} ---> depends on: {}
	 [6] err .error ---> depends on: {}
	 [7] query primitive.D ---> depends on: {struct{Key "id" string, Key "id" string, Value string, Value string}}
	 [8] result NoSQLCursor {database = payments, collection = payments} ---> depends on: {digota.Charge struct{Id string, Statement string, ChargeAmount uint64, RefundAmount uint64, Refunds [](*digota.Refund struct{RefundAmount uint64, ProviderRefundId string, Reason int32, Created int64}), Currency int32, Email string, Paid bool, Refunded bool, ProviderId int32, ProviderChargeId string, Created int64, Updated int64}}
	 [9] err .error ---> depends on: {}
	 [10] charge (*digota.Charge struct{Id string, Statement string, ChargeAmount uint64, RefundAmount uint64, Refunds [](*digota.Refund struct{RefundAmount uint64, ProviderRefundId string, Reason int32, Created int64}), Currency int32, Email string, Paid bool, Refunded bool, ProviderId int32, ProviderChargeId string, Created int64, Updated int64}) ---> depends on: {digota.Charge struct{Id string, Statement string, ChargeAmount uint64, RefundAmount uint64, Refunds [](*digota.Refund struct{RefundAmount uint64, ProviderRefundId string, Reason int32, Created int64}), Currency int32, Email string, Paid bool, Refunded bool, ProviderId int32, ProviderChargeId string, Created int64, Updated int64}}
	 [11] found bool ---> depends on: {}
	 [12] err .error ---> depends on: {}

[BLOCK, #10, IfThen] NODES = [*ast.ReturnStmt]; SUCCS = []
	 [0] s (*digota.PaymentServiceImpl struct{db NoSQLDatabase}) ---> depends on: {digota.PaymentServiceImpl struct{db NoSQLDatabase}}
	 [1] ctx context.Context ---> depends on: {}
	 [2] id string ---> depends on: {}
	 [3] amount uint64 ---> depends on: {}
	 [4] reason int32 ---> depends on: {}
	 [5] collection NoSQLCollection {database = payments, collection = payments} ---> depends on: {}
	 [6] err .error ---> depends on: {}
	 [7] query primitive.D ---> depends on: {struct{Key "id" string, Key "id" string, Value string, Value string}}
	 [8] result NoSQLCursor {database = payments, collection = payments} ---> depends on: {digota.Charge struct{Id string, Statement string, ChargeAmount uint64, RefundAmount uint64, Refunds [](*digota.Refund struct{RefundAmount uint64, ProviderRefundId string, Reason int32, Created int64}), Currency int32, Email string, Paid bool, Refunded bool, ProviderId int32, ProviderChargeId string, Created int64, Updated int64}}
	 [9] err .error ---> depends on: {}
	 [10] charge (*digota.Charge struct{Id string, Statement string, ChargeAmount uint64, RefundAmount uint64, Refunds [](*digota.Refund struct{RefundAmount uint64, ProviderRefundId string, Reason int32, Created int64}), Currency int32, Email string, Paid bool, Refunded bool, ProviderId int32, ProviderChargeId string, Created int64, Updated int64}) ---> depends on: {digota.Charge struct{Id string, Statement string, ChargeAmount uint64, RefundAmount uint64, Refunds [](*digota.Refund struct{RefundAmount uint64, ProviderRefundId string, Reason int32, Created int64}), Currency int32, Email string, Paid bool, Refunded bool, ProviderId int32, ProviderChargeId string, Created int64, Updated int64}}
	 [11] found bool ---> depends on: {}
	 [12] err .error ---> depends on: {}

[BLOCK, #11, IfDone] NODES = [*ast.ReturnStmt]; SUCCS = []
	 [0] s (*digota.PaymentServiceImpl struct{db NoSQLDatabase}) ---> depends on: {digota.PaymentServiceImpl struct{db NoSQLDatabase}}
	 [1] ctx context.Context ---> depends on: {}
	 [2] id string ---> depends on: {}
	 [3] amount uint64 ---> depends on: {}
	 [4] reason int32 ---> depends on: {}
	 [5] collection NoSQLCollection {database = payments, collection = payments} ---> depends on: {}
	 [6] err .error ---> depends on: {}
	 [7] query primitive.D ---> depends on: {struct{Key "id" string, Key "id" string, Value string, Value string}}
	 [8] result NoSQLCursor {database = payments, collection = payments} ---> depends on: {digota.Charge struct{Id string, Statement string, ChargeAmount uint64, RefundAmount uint64, Refunds [](*digota.Refund struct{RefundAmount uint64, ProviderRefundId string, Reason int32, Created int64}), Currency int32, Email string, Paid bool, Refunded bool, ProviderId int32, ProviderChargeId string, Created int64, Updated int64}}
	 [9] err .error ---> depends on: {}
	 [10] charge (*digota.Charge struct{Id string, Statement string, ChargeAmount uint64, RefundAmount uint64, Refunds [](*digota.Refund struct{RefundAmount uint64, ProviderRefundId string, Reason int32, Created int64}), Currency int32, Email string, Paid bool, Refunded bool, ProviderId int32, ProviderChargeId string, Created int64, Updated int64}) ---> depends on: {digota.Charge struct{Id string, Statement string, ChargeAmount uint64, RefundAmount uint64, Refunds [](*digota.Refund struct{RefundAmount uint64, ProviderRefundId string, Reason int32, Created int64}), Currency int32, Email string, Paid bool, Refunded bool, ProviderId int32, ProviderChargeId string, Created int64, Updated int64}}
	 [11] found bool ---> depends on: {}
	 [12] err .error ---> depends on: {}

