[BLOCK, #0, Body] NODES = [*ast.AssignStmt, *ast.AssignStmt, *ast.BinaryExpr]; SUCCS = [Block #1, Block #2]
	 [0] s (*digota.PaymentServiceImpl struct{db NoSQLDatabase}) ---> depends on: {digota.PaymentServiceImpl struct{db NoSQLDatabase}}
	 [1] ctx context.Context ---> depends on: {}
	 [2] currency int32 ---> depends on: {}
	 [3] total uint64 ---> depends on: {}
	 [4] card (*digota.Card struct{Number string, ExpireMonth string, ExpireYear string, FirstName string, LastName string, CVC string, Type int32}) ---> depends on: {digota.Card struct{Number string, ExpireMonth string, ExpireYear string, FirstName string, LastName string, CVC string, Type int32}}
	 [5] email string ---> depends on: {}
	 [6] statement string ---> depends on: {}
	 [7] paymentProviderId int32 ---> depends on: {}
	 [8] metadata map[string]string ---> depends on: {}
	 [9] charge (*digota.Charge struct{Id string, Statement string, ChargeAmount uint64, RefundAmount uint64, Refunds [](*digota.Refund struct{RefundAmount uint64, ProviderRefundId string, Reason int32, Created int64}), Currency int32, Email string, Paid bool, Refunded bool, ProviderId int32, ProviderChargeId string, Created int64, Updated int64}) ---> depends on: {digota.Charge struct{Id string, Statement string, ChargeAmount uint64, RefundAmount uint64, Refunds [](*digota.Refund struct{RefundAmount uint64, ProviderRefundId string, Reason int32, Created int64}), Currency int32, Email string, Paid bool, Refunded bool, ProviderId int32, ProviderChargeId string, Created int64, Updated int64}}
	 [10] err .error ---> depends on: {charge (*digota.Charge struct{Id string, Statement string, ChargeAmount uint64, RefundAmount uint64, Refunds [](*digota.Refund struct{RefundAmount uint64, ProviderRefundId string, Reason int32, Created int64}), Currency int32, Email string, Paid bool, Refunded bool, ProviderId int32, ProviderChargeId string, Created int64, Updated int64})}

[BLOCK, #1, IfThen] NODES = [*ast.ReturnStmt]; SUCCS = []
	 [0] s (*digota.PaymentServiceImpl struct{db NoSQLDatabase}) ---> depends on: {digota.PaymentServiceImpl struct{db NoSQLDatabase}}
	 [1] ctx context.Context ---> depends on: {}
	 [2] currency int32 ---> depends on: {}
	 [3] total uint64 ---> depends on: {}
	 [4] card (*digota.Card struct{Number string, ExpireMonth string, ExpireYear string, FirstName string, LastName string, CVC string, Type int32}) ---> depends on: {digota.Card struct{Number string, ExpireMonth string, ExpireYear string, FirstName string, LastName string, CVC string, Type int32}}
	 [5] email string ---> depends on: {}
	 [6] statement string ---> depends on: {}
	 [7] paymentProviderId int32 ---> depends on: {}
	 [8] metadata map[string]string ---> depends on: {}
	 [9] charge (*digota.Charge struct{Id string, Statement string, ChargeAmount uint64, RefundAmount uint64, Refunds [](*digota.Refund struct{RefundAmount uint64, ProviderRefundId string, Reason int32, Created int64}), Currency int32, Email string, Paid bool, Refunded bool, ProviderId int32, ProviderChargeId string, Created int64, Updated int64}) ---> depends on: {digota.Charge struct{Id string, Statement string, ChargeAmount uint64, RefundAmount uint64, Refunds [](*digota.Refund struct{RefundAmount uint64, ProviderRefundId string, Reason int32, Created int64}), Currency int32, Email string, Paid bool, Refunded bool, ProviderId int32, ProviderChargeId string, Created int64, Updated int64}}
	 [10] err .error ---> depends on: {charge (*digota.Charge struct{Id string, Statement string, ChargeAmount uint64, RefundAmount uint64, Refunds [](*digota.Refund struct{RefundAmount uint64, ProviderRefundId string, Reason int32, Created int64}), Currency int32, Email string, Paid bool, Refunded bool, ProviderId int32, ProviderChargeId string, Created int64, Updated int64})}

[BLOCK, #2, IfDone] NODES = [*ast.AssignStmt, *ast.BinaryExpr]; SUCCS = [Block #4, Block #5]
	 [0] s (*digota.PaymentServiceImpl struct{db NoSQLDatabase}) ---> depends on: {digota.PaymentServiceImpl struct{db NoSQLDatabase}}
	 [1] ctx context.Context ---> depends on: {}
	 [2] currency int32 ---> depends on: {}
	 [3] total uint64 ---> depends on: {}
	 [4] card (*digota.Card struct{Number string, ExpireMonth string, ExpireYear string, FirstName string, LastName string, CVC string, Type int32}) ---> depends on: {digota.Card struct{Number string, ExpireMonth string, ExpireYear string, FirstName string, LastName string, CVC string, Type int32}}
	 [5] email string ---> depends on: {}
	 [6] statement string ---> depends on: {}
	 [7] paymentProviderId int32 ---> depends on: {}
	 [8] metadata map[string]string ---> depends on: {}
	 [9] charge (*digota.Charge struct{Id string, Statement string, ChargeAmount uint64, RefundAmount uint64, Refunds [](*digota.Refund struct{RefundAmount uint64, ProviderRefundId string, Reason int32, Created int64}), Currency int32, Email string, Paid bool, Refunded bool, ProviderId int32, ProviderChargeId string, Created int64, Updated int64}) ---> depends on: {digota.Charge struct{Id string, Statement string, ChargeAmount uint64, RefundAmount uint64, Refunds [](*digota.Refund struct{RefundAmount uint64, ProviderRefundId string, Reason int32, Created int64}), Currency int32, Email string, Paid bool, Refunded bool, ProviderId int32, ProviderChargeId string, Created int64, Updated int64}}
	 [10] err .error ---> depends on: {charge (*digota.Charge struct{Id string, Statement string, ChargeAmount uint64, RefundAmount uint64, Refunds [](*digota.Refund struct{RefundAmount uint64, ProviderRefundId string, Reason int32, Created int64}), Currency int32, Email string, Paid bool, Refunded bool, ProviderId int32, ProviderChargeId string, Created int64, Updated int64})}
	 [11] collection NoSQLCollection {database = payments, collection = payments} ---> depends on: {}
	 [12] err .error ---> depends on: {}

[BLOCK, #4, IfThen] NODES = [*ast.ReturnStmt]; SUCCS = []
	 [0] s (*digota.PaymentServiceImpl struct{db NoSQLDatabase}) ---> depends on: {digota.PaymentServiceImpl struct{db NoSQLDatabase}}
	 [1] ctx context.Context ---> depends on: {}
	 [2] currency int32 ---> depends on: {}
	 [3] total uint64 ---> depends on: {}
	 [4] card (*digota.Card struct{Number string, ExpireMonth string, ExpireYear string, FirstName string, LastName string, CVC string, Type int32}) ---> depends on: {digota.Card struct{Number string, ExpireMonth string, ExpireYear string, FirstName string, LastName string, CVC string, Type int32}}
	 [5] email string ---> depends on: {}
	 [6] statement string ---> depends on: {}
	 [7] paymentProviderId int32 ---> depends on: {}
	 [8] metadata map[string]string ---> depends on: {}
	 [9] charge (*digota.Charge struct{Id string, Statement string, ChargeAmount uint64, RefundAmount uint64, Refunds [](*digota.Refund struct{RefundAmount uint64, ProviderRefundId string, Reason int32, Created int64}), Currency int32, Email string, Paid bool, Refunded bool, ProviderId int32, ProviderChargeId string, Created int64, Updated int64}) ---> depends on: {digota.Charge struct{Id string, Statement string, ChargeAmount uint64, RefundAmount uint64, Refunds [](*digota.Refund struct{RefundAmount uint64, ProviderRefundId string, Reason int32, Created int64}), Currency int32, Email string, Paid bool, Refunded bool, ProviderId int32, ProviderChargeId string, Created int64, Updated int64}}
	 [10] err .error ---> depends on: {charge (*digota.Charge struct{Id string, Statement string, ChargeAmount uint64, RefundAmount uint64, Refunds [](*digota.Refund struct{RefundAmount uint64, ProviderRefundId string, Reason int32, Created int64}), Currency int32, Email string, Paid bool, Refunded bool, ProviderId int32, ProviderChargeId string, Created int64, Updated int64})}
	 [11] collection NoSQLCollection {database = payments, collection = payments} ---> depends on: {}
	 [12] err .error ---> depends on: {}

[BLOCK, #5, IfDone] NODES = [*ast.AssignStmt, *ast.ReturnStmt]; SUCCS = []
	 [0] s (*digota.PaymentServiceImpl struct{db NoSQLDatabase}) ---> depends on: {digota.PaymentServiceImpl struct{db NoSQLDatabase}}
	 [1] ctx context.Context ---> depends on: {}
	 [2] currency int32 ---> depends on: {}
	 [3] total uint64 ---> depends on: {}
	 [4] card (*digota.Card struct{Number string, ExpireMonth string, ExpireYear string, FirstName string, LastName string, CVC string, Type int32}) ---> depends on: {digota.Card struct{Number string, ExpireMonth string, ExpireYear string, FirstName string, LastName string, CVC string, Type int32}}
	 [5] email string ---> depends on: {}
	 [6] statement string ---> depends on: {}
	 [7] paymentProviderId int32 ---> depends on: {}
	 [8] metadata map[string]string ---> depends on: {}
	 [9] charge (*digota.Charge struct{Id string, Statement string, ChargeAmount uint64, RefundAmount uint64, Refunds [](*digota.Refund struct{RefundAmount uint64, ProviderRefundId string, Reason int32, Created int64}), Currency int32, Email string, Paid bool, Refunded bool, ProviderId int32, ProviderChargeId string, Created int64, Updated int64}) ---> depends on: {digota.Charge struct{Id string, Statement string, ChargeAmount uint64, RefundAmount uint64, Refunds [](*digota.Refund struct{RefundAmount uint64, ProviderRefundId string, Reason int32, Created int64}), Currency int32, Email string, Paid bool, Refunded bool, ProviderId int32, ProviderChargeId string, Created int64, Updated int64}}
	 [10] err .error ---> depends on: {charge (*digota.Charge struct{Id string, Statement string, ChargeAmount uint64, RefundAmount uint64, Refunds [](*digota.Refund struct{RefundAmount uint64, ProviderRefundId string, Reason int32, Created int64}), Currency int32, Email string, Paid bool, Refunded bool, ProviderId int32, ProviderChargeId string, Created int64, Updated int64})}
	 [11] collection NoSQLCollection {database = payments, collection = payments} ---> depends on: {}
	 [12] err .error ---> depends on: {}
	 [13] err .error ---> depends on: {}

