[BLOCK, #0, Body] NODES = [*ast.AssignStmt, *ast.BinaryExpr]; SUCCS = [Block #1, Block #2]
	 [0] s (*digota.SkuServiceImpl struct{db NoSQLDatabase}) ---> depends on: {digota.SkuServiceImpl struct{db NoSQLDatabase}}
	 [1] ctx context.Context ---> depends on: {}
	 [2] id string ---> depends on: {}
	 [3] collection NoSQLCollection {database = skus, collection = skus} ---> depends on: {}
	 [4] err .error ---> depends on: {}

[BLOCK, #1, IfThen] NODES = [*ast.ReturnStmt]; SUCCS = []
	 [0] s (*digota.SkuServiceImpl struct{db NoSQLDatabase}) ---> depends on: {digota.SkuServiceImpl struct{db NoSQLDatabase}}
	 [1] ctx context.Context ---> depends on: {}
	 [2] id string ---> depends on: {}
	 [3] collection NoSQLCollection {database = skus, collection = skus} ---> depends on: {}
	 [4] err .error ---> depends on: {}

[BLOCK, #2, IfDone] NODES = [*ast.AssignStmt, *ast.AssignStmt, *ast.BinaryExpr]; SUCCS = [Block #4, Block #5]
	 [0] s (*digota.SkuServiceImpl struct{db NoSQLDatabase}) ---> depends on: {digota.SkuServiceImpl struct{db NoSQLDatabase}}
	 [1] ctx context.Context ---> depends on: {}
	 [2] id string ---> depends on: {}
	 [3] collection NoSQLCollection {database = skus, collection = skus} ---> depends on: {}
	 [4] err .error ---> depends on: {}
	 [5] query primitive.D ---> depends on: {struct{Key "id" string, Key "id" string, Value string, Value string}}
	 [6] result NoSQLCursor {database = skus, collection = skus} ---> depends on: {digota.Sku struct{Id string, Name string, Price uint64, Currency int32, Active bool, Parent string, Metadata map[string]string, Attributes map[string]string, Image string, PackageDimensions (*digota.PackageDimensions struct{Height float64, Length float64, Weight float64, Width float64}), Inventory (*digota.Inventory struct{Quantity int64, Type int32}), Created int64, Updated int64}}
	 [7] err .error ---> depends on: {}

[BLOCK, #4, IfThen] NODES = [*ast.ReturnStmt]; SUCCS = []
	 [0] s (*digota.SkuServiceImpl struct{db NoSQLDatabase}) ---> depends on: {digota.SkuServiceImpl struct{db NoSQLDatabase}}
	 [1] ctx context.Context ---> depends on: {}
	 [2] id string ---> depends on: {}
	 [3] collection NoSQLCollection {database = skus, collection = skus} ---> depends on: {}
	 [4] err .error ---> depends on: {}
	 [5] query primitive.D ---> depends on: {struct{Key "id" string, Key "id" string, Value string, Value string}}
	 [6] result NoSQLCursor {database = skus, collection = skus} ---> depends on: {digota.Sku struct{Id string, Name string, Price uint64, Currency int32, Active bool, Parent string, Metadata map[string]string, Attributes map[string]string, Image string, PackageDimensions (*digota.PackageDimensions struct{Height float64, Length float64, Weight float64, Width float64}), Inventory (*digota.Inventory struct{Quantity int64, Type int32}), Created int64, Updated int64}}
	 [7] err .error ---> depends on: {}

[BLOCK, #5, IfDone] NODES = [*ast.ValueSpec, *ast.AssignStmt, *ast.BinaryExpr]; SUCCS = [Block #7, Block #8]
	 [0] s (*digota.SkuServiceImpl struct{db NoSQLDatabase}) ---> depends on: {digota.SkuServiceImpl struct{db NoSQLDatabase}}
	 [1] ctx context.Context ---> depends on: {}
	 [2] id string ---> depends on: {}
	 [3] collection NoSQLCollection {database = skus, collection = skus} ---> depends on: {}
	 [4] err .error ---> depends on: {}
	 [5] query primitive.D ---> depends on: {struct{Key "id" string, Key "id" string, Value string, Value string}}
	 [6] result NoSQLCursor {database = skus, collection = skus} ---> depends on: {digota.Sku struct{Id string, Name string, Price uint64, Currency int32, Active bool, Parent string, Metadata map[string]string, Attributes map[string]string, Image string, PackageDimensions (*digota.PackageDimensions struct{Height float64, Length float64, Weight float64, Width float64}), Inventory (*digota.Inventory struct{Quantity int64, Type int32}), Created int64, Updated int64}}
	 [7] err .error ---> depends on: {}
	 [8] sku (*digota.Sku struct{Id string, Name string, Price uint64, Currency int32, Active bool, Parent string, Metadata map[string]string, Attributes map[string]string, Image string, PackageDimensions (*digota.PackageDimensions struct{Height float64, Length float64, Weight float64, Width float64}), Inventory (*digota.Inventory struct{Quantity int64, Type int32}), Created int64, Updated int64}) ---> depends on: {digota.Sku struct{Id string, Name string, Price uint64, Currency int32, Active bool, Parent string, Metadata map[string]string, Attributes map[string]string, Image string, PackageDimensions (*digota.PackageDimensions struct{Height float64, Length float64, Weight float64, Width float64}), Inventory (*digota.Inventory struct{Quantity int64, Type int32}), Created int64, Updated int64}}
	 [9] found bool ---> depends on: {}
	 [10] err .error ---> depends on: {}

[BLOCK, #7, IfThen] NODES = [*ast.ReturnStmt]; SUCCS = []
	 [0] s (*digota.SkuServiceImpl struct{db NoSQLDatabase}) ---> depends on: {digota.SkuServiceImpl struct{db NoSQLDatabase}}
	 [1] ctx context.Context ---> depends on: {}
	 [2] id string ---> depends on: {}
	 [3] collection NoSQLCollection {database = skus, collection = skus} ---> depends on: {}
	 [4] err .error ---> depends on: {}
	 [5] query primitive.D ---> depends on: {struct{Key "id" string, Key "id" string, Value string, Value string}}
	 [6] result NoSQLCursor {database = skus, collection = skus} ---> depends on: {digota.Sku struct{Id string, Name string, Price uint64, Currency int32, Active bool, Parent string, Metadata map[string]string, Attributes map[string]string, Image string, PackageDimensions (*digota.PackageDimensions struct{Height float64, Length float64, Weight float64, Width float64}), Inventory (*digota.Inventory struct{Quantity int64, Type int32}), Created int64, Updated int64}}
	 [7] err .error ---> depends on: {}
	 [8] sku (*digota.Sku struct{Id string, Name string, Price uint64, Currency int32, Active bool, Parent string, Metadata map[string]string, Attributes map[string]string, Image string, PackageDimensions (*digota.PackageDimensions struct{Height float64, Length float64, Weight float64, Width float64}), Inventory (*digota.Inventory struct{Quantity int64, Type int32}), Created int64, Updated int64}) ---> depends on: {digota.Sku struct{Id string, Name string, Price uint64, Currency int32, Active bool, Parent string, Metadata map[string]string, Attributes map[string]string, Image string, PackageDimensions (*digota.PackageDimensions struct{Height float64, Length float64, Weight float64, Width float64}), Inventory (*digota.Inventory struct{Quantity int64, Type int32}), Created int64, Updated int64}}
	 [9] found bool ---> depends on: {}
	 [10] err .error ---> depends on: {}

[BLOCK, #8, IfDone] NODES = [*ast.UnaryExpr]; SUCCS = [Block #10, Block #11]
	 [0] s (*digota.SkuServiceImpl struct{db NoSQLDatabase}) ---> depends on: {digota.SkuServiceImpl struct{db NoSQLDatabase}}
	 [1] ctx context.Context ---> depends on: {}
	 [2] id string ---> depends on: {}
	 [3] collection NoSQLCollection {database = skus, collection = skus} ---> depends on: {}
	 [4] err .error ---> depends on: {}
	 [5] query primitive.D ---> depends on: {struct{Key "id" string, Key "id" string, Value string, Value string}}
	 [6] result NoSQLCursor {database = skus, collection = skus} ---> depends on: {digota.Sku struct{Id string, Name string, Price uint64, Currency int32, Active bool, Parent string, Metadata map[string]string, Attributes map[string]string, Image string, PackageDimensions (*digota.PackageDimensions struct{Height float64, Length float64, Weight float64, Width float64}), Inventory (*digota.Inventory struct{Quantity int64, Type int32}), Created int64, Updated int64}}
	 [7] err .error ---> depends on: {}
	 [8] sku (*digota.Sku struct{Id string, Name string, Price uint64, Currency int32, Active bool, Parent string, Metadata map[string]string, Attributes map[string]string, Image string, PackageDimensions (*digota.PackageDimensions struct{Height float64, Length float64, Weight float64, Width float64}), Inventory (*digota.Inventory struct{Quantity int64, Type int32}), Created int64, Updated int64}) ---> depends on: {digota.Sku struct{Id string, Name string, Price uint64, Currency int32, Active bool, Parent string, Metadata map[string]string, Attributes map[string]string, Image string, PackageDimensions (*digota.PackageDimensions struct{Height float64, Length float64, Weight float64, Width float64}), Inventory (*digota.Inventory struct{Quantity int64, Type int32}), Created int64, Updated int64}}
	 [9] found bool ---> depends on: {}
	 [10] err .error ---> depends on: {}

[BLOCK, #10, IfThen] NODES = [*ast.ReturnStmt]; SUCCS = []
	 [0] s (*digota.SkuServiceImpl struct{db NoSQLDatabase}) ---> depends on: {digota.SkuServiceImpl struct{db NoSQLDatabase}}
	 [1] ctx context.Context ---> depends on: {}
	 [2] id string ---> depends on: {}
	 [3] collection NoSQLCollection {database = skus, collection = skus} ---> depends on: {}
	 [4] err .error ---> depends on: {}
	 [5] query primitive.D ---> depends on: {struct{Key "id" string, Key "id" string, Value string, Value string}}
	 [6] result NoSQLCursor {database = skus, collection = skus} ---> depends on: {digota.Sku struct{Id string, Name string, Price uint64, Currency int32, Active bool, Parent string, Metadata map[string]string, Attributes map[string]string, Image string, PackageDimensions (*digota.PackageDimensions struct{Height float64, Length float64, Weight float64, Width float64}), Inventory (*digota.Inventory struct{Quantity int64, Type int32}), Created int64, Updated int64}}
	 [7] err .error ---> depends on: {}
	 [8] sku (*digota.Sku struct{Id string, Name string, Price uint64, Currency int32, Active bool, Parent string, Metadata map[string]string, Attributes map[string]string, Image string, PackageDimensions (*digota.PackageDimensions struct{Height float64, Length float64, Weight float64, Width float64}), Inventory (*digota.Inventory struct{Quantity int64, Type int32}), Created int64, Updated int64}) ---> depends on: {digota.Sku struct{Id string, Name string, Price uint64, Currency int32, Active bool, Parent string, Metadata map[string]string, Attributes map[string]string, Image string, PackageDimensions (*digota.PackageDimensions struct{Height float64, Length float64, Weight float64, Width float64}), Inventory (*digota.Inventory struct{Quantity int64, Type int32}), Created int64, Updated int64}}
	 [9] found bool ---> depends on: {}
	 [10] err .error ---> depends on: {}

[BLOCK, #11, IfDone] NODES = [*ast.ReturnStmt]; SUCCS = []
	 [0] s (*digota.SkuServiceImpl struct{db NoSQLDatabase}) ---> depends on: {digota.SkuServiceImpl struct{db NoSQLDatabase}}
	 [1] ctx context.Context ---> depends on: {}
	 [2] id string ---> depends on: {}
	 [3] collection NoSQLCollection {database = skus, collection = skus} ---> depends on: {}
	 [4] err .error ---> depends on: {}
	 [5] query primitive.D ---> depends on: {struct{Key "id" string, Key "id" string, Value string, Value string}}
	 [6] result NoSQLCursor {database = skus, collection = skus} ---> depends on: {digota.Sku struct{Id string, Name string, Price uint64, Currency int32, Active bool, Parent string, Metadata map[string]string, Attributes map[string]string, Image string, PackageDimensions (*digota.PackageDimensions struct{Height float64, Length float64, Weight float64, Width float64}), Inventory (*digota.Inventory struct{Quantity int64, Type int32}), Created int64, Updated int64}}
	 [7] err .error ---> depends on: {}
	 [8] sku (*digota.Sku struct{Id string, Name string, Price uint64, Currency int32, Active bool, Parent string, Metadata map[string]string, Attributes map[string]string, Image string, PackageDimensions (*digota.PackageDimensions struct{Height float64, Length float64, Weight float64, Width float64}), Inventory (*digota.Inventory struct{Quantity int64, Type int32}), Created int64, Updated int64}) ---> depends on: {digota.Sku struct{Id string, Name string, Price uint64, Currency int32, Active bool, Parent string, Metadata map[string]string, Attributes map[string]string, Image string, PackageDimensions (*digota.PackageDimensions struct{Height float64, Length float64, Weight float64, Width float64}), Inventory (*digota.Inventory struct{Quantity int64, Type int32}), Created int64, Updated int64}}
	 [9] found bool ---> depends on: {}
	 [10] err .error ---> depends on: {}

