[BLOCK, #0, Body] NODES = [*ast.AssignStmt, *ast.BinaryExpr]; SUCCS = [Block #1, Block #2]
	 [0] u (*user.UserServiceImpl struct{userDB NoSQLDatabase}) ---> depends on: {user.UserServiceImpl struct{userDB NoSQLDatabase}}
	 [1] ctx context.Context ---> depends on: {}
	 [2] coll NoSQLCollection {database = user, collection = user} ---> depends on: {}
	 [3] err .error ---> depends on: {}

[BLOCK, #1, IfThen] NODES = [*ast.ReturnStmt]; SUCCS = []
	 [0] u (*user.UserServiceImpl struct{userDB NoSQLDatabase}) ---> depends on: {user.UserServiceImpl struct{userDB NoSQLDatabase}}
	 [1] ctx context.Context ---> depends on: {}
	 [2] coll NoSQLCollection {database = user, collection = user} ---> depends on: {}
	 [3] err .error ---> depends on: {}

[BLOCK, #2, IfDone] NODES = [*ast.AssignStmt, *ast.BinaryExpr]; SUCCS = [Block #4, Block #5]
	 [0] u (*user.UserServiceImpl struct{userDB NoSQLDatabase}) ---> depends on: {user.UserServiceImpl struct{userDB NoSQLDatabase}}
	 [1] ctx context.Context ---> depends on: {}
	 [2] coll NoSQLCollection {database = user, collection = user} ---> depends on: {}
	 [3] err .error ---> depends on: {}
	 [4] res NoSQLCursor {database = user, collection = user} ---> depends on: {users []user.User struct{UserID string, Username string, Password string, Gender int64, DocumentType int64, DocumentNum string, Email string}}
	 [5] err .error ---> depends on: {}

[BLOCK, #4, IfThen] NODES = [*ast.ReturnStmt]; SUCCS = []
	 [0] u (*user.UserServiceImpl struct{userDB NoSQLDatabase}) ---> depends on: {user.UserServiceImpl struct{userDB NoSQLDatabase}}
	 [1] ctx context.Context ---> depends on: {}
	 [2] coll NoSQLCollection {database = user, collection = user} ---> depends on: {}
	 [3] err .error ---> depends on: {}
	 [4] res NoSQLCursor {database = user, collection = user} ---> depends on: {users []user.User struct{UserID string, Username string, Password string, Gender int64, DocumentType int64, DocumentNum string, Email string}}
	 [5] err .error ---> depends on: {}

[BLOCK, #5, IfDone] NODES = [*ast.ValueSpec, *ast.AssignStmt, *ast.BinaryExpr]; SUCCS = [Block #7, Block #8]
	 [0] u (*user.UserServiceImpl struct{userDB NoSQLDatabase}) ---> depends on: {user.UserServiceImpl struct{userDB NoSQLDatabase}}
	 [1] ctx context.Context ---> depends on: {}
	 [2] coll NoSQLCollection {database = user, collection = user} ---> depends on: {}
	 [3] err .error ---> depends on: {}
	 [4] res NoSQLCursor {database = user, collection = user} ---> depends on: {users []user.User struct{UserID string, Username string, Password string, Gender int64, DocumentType int64, DocumentNum string, Email string}}
	 [5] err .error ---> depends on: {}
	 [6] users []user.User struct{UserID string, Username string, Password string, Gender int64, DocumentType int64, DocumentNum string, Email string} ---> depends on: {}
	 [7] err .error ---> depends on: {}

[BLOCK, #7, IfThen] NODES = [*ast.ReturnStmt]; SUCCS = []
	 [0] u (*user.UserServiceImpl struct{userDB NoSQLDatabase}) ---> depends on: {user.UserServiceImpl struct{userDB NoSQLDatabase}}
	 [1] ctx context.Context ---> depends on: {}
	 [2] coll NoSQLCollection {database = user, collection = user} ---> depends on: {}
	 [3] err .error ---> depends on: {}
	 [4] res NoSQLCursor {database = user, collection = user} ---> depends on: {users []user.User struct{UserID string, Username string, Password string, Gender int64, DocumentType int64, DocumentNum string, Email string}}
	 [5] err .error ---> depends on: {}
	 [6] users []user.User struct{UserID string, Username string, Password string, Gender int64, DocumentType int64, DocumentNum string, Email string} ---> depends on: {}
	 [7] err .error ---> depends on: {}

[BLOCK, #8, IfDone] NODES = [*ast.ReturnStmt]; SUCCS = []
	 [0] u (*user.UserServiceImpl struct{userDB NoSQLDatabase}) ---> depends on: {user.UserServiceImpl struct{userDB NoSQLDatabase}}
	 [1] ctx context.Context ---> depends on: {}
	 [2] coll NoSQLCollection {database = user, collection = user} ---> depends on: {}
	 [3] err .error ---> depends on: {}
	 [4] res NoSQLCursor {database = user, collection = user} ---> depends on: {users []user.User struct{UserID string, Username string, Password string, Gender int64, DocumentType int64, DocumentNum string, Email string}}
	 [5] err .error ---> depends on: {}
	 [6] users []user.User struct{UserID string, Username string, Password string, Gender int64, DocumentType int64, DocumentNum string, Email string} ---> depends on: {}
	 [7] err .error ---> depends on: {}

