[BLOCK, #0, Body] NODES = [*ast.ValueSpec, *ast.ValueSpec, *ast.ValueSpec, *ast.Ident, *ast.Ident, *ast.Ident]; SUCCS = [Block #1]
	 [0] s (*digota.OrderServiceImpl struct{skuService digota.SkuService, db NoSQLDatabase}) ---> depends on: {digota.OrderServiceImpl struct{skuService digota.SkuService, db NoSQLDatabase}}
	 [1] ctx context.Context ---> depends on: {}
	 [2] items [](*digota.OrderItem struct{Type int32, Quantity int64, Amount int64, Currency int32, Parent string, Description string}) ---> depends on: {}
	 [3] orderItems [](*digota.OrderItem struct{Type int32, Quantity int64, Amount int64, Currency int32, Parent string, Description string}) ---> depends on: {myitem1 (*digota.OrderItem struct{Type int32, Quantity int64, Amount int64, Currency int32, Parent string, Description string})}
	 [4] errs []error ---> depends on: {}
	 [5] wg sync.WaitGroup ---> depends on: {}
	 [6] myitem1 (*digota.OrderItem struct{Type int32, Quantity int64, Amount int64, Currency int32, Parent string, Description string}) ---> depends on: {items [](*digota.OrderItem struct{Type int32, Quantity int64, Amount int64, Currency int32, Parent string, Description string}), digota.OrderItem struct{Type int32, Quantity int64, Amount int64, Currency int32, Parent string, Description string}}

[BLOCK, #1, RangeLoop] NODES = []; SUCCS = [Block #2, Block #3]
	 [0] s (*digota.OrderServiceImpl struct{skuService digota.SkuService, db NoSQLDatabase}) ---> depends on: {digota.OrderServiceImpl struct{skuService digota.SkuService, db NoSQLDatabase}}
	 [1] ctx context.Context ---> depends on: {}
	 [2] items [](*digota.OrderItem struct{Type int32, Quantity int64, Amount int64, Currency int32, Parent string, Description string}) ---> depends on: {}
	 [3] orderItems [](*digota.OrderItem struct{Type int32, Quantity int64, Amount int64, Currency int32, Parent string, Description string}) ---> depends on: {myitem1 (*digota.OrderItem struct{Type int32, Quantity int64, Amount int64, Currency int32, Parent string, Description string})}
	 [4] errs []error ---> depends on: {}
	 [5] wg sync.WaitGroup ---> depends on: {}
	 [6] myitem1 (*digota.OrderItem struct{Type int32, Quantity int64, Amount int64, Currency int32, Parent string, Description string}) ---> depends on: {items [](*digota.OrderItem struct{Type int32, Quantity int64, Amount int64, Currency int32, Parent string, Description string}), digota.OrderItem struct{Type int32, Quantity int64, Amount int64, Currency int32, Parent string, Description string}}
	 [7] orderItems [](*digota.OrderItem struct{Type int32, Quantity int64, Amount int64, Currency int32, Parent string, Description string}) ---> depends on: {myitem1 (*digota.OrderItem struct{Type int32, Quantity int64, Amount int64, Currency int32, Parent string, Description string})}
	 [8] s (*digota.OrderServiceImpl struct{skuService digota.SkuService, db NoSQLDatabase}) ---> depends on: {digota.OrderServiceImpl struct{skuService digota.SkuService, db NoSQLDatabase}}
	 [9] ctx context.Context ---> depends on: {}
	 [10] items [](*digota.OrderItem struct{Type int32, Quantity int64, Amount int64, Currency int32, Parent string, Description string}) ---> depends on: {}
	 [11] orderItems [](*digota.OrderItem struct{Type int32, Quantity int64, Amount int64, Currency int32, Parent string, Description string}) ---> depends on: {myitem1 (*digota.OrderItem struct{Type int32, Quantity int64, Amount int64, Currency int32, Parent string, Description string})}
	 [12] errs []error ---> depends on: {}
	 [13] wg sync.WaitGroup ---> depends on: {}
	 [14] myitem1 (*digota.OrderItem struct{Type int32, Quantity int64, Amount int64, Currency int32, Parent string, Description string}) ---> depends on: {items [](*digota.OrderItem struct{Type int32, Quantity int64, Amount int64, Currency int32, Parent string, Description string}), digota.OrderItem struct{Type int32, Quantity int64, Amount int64, Currency int32, Parent string, Description string}}

[BLOCK, #2, RangeBody] NODES = [*ast.CallExpr]; SUCCS = [Block #4, Block #5]
	 [0] s (*digota.OrderServiceImpl struct{skuService digota.SkuService, db NoSQLDatabase}) ---> depends on: {digota.OrderServiceImpl struct{skuService digota.SkuService, db NoSQLDatabase}}
	 [1] ctx context.Context ---> depends on: {}
	 [2] items [](*digota.OrderItem struct{Type int32, Quantity int64, Amount int64, Currency int32, Parent string, Description string}) ---> depends on: {}
	 [3] orderItems [](*digota.OrderItem struct{Type int32, Quantity int64, Amount int64, Currency int32, Parent string, Description string}) ---> depends on: {myitem1 (*digota.OrderItem struct{Type int32, Quantity int64, Amount int64, Currency int32, Parent string, Description string})}
	 [4] errs []error ---> depends on: {}
	 [5] wg sync.WaitGroup ---> depends on: {}
	 [6] myitem1 (*digota.OrderItem struct{Type int32, Quantity int64, Amount int64, Currency int32, Parent string, Description string}) ---> depends on: {items [](*digota.OrderItem struct{Type int32, Quantity int64, Amount int64, Currency int32, Parent string, Description string}), digota.OrderItem struct{Type int32, Quantity int64, Amount int64, Currency int32, Parent string, Description string}}

[BLOCK, #4, IfThen] NODES = [*ast.BinaryExpr]; SUCCS = [Block #6, Block #7]
	 [0] s (*digota.OrderServiceImpl struct{skuService digota.SkuService, db NoSQLDatabase}) ---> depends on: {digota.OrderServiceImpl struct{skuService digota.SkuService, db NoSQLDatabase}}
	 [1] ctx context.Context ---> depends on: {}
	 [2] items [](*digota.OrderItem struct{Type int32, Quantity int64, Amount int64, Currency int32, Parent string, Description string}) ---> depends on: {}
	 [3] orderItems [](*digota.OrderItem struct{Type int32, Quantity int64, Amount int64, Currency int32, Parent string, Description string}) ---> depends on: {myitem1 (*digota.OrderItem struct{Type int32, Quantity int64, Amount int64, Currency int32, Parent string, Description string})}
	 [4] errs []error ---> depends on: {}
	 [5] wg sync.WaitGroup ---> depends on: {}
	 [6] myitem1 (*digota.OrderItem struct{Type int32, Quantity int64, Amount int64, Currency int32, Parent string, Description string}) ---> depends on: {items [](*digota.OrderItem struct{Type int32, Quantity int64, Amount int64, Currency int32, Parent string, Description string}), digota.OrderItem struct{Type int32, Quantity int64, Amount int64, Currency int32, Parent string, Description string}}

[BLOCK, #6, IfThen] NODES = [*ast.AssignStmt]; SUCCS = [Block #7]
	 [0] s (*digota.OrderServiceImpl struct{skuService digota.SkuService, db NoSQLDatabase}) ---> depends on: {digota.OrderServiceImpl struct{skuService digota.SkuService, db NoSQLDatabase}}
	 [1] ctx context.Context ---> depends on: {}
	 [2] items [](*digota.OrderItem struct{Type int32, Quantity int64, Amount int64, Currency int32, Parent string, Description string}) ---> depends on: {}
	 [3] orderItems [](*digota.OrderItem struct{Type int32, Quantity int64, Amount int64, Currency int32, Parent string, Description string}) ---> depends on: {myitem1 (*digota.OrderItem struct{Type int32, Quantity int64, Amount int64, Currency int32, Parent string, Description string})}
	 [4] errs []error ---> depends on: {}
	 [5] wg sync.WaitGroup ---> depends on: {}
	 [6] myitem1 (*digota.OrderItem struct{Type int32, Quantity int64, Amount int64, Currency int32, Parent string, Description string}) ---> depends on: {items [](*digota.OrderItem struct{Type int32, Quantity int64, Amount int64, Currency int32, Parent string, Description string}), digota.OrderItem struct{Type int32, Quantity int64, Amount int64, Currency int32, Parent string, Description string}}

[BLOCK, #7, IfDone] NODES = [*ast.AssignStmt]; SUCCS = [Block #5]
	 [0] s (*digota.OrderServiceImpl struct{skuService digota.SkuService, db NoSQLDatabase}) ---> depends on: {digota.OrderServiceImpl struct{skuService digota.SkuService, db NoSQLDatabase}}
	 [1] ctx context.Context ---> depends on: {}
	 [2] items [](*digota.OrderItem struct{Type int32, Quantity int64, Amount int64, Currency int32, Parent string, Description string}) ---> depends on: {}
	 [3] orderItems [](*digota.OrderItem struct{Type int32, Quantity int64, Amount int64, Currency int32, Parent string, Description string}) ---> depends on: {myitem1 (*digota.OrderItem struct{Type int32, Quantity int64, Amount int64, Currency int32, Parent string, Description string})}
	 [4] errs []error ---> depends on: {}
	 [5] wg sync.WaitGroup ---> depends on: {}
	 [6] myitem1 (*digota.OrderItem struct{Type int32, Quantity int64, Amount int64, Currency int32, Parent string, Description string}) ---> depends on: {items [](*digota.OrderItem struct{Type int32, Quantity int64, Amount int64, Currency int32, Parent string, Description string}), digota.OrderItem struct{Type int32, Quantity int64, Amount int64, Currency int32, Parent string, Description string}}
	 [7] s (*digota.OrderServiceImpl struct{skuService digota.SkuService, db NoSQLDatabase}) ---> depends on: {digota.OrderServiceImpl struct{skuService digota.SkuService, db NoSQLDatabase}}
	 [8] ctx context.Context ---> depends on: {}
	 [9] items [](*digota.OrderItem struct{Type int32, Quantity int64, Amount int64, Currency int32, Parent string, Description string}) ---> depends on: {}
	 [10] orderItems [](*digota.OrderItem struct{Type int32, Quantity int64, Amount int64, Currency int32, Parent string, Description string}) ---> depends on: {myitem1 (*digota.OrderItem struct{Type int32, Quantity int64, Amount int64, Currency int32, Parent string, Description string})}
	 [11] errs []error ---> depends on: {}
	 [12] wg sync.WaitGroup ---> depends on: {}
	 [13] myitem1 (*digota.OrderItem struct{Type int32, Quantity int64, Amount int64, Currency int32, Parent string, Description string}) ---> depends on: {items [](*digota.OrderItem struct{Type int32, Quantity int64, Amount int64, Currency int32, Parent string, Description string}), digota.OrderItem struct{Type int32, Quantity int64, Amount int64, Currency int32, Parent string, Description string}}
	 [14] orderItems [](*digota.OrderItem struct{Type int32, Quantity int64, Amount int64, Currency int32, Parent string, Description string}) ---> depends on: {myitem1 (*digota.OrderItem struct{Type int32, Quantity int64, Amount int64, Currency int32, Parent string, Description string})}

[BLOCK, #5, IfDone] NODES = []; SUCCS = [Block #1]
	 [0] s (*digota.OrderServiceImpl struct{skuService digota.SkuService, db NoSQLDatabase}) ---> depends on: {digota.OrderServiceImpl struct{skuService digota.SkuService, db NoSQLDatabase}}
	 [1] ctx context.Context ---> depends on: {}
	 [2] items [](*digota.OrderItem struct{Type int32, Quantity int64, Amount int64, Currency int32, Parent string, Description string}) ---> depends on: {}
	 [3] orderItems [](*digota.OrderItem struct{Type int32, Quantity int64, Amount int64, Currency int32, Parent string, Description string}) ---> depends on: {myitem1 (*digota.OrderItem struct{Type int32, Quantity int64, Amount int64, Currency int32, Parent string, Description string})}
	 [4] errs []error ---> depends on: {}
	 [5] wg sync.WaitGroup ---> depends on: {}
	 [6] myitem1 (*digota.OrderItem struct{Type int32, Quantity int64, Amount int64, Currency int32, Parent string, Description string}) ---> depends on: {items [](*digota.OrderItem struct{Type int32, Quantity int64, Amount int64, Currency int32, Parent string, Description string}), digota.OrderItem struct{Type int32, Quantity int64, Amount int64, Currency int32, Parent string, Description string}}
	 [7] s (*digota.OrderServiceImpl struct{skuService digota.SkuService, db NoSQLDatabase}) ---> depends on: {digota.OrderServiceImpl struct{skuService digota.SkuService, db NoSQLDatabase}}
	 [8] ctx context.Context ---> depends on: {}
	 [9] items [](*digota.OrderItem struct{Type int32, Quantity int64, Amount int64, Currency int32, Parent string, Description string}) ---> depends on: {}
	 [10] orderItems [](*digota.OrderItem struct{Type int32, Quantity int64, Amount int64, Currency int32, Parent string, Description string}) ---> depends on: {myitem1 (*digota.OrderItem struct{Type int32, Quantity int64, Amount int64, Currency int32, Parent string, Description string})}
	 [11] errs []error ---> depends on: {}
	 [12] wg sync.WaitGroup ---> depends on: {}
	 [13] myitem1 (*digota.OrderItem struct{Type int32, Quantity int64, Amount int64, Currency int32, Parent string, Description string}) ---> depends on: {items [](*digota.OrderItem struct{Type int32, Quantity int64, Amount int64, Currency int32, Parent string, Description string}), digota.OrderItem struct{Type int32, Quantity int64, Amount int64, Currency int32, Parent string, Description string}}
	 [14] orderItems [](*digota.OrderItem struct{Type int32, Quantity int64, Amount int64, Currency int32, Parent string, Description string}) ---> depends on: {myitem1 (*digota.OrderItem struct{Type int32, Quantity int64, Amount int64, Currency int32, Parent string, Description string})}

[BLOCK, #3, RangeDone] NODES = [*ast.Ident, *ast.Ident, *ast.Ident]; SUCCS = [Block #8]
	 [0] s (*digota.OrderServiceImpl struct{skuService digota.SkuService, db NoSQLDatabase}) ---> depends on: {digota.OrderServiceImpl struct{skuService digota.SkuService, db NoSQLDatabase}}
	 [1] ctx context.Context ---> depends on: {}
	 [2] items [](*digota.OrderItem struct{Type int32, Quantity int64, Amount int64, Currency int32, Parent string, Description string}) ---> depends on: {}
	 [3] orderItems [](*digota.OrderItem struct{Type int32, Quantity int64, Amount int64, Currency int32, Parent string, Description string}) ---> depends on: {myitem1 (*digota.OrderItem struct{Type int32, Quantity int64, Amount int64, Currency int32, Parent string, Description string})}
	 [4] errs []error ---> depends on: {}
	 [5] wg sync.WaitGroup ---> depends on: {}
	 [6] myitem1 (*digota.OrderItem struct{Type int32, Quantity int64, Amount int64, Currency int32, Parent string, Description string}) ---> depends on: {items [](*digota.OrderItem struct{Type int32, Quantity int64, Amount int64, Currency int32, Parent string, Description string}), digota.OrderItem struct{Type int32, Quantity int64, Amount int64, Currency int32, Parent string, Description string}}
	 [7] orderItems [](*digota.OrderItem struct{Type int32, Quantity int64, Amount int64, Currency int32, Parent string, Description string}) ---> depends on: {myitem1 (*digota.OrderItem struct{Type int32, Quantity int64, Amount int64, Currency int32, Parent string, Description string})}
	 [8] s (*digota.OrderServiceImpl struct{skuService digota.SkuService, db NoSQLDatabase}) ---> depends on: {digota.OrderServiceImpl struct{skuService digota.SkuService, db NoSQLDatabase}}
	 [9] ctx context.Context ---> depends on: {}
	 [10] items [](*digota.OrderItem struct{Type int32, Quantity int64, Amount int64, Currency int32, Parent string, Description string}) ---> depends on: {}
	 [11] orderItems [](*digota.OrderItem struct{Type int32, Quantity int64, Amount int64, Currency int32, Parent string, Description string}) ---> depends on: {myitem1 (*digota.OrderItem struct{Type int32, Quantity int64, Amount int64, Currency int32, Parent string, Description string})}
	 [12] errs []error ---> depends on: {}
	 [13] wg sync.WaitGroup ---> depends on: {}
	 [14] myitem1 (*digota.OrderItem struct{Type int32, Quantity int64, Amount int64, Currency int32, Parent string, Description string}) ---> depends on: {items [](*digota.OrderItem struct{Type int32, Quantity int64, Amount int64, Currency int32, Parent string, Description string}), digota.OrderItem struct{Type int32, Quantity int64, Amount int64, Currency int32, Parent string, Description string}}
	 [15] myitem2 (*digota.OrderItem struct{Type int32, Quantity int64, Amount int64, Currency int32, Parent string, Description string}) ---> depends on: {orderItems [](*digota.OrderItem struct{Type int32, Quantity int64, Amount int64, Currency int32, Parent string, Description string}), digota.OrderItem struct{Type int32, Quantity int64, Amount int64, Currency int32, Parent string, Description string}}

[BLOCK, #8, RangeLoop] NODES = []; SUCCS = [Block #9, Block #10]
	 [0] s (*digota.OrderServiceImpl struct{skuService digota.SkuService, db NoSQLDatabase}) ---> depends on: {digota.OrderServiceImpl struct{skuService digota.SkuService, db NoSQLDatabase}}
	 [1] ctx context.Context ---> depends on: {}
	 [2] items [](*digota.OrderItem struct{Type int32, Quantity int64, Amount int64, Currency int32, Parent string, Description string}) ---> depends on: {}
	 [3] orderItems [](*digota.OrderItem struct{Type int32, Quantity int64, Amount int64, Currency int32, Parent string, Description string}) ---> depends on: {myitem1 (*digota.OrderItem struct{Type int32, Quantity int64, Amount int64, Currency int32, Parent string, Description string})}
	 [4] errs []error ---> depends on: {}
	 [5] wg sync.WaitGroup ---> depends on: {}
	 [6] myitem1 (*digota.OrderItem struct{Type int32, Quantity int64, Amount int64, Currency int32, Parent string, Description string}) ---> depends on: {items [](*digota.OrderItem struct{Type int32, Quantity int64, Amount int64, Currency int32, Parent string, Description string}), digota.OrderItem struct{Type int32, Quantity int64, Amount int64, Currency int32, Parent string, Description string}}
	 [7] orderItems [](*digota.OrderItem struct{Type int32, Quantity int64, Amount int64, Currency int32, Parent string, Description string}) ---> depends on: {myitem1 (*digota.OrderItem struct{Type int32, Quantity int64, Amount int64, Currency int32, Parent string, Description string})}
	 [8] s (*digota.OrderServiceImpl struct{skuService digota.SkuService, db NoSQLDatabase}) ---> depends on: {digota.OrderServiceImpl struct{skuService digota.SkuService, db NoSQLDatabase}}
	 [9] ctx context.Context ---> depends on: {}
	 [10] items [](*digota.OrderItem struct{Type int32, Quantity int64, Amount int64, Currency int32, Parent string, Description string}) ---> depends on: {}
	 [11] orderItems [](*digota.OrderItem struct{Type int32, Quantity int64, Amount int64, Currency int32, Parent string, Description string}) ---> depends on: {myitem1 (*digota.OrderItem struct{Type int32, Quantity int64, Amount int64, Currency int32, Parent string, Description string})}
	 [12] errs []error ---> depends on: {}
	 [13] wg sync.WaitGroup ---> depends on: {}
	 [14] myitem1 (*digota.OrderItem struct{Type int32, Quantity int64, Amount int64, Currency int32, Parent string, Description string}) ---> depends on: {items [](*digota.OrderItem struct{Type int32, Quantity int64, Amount int64, Currency int32, Parent string, Description string}), digota.OrderItem struct{Type int32, Quantity int64, Amount int64, Currency int32, Parent string, Description string}}
	 [15] myitem2 (*digota.OrderItem struct{Type int32, Quantity int64, Amount int64, Currency int32, Parent string, Description string}) ---> depends on: {orderItems [](*digota.OrderItem struct{Type int32, Quantity int64, Amount int64, Currency int32, Parent string, Description string}), digota.OrderItem struct{Type int32, Quantity int64, Amount int64, Currency int32, Parent string, Description string}}
	 [16] item (*digota.Sku struct{Id string, Name string, Price uint64, Currency int32, Active bool, Parent string, Metadata map[string]string, Attributes map[string]string, Image string, PackageDimensions (*digota.PackageDimensions struct{Height float64, Length float64, Weight float64, Width float64}), Inventory (*digota.Inventory struct{Quantity int64, Type int32}), Created int64, Updated int64}) ---> depends on: {digota.Sku struct{Id string, Name string, Price uint64, Currency int32, Active bool, Parent string, Metadata map[string]string, Attributes map[string]string, Image string, PackageDimensions (*digota.PackageDimensions struct{Height float64, Length float64, Weight float64, Width float64}), Inventory (*digota.Inventory struct{Quantity int64, Type int32}), Created int64, Updated int64}}
	 [17] err .error ---> depends on: {}
	 [18] s (*digota.OrderServiceImpl struct{skuService digota.SkuService, db NoSQLDatabase}) ---> depends on: {digota.OrderServiceImpl struct{skuService digota.SkuService, db NoSQLDatabase}}
	 [19] ctx context.Context ---> depends on: {}
	 [20] items [](*digota.OrderItem struct{Type int32, Quantity int64, Amount int64, Currency int32, Parent string, Description string}) ---> depends on: {}
	 [21] orderItems [](*digota.OrderItem struct{Type int32, Quantity int64, Amount int64, Currency int32, Parent string, Description string}) ---> depends on: {myitem1 (*digota.OrderItem struct{Type int32, Quantity int64, Amount int64, Currency int32, Parent string, Description string})}
	 [22] errs []error ---> depends on: {}
	 [23] wg sync.WaitGroup ---> depends on: {}
	 [24] myitem1 (*digota.OrderItem struct{Type int32, Quantity int64, Amount int64, Currency int32, Parent string, Description string}) ---> depends on: {items [](*digota.OrderItem struct{Type int32, Quantity int64, Amount int64, Currency int32, Parent string, Description string}), digota.OrderItem struct{Type int32, Quantity int64, Amount int64, Currency int32, Parent string, Description string}}
	 [25] orderItems [](*digota.OrderItem struct{Type int32, Quantity int64, Amount int64, Currency int32, Parent string, Description string}) ---> depends on: {myitem1 (*digota.OrderItem struct{Type int32, Quantity int64, Amount int64, Currency int32, Parent string, Description string})}
	 [26] s (*digota.OrderServiceImpl struct{skuService digota.SkuService, db NoSQLDatabase}) ---> depends on: {digota.OrderServiceImpl struct{skuService digota.SkuService, db NoSQLDatabase}}
	 [27] ctx context.Context ---> depends on: {}
	 [28] items [](*digota.OrderItem struct{Type int32, Quantity int64, Amount int64, Currency int32, Parent string, Description string}) ---> depends on: {}
	 [29] orderItems [](*digota.OrderItem struct{Type int32, Quantity int64, Amount int64, Currency int32, Parent string, Description string}) ---> depends on: {myitem1 (*digota.OrderItem struct{Type int32, Quantity int64, Amount int64, Currency int32, Parent string, Description string})}
	 [30] errs []error ---> depends on: {}
	 [31] wg sync.WaitGroup ---> depends on: {}
	 [32] myitem1 (*digota.OrderItem struct{Type int32, Quantity int64, Amount int64, Currency int32, Parent string, Description string}) ---> depends on: {items [](*digota.OrderItem struct{Type int32, Quantity int64, Amount int64, Currency int32, Parent string, Description string}), digota.OrderItem struct{Type int32, Quantity int64, Amount int64, Currency int32, Parent string, Description string}}
	 [33] myitem2 (*digota.OrderItem struct{Type int32, Quantity int64, Amount int64, Currency int32, Parent string, Description string}) ---> depends on: {orderItems [](*digota.OrderItem struct{Type int32, Quantity int64, Amount int64, Currency int32, Parent string, Description string}), digota.OrderItem struct{Type int32, Quantity int64, Amount int64, Currency int32, Parent string, Description string}}

[BLOCK, #9, RangeBody] NODES = [*ast.CallExpr]; SUCCS = [Block #11, Block #12]
	 [0] s (*digota.OrderServiceImpl struct{skuService digota.SkuService, db NoSQLDatabase}) ---> depends on: {digota.OrderServiceImpl struct{skuService digota.SkuService, db NoSQLDatabase}}
	 [1] ctx context.Context ---> depends on: {}
	 [2] items [](*digota.OrderItem struct{Type int32, Quantity int64, Amount int64, Currency int32, Parent string, Description string}) ---> depends on: {}
	 [3] orderItems [](*digota.OrderItem struct{Type int32, Quantity int64, Amount int64, Currency int32, Parent string, Description string}) ---> depends on: {myitem1 (*digota.OrderItem struct{Type int32, Quantity int64, Amount int64, Currency int32, Parent string, Description string})}
	 [4] errs []error ---> depends on: {}
	 [5] wg sync.WaitGroup ---> depends on: {}
	 [6] myitem1 (*digota.OrderItem struct{Type int32, Quantity int64, Amount int64, Currency int32, Parent string, Description string}) ---> depends on: {items [](*digota.OrderItem struct{Type int32, Quantity int64, Amount int64, Currency int32, Parent string, Description string}), digota.OrderItem struct{Type int32, Quantity int64, Amount int64, Currency int32, Parent string, Description string}}
	 [7] orderItems [](*digota.OrderItem struct{Type int32, Quantity int64, Amount int64, Currency int32, Parent string, Description string}) ---> depends on: {myitem1 (*digota.OrderItem struct{Type int32, Quantity int64, Amount int64, Currency int32, Parent string, Description string})}
	 [8] s (*digota.OrderServiceImpl struct{skuService digota.SkuService, db NoSQLDatabase}) ---> depends on: {digota.OrderServiceImpl struct{skuService digota.SkuService, db NoSQLDatabase}}
	 [9] ctx context.Context ---> depends on: {}
	 [10] items [](*digota.OrderItem struct{Type int32, Quantity int64, Amount int64, Currency int32, Parent string, Description string}) ---> depends on: {}
	 [11] orderItems [](*digota.OrderItem struct{Type int32, Quantity int64, Amount int64, Currency int32, Parent string, Description string}) ---> depends on: {myitem1 (*digota.OrderItem struct{Type int32, Quantity int64, Amount int64, Currency int32, Parent string, Description string})}
	 [12] errs []error ---> depends on: {}
	 [13] wg sync.WaitGroup ---> depends on: {}
	 [14] myitem1 (*digota.OrderItem struct{Type int32, Quantity int64, Amount int64, Currency int32, Parent string, Description string}) ---> depends on: {items [](*digota.OrderItem struct{Type int32, Quantity int64, Amount int64, Currency int32, Parent string, Description string}), digota.OrderItem struct{Type int32, Quantity int64, Amount int64, Currency int32, Parent string, Description string}}
	 [15] myitem2 (*digota.OrderItem struct{Type int32, Quantity int64, Amount int64, Currency int32, Parent string, Description string}) ---> depends on: {orderItems [](*digota.OrderItem struct{Type int32, Quantity int64, Amount int64, Currency int32, Parent string, Description string}), digota.OrderItem struct{Type int32, Quantity int64, Amount int64, Currency int32, Parent string, Description string}}

[BLOCK, #11, IfThen] NODES = [*ast.AssignStmt, *ast.BinaryExpr]; SUCCS = [Block #13, Block #15]
	 [0] s (*digota.OrderServiceImpl struct{skuService digota.SkuService, db NoSQLDatabase}) ---> depends on: {digota.OrderServiceImpl struct{skuService digota.SkuService, db NoSQLDatabase}}
	 [1] ctx context.Context ---> depends on: {}
	 [2] items [](*digota.OrderItem struct{Type int32, Quantity int64, Amount int64, Currency int32, Parent string, Description string}) ---> depends on: {}
	 [3] orderItems [](*digota.OrderItem struct{Type int32, Quantity int64, Amount int64, Currency int32, Parent string, Description string}) ---> depends on: {myitem1 (*digota.OrderItem struct{Type int32, Quantity int64, Amount int64, Currency int32, Parent string, Description string})}
	 [4] errs []error ---> depends on: {}
	 [5] wg sync.WaitGroup ---> depends on: {}
	 [6] myitem1 (*digota.OrderItem struct{Type int32, Quantity int64, Amount int64, Currency int32, Parent string, Description string}) ---> depends on: {items [](*digota.OrderItem struct{Type int32, Quantity int64, Amount int64, Currency int32, Parent string, Description string}), digota.OrderItem struct{Type int32, Quantity int64, Amount int64, Currency int32, Parent string, Description string}}
	 [7] orderItems [](*digota.OrderItem struct{Type int32, Quantity int64, Amount int64, Currency int32, Parent string, Description string}) ---> depends on: {myitem1 (*digota.OrderItem struct{Type int32, Quantity int64, Amount int64, Currency int32, Parent string, Description string})}
	 [8] s (*digota.OrderServiceImpl struct{skuService digota.SkuService, db NoSQLDatabase}) ---> depends on: {digota.OrderServiceImpl struct{skuService digota.SkuService, db NoSQLDatabase}}
	 [9] ctx context.Context ---> depends on: {}
	 [10] items [](*digota.OrderItem struct{Type int32, Quantity int64, Amount int64, Currency int32, Parent string, Description string}) ---> depends on: {}
	 [11] orderItems [](*digota.OrderItem struct{Type int32, Quantity int64, Amount int64, Currency int32, Parent string, Description string}) ---> depends on: {myitem1 (*digota.OrderItem struct{Type int32, Quantity int64, Amount int64, Currency int32, Parent string, Description string})}
	 [12] errs []error ---> depends on: {}
	 [13] wg sync.WaitGroup ---> depends on: {}
	 [14] myitem1 (*digota.OrderItem struct{Type int32, Quantity int64, Amount int64, Currency int32, Parent string, Description string}) ---> depends on: {items [](*digota.OrderItem struct{Type int32, Quantity int64, Amount int64, Currency int32, Parent string, Description string}), digota.OrderItem struct{Type int32, Quantity int64, Amount int64, Currency int32, Parent string, Description string}}
	 [15] myitem2 (*digota.OrderItem struct{Type int32, Quantity int64, Amount int64, Currency int32, Parent string, Description string}) ---> depends on: {orderItems [](*digota.OrderItem struct{Type int32, Quantity int64, Amount int64, Currency int32, Parent string, Description string}), digota.OrderItem struct{Type int32, Quantity int64, Amount int64, Currency int32, Parent string, Description string}}
	 [16] item (*digota.Sku struct{Id string, Name string, Price uint64, Currency int32, Active bool, Parent string, Metadata map[string]string, Attributes map[string]string, Image string, PackageDimensions (*digota.PackageDimensions struct{Height float64, Length float64, Weight float64, Width float64}), Inventory (*digota.Inventory struct{Quantity int64, Type int32}), Created int64, Updated int64}) ---> depends on: {digota.Sku struct{Id string, Name string, Price uint64, Currency int32, Active bool, Parent string, Metadata map[string]string, Attributes map[string]string, Image string, PackageDimensions (*digota.PackageDimensions struct{Height float64, Length float64, Weight float64, Width float64}), Inventory (*digota.Inventory struct{Quantity int64, Type int32}), Created int64, Updated int64}}
	 [17] err .error ---> depends on: {}

[BLOCK, #13, IfThen] NODES = [*ast.ReturnStmt]; SUCCS = []
	 [0] s (*digota.OrderServiceImpl struct{skuService digota.SkuService, db NoSQLDatabase}) ---> depends on: {digota.OrderServiceImpl struct{skuService digota.SkuService, db NoSQLDatabase}}
	 [1] ctx context.Context ---> depends on: {}
	 [2] items [](*digota.OrderItem struct{Type int32, Quantity int64, Amount int64, Currency int32, Parent string, Description string}) ---> depends on: {}
	 [3] orderItems [](*digota.OrderItem struct{Type int32, Quantity int64, Amount int64, Currency int32, Parent string, Description string}) ---> depends on: {myitem1 (*digota.OrderItem struct{Type int32, Quantity int64, Amount int64, Currency int32, Parent string, Description string})}
	 [4] errs []error ---> depends on: {}
	 [5] wg sync.WaitGroup ---> depends on: {}
	 [6] myitem1 (*digota.OrderItem struct{Type int32, Quantity int64, Amount int64, Currency int32, Parent string, Description string}) ---> depends on: {items [](*digota.OrderItem struct{Type int32, Quantity int64, Amount int64, Currency int32, Parent string, Description string}), digota.OrderItem struct{Type int32, Quantity int64, Amount int64, Currency int32, Parent string, Description string}}
	 [7] orderItems [](*digota.OrderItem struct{Type int32, Quantity int64, Amount int64, Currency int32, Parent string, Description string}) ---> depends on: {myitem1 (*digota.OrderItem struct{Type int32, Quantity int64, Amount int64, Currency int32, Parent string, Description string})}
	 [8] s (*digota.OrderServiceImpl struct{skuService digota.SkuService, db NoSQLDatabase}) ---> depends on: {digota.OrderServiceImpl struct{skuService digota.SkuService, db NoSQLDatabase}}
	 [9] ctx context.Context ---> depends on: {}
	 [10] items [](*digota.OrderItem struct{Type int32, Quantity int64, Amount int64, Currency int32, Parent string, Description string}) ---> depends on: {}
	 [11] orderItems [](*digota.OrderItem struct{Type int32, Quantity int64, Amount int64, Currency int32, Parent string, Description string}) ---> depends on: {myitem1 (*digota.OrderItem struct{Type int32, Quantity int64, Amount int64, Currency int32, Parent string, Description string})}
	 [12] errs []error ---> depends on: {}
	 [13] wg sync.WaitGroup ---> depends on: {}
	 [14] myitem1 (*digota.OrderItem struct{Type int32, Quantity int64, Amount int64, Currency int32, Parent string, Description string}) ---> depends on: {items [](*digota.OrderItem struct{Type int32, Quantity int64, Amount int64, Currency int32, Parent string, Description string}), digota.OrderItem struct{Type int32, Quantity int64, Amount int64, Currency int32, Parent string, Description string}}
	 [15] myitem2 (*digota.OrderItem struct{Type int32, Quantity int64, Amount int64, Currency int32, Parent string, Description string}) ---> depends on: {orderItems [](*digota.OrderItem struct{Type int32, Quantity int64, Amount int64, Currency int32, Parent string, Description string}), digota.OrderItem struct{Type int32, Quantity int64, Amount int64, Currency int32, Parent string, Description string}}
	 [16] item (*digota.Sku struct{Id string, Name string, Price uint64, Currency int32, Active bool, Parent string, Metadata map[string]string, Attributes map[string]string, Image string, PackageDimensions (*digota.PackageDimensions struct{Height float64, Length float64, Weight float64, Width float64}), Inventory (*digota.Inventory struct{Quantity int64, Type int32}), Created int64, Updated int64}) ---> depends on: {digota.Sku struct{Id string, Name string, Price uint64, Currency int32, Active bool, Parent string, Metadata map[string]string, Attributes map[string]string, Image string, PackageDimensions (*digota.PackageDimensions struct{Height float64, Length float64, Weight float64, Width float64}), Inventory (*digota.Inventory struct{Quantity int64, Type int32}), Created int64, Updated int64}}
	 [17] err .error ---> depends on: {}

[BLOCK, #15, IfElse] NODES = [*ast.AssignStmt, *ast.AssignStmt, *ast.AssignStmt]; SUCCS = [Block #14]
	 [0] s (*digota.OrderServiceImpl struct{skuService digota.SkuService, db NoSQLDatabase}) ---> depends on: {digota.OrderServiceImpl struct{skuService digota.SkuService, db NoSQLDatabase}}
	 [1] ctx context.Context ---> depends on: {}
	 [2] items [](*digota.OrderItem struct{Type int32, Quantity int64, Amount int64, Currency int32, Parent string, Description string}) ---> depends on: {}
	 [3] orderItems [](*digota.OrderItem struct{Type int32, Quantity int64, Amount int64, Currency int32, Parent string, Description string}) ---> depends on: {myitem1 (*digota.OrderItem struct{Type int32, Quantity int64, Amount int64, Currency int32, Parent string, Description string})}
	 [4] errs []error ---> depends on: {}
	 [5] wg sync.WaitGroup ---> depends on: {}
	 [6] myitem1 (*digota.OrderItem struct{Type int32, Quantity int64, Amount int64, Currency int32, Parent string, Description string}) ---> depends on: {items [](*digota.OrderItem struct{Type int32, Quantity int64, Amount int64, Currency int32, Parent string, Description string}), digota.OrderItem struct{Type int32, Quantity int64, Amount int64, Currency int32, Parent string, Description string}}
	 [7] orderItems [](*digota.OrderItem struct{Type int32, Quantity int64, Amount int64, Currency int32, Parent string, Description string}) ---> depends on: {myitem1 (*digota.OrderItem struct{Type int32, Quantity int64, Amount int64, Currency int32, Parent string, Description string})}
	 [8] s (*digota.OrderServiceImpl struct{skuService digota.SkuService, db NoSQLDatabase}) ---> depends on: {digota.OrderServiceImpl struct{skuService digota.SkuService, db NoSQLDatabase}}
	 [9] ctx context.Context ---> depends on: {}
	 [10] items [](*digota.OrderItem struct{Type int32, Quantity int64, Amount int64, Currency int32, Parent string, Description string}) ---> depends on: {}
	 [11] orderItems [](*digota.OrderItem struct{Type int32, Quantity int64, Amount int64, Currency int32, Parent string, Description string}) ---> depends on: {myitem1 (*digota.OrderItem struct{Type int32, Quantity int64, Amount int64, Currency int32, Parent string, Description string})}
	 [12] errs []error ---> depends on: {}
	 [13] wg sync.WaitGroup ---> depends on: {}
	 [14] myitem1 (*digota.OrderItem struct{Type int32, Quantity int64, Amount int64, Currency int32, Parent string, Description string}) ---> depends on: {items [](*digota.OrderItem struct{Type int32, Quantity int64, Amount int64, Currency int32, Parent string, Description string}), digota.OrderItem struct{Type int32, Quantity int64, Amount int64, Currency int32, Parent string, Description string}}
	 [15] myitem2 (*digota.OrderItem struct{Type int32, Quantity int64, Amount int64, Currency int32, Parent string, Description string}) ---> depends on: {orderItems [](*digota.OrderItem struct{Type int32, Quantity int64, Amount int64, Currency int32, Parent string, Description string}), digota.OrderItem struct{Type int32, Quantity int64, Amount int64, Currency int32, Parent string, Description string}}
	 [16] item (*digota.Sku struct{Id string, Name string, Price uint64, Currency int32, Active bool, Parent string, Metadata map[string]string, Attributes map[string]string, Image string, PackageDimensions (*digota.PackageDimensions struct{Height float64, Length float64, Weight float64, Width float64}), Inventory (*digota.Inventory struct{Quantity int64, Type int32}), Created int64, Updated int64}) ---> depends on: {digota.Sku struct{Id string, Name string, Price uint64, Currency int32, Active bool, Parent string, Metadata map[string]string, Attributes map[string]string, Image string, PackageDimensions (*digota.PackageDimensions struct{Height float64, Length float64, Weight float64, Width float64}), Inventory (*digota.Inventory struct{Quantity int64, Type int32}), Created int64, Updated int64}}
	 [17] err .error ---> depends on: {}

[BLOCK, #14, IfDone] NODES = []; SUCCS = [Block #12]
	 [0] s (*digota.OrderServiceImpl struct{skuService digota.SkuService, db NoSQLDatabase}) ---> depends on: {digota.OrderServiceImpl struct{skuService digota.SkuService, db NoSQLDatabase}}
	 [1] ctx context.Context ---> depends on: {}
	 [2] items [](*digota.OrderItem struct{Type int32, Quantity int64, Amount int64, Currency int32, Parent string, Description string}) ---> depends on: {}
	 [3] orderItems [](*digota.OrderItem struct{Type int32, Quantity int64, Amount int64, Currency int32, Parent string, Description string}) ---> depends on: {myitem1 (*digota.OrderItem struct{Type int32, Quantity int64, Amount int64, Currency int32, Parent string, Description string})}
	 [4] errs []error ---> depends on: {}
	 [5] wg sync.WaitGroup ---> depends on: {}
	 [6] myitem1 (*digota.OrderItem struct{Type int32, Quantity int64, Amount int64, Currency int32, Parent string, Description string}) ---> depends on: {items [](*digota.OrderItem struct{Type int32, Quantity int64, Amount int64, Currency int32, Parent string, Description string}), digota.OrderItem struct{Type int32, Quantity int64, Amount int64, Currency int32, Parent string, Description string}}
	 [7] orderItems [](*digota.OrderItem struct{Type int32, Quantity int64, Amount int64, Currency int32, Parent string, Description string}) ---> depends on: {myitem1 (*digota.OrderItem struct{Type int32, Quantity int64, Amount int64, Currency int32, Parent string, Description string})}
	 [8] s (*digota.OrderServiceImpl struct{skuService digota.SkuService, db NoSQLDatabase}) ---> depends on: {digota.OrderServiceImpl struct{skuService digota.SkuService, db NoSQLDatabase}}
	 [9] ctx context.Context ---> depends on: {}
	 [10] items [](*digota.OrderItem struct{Type int32, Quantity int64, Amount int64, Currency int32, Parent string, Description string}) ---> depends on: {}
	 [11] orderItems [](*digota.OrderItem struct{Type int32, Quantity int64, Amount int64, Currency int32, Parent string, Description string}) ---> depends on: {myitem1 (*digota.OrderItem struct{Type int32, Quantity int64, Amount int64, Currency int32, Parent string, Description string})}
	 [12] errs []error ---> depends on: {}
	 [13] wg sync.WaitGroup ---> depends on: {}
	 [14] myitem1 (*digota.OrderItem struct{Type int32, Quantity int64, Amount int64, Currency int32, Parent string, Description string}) ---> depends on: {items [](*digota.OrderItem struct{Type int32, Quantity int64, Amount int64, Currency int32, Parent string, Description string}), digota.OrderItem struct{Type int32, Quantity int64, Amount int64, Currency int32, Parent string, Description string}}
	 [15] myitem2 (*digota.OrderItem struct{Type int32, Quantity int64, Amount int64, Currency int32, Parent string, Description string}) ---> depends on: {orderItems [](*digota.OrderItem struct{Type int32, Quantity int64, Amount int64, Currency int32, Parent string, Description string}), digota.OrderItem struct{Type int32, Quantity int64, Amount int64, Currency int32, Parent string, Description string}}
	 [16] item (*digota.Sku struct{Id string, Name string, Price uint64, Currency int32, Active bool, Parent string, Metadata map[string]string, Attributes map[string]string, Image string, PackageDimensions (*digota.PackageDimensions struct{Height float64, Length float64, Weight float64, Width float64}), Inventory (*digota.Inventory struct{Quantity int64, Type int32}), Created int64, Updated int64}) ---> depends on: {digota.Sku struct{Id string, Name string, Price uint64, Currency int32, Active bool, Parent string, Metadata map[string]string, Attributes map[string]string, Image string, PackageDimensions (*digota.PackageDimensions struct{Height float64, Length float64, Weight float64, Width float64}), Inventory (*digota.Inventory struct{Quantity int64, Type int32}), Created int64, Updated int64}}
	 [17] err .error ---> depends on: {}

[BLOCK, #12, IfDone] NODES = []; SUCCS = [Block #8]
	 [0] s (*digota.OrderServiceImpl struct{skuService digota.SkuService, db NoSQLDatabase}) ---> depends on: {digota.OrderServiceImpl struct{skuService digota.SkuService, db NoSQLDatabase}}
	 [1] ctx context.Context ---> depends on: {}
	 [2] items [](*digota.OrderItem struct{Type int32, Quantity int64, Amount int64, Currency int32, Parent string, Description string}) ---> depends on: {}
	 [3] orderItems [](*digota.OrderItem struct{Type int32, Quantity int64, Amount int64, Currency int32, Parent string, Description string}) ---> depends on: {myitem1 (*digota.OrderItem struct{Type int32, Quantity int64, Amount int64, Currency int32, Parent string, Description string})}
	 [4] errs []error ---> depends on: {}
	 [5] wg sync.WaitGroup ---> depends on: {}
	 [6] myitem1 (*digota.OrderItem struct{Type int32, Quantity int64, Amount int64, Currency int32, Parent string, Description string}) ---> depends on: {items [](*digota.OrderItem struct{Type int32, Quantity int64, Amount int64, Currency int32, Parent string, Description string}), digota.OrderItem struct{Type int32, Quantity int64, Amount int64, Currency int32, Parent string, Description string}}
	 [7] orderItems [](*digota.OrderItem struct{Type int32, Quantity int64, Amount int64, Currency int32, Parent string, Description string}) ---> depends on: {myitem1 (*digota.OrderItem struct{Type int32, Quantity int64, Amount int64, Currency int32, Parent string, Description string})}
	 [8] s (*digota.OrderServiceImpl struct{skuService digota.SkuService, db NoSQLDatabase}) ---> depends on: {digota.OrderServiceImpl struct{skuService digota.SkuService, db NoSQLDatabase}}
	 [9] ctx context.Context ---> depends on: {}
	 [10] items [](*digota.OrderItem struct{Type int32, Quantity int64, Amount int64, Currency int32, Parent string, Description string}) ---> depends on: {}
	 [11] orderItems [](*digota.OrderItem struct{Type int32, Quantity int64, Amount int64, Currency int32, Parent string, Description string}) ---> depends on: {myitem1 (*digota.OrderItem struct{Type int32, Quantity int64, Amount int64, Currency int32, Parent string, Description string})}
	 [12] errs []error ---> depends on: {}
	 [13] wg sync.WaitGroup ---> depends on: {}
	 [14] myitem1 (*digota.OrderItem struct{Type int32, Quantity int64, Amount int64, Currency int32, Parent string, Description string}) ---> depends on: {items [](*digota.OrderItem struct{Type int32, Quantity int64, Amount int64, Currency int32, Parent string, Description string}), digota.OrderItem struct{Type int32, Quantity int64, Amount int64, Currency int32, Parent string, Description string}}
	 [15] myitem2 (*digota.OrderItem struct{Type int32, Quantity int64, Amount int64, Currency int32, Parent string, Description string}) ---> depends on: {orderItems [](*digota.OrderItem struct{Type int32, Quantity int64, Amount int64, Currency int32, Parent string, Description string}), digota.OrderItem struct{Type int32, Quantity int64, Amount int64, Currency int32, Parent string, Description string}}
	 [16] s (*digota.OrderServiceImpl struct{skuService digota.SkuService, db NoSQLDatabase}) ---> depends on: {digota.OrderServiceImpl struct{skuService digota.SkuService, db NoSQLDatabase}}
	 [17] ctx context.Context ---> depends on: {}
	 [18] items [](*digota.OrderItem struct{Type int32, Quantity int64, Amount int64, Currency int32, Parent string, Description string}) ---> depends on: {}
	 [19] orderItems [](*digota.OrderItem struct{Type int32, Quantity int64, Amount int64, Currency int32, Parent string, Description string}) ---> depends on: {myitem1 (*digota.OrderItem struct{Type int32, Quantity int64, Amount int64, Currency int32, Parent string, Description string})}
	 [20] errs []error ---> depends on: {}
	 [21] wg sync.WaitGroup ---> depends on: {}
	 [22] myitem1 (*digota.OrderItem struct{Type int32, Quantity int64, Amount int64, Currency int32, Parent string, Description string}) ---> depends on: {items [](*digota.OrderItem struct{Type int32, Quantity int64, Amount int64, Currency int32, Parent string, Description string}), digota.OrderItem struct{Type int32, Quantity int64, Amount int64, Currency int32, Parent string, Description string}}
	 [23] orderItems [](*digota.OrderItem struct{Type int32, Quantity int64, Amount int64, Currency int32, Parent string, Description string}) ---> depends on: {myitem1 (*digota.OrderItem struct{Type int32, Quantity int64, Amount int64, Currency int32, Parent string, Description string})}
	 [24] s (*digota.OrderServiceImpl struct{skuService digota.SkuService, db NoSQLDatabase}) ---> depends on: {digota.OrderServiceImpl struct{skuService digota.SkuService, db NoSQLDatabase}}
	 [25] ctx context.Context ---> depends on: {}
	 [26] items [](*digota.OrderItem struct{Type int32, Quantity int64, Amount int64, Currency int32, Parent string, Description string}) ---> depends on: {}
	 [27] orderItems [](*digota.OrderItem struct{Type int32, Quantity int64, Amount int64, Currency int32, Parent string, Description string}) ---> depends on: {myitem1 (*digota.OrderItem struct{Type int32, Quantity int64, Amount int64, Currency int32, Parent string, Description string})}
	 [28] errs []error ---> depends on: {}
	 [29] wg sync.WaitGroup ---> depends on: {}
	 [30] myitem1 (*digota.OrderItem struct{Type int32, Quantity int64, Amount int64, Currency int32, Parent string, Description string}) ---> depends on: {items [](*digota.OrderItem struct{Type int32, Quantity int64, Amount int64, Currency int32, Parent string, Description string}), digota.OrderItem struct{Type int32, Quantity int64, Amount int64, Currency int32, Parent string, Description string}}
	 [31] myitem2 (*digota.OrderItem struct{Type int32, Quantity int64, Amount int64, Currency int32, Parent string, Description string}) ---> depends on: {orderItems [](*digota.OrderItem struct{Type int32, Quantity int64, Amount int64, Currency int32, Parent string, Description string}), digota.OrderItem struct{Type int32, Quantity int64, Amount int64, Currency int32, Parent string, Description string}}
	 [32] item (*digota.Sku struct{Id string, Name string, Price uint64, Currency int32, Active bool, Parent string, Metadata map[string]string, Attributes map[string]string, Image string, PackageDimensions (*digota.PackageDimensions struct{Height float64, Length float64, Weight float64, Width float64}), Inventory (*digota.Inventory struct{Quantity int64, Type int32}), Created int64, Updated int64}) ---> depends on: {digota.Sku struct{Id string, Name string, Price uint64, Currency int32, Active bool, Parent string, Metadata map[string]string, Attributes map[string]string, Image string, PackageDimensions (*digota.PackageDimensions struct{Height float64, Length float64, Weight float64, Width float64}), Inventory (*digota.Inventory struct{Quantity int64, Type int32}), Created int64, Updated int64}}
	 [33] err .error ---> depends on: {}

[BLOCK, #10, RangeDone] NODES = [*ast.ExprStmt, *ast.BinaryExpr]; SUCCS = [Block #17, Block #18]
	 [0] s (*digota.OrderServiceImpl struct{skuService digota.SkuService, db NoSQLDatabase}) ---> depends on: {digota.OrderServiceImpl struct{skuService digota.SkuService, db NoSQLDatabase}}
	 [1] ctx context.Context ---> depends on: {}
	 [2] items [](*digota.OrderItem struct{Type int32, Quantity int64, Amount int64, Currency int32, Parent string, Description string}) ---> depends on: {}
	 [3] orderItems [](*digota.OrderItem struct{Type int32, Quantity int64, Amount int64, Currency int32, Parent string, Description string}) ---> depends on: {myitem1 (*digota.OrderItem struct{Type int32, Quantity int64, Amount int64, Currency int32, Parent string, Description string})}
	 [4] errs []error ---> depends on: {}
	 [5] wg sync.WaitGroup ---> depends on: {}
	 [6] myitem1 (*digota.OrderItem struct{Type int32, Quantity int64, Amount int64, Currency int32, Parent string, Description string}) ---> depends on: {items [](*digota.OrderItem struct{Type int32, Quantity int64, Amount int64, Currency int32, Parent string, Description string}), digota.OrderItem struct{Type int32, Quantity int64, Amount int64, Currency int32, Parent string, Description string}}
	 [7] orderItems [](*digota.OrderItem struct{Type int32, Quantity int64, Amount int64, Currency int32, Parent string, Description string}) ---> depends on: {myitem1 (*digota.OrderItem struct{Type int32, Quantity int64, Amount int64, Currency int32, Parent string, Description string})}
	 [8] s (*digota.OrderServiceImpl struct{skuService digota.SkuService, db NoSQLDatabase}) ---> depends on: {digota.OrderServiceImpl struct{skuService digota.SkuService, db NoSQLDatabase}}
	 [9] ctx context.Context ---> depends on: {}
	 [10] items [](*digota.OrderItem struct{Type int32, Quantity int64, Amount int64, Currency int32, Parent string, Description string}) ---> depends on: {}
	 [11] orderItems [](*digota.OrderItem struct{Type int32, Quantity int64, Amount int64, Currency int32, Parent string, Description string}) ---> depends on: {myitem1 (*digota.OrderItem struct{Type int32, Quantity int64, Amount int64, Currency int32, Parent string, Description string})}
	 [12] errs []error ---> depends on: {}
	 [13] wg sync.WaitGroup ---> depends on: {}
	 [14] myitem1 (*digota.OrderItem struct{Type int32, Quantity int64, Amount int64, Currency int32, Parent string, Description string}) ---> depends on: {items [](*digota.OrderItem struct{Type int32, Quantity int64, Amount int64, Currency int32, Parent string, Description string}), digota.OrderItem struct{Type int32, Quantity int64, Amount int64, Currency int32, Parent string, Description string}}
	 [15] myitem2 (*digota.OrderItem struct{Type int32, Quantity int64, Amount int64, Currency int32, Parent string, Description string}) ---> depends on: {orderItems [](*digota.OrderItem struct{Type int32, Quantity int64, Amount int64, Currency int32, Parent string, Description string}), digota.OrderItem struct{Type int32, Quantity int64, Amount int64, Currency int32, Parent string, Description string}}
	 [16] item (*digota.Sku struct{Id string, Name string, Price uint64, Currency int32, Active bool, Parent string, Metadata map[string]string, Attributes map[string]string, Image string, PackageDimensions (*digota.PackageDimensions struct{Height float64, Length float64, Weight float64, Width float64}), Inventory (*digota.Inventory struct{Quantity int64, Type int32}), Created int64, Updated int64}) ---> depends on: {digota.Sku struct{Id string, Name string, Price uint64, Currency int32, Active bool, Parent string, Metadata map[string]string, Attributes map[string]string, Image string, PackageDimensions (*digota.PackageDimensions struct{Height float64, Length float64, Weight float64, Width float64}), Inventory (*digota.Inventory struct{Quantity int64, Type int32}), Created int64, Updated int64}}
	 [17] err .error ---> depends on: {}
	 [18] s (*digota.OrderServiceImpl struct{skuService digota.SkuService, db NoSQLDatabase}) ---> depends on: {digota.OrderServiceImpl struct{skuService digota.SkuService, db NoSQLDatabase}}
	 [19] ctx context.Context ---> depends on: {}
	 [20] items [](*digota.OrderItem struct{Type int32, Quantity int64, Amount int64, Currency int32, Parent string, Description string}) ---> depends on: {}
	 [21] orderItems [](*digota.OrderItem struct{Type int32, Quantity int64, Amount int64, Currency int32, Parent string, Description string}) ---> depends on: {myitem1 (*digota.OrderItem struct{Type int32, Quantity int64, Amount int64, Currency int32, Parent string, Description string})}
	 [22] errs []error ---> depends on: {}
	 [23] wg sync.WaitGroup ---> depends on: {}
	 [24] myitem1 (*digota.OrderItem struct{Type int32, Quantity int64, Amount int64, Currency int32, Parent string, Description string}) ---> depends on: {items [](*digota.OrderItem struct{Type int32, Quantity int64, Amount int64, Currency int32, Parent string, Description string}), digota.OrderItem struct{Type int32, Quantity int64, Amount int64, Currency int32, Parent string, Description string}}
	 [25] orderItems [](*digota.OrderItem struct{Type int32, Quantity int64, Amount int64, Currency int32, Parent string, Description string}) ---> depends on: {myitem1 (*digota.OrderItem struct{Type int32, Quantity int64, Amount int64, Currency int32, Parent string, Description string})}
	 [26] s (*digota.OrderServiceImpl struct{skuService digota.SkuService, db NoSQLDatabase}) ---> depends on: {digota.OrderServiceImpl struct{skuService digota.SkuService, db NoSQLDatabase}}
	 [27] ctx context.Context ---> depends on: {}
	 [28] items [](*digota.OrderItem struct{Type int32, Quantity int64, Amount int64, Currency int32, Parent string, Description string}) ---> depends on: {}
	 [29] orderItems [](*digota.OrderItem struct{Type int32, Quantity int64, Amount int64, Currency int32, Parent string, Description string}) ---> depends on: {myitem1 (*digota.OrderItem struct{Type int32, Quantity int64, Amount int64, Currency int32, Parent string, Description string})}
	 [30] errs []error ---> depends on: {}
	 [31] wg sync.WaitGroup ---> depends on: {}
	 [32] myitem1 (*digota.OrderItem struct{Type int32, Quantity int64, Amount int64, Currency int32, Parent string, Description string}) ---> depends on: {items [](*digota.OrderItem struct{Type int32, Quantity int64, Amount int64, Currency int32, Parent string, Description string}), digota.OrderItem struct{Type int32, Quantity int64, Amount int64, Currency int32, Parent string, Description string}}
	 [33] myitem2 (*digota.OrderItem struct{Type int32, Quantity int64, Amount int64, Currency int32, Parent string, Description string}) ---> depends on: {orderItems [](*digota.OrderItem struct{Type int32, Quantity int64, Amount int64, Currency int32, Parent string, Description string}), digota.OrderItem struct{Type int32, Quantity int64, Amount int64, Currency int32, Parent string, Description string}}

[BLOCK, #17, IfThen] NODES = [*ast.ReturnStmt]; SUCCS = []
	 [0] s (*digota.OrderServiceImpl struct{skuService digota.SkuService, db NoSQLDatabase}) ---> depends on: {digota.OrderServiceImpl struct{skuService digota.SkuService, db NoSQLDatabase}}
	 [1] ctx context.Context ---> depends on: {}
	 [2] items [](*digota.OrderItem struct{Type int32, Quantity int64, Amount int64, Currency int32, Parent string, Description string}) ---> depends on: {}
	 [3] orderItems [](*digota.OrderItem struct{Type int32, Quantity int64, Amount int64, Currency int32, Parent string, Description string}) ---> depends on: {myitem1 (*digota.OrderItem struct{Type int32, Quantity int64, Amount int64, Currency int32, Parent string, Description string})}
	 [4] errs []error ---> depends on: {}
	 [5] wg sync.WaitGroup ---> depends on: {}
	 [6] myitem1 (*digota.OrderItem struct{Type int32, Quantity int64, Amount int64, Currency int32, Parent string, Description string}) ---> depends on: {items [](*digota.OrderItem struct{Type int32, Quantity int64, Amount int64, Currency int32, Parent string, Description string}), digota.OrderItem struct{Type int32, Quantity int64, Amount int64, Currency int32, Parent string, Description string}}
	 [7] orderItems [](*digota.OrderItem struct{Type int32, Quantity int64, Amount int64, Currency int32, Parent string, Description string}) ---> depends on: {myitem1 (*digota.OrderItem struct{Type int32, Quantity int64, Amount int64, Currency int32, Parent string, Description string})}
	 [8] s (*digota.OrderServiceImpl struct{skuService digota.SkuService, db NoSQLDatabase}) ---> depends on: {digota.OrderServiceImpl struct{skuService digota.SkuService, db NoSQLDatabase}}
	 [9] ctx context.Context ---> depends on: {}
	 [10] items [](*digota.OrderItem struct{Type int32, Quantity int64, Amount int64, Currency int32, Parent string, Description string}) ---> depends on: {}
	 [11] orderItems [](*digota.OrderItem struct{Type int32, Quantity int64, Amount int64, Currency int32, Parent string, Description string}) ---> depends on: {myitem1 (*digota.OrderItem struct{Type int32, Quantity int64, Amount int64, Currency int32, Parent string, Description string})}
	 [12] errs []error ---> depends on: {}
	 [13] wg sync.WaitGroup ---> depends on: {}
	 [14] myitem1 (*digota.OrderItem struct{Type int32, Quantity int64, Amount int64, Currency int32, Parent string, Description string}) ---> depends on: {items [](*digota.OrderItem struct{Type int32, Quantity int64, Amount int64, Currency int32, Parent string, Description string}), digota.OrderItem struct{Type int32, Quantity int64, Amount int64, Currency int32, Parent string, Description string}}
	 [15] myitem2 (*digota.OrderItem struct{Type int32, Quantity int64, Amount int64, Currency int32, Parent string, Description string}) ---> depends on: {orderItems [](*digota.OrderItem struct{Type int32, Quantity int64, Amount int64, Currency int32, Parent string, Description string}), digota.OrderItem struct{Type int32, Quantity int64, Amount int64, Currency int32, Parent string, Description string}}
	 [16] item (*digota.Sku struct{Id string, Name string, Price uint64, Currency int32, Active bool, Parent string, Metadata map[string]string, Attributes map[string]string, Image string, PackageDimensions (*digota.PackageDimensions struct{Height float64, Length float64, Weight float64, Width float64}), Inventory (*digota.Inventory struct{Quantity int64, Type int32}), Created int64, Updated int64}) ---> depends on: {digota.Sku struct{Id string, Name string, Price uint64, Currency int32, Active bool, Parent string, Metadata map[string]string, Attributes map[string]string, Image string, PackageDimensions (*digota.PackageDimensions struct{Height float64, Length float64, Weight float64, Width float64}), Inventory (*digota.Inventory struct{Quantity int64, Type int32}), Created int64, Updated int64}}
	 [17] err .error ---> depends on: {}
	 [18] s (*digota.OrderServiceImpl struct{skuService digota.SkuService, db NoSQLDatabase}) ---> depends on: {digota.OrderServiceImpl struct{skuService digota.SkuService, db NoSQLDatabase}}
	 [19] ctx context.Context ---> depends on: {}
	 [20] items [](*digota.OrderItem struct{Type int32, Quantity int64, Amount int64, Currency int32, Parent string, Description string}) ---> depends on: {}
	 [21] orderItems [](*digota.OrderItem struct{Type int32, Quantity int64, Amount int64, Currency int32, Parent string, Description string}) ---> depends on: {myitem1 (*digota.OrderItem struct{Type int32, Quantity int64, Amount int64, Currency int32, Parent string, Description string})}
	 [22] errs []error ---> depends on: {}
	 [23] wg sync.WaitGroup ---> depends on: {}
	 [24] myitem1 (*digota.OrderItem struct{Type int32, Quantity int64, Amount int64, Currency int32, Parent string, Description string}) ---> depends on: {items [](*digota.OrderItem struct{Type int32, Quantity int64, Amount int64, Currency int32, Parent string, Description string}), digota.OrderItem struct{Type int32, Quantity int64, Amount int64, Currency int32, Parent string, Description string}}
	 [25] orderItems [](*digota.OrderItem struct{Type int32, Quantity int64, Amount int64, Currency int32, Parent string, Description string}) ---> depends on: {myitem1 (*digota.OrderItem struct{Type int32, Quantity int64, Amount int64, Currency int32, Parent string, Description string})}
	 [26] s (*digota.OrderServiceImpl struct{skuService digota.SkuService, db NoSQLDatabase}) ---> depends on: {digota.OrderServiceImpl struct{skuService digota.SkuService, db NoSQLDatabase}}
	 [27] ctx context.Context ---> depends on: {}
	 [28] items [](*digota.OrderItem struct{Type int32, Quantity int64, Amount int64, Currency int32, Parent string, Description string}) ---> depends on: {}
	 [29] orderItems [](*digota.OrderItem struct{Type int32, Quantity int64, Amount int64, Currency int32, Parent string, Description string}) ---> depends on: {myitem1 (*digota.OrderItem struct{Type int32, Quantity int64, Amount int64, Currency int32, Parent string, Description string})}
	 [30] errs []error ---> depends on: {}
	 [31] wg sync.WaitGroup ---> depends on: {}
	 [32] myitem1 (*digota.OrderItem struct{Type int32, Quantity int64, Amount int64, Currency int32, Parent string, Description string}) ---> depends on: {items [](*digota.OrderItem struct{Type int32, Quantity int64, Amount int64, Currency int32, Parent string, Description string}), digota.OrderItem struct{Type int32, Quantity int64, Amount int64, Currency int32, Parent string, Description string}}
	 [33] myitem2 (*digota.OrderItem struct{Type int32, Quantity int64, Amount int64, Currency int32, Parent string, Description string}) ---> depends on: {orderItems [](*digota.OrderItem struct{Type int32, Quantity int64, Amount int64, Currency int32, Parent string, Description string}), digota.OrderItem struct{Type int32, Quantity int64, Amount int64, Currency int32, Parent string, Description string}}

[BLOCK, #18, IfDone] NODES = [*ast.ReturnStmt]; SUCCS = []
	 [0] s (*digota.OrderServiceImpl struct{skuService digota.SkuService, db NoSQLDatabase}) ---> depends on: {digota.OrderServiceImpl struct{skuService digota.SkuService, db NoSQLDatabase}}
	 [1] ctx context.Context ---> depends on: {}
	 [2] items [](*digota.OrderItem struct{Type int32, Quantity int64, Amount int64, Currency int32, Parent string, Description string}) ---> depends on: {}
	 [3] orderItems [](*digota.OrderItem struct{Type int32, Quantity int64, Amount int64, Currency int32, Parent string, Description string}) ---> depends on: {myitem1 (*digota.OrderItem struct{Type int32, Quantity int64, Amount int64, Currency int32, Parent string, Description string})}
	 [4] errs []error ---> depends on: {}
	 [5] wg sync.WaitGroup ---> depends on: {}
	 [6] myitem1 (*digota.OrderItem struct{Type int32, Quantity int64, Amount int64, Currency int32, Parent string, Description string}) ---> depends on: {items [](*digota.OrderItem struct{Type int32, Quantity int64, Amount int64, Currency int32, Parent string, Description string}), digota.OrderItem struct{Type int32, Quantity int64, Amount int64, Currency int32, Parent string, Description string}}
	 [7] orderItems [](*digota.OrderItem struct{Type int32, Quantity int64, Amount int64, Currency int32, Parent string, Description string}) ---> depends on: {myitem1 (*digota.OrderItem struct{Type int32, Quantity int64, Amount int64, Currency int32, Parent string, Description string})}
	 [8] s (*digota.OrderServiceImpl struct{skuService digota.SkuService, db NoSQLDatabase}) ---> depends on: {digota.OrderServiceImpl struct{skuService digota.SkuService, db NoSQLDatabase}}
	 [9] ctx context.Context ---> depends on: {}
	 [10] items [](*digota.OrderItem struct{Type int32, Quantity int64, Amount int64, Currency int32, Parent string, Description string}) ---> depends on: {}
	 [11] orderItems [](*digota.OrderItem struct{Type int32, Quantity int64, Amount int64, Currency int32, Parent string, Description string}) ---> depends on: {myitem1 (*digota.OrderItem struct{Type int32, Quantity int64, Amount int64, Currency int32, Parent string, Description string})}
	 [12] errs []error ---> depends on: {}
	 [13] wg sync.WaitGroup ---> depends on: {}
	 [14] myitem1 (*digota.OrderItem struct{Type int32, Quantity int64, Amount int64, Currency int32, Parent string, Description string}) ---> depends on: {items [](*digota.OrderItem struct{Type int32, Quantity int64, Amount int64, Currency int32, Parent string, Description string}), digota.OrderItem struct{Type int32, Quantity int64, Amount int64, Currency int32, Parent string, Description string}}
	 [15] myitem2 (*digota.OrderItem struct{Type int32, Quantity int64, Amount int64, Currency int32, Parent string, Description string}) ---> depends on: {orderItems [](*digota.OrderItem struct{Type int32, Quantity int64, Amount int64, Currency int32, Parent string, Description string}), digota.OrderItem struct{Type int32, Quantity int64, Amount int64, Currency int32, Parent string, Description string}}
	 [16] item (*digota.Sku struct{Id string, Name string, Price uint64, Currency int32, Active bool, Parent string, Metadata map[string]string, Attributes map[string]string, Image string, PackageDimensions (*digota.PackageDimensions struct{Height float64, Length float64, Weight float64, Width float64}), Inventory (*digota.Inventory struct{Quantity int64, Type int32}), Created int64, Updated int64}) ---> depends on: {digota.Sku struct{Id string, Name string, Price uint64, Currency int32, Active bool, Parent string, Metadata map[string]string, Attributes map[string]string, Image string, PackageDimensions (*digota.PackageDimensions struct{Height float64, Length float64, Weight float64, Width float64}), Inventory (*digota.Inventory struct{Quantity int64, Type int32}), Created int64, Updated int64}}
	 [17] err .error ---> depends on: {}
	 [18] s (*digota.OrderServiceImpl struct{skuService digota.SkuService, db NoSQLDatabase}) ---> depends on: {digota.OrderServiceImpl struct{skuService digota.SkuService, db NoSQLDatabase}}
	 [19] ctx context.Context ---> depends on: {}
	 [20] items [](*digota.OrderItem struct{Type int32, Quantity int64, Amount int64, Currency int32, Parent string, Description string}) ---> depends on: {}
	 [21] orderItems [](*digota.OrderItem struct{Type int32, Quantity int64, Amount int64, Currency int32, Parent string, Description string}) ---> depends on: {myitem1 (*digota.OrderItem struct{Type int32, Quantity int64, Amount int64, Currency int32, Parent string, Description string})}
	 [22] errs []error ---> depends on: {}
	 [23] wg sync.WaitGroup ---> depends on: {}
	 [24] myitem1 (*digota.OrderItem struct{Type int32, Quantity int64, Amount int64, Currency int32, Parent string, Description string}) ---> depends on: {items [](*digota.OrderItem struct{Type int32, Quantity int64, Amount int64, Currency int32, Parent string, Description string}), digota.OrderItem struct{Type int32, Quantity int64, Amount int64, Currency int32, Parent string, Description string}}
	 [25] orderItems [](*digota.OrderItem struct{Type int32, Quantity int64, Amount int64, Currency int32, Parent string, Description string}) ---> depends on: {myitem1 (*digota.OrderItem struct{Type int32, Quantity int64, Amount int64, Currency int32, Parent string, Description string})}
	 [26] s (*digota.OrderServiceImpl struct{skuService digota.SkuService, db NoSQLDatabase}) ---> depends on: {digota.OrderServiceImpl struct{skuService digota.SkuService, db NoSQLDatabase}}
	 [27] ctx context.Context ---> depends on: {}
	 [28] items [](*digota.OrderItem struct{Type int32, Quantity int64, Amount int64, Currency int32, Parent string, Description string}) ---> depends on: {}
	 [29] orderItems [](*digota.OrderItem struct{Type int32, Quantity int64, Amount int64, Currency int32, Parent string, Description string}) ---> depends on: {myitem1 (*digota.OrderItem struct{Type int32, Quantity int64, Amount int64, Currency int32, Parent string, Description string})}
	 [30] errs []error ---> depends on: {}
	 [31] wg sync.WaitGroup ---> depends on: {}
	 [32] myitem1 (*digota.OrderItem struct{Type int32, Quantity int64, Amount int64, Currency int32, Parent string, Description string}) ---> depends on: {items [](*digota.OrderItem struct{Type int32, Quantity int64, Amount int64, Currency int32, Parent string, Description string}), digota.OrderItem struct{Type int32, Quantity int64, Amount int64, Currency int32, Parent string, Description string}}
	 [33] myitem2 (*digota.OrderItem struct{Type int32, Quantity int64, Amount int64, Currency int32, Parent string, Description string}) ---> depends on: {orderItems [](*digota.OrderItem struct{Type int32, Quantity int64, Amount int64, Currency int32, Parent string, Description string}), digota.OrderItem struct{Type int32, Quantity int64, Amount int64, Currency int32, Parent string, Description string}}

