[BLOCK, #0, Body] NODES = [*ast.AssignStmt, *ast.BinaryExpr]; SUCCS = [Block #1, Block #2]
	 [0] s (*digota.PaymentServiceImpl struct{db NoSQLDatabase}) ---> depends on: {digota.PaymentServiceImpl struct{db NoSQLDatabase}}
	 [1] ctx context.Context ---> depends on: {}
	 [2] page int64 ---> depends on: {}
	 [3] limit int64 ---> depends on: {}
	 [4] sort int32 ---> depends on: {}
	 [5] collection NoSQLCollection {database = payments, collection = payments} ---> depends on: {}
	 [6] err .error ---> depends on: {}

[BLOCK, #1, IfThen] NODES = [*ast.ReturnStmt]; SUCCS = []
	 [0] s (*digota.PaymentServiceImpl struct{db NoSQLDatabase}) ---> depends on: {digota.PaymentServiceImpl struct{db NoSQLDatabase}}
	 [1] ctx context.Context ---> depends on: {}
	 [2] page int64 ---> depends on: {}
	 [3] limit int64 ---> depends on: {}
	 [4] sort int32 ---> depends on: {}
	 [5] collection NoSQLCollection {database = payments, collection = payments} ---> depends on: {}
	 [6] err .error ---> depends on: {}

[BLOCK, #2, IfDone] NODES = [*ast.AssignStmt, *ast.BinaryExpr]; SUCCS = [Block #4, Block #5]
	 [0] s (*digota.PaymentServiceImpl struct{db NoSQLDatabase}) ---> depends on: {digota.PaymentServiceImpl struct{db NoSQLDatabase}}
	 [1] ctx context.Context ---> depends on: {}
	 [2] page int64 ---> depends on: {}
	 [3] limit int64 ---> depends on: {}
	 [4] sort int32 ---> depends on: {}
	 [5] collection NoSQLCollection {database = payments, collection = payments} ---> depends on: {}
	 [6] err .error ---> depends on: {}
	 [7] result NoSQLCursor {database = payments, collection = payments} ---> depends on: {}
	 [8] err .error ---> depends on: {}

[BLOCK, #4, IfThen] NODES = [*ast.ReturnStmt]; SUCCS = []
	 [0] s (*digota.PaymentServiceImpl struct{db NoSQLDatabase}) ---> depends on: {digota.PaymentServiceImpl struct{db NoSQLDatabase}}
	 [1] ctx context.Context ---> depends on: {}
	 [2] page int64 ---> depends on: {}
	 [3] limit int64 ---> depends on: {}
	 [4] sort int32 ---> depends on: {}
	 [5] collection NoSQLCollection {database = payments, collection = payments} ---> depends on: {}
	 [6] err .error ---> depends on: {}
	 [7] result NoSQLCursor {database = payments, collection = payments} ---> depends on: {}
	 [8] err .error ---> depends on: {}

[BLOCK, #5, IfDone] NODES = [*ast.ValueSpec, *ast.AssignStmt, *ast.BinaryExpr]; SUCCS = [Block #7, Block #8]
	 [0] s (*digota.PaymentServiceImpl struct{db NoSQLDatabase}) ---> depends on: {digota.PaymentServiceImpl struct{db NoSQLDatabase}}
	 [1] ctx context.Context ---> depends on: {}
	 [2] page int64 ---> depends on: {}
	 [3] limit int64 ---> depends on: {}
	 [4] sort int32 ---> depends on: {}
	 [5] collection NoSQLCollection {database = payments, collection = payments} ---> depends on: {}
	 [6] err .error ---> depends on: {}
	 [7] result NoSQLCursor {database = payments, collection = payments} ---> depends on: {}
	 [8] err .error ---> depends on: {}
	 [9] charges [](*digota.Charge struct{Id string, Statement string, ChargeAmount uint64, RefundAmount uint64, Refunds [](*digota.Refund struct{RefundAmount uint64, ProviderRefundId string, Reason int32, Created int64}), Currency int32, Email string, Paid bool, Refunded bool, ProviderId int32, ProviderChargeId string, Created int64, Updated int64}) ---> depends on: {}
	 [10] err .error ---> depends on: {}

[BLOCK, #7, IfThen] NODES = [*ast.ReturnStmt]; SUCCS = []
	 [0] s (*digota.PaymentServiceImpl struct{db NoSQLDatabase}) ---> depends on: {digota.PaymentServiceImpl struct{db NoSQLDatabase}}
	 [1] ctx context.Context ---> depends on: {}
	 [2] page int64 ---> depends on: {}
	 [3] limit int64 ---> depends on: {}
	 [4] sort int32 ---> depends on: {}
	 [5] collection NoSQLCollection {database = payments, collection = payments} ---> depends on: {}
	 [6] err .error ---> depends on: {}
	 [7] result NoSQLCursor {database = payments, collection = payments} ---> depends on: {}
	 [8] err .error ---> depends on: {}
	 [9] charges [](*digota.Charge struct{Id string, Statement string, ChargeAmount uint64, RefundAmount uint64, Refunds [](*digota.Refund struct{RefundAmount uint64, ProviderRefundId string, Reason int32, Created int64}), Currency int32, Email string, Paid bool, Refunded bool, ProviderId int32, ProviderChargeId string, Created int64, Updated int64}) ---> depends on: {}
	 [10] err .error ---> depends on: {}

[BLOCK, #8, IfDone] NODES = [*ast.AssignStmt, *ast.ReturnStmt]; SUCCS = []
	 [0] s (*digota.PaymentServiceImpl struct{db NoSQLDatabase}) ---> depends on: {digota.PaymentServiceImpl struct{db NoSQLDatabase}}
	 [1] ctx context.Context ---> depends on: {}
	 [2] page int64 ---> depends on: {}
	 [3] limit int64 ---> depends on: {}
	 [4] sort int32 ---> depends on: {}
	 [5] collection NoSQLCollection {database = payments, collection = payments} ---> depends on: {}
	 [6] err .error ---> depends on: {}
	 [7] result NoSQLCursor {database = payments, collection = payments} ---> depends on: {}
	 [8] err .error ---> depends on: {}
	 [9] charges [](*digota.Charge struct{Id string, Statement string, ChargeAmount uint64, RefundAmount uint64, Refunds [](*digota.Refund struct{RefundAmount uint64, ProviderRefundId string, Reason int32, Created int64}), Currency int32, Email string, Paid bool, Refunded bool, ProviderId int32, ProviderChargeId string, Created int64, Updated int64}) ---> depends on: {}
	 [10] err .error ---> depends on: {}
	 [11] chargeList (*digota.ChargeList struct{Charges [](*digota.Charge struct{Id string, Statement string, ChargeAmount uint64, RefundAmount uint64, Refunds [](*digota.Refund struct{RefundAmount uint64, ProviderRefundId string, Reason int32, Created int64}), Currency int32, Email string, Paid bool, Refunded bool, ProviderId int32, ProviderChargeId string, Created int64, Updated int64}), Total len(charges [](*digota.Charge struct{Id string, Statement string, ChargeAmount uint64, RefundAmount uint64, Refunds [](*digota.Refund struct{RefundAmount uint64, ProviderRefundId string, Reason int32, Created int64}), Currency int32, Email string, Paid bool, Refunded bool, ProviderId int32, ProviderChargeId string, Created int64, Updated int64})) int32}) ---> depends on: {digota.ChargeList struct{Charges [](*digota.Charge struct{Id string, Statement string, ChargeAmount uint64, RefundAmount uint64, Refunds [](*digota.Refund struct{RefundAmount uint64, ProviderRefundId string, Reason int32, Created int64}), Currency int32, Email string, Paid bool, Refunded bool, ProviderId int32, ProviderChargeId string, Created int64, Updated int64}), Total len(charges [](*digota.Charge struct{Id string, Statement string, ChargeAmount uint64, RefundAmount uint64, Refunds [](*digota.Refund struct{RefundAmount uint64, ProviderRefundId string, Reason int32, Created int64}), Currency int32, Email string, Paid bool, Refunded bool, ProviderId int32, ProviderChargeId string, Created int64, Updated int64})) int32}}

