[BLOCK, #0, Body] NODES = [*ast.ValueSpec, *ast.AssignStmt, *ast.BinaryExpr]; SUCCS = [Block #1, Block #2]
	 [0] s (*coupons_app_sql.CouponServiceImpl struct{couponsDB RelationalDB}) ---> depends on: {coupons_app_sql.CouponServiceImpl struct{couponsDB RelationalDB}}
	 [1] ctx context.Context ---> depends on: {}
	 [2] couponID int ---> depends on: {}
	 [3] userID int ---> depends on: {}
	 [4] coupon coupons_app_sql.Coupon struct{CouponID int, Category string, Value int} ---> depends on: {Value int}
	 [5] err .error ---> depends on: {}

[BLOCK, #1, IfThen] NODES = [*ast.ReturnStmt]; SUCCS = []
	 [0] s (*coupons_app_sql.CouponServiceImpl struct{couponsDB RelationalDB}) ---> depends on: {coupons_app_sql.CouponServiceImpl struct{couponsDB RelationalDB}}
	 [1] ctx context.Context ---> depends on: {}
	 [2] couponID int ---> depends on: {}
	 [3] userID int ---> depends on: {}
	 [4] coupon coupons_app_sql.Coupon struct{CouponID int, Category string, Value int} ---> depends on: {Value int}
	 [5] err .error ---> depends on: {}

[BLOCK, #2, IfDone] NODES = [*ast.AssignStmt, *ast.ReturnStmt]; SUCCS = []
	 [0] s (*coupons_app_sql.CouponServiceImpl struct{couponsDB RelationalDB}) ---> depends on: {coupons_app_sql.CouponServiceImpl struct{couponsDB RelationalDB}}
	 [1] ctx context.Context ---> depends on: {}
	 [2] couponID int ---> depends on: {}
	 [3] userID int ---> depends on: {}
	 [4] coupon coupons_app_sql.Coupon struct{CouponID int, Category string, Value int} ---> depends on: {Value int}
	 [5] err .error ---> depends on: {}
	 [6] _ sql.Result interface{ interface{LastInsertId() (int64, error); RowsAffected() (int64, error)} } ---> depends on: {}
	 [7] err .error ---> depends on: {}

