[BLOCK, #0, Body] NODES = [*ast.AssignStmt, *ast.BinaryExpr]; SUCCS = [Block #1, Block #2]
	 [0] u (*coupons_app_sql.FrontendImpl struct{StudentService coupons_app_sql.StudentService, CouponService coupons_app_sql.CouponService}) ---> depends on: {coupons_app_sql.FrontendImpl struct{StudentService coupons_app_sql.StudentService, CouponService coupons_app_sql.CouponService}}
	 [1] ctx context.Context ---> depends on: {}
	 [2] couponID int ---> depends on: {}
	 [3] studentID int ---> depends on: {}
	 [4] value int ---> depends on: {}
	 [5] err .error ---> depends on: {}

[BLOCK, #1, IfThen] NODES = [*ast.ReturnStmt]; SUCCS = []
	 [0] u (*coupons_app_sql.FrontendImpl struct{StudentService coupons_app_sql.StudentService, CouponService coupons_app_sql.CouponService}) ---> depends on: {coupons_app_sql.FrontendImpl struct{StudentService coupons_app_sql.StudentService, CouponService coupons_app_sql.CouponService}}
	 [1] ctx context.Context ---> depends on: {}
	 [2] couponID int ---> depends on: {}
	 [3] studentID int ---> depends on: {}
	 [4] value int ---> depends on: {}
	 [5] err .error ---> depends on: {}

[BLOCK, #2, IfDone] NODES = [*ast.AssignStmt, *ast.ReturnStmt]; SUCCS = []
	 [0] u (*coupons_app_sql.FrontendImpl struct{StudentService coupons_app_sql.StudentService, CouponService coupons_app_sql.CouponService}) ---> depends on: {coupons_app_sql.FrontendImpl struct{StudentService coupons_app_sql.StudentService, CouponService coupons_app_sql.CouponService}}
	 [1] ctx context.Context ---> depends on: {}
	 [2] couponID int ---> depends on: {}
	 [3] studentID int ---> depends on: {}
	 [4] value int ---> depends on: {}
	 [5] err .error ---> depends on: {}
	 [6] err .error ---> depends on: {}

