[BLOCK, #0, Body] NODES = [*ast.AssignStmt, *ast.BinaryExpr]; SUCCS = [Block #1, Block #2]
	 [0] m (*mediamicroservices.MovieInfoServiceImpl struct{movieIdDB NoSQLDatabase}) ---> depends on: {mediamicroservices.MovieInfoServiceImpl struct{movieIdDB NoSQLDatabase}}
	 [1] ctx context.Context ---> depends on: {}
	 [2] reqID int64 ---> depends on: {}
	 [3] movieID string ---> depends on: {}
	 [4] title string ---> depends on: {}
	 [5] casts string ---> depends on: {}
	 [6] collection NoSQLCollection {database = movie-info, collection = movie-info} ---> depends on: {}
	 [7] err .error ---> depends on: {}

[BLOCK, #1, IfThen] NODES = [*ast.ReturnStmt]; SUCCS = []
	 [0] m (*mediamicroservices.MovieInfoServiceImpl struct{movieIdDB NoSQLDatabase}) ---> depends on: {mediamicroservices.MovieInfoServiceImpl struct{movieIdDB NoSQLDatabase}}
	 [1] ctx context.Context ---> depends on: {}
	 [2] reqID int64 ---> depends on: {}
	 [3] movieID string ---> depends on: {}
	 [4] title string ---> depends on: {}
	 [5] casts string ---> depends on: {}
	 [6] collection NoSQLCollection {database = movie-info, collection = movie-info} ---> depends on: {}
	 [7] err .error ---> depends on: {}

[BLOCK, #2, IfDone] NODES = [*ast.AssignStmt, *ast.ReturnStmt]; SUCCS = []
	 [0] m (*mediamicroservices.MovieInfoServiceImpl struct{movieIdDB NoSQLDatabase}) ---> depends on: {mediamicroservices.MovieInfoServiceImpl struct{movieIdDB NoSQLDatabase}}
	 [1] ctx context.Context ---> depends on: {}
	 [2] reqID int64 ---> depends on: {}
	 [3] movieID string ---> depends on: {}
	 [4] title string ---> depends on: {}
	 [5] casts string ---> depends on: {}
	 [6] collection NoSQLCollection {database = movie-info, collection = movie-info} ---> depends on: {}
	 [7] err .error ---> depends on: {}
	 [8] movieInfo mediamicroservices.MovieInfo struct{MovieID string, Title string, Casts string} ---> depends on: {Casts string, MovieID string, Title string}

