[BLOCK, #0, Body] NODES = [*ast.AssignStmt, *ast.BinaryExpr]; SUCCS = [Block #1, Block #2]
	 [0] f (*frontend.FrontendImpl struct{user user.UserService, catalogue catalogue.CatalogueService, cart cart.CartService, order order.OrderService}) ---> depends on: {frontend.FrontendImpl struct{user user.UserService, catalogue catalogue.CatalogueService, cart cart.CartService, order order.OrderService}}
	 [1] ctx context.Context ---> depends on: {}
	 [2] sessionID string ---> depends on: {}
	 [3] username string ---> depends on: {}
	 [4] password string ---> depends on: {}
	 [5] u user.User struct{FirstName string, LastName string, Email string, Username string, Password string, Addresses user.Address struct{Street string, Number string, Country string, City string, PostCode string, ID string}, Cards user.Card struct{LongNum string, Expires string, CCV string, ID string}, UserID string, Salt string} ---> depends on: {UserID string}
	 [6] err .error ---> depends on: {}

[BLOCK, #1, IfThen] NODES = [*ast.ReturnStmt]; SUCCS = []
	 [0] f (*frontend.FrontendImpl struct{user user.UserService, catalogue catalogue.CatalogueService, cart cart.CartService, order order.OrderService}) ---> depends on: {frontend.FrontendImpl struct{user user.UserService, catalogue catalogue.CatalogueService, cart cart.CartService, order order.OrderService}}
	 [1] ctx context.Context ---> depends on: {}
	 [2] sessionID string ---> depends on: {}
	 [3] username string ---> depends on: {}
	 [4] password string ---> depends on: {}
	 [5] u user.User struct{FirstName string, LastName string, Email string, Username string, Password string, Addresses user.Address struct{Street string, Number string, Country string, City string, PostCode string, ID string}, Cards user.Card struct{LongNum string, Expires string, CCV string, ID string}, UserID string, Salt string} ---> depends on: {UserID string}
	 [6] err .error ---> depends on: {}

[BLOCK, #2, IfDone] NODES = [*ast.BinaryExpr]; SUCCS = [Block #4, Block #5]
	 [0] f (*frontend.FrontendImpl struct{user user.UserService, catalogue catalogue.CatalogueService, cart cart.CartService, order order.OrderService}) ---> depends on: {frontend.FrontendImpl struct{user user.UserService, catalogue catalogue.CatalogueService, cart cart.CartService, order order.OrderService}}
	 [1] ctx context.Context ---> depends on: {}
	 [2] sessionID string ---> depends on: {}
	 [3] username string ---> depends on: {}
	 [4] password string ---> depends on: {}
	 [5] u user.User struct{FirstName string, LastName string, Email string, Username string, Password string, Addresses user.Address struct{Street string, Number string, Country string, City string, PostCode string, ID string}, Cards user.Card struct{LongNum string, Expires string, CCV string, ID string}, UserID string, Salt string} ---> depends on: {UserID string}
	 [6] err .error ---> depends on: {}

[BLOCK, #4, IfThen] NODES = [*ast.AssignStmt, *ast.BinaryExpr]; SUCCS = [Block #6, Block #7]
	 [0] f (*frontend.FrontendImpl struct{user user.UserService, catalogue catalogue.CatalogueService, cart cart.CartService, order order.OrderService}) ---> depends on: {frontend.FrontendImpl struct{user user.UserService, catalogue catalogue.CatalogueService, cart cart.CartService, order order.OrderService}}
	 [1] ctx context.Context ---> depends on: {}
	 [2] sessionID string ---> depends on: {}
	 [3] username string ---> depends on: {}
	 [4] password string ---> depends on: {}
	 [5] u user.User struct{FirstName string, LastName string, Email string, Username string, Password string, Addresses user.Address struct{Street string, Number string, Country string, City string, PostCode string, ID string}, Cards user.Card struct{LongNum string, Expires string, CCV string, ID string}, UserID string, Salt string} ---> depends on: {UserID string}
	 [6] err .error ---> depends on: {}
	 [7] err .error ---> depends on: {}

[BLOCK, #6, IfThen] NODES = [*ast.ReturnStmt]; SUCCS = []
	 [0] f (*frontend.FrontendImpl struct{user user.UserService, catalogue catalogue.CatalogueService, cart cart.CartService, order order.OrderService}) ---> depends on: {frontend.FrontendImpl struct{user user.UserService, catalogue catalogue.CatalogueService, cart cart.CartService, order order.OrderService}}
	 [1] ctx context.Context ---> depends on: {}
	 [2] sessionID string ---> depends on: {}
	 [3] username string ---> depends on: {}
	 [4] password string ---> depends on: {}
	 [5] u user.User struct{FirstName string, LastName string, Email string, Username string, Password string, Addresses user.Address struct{Street string, Number string, Country string, City string, PostCode string, ID string}, Cards user.Card struct{LongNum string, Expires string, CCV string, ID string}, UserID string, Salt string} ---> depends on: {UserID string}
	 [6] err .error ---> depends on: {}
	 [7] err .error ---> depends on: {}

[BLOCK, #7, IfDone] NODES = []; SUCCS = [Block #5]
	 [0] f (*frontend.FrontendImpl struct{user user.UserService, catalogue catalogue.CatalogueService, cart cart.CartService, order order.OrderService}) ---> depends on: {frontend.FrontendImpl struct{user user.UserService, catalogue catalogue.CatalogueService, cart cart.CartService, order order.OrderService}}
	 [1] ctx context.Context ---> depends on: {}
	 [2] sessionID string ---> depends on: {}
	 [3] username string ---> depends on: {}
	 [4] password string ---> depends on: {}
	 [5] u user.User struct{FirstName string, LastName string, Email string, Username string, Password string, Addresses user.Address struct{Street string, Number string, Country string, City string, PostCode string, ID string}, Cards user.Card struct{LongNum string, Expires string, CCV string, ID string}, UserID string, Salt string} ---> depends on: {UserID string}
	 [6] err .error ---> depends on: {}
	 [7] err .error ---> depends on: {}

[BLOCK, #5, IfDone] NODES = [*ast.ReturnStmt]; SUCCS = []
	 [0] f (*frontend.FrontendImpl struct{user user.UserService, catalogue catalogue.CatalogueService, cart cart.CartService, order order.OrderService}) ---> depends on: {frontend.FrontendImpl struct{user user.UserService, catalogue catalogue.CatalogueService, cart cart.CartService, order order.OrderService}}
	 [1] ctx context.Context ---> depends on: {}
	 [2] sessionID string ---> depends on: {}
	 [3] username string ---> depends on: {}
	 [4] password string ---> depends on: {}
	 [5] u user.User struct{FirstName string, LastName string, Email string, Username string, Password string, Addresses user.Address struct{Street string, Number string, Country string, City string, PostCode string, ID string}, Cards user.Card struct{LongNum string, Expires string, CCV string, ID string}, UserID string, Salt string} ---> depends on: {UserID string}
	 [6] err .error ---> depends on: {}
	 [7] f (*frontend.FrontendImpl struct{user user.UserService, catalogue catalogue.CatalogueService, cart cart.CartService, order order.OrderService}) ---> depends on: {frontend.FrontendImpl struct{user user.UserService, catalogue catalogue.CatalogueService, cart cart.CartService, order order.OrderService}}
	 [8] ctx context.Context ---> depends on: {}
	 [9] sessionID string ---> depends on: {}
	 [10] username string ---> depends on: {}
	 [11] password string ---> depends on: {}
	 [12] u user.User struct{FirstName string, LastName string, Email string, Username string, Password string, Addresses user.Address struct{Street string, Number string, Country string, City string, PostCode string, ID string}, Cards user.Card struct{LongNum string, Expires string, CCV string, ID string}, UserID string, Salt string} ---> depends on: {UserID string}
	 [13] err .error ---> depends on: {}
	 [14] err .error ---> depends on: {}

