[BLOCK, #0, Body] NODES = [*ast.AssignStmt, *ast.BinaryExpr]; SUCCS = [Block #1, Block #2]
	 [0] f (*frontend.FrontendImpl struct{user user.UserService, catalogue catalogue.CatalogueService, cart cart.CartService, order order.OrderService}) ---> depends on: {frontend.FrontendImpl struct{user user.UserService, catalogue catalogue.CatalogueService, cart cart.CartService, order order.OrderService}}
	 [1] ctx context.Context ---> depends on: {}
	 [2] sessionID string ---> depends on: {}
	 [3] username string ---> depends on: {}
	 [4] password string ---> depends on: {}
	 [5] email string ---> depends on: {}
	 [6] first string ---> depends on: {}
	 [7] last string ---> depends on: {}
	 [8] userID string ---> depends on: {}
	 [9] err .error ---> depends on: {}

[BLOCK, #1, IfThen] NODES = [*ast.ReturnStmt]; SUCCS = []
	 [0] f (*frontend.FrontendImpl struct{user user.UserService, catalogue catalogue.CatalogueService, cart cart.CartService, order order.OrderService}) ---> depends on: {frontend.FrontendImpl struct{user user.UserService, catalogue catalogue.CatalogueService, cart cart.CartService, order order.OrderService}}
	 [1] ctx context.Context ---> depends on: {}
	 [2] sessionID string ---> depends on: {}
	 [3] username string ---> depends on: {}
	 [4] password string ---> depends on: {}
	 [5] email string ---> depends on: {}
	 [6] first string ---> depends on: {}
	 [7] last string ---> depends on: {}
	 [8] userID string ---> depends on: {}
	 [9] err .error ---> depends on: {}

[BLOCK, #2, IfDone] NODES = [*ast.BinaryExpr]; SUCCS = [Block #4, Block #6]
	 [0] f (*frontend.FrontendImpl struct{user user.UserService, catalogue catalogue.CatalogueService, cart cart.CartService, order order.OrderService}) ---> depends on: {frontend.FrontendImpl struct{user user.UserService, catalogue catalogue.CatalogueService, cart cart.CartService, order order.OrderService}}
	 [1] ctx context.Context ---> depends on: {}
	 [2] sessionID string ---> depends on: {}
	 [3] username string ---> depends on: {}
	 [4] password string ---> depends on: {}
	 [5] email string ---> depends on: {}
	 [6] first string ---> depends on: {}
	 [7] last string ---> depends on: {}
	 [8] userID string ---> depends on: {}
	 [9] err .error ---> depends on: {}

[BLOCK, #4, IfThen] NODES = [*ast.ReturnStmt]; SUCCS = []
	 [0] f (*frontend.FrontendImpl struct{user user.UserService, catalogue catalogue.CatalogueService, cart cart.CartService, order order.OrderService}) ---> depends on: {frontend.FrontendImpl struct{user user.UserService, catalogue catalogue.CatalogueService, cart cart.CartService, order order.OrderService}}
	 [1] ctx context.Context ---> depends on: {}
	 [2] sessionID string ---> depends on: {}
	 [3] username string ---> depends on: {}
	 [4] password string ---> depends on: {}
	 [5] email string ---> depends on: {}
	 [6] first string ---> depends on: {}
	 [7] last string ---> depends on: {}
	 [8] userID string ---> depends on: {}
	 [9] err .error ---> depends on: {}

[BLOCK, #6, IfElse] NODES = [*ast.ReturnStmt]; SUCCS = []
	 [0] f (*frontend.FrontendImpl struct{user user.UserService, catalogue catalogue.CatalogueService, cart cart.CartService, order order.OrderService}) ---> depends on: {frontend.FrontendImpl struct{user user.UserService, catalogue catalogue.CatalogueService, cart cart.CartService, order order.OrderService}}
	 [1] ctx context.Context ---> depends on: {}
	 [2] sessionID string ---> depends on: {}
	 [3] username string ---> depends on: {}
	 [4] password string ---> depends on: {}
	 [5] email string ---> depends on: {}
	 [6] first string ---> depends on: {}
	 [7] last string ---> depends on: {}
	 [8] userID string ---> depends on: {}
	 [9] err .error ---> depends on: {}

