[BLOCK, #0, Body] NODES = [*ast.AssignStmt, *ast.BinaryExpr]; SUCCS = [Block #1, Block #2]
	 [0] s (*app_constraints_referential_integrity.AccountServiceImpl struct{userService app_constraints_referential_integrity.UserService, accountsDB NoSQLDatabase}) ---> depends on: {app_constraints_referential_integrity.AccountServiceImpl struct{userService app_constraints_referential_integrity.UserService, accountsDB NoSQLDatabase}}
	 [1] ctx context.Context ---> depends on: {}
	 [2] reqID string ---> depends on: {}
	 [3] accountID string ---> depends on: {}
	 [4] username string ---> depends on: {}
	 [5] _ app_constraints_referential_integrity.User struct{ReqID string, UserID string, Username string, Timestamp int64} ---> depends on: {}
	 [6] err .error ---> depends on: {}

[BLOCK, #1, IfThen] NODES = [*ast.ReturnStmt]; SUCCS = []
	 [0] s (*app_constraints_referential_integrity.AccountServiceImpl struct{userService app_constraints_referential_integrity.UserService, accountsDB NoSQLDatabase}) ---> depends on: {app_constraints_referential_integrity.AccountServiceImpl struct{userService app_constraints_referential_integrity.UserService, accountsDB NoSQLDatabase}}
	 [1] ctx context.Context ---> depends on: {}
	 [2] reqID string ---> depends on: {}
	 [3] accountID string ---> depends on: {}
	 [4] username string ---> depends on: {}
	 [5] _ app_constraints_referential_integrity.User struct{ReqID string, UserID string, Username string, Timestamp int64} ---> depends on: {}
	 [6] err .error ---> depends on: {}

[BLOCK, #2, IfDone] NODES = [*ast.AssignStmt, *ast.AssignStmt, *ast.AssignStmt, *ast.BinaryExpr]; SUCCS = [Block #4, Block #5]
	 [0] s (*app_constraints_referential_integrity.AccountServiceImpl struct{userService app_constraints_referential_integrity.UserService, accountsDB NoSQLDatabase}) ---> depends on: {app_constraints_referential_integrity.AccountServiceImpl struct{userService app_constraints_referential_integrity.UserService, accountsDB NoSQLDatabase}}
	 [1] ctx context.Context ---> depends on: {}
	 [2] reqID string ---> depends on: {}
	 [3] accountID string ---> depends on: {}
	 [4] username string ---> depends on: {}
	 [5] _ app_constraints_referential_integrity.User struct{ReqID string, UserID string, Username string, Timestamp int64} ---> depends on: {}
	 [6] err .error ---> depends on: {}
	 [7] timestamp int64 ---> depends on: {}
	 [8] account app_constraints_referential_integrity.Account struct{ReqID string, AccountID string, Username string, Timestamp int64} ---> depends on: {AccountID string, ReqID string, Timestamp int64, Username string}
	 [9] collection NoSQLCollection {database = accounts, collection = accounts} ---> depends on: {}
	 [10] err .error ---> depends on: {}

[BLOCK, #4, IfThen] NODES = [*ast.ReturnStmt]; SUCCS = []
	 [0] s (*app_constraints_referential_integrity.AccountServiceImpl struct{userService app_constraints_referential_integrity.UserService, accountsDB NoSQLDatabase}) ---> depends on: {app_constraints_referential_integrity.AccountServiceImpl struct{userService app_constraints_referential_integrity.UserService, accountsDB NoSQLDatabase}}
	 [1] ctx context.Context ---> depends on: {}
	 [2] reqID string ---> depends on: {}
	 [3] accountID string ---> depends on: {}
	 [4] username string ---> depends on: {}
	 [5] _ app_constraints_referential_integrity.User struct{ReqID string, UserID string, Username string, Timestamp int64} ---> depends on: {}
	 [6] err .error ---> depends on: {}
	 [7] timestamp int64 ---> depends on: {}
	 [8] account app_constraints_referential_integrity.Account struct{ReqID string, AccountID string, Username string, Timestamp int64} ---> depends on: {AccountID string, ReqID string, Timestamp int64, Username string}
	 [9] collection NoSQLCollection {database = accounts, collection = accounts} ---> depends on: {}
	 [10] err .error ---> depends on: {}

[BLOCK, #5, IfDone] NODES = [*ast.AssignStmt, *ast.BinaryExpr]; SUCCS = [Block #7, Block #8]
	 [0] s (*app_constraints_referential_integrity.AccountServiceImpl struct{userService app_constraints_referential_integrity.UserService, accountsDB NoSQLDatabase}) ---> depends on: {app_constraints_referential_integrity.AccountServiceImpl struct{userService app_constraints_referential_integrity.UserService, accountsDB NoSQLDatabase}}
	 [1] ctx context.Context ---> depends on: {}
	 [2] reqID string ---> depends on: {}
	 [3] accountID string ---> depends on: {}
	 [4] username string ---> depends on: {}
	 [5] _ app_constraints_referential_integrity.User struct{ReqID string, UserID string, Username string, Timestamp int64} ---> depends on: {}
	 [6] err .error ---> depends on: {}
	 [7] timestamp int64 ---> depends on: {}
	 [8] account app_constraints_referential_integrity.Account struct{ReqID string, AccountID string, Username string, Timestamp int64} ---> depends on: {AccountID string, ReqID string, Timestamp int64, Username string}
	 [9] collection NoSQLCollection {database = accounts, collection = accounts} ---> depends on: {}
	 [10] err .error ---> depends on: {}
	 [11] err .error ---> depends on: {}

[BLOCK, #7, IfThen] NODES = [*ast.ReturnStmt]; SUCCS = []
	 [0] s (*app_constraints_referential_integrity.AccountServiceImpl struct{userService app_constraints_referential_integrity.UserService, accountsDB NoSQLDatabase}) ---> depends on: {app_constraints_referential_integrity.AccountServiceImpl struct{userService app_constraints_referential_integrity.UserService, accountsDB NoSQLDatabase}}
	 [1] ctx context.Context ---> depends on: {}
	 [2] reqID string ---> depends on: {}
	 [3] accountID string ---> depends on: {}
	 [4] username string ---> depends on: {}
	 [5] _ app_constraints_referential_integrity.User struct{ReqID string, UserID string, Username string, Timestamp int64} ---> depends on: {}
	 [6] err .error ---> depends on: {}
	 [7] timestamp int64 ---> depends on: {}
	 [8] account app_constraints_referential_integrity.Account struct{ReqID string, AccountID string, Username string, Timestamp int64} ---> depends on: {AccountID string, ReqID string, Timestamp int64, Username string}
	 [9] collection NoSQLCollection {database = accounts, collection = accounts} ---> depends on: {}
	 [10] err .error ---> depends on: {}
	 [11] err .error ---> depends on: {}

[BLOCK, #8, IfDone] NODES = [*ast.ReturnStmt]; SUCCS = []
	 [0] s (*app_constraints_referential_integrity.AccountServiceImpl struct{userService app_constraints_referential_integrity.UserService, accountsDB NoSQLDatabase}) ---> depends on: {app_constraints_referential_integrity.AccountServiceImpl struct{userService app_constraints_referential_integrity.UserService, accountsDB NoSQLDatabase}}
	 [1] ctx context.Context ---> depends on: {}
	 [2] reqID string ---> depends on: {}
	 [3] accountID string ---> depends on: {}
	 [4] username string ---> depends on: {}
	 [5] _ app_constraints_referential_integrity.User struct{ReqID string, UserID string, Username string, Timestamp int64} ---> depends on: {}
	 [6] err .error ---> depends on: {}
	 [7] timestamp int64 ---> depends on: {}
	 [8] account app_constraints_referential_integrity.Account struct{ReqID string, AccountID string, Username string, Timestamp int64} ---> depends on: {AccountID string, ReqID string, Timestamp int64, Username string}
	 [9] collection NoSQLCollection {database = accounts, collection = accounts} ---> depends on: {}
	 [10] err .error ---> depends on: {}
	 [11] err .error ---> depends on: {}

