[BLOCK, #0, Body] NODES = [*ast.AssignStmt, *ast.BinaryExpr]; SUCCS = [Block #1, Block #2]
	 [0] s (*app_constraints_referential_integrity.AccountServiceImpl struct{userService app_constraints_referential_integrity.UserService, accountsDB NoSQLDatabase}) ---> depends on: {app_constraints_referential_integrity.AccountServiceImpl struct{userService app_constraints_referential_integrity.UserService, accountsDB NoSQLDatabase}}
	 [1] ctx context.Context ---> depends on: {}
	 [2] accountID string ---> depends on: {}
	 [3] collection NoSQLCollection {database = accounts, collection = accounts} ---> depends on: {}
	 [4] err .error ---> depends on: {}

[BLOCK, #1, IfThen] NODES = [*ast.ReturnStmt]; SUCCS = []
	 [0] s (*app_constraints_referential_integrity.AccountServiceImpl struct{userService app_constraints_referential_integrity.UserService, accountsDB NoSQLDatabase}) ---> depends on: {app_constraints_referential_integrity.AccountServiceImpl struct{userService app_constraints_referential_integrity.UserService, accountsDB NoSQLDatabase}}
	 [1] ctx context.Context ---> depends on: {}
	 [2] accountID string ---> depends on: {}
	 [3] collection NoSQLCollection {database = accounts, collection = accounts} ---> depends on: {}
	 [4] err .error ---> depends on: {}

[BLOCK, #2, IfDone] NODES = [*ast.AssignStmt, *ast.AssignStmt, *ast.BinaryExpr]; SUCCS = [Block #4, Block #5]
	 [0] s (*app_constraints_referential_integrity.AccountServiceImpl struct{userService app_constraints_referential_integrity.UserService, accountsDB NoSQLDatabase}) ---> depends on: {app_constraints_referential_integrity.AccountServiceImpl struct{userService app_constraints_referential_integrity.UserService, accountsDB NoSQLDatabase}}
	 [1] ctx context.Context ---> depends on: {}
	 [2] accountID string ---> depends on: {}
	 [3] collection NoSQLCollection {database = accounts, collection = accounts} ---> depends on: {}
	 [4] err .error ---> depends on: {}
	 [5] filter primitive.D ---> depends on: {struct{Key "accountID" string, Key "accountID" string, Value string, Value string}}
	 [6] err .error ---> depends on: {}

[BLOCK, #4, IfThen] NODES = [*ast.ReturnStmt]; SUCCS = []
	 [0] s (*app_constraints_referential_integrity.AccountServiceImpl struct{userService app_constraints_referential_integrity.UserService, accountsDB NoSQLDatabase}) ---> depends on: {app_constraints_referential_integrity.AccountServiceImpl struct{userService app_constraints_referential_integrity.UserService, accountsDB NoSQLDatabase}}
	 [1] ctx context.Context ---> depends on: {}
	 [2] accountID string ---> depends on: {}
	 [3] collection NoSQLCollection {database = accounts, collection = accounts} ---> depends on: {}
	 [4] err .error ---> depends on: {}
	 [5] filter primitive.D ---> depends on: {struct{Key "accountID" string, Key "accountID" string, Value string, Value string}}
	 [6] err .error ---> depends on: {}

[BLOCK, #5, IfDone] NODES = [*ast.ReturnStmt]; SUCCS = []
	 [0] s (*app_constraints_referential_integrity.AccountServiceImpl struct{userService app_constraints_referential_integrity.UserService, accountsDB NoSQLDatabase}) ---> depends on: {app_constraints_referential_integrity.AccountServiceImpl struct{userService app_constraints_referential_integrity.UserService, accountsDB NoSQLDatabase}}
	 [1] ctx context.Context ---> depends on: {}
	 [2] accountID string ---> depends on: {}
	 [3] collection NoSQLCollection {database = accounts, collection = accounts} ---> depends on: {}
	 [4] err .error ---> depends on: {}
	 [5] filter primitive.D ---> depends on: {struct{Key "accountID" string, Key "accountID" string, Value string, Value string}}
	 [6] err .error ---> depends on: {}

