[BLOCK, #0, Body] NODES = [*ast.ExprStmt, *ast.ValueSpec, *ast.ExprStmt, *ast.AssignStmt]; SUCCS = [Block #3]
	 [0] s (*shopping_simple.CartServiceImpl struct{product_service shopping_simple.ProductService, cart_db NoSQLDatabase, product_queue Queue, num_workers int}) ---> depends on: {shopping_simple.CartServiceImpl struct{product_service shopping_simple.ProductService, cart_db NoSQLDatabase, product_queue Queue, num_workers 4 int}}
	 [1] ctx context.Context ---> depends on: {}
	 [2] wg sync.WaitGroup ---> depends on: {}
	 [3] i 3 int ---> depends on: {}

[BLOCK, #3, ForLoop] NODES = [*ast.BinaryExpr]; SUCCS = [Block #1, Block #2]
	 [0] s (*shopping_simple.CartServiceImpl struct{product_service shopping_simple.ProductService, cart_db NoSQLDatabase, product_queue Queue, num_workers int}) ---> depends on: {shopping_simple.CartServiceImpl struct{product_service shopping_simple.ProductService, cart_db NoSQLDatabase, product_queue Queue, num_workers 4 int}}
	 [1] ctx context.Context ---> depends on: {}
	 [2] wg sync.WaitGroup ---> depends on: {}
	 [3] i 3 int ---> depends on: {}

[BLOCK, #1, ForBody] NODES = [*ast.GoStmt]; SUCCS = [Block #4]
	 [0] s (*shopping_simple.CartServiceImpl struct{product_service shopping_simple.ProductService, cart_db NoSQLDatabase, product_queue Queue, num_workers int}) ---> depends on: {shopping_simple.CartServiceImpl struct{product_service shopping_simple.ProductService, cart_db NoSQLDatabase, product_queue Queue, num_workers 4 int}}
	 [1] ctx context.Context ---> depends on: {}
	 [2] wg sync.WaitGroup ---> depends on: {}
	 [3] i 3 int ---> depends on: {}
	 [4] i 3 int ---> depends on: {}
	 [5] err .error ---> depends on: {}
	 [6] s (*shopping_simple.CartServiceImpl struct{product_service shopping_simple.ProductService, cart_db NoSQLDatabase, product_queue Queue, num_workers int}) ---> depends on: {shopping_simple.CartServiceImpl struct{product_service shopping_simple.ProductService, cart_db NoSQLDatabase, product_queue Queue, num_workers 4 int}}
	 [7] ctx context.Context ---> depends on: {}
	 [8] wg sync.WaitGroup ---> depends on: {}
	 [9] i 3 int ---> depends on: {}

[BLOCK, #4, ForPost] NODES = [*ast.IncDecStmt]; SUCCS = [Block #3]
	 [0] s (*shopping_simple.CartServiceImpl struct{product_service shopping_simple.ProductService, cart_db NoSQLDatabase, product_queue Queue, num_workers int}) ---> depends on: {shopping_simple.CartServiceImpl struct{product_service shopping_simple.ProductService, cart_db NoSQLDatabase, product_queue Queue, num_workers 4 int}}
	 [1] ctx context.Context ---> depends on: {}
	 [2] wg sync.WaitGroup ---> depends on: {}
	 [3] i 3 int ---> depends on: {}
	 [4] i 3 int ---> depends on: {}
	 [5] err .error ---> depends on: {}
	 [6] s (*shopping_simple.CartServiceImpl struct{product_service shopping_simple.ProductService, cart_db NoSQLDatabase, product_queue Queue, num_workers int}) ---> depends on: {shopping_simple.CartServiceImpl struct{product_service shopping_simple.ProductService, cart_db NoSQLDatabase, product_queue Queue, num_workers 4 int}}
	 [7] ctx context.Context ---> depends on: {}
	 [8] wg sync.WaitGroup ---> depends on: {}
	 [9] i 3 int ---> depends on: {}

[BLOCK, #2, ForDone] NODES = [*ast.ExprStmt, *ast.ExprStmt, *ast.ReturnStmt]; SUCCS = []
	 [0] s (*shopping_simple.CartServiceImpl struct{product_service shopping_simple.ProductService, cart_db NoSQLDatabase, product_queue Queue, num_workers int}) ---> depends on: {shopping_simple.CartServiceImpl struct{product_service shopping_simple.ProductService, cart_db NoSQLDatabase, product_queue Queue, num_workers 4 int}}
	 [1] ctx context.Context ---> depends on: {}
	 [2] wg sync.WaitGroup ---> depends on: {}
	 [3] i 3 int ---> depends on: {}
	 [4] s (*shopping_simple.CartServiceImpl struct{product_service shopping_simple.ProductService, cart_db NoSQLDatabase, product_queue Queue, num_workers int}) ---> depends on: {shopping_simple.CartServiceImpl struct{product_service shopping_simple.ProductService, cart_db NoSQLDatabase, product_queue Queue, num_workers 4 int}}
	 [5] ctx context.Context ---> depends on: {}
	 [6] wg sync.WaitGroup ---> depends on: {}
	 [7] i 3 int ---> depends on: {}
	 [8] i 3 int ---> depends on: {}
	 [9] err .error ---> depends on: {}

