[BLOCK, #0, Body] NODES = [*ast.ValueSpec, *ast.AssignStmt, *ast.BinaryExpr]; SUCCS = [Block #1, Block #2]
	 [0] a (*postnotification_simple.AnalyticsServiceImpl struct{analyticsQueue Queue, analyticsDb NoSQLDatabase, numWorkers int}) ---> depends on: {postnotification_simple.AnalyticsServiceImpl struct{analyticsQueue Queue, analyticsDb NoSQLDatabase, numWorkers 4 int}}
	 [1] ctx context.Context ---> depends on: {}
	 [2] postID int64 ---> depends on: {}
	 [3] analytics postnotification_simple.Analytics struct{PostID int64} ---> depends on: {}
	 [4] collection NoSQLCollection {database = analyticsDb, collection = analytics_collection} ---> depends on: {}
	 [5] err .error ---> depends on: {}

[BLOCK, #1, IfThen] NODES = [*ast.ReturnStmt]; SUCCS = []
	 [0] a (*postnotification_simple.AnalyticsServiceImpl struct{analyticsQueue Queue, analyticsDb NoSQLDatabase, numWorkers int}) ---> depends on: {postnotification_simple.AnalyticsServiceImpl struct{analyticsQueue Queue, analyticsDb NoSQLDatabase, numWorkers 4 int}}
	 [1] ctx context.Context ---> depends on: {}
	 [2] postID int64 ---> depends on: {}
	 [3] analytics postnotification_simple.Analytics struct{PostID int64} ---> depends on: {}
	 [4] collection NoSQLCollection {database = analyticsDb, collection = analytics_collection} ---> depends on: {}
	 [5] err .error ---> depends on: {}

[BLOCK, #2, IfDone] NODES = [*ast.AssignStmt, *ast.AssignStmt, *ast.BinaryExpr]; SUCCS = [Block #4, Block #5]
	 [0] a (*postnotification_simple.AnalyticsServiceImpl struct{analyticsQueue Queue, analyticsDb NoSQLDatabase, numWorkers int}) ---> depends on: {postnotification_simple.AnalyticsServiceImpl struct{analyticsQueue Queue, analyticsDb NoSQLDatabase, numWorkers 4 int}}
	 [1] ctx context.Context ---> depends on: {}
	 [2] postID int64 ---> depends on: {}
	 [3] analytics postnotification_simple.Analytics struct{PostID int64} ---> depends on: {}
	 [4] collection NoSQLCollection {database = analyticsDb, collection = analytics_collection} ---> depends on: {}
	 [5] err .error ---> depends on: {}
	 [6] analyticsQuery primitive.D ---> depends on: {struct{Key "postid" string, Key "postid" string, Value int64, Value int64}}
	 [7] result NoSQLCursor {database = analyticsDb, collection = analytics_collection} ---> depends on: {analytics postnotification_simple.Analytics struct{PostID int64}}
	 [8] err .error ---> depends on: {}

[BLOCK, #4, IfThen] NODES = [*ast.ReturnStmt]; SUCCS = []
	 [0] a (*postnotification_simple.AnalyticsServiceImpl struct{analyticsQueue Queue, analyticsDb NoSQLDatabase, numWorkers int}) ---> depends on: {postnotification_simple.AnalyticsServiceImpl struct{analyticsQueue Queue, analyticsDb NoSQLDatabase, numWorkers 4 int}}
	 [1] ctx context.Context ---> depends on: {}
	 [2] postID int64 ---> depends on: {}
	 [3] analytics postnotification_simple.Analytics struct{PostID int64} ---> depends on: {}
	 [4] collection NoSQLCollection {database = analyticsDb, collection = analytics_collection} ---> depends on: {}
	 [5] err .error ---> depends on: {}
	 [6] analyticsQuery primitive.D ---> depends on: {struct{Key "postid" string, Key "postid" string, Value int64, Value int64}}
	 [7] result NoSQLCursor {database = analyticsDb, collection = analytics_collection} ---> depends on: {analytics postnotification_simple.Analytics struct{PostID int64}}
	 [8] err .error ---> depends on: {}

[BLOCK, #5, IfDone] NODES = [*ast.AssignStmt, *ast.BinaryExpr]; SUCCS = [Block #7, Block #8]
	 [0] a (*postnotification_simple.AnalyticsServiceImpl struct{analyticsQueue Queue, analyticsDb NoSQLDatabase, numWorkers int}) ---> depends on: {postnotification_simple.AnalyticsServiceImpl struct{analyticsQueue Queue, analyticsDb NoSQLDatabase, numWorkers 4 int}}
	 [1] ctx context.Context ---> depends on: {}
	 [2] postID int64 ---> depends on: {}
	 [3] analytics postnotification_simple.Analytics struct{PostID int64} ---> depends on: {}
	 [4] collection NoSQLCollection {database = analyticsDb, collection = analytics_collection} ---> depends on: {}
	 [5] err .error ---> depends on: {}
	 [6] analyticsQuery primitive.D ---> depends on: {struct{Key "postid" string, Key "postid" string, Value int64, Value int64}}
	 [7] result NoSQLCursor {database = analyticsDb, collection = analytics_collection} ---> depends on: {analytics postnotification_simple.Analytics struct{PostID int64}}
	 [8] err .error ---> depends on: {}
	 [9] res bool ---> depends on: {}
	 [10] err .error ---> depends on: {}

[BLOCK, #7, IfThen] NODES = [*ast.ReturnStmt]; SUCCS = []
	 [0] a (*postnotification_simple.AnalyticsServiceImpl struct{analyticsQueue Queue, analyticsDb NoSQLDatabase, numWorkers int}) ---> depends on: {postnotification_simple.AnalyticsServiceImpl struct{analyticsQueue Queue, analyticsDb NoSQLDatabase, numWorkers 4 int}}
	 [1] ctx context.Context ---> depends on: {}
	 [2] postID int64 ---> depends on: {}
	 [3] analytics postnotification_simple.Analytics struct{PostID int64} ---> depends on: {}
	 [4] collection NoSQLCollection {database = analyticsDb, collection = analytics_collection} ---> depends on: {}
	 [5] err .error ---> depends on: {}
	 [6] analyticsQuery primitive.D ---> depends on: {struct{Key "postid" string, Key "postid" string, Value int64, Value int64}}
	 [7] result NoSQLCursor {database = analyticsDb, collection = analytics_collection} ---> depends on: {analytics postnotification_simple.Analytics struct{PostID int64}}
	 [8] err .error ---> depends on: {}
	 [9] res bool ---> depends on: {}
	 [10] err .error ---> depends on: {}

[BLOCK, #8, IfDone] NODES = [*ast.ReturnStmt]; SUCCS = []
	 [0] a (*postnotification_simple.AnalyticsServiceImpl struct{analyticsQueue Queue, analyticsDb NoSQLDatabase, numWorkers int}) ---> depends on: {postnotification_simple.AnalyticsServiceImpl struct{analyticsQueue Queue, analyticsDb NoSQLDatabase, numWorkers 4 int}}
	 [1] ctx context.Context ---> depends on: {}
	 [2] postID int64 ---> depends on: {}
	 [3] analytics postnotification_simple.Analytics struct{PostID int64} ---> depends on: {}
	 [4] collection NoSQLCollection {database = analyticsDb, collection = analytics_collection} ---> depends on: {}
	 [5] err .error ---> depends on: {}
	 [6] analyticsQuery primitive.D ---> depends on: {struct{Key "postid" string, Key "postid" string, Value int64, Value int64}}
	 [7] result NoSQLCursor {database = analyticsDb, collection = analytics_collection} ---> depends on: {analytics postnotification_simple.Analytics struct{PostID int64}}
	 [8] err .error ---> depends on: {}
	 [9] res bool ---> depends on: {}
	 [10] err .error ---> depends on: {}

